2024-12-27 12:45:52,580 - INFO - Starting order monitoring system
2024-12-27 12:45:52,580 - DEBUG - Attempting to connect to: wss://fstream.binance.com/ws/strkusdt@depth@100ms
2024-12-27 12:45:53,841 - INFO - Connected to Binance Futures WebSocket for strkusdt
2024-12-27 12:45:55,017 - DEBUG - Проверка обновления истории в 2024-12-27 12:45:55.017778
2024-12-27 12:45:55,018 - DEBUG - Обновление 1m данных
2024-12-27 12:45:55,018 - DEBUG - Добавлены данные для 1m: imbalance=-21.45, bid_vol=79069, ask_vol=122244
2024-12-27 12:45:55,018 - DEBUG - Обновление 5m данных
2024-12-27 12:45:55,018 - DEBUG - Добавлены данные для 5m: imbalance=-21.45, bid_vol=79069, ask_vol=122244
2024-12-27 12:45:55,018 - DEBUG - Обновление 15m данных
2024-12-27 12:45:55,018 - DEBUG - Добавлены данные для 15m: imbalance=-21.45, bid_vol=79069, ask_vol=122244
2024-12-27 12:45:55,018 - DEBUG - Price: 0.48 | Bid Vol: 79,069 | Ask Vol: 122,244 | Imb: -21.45%
2024-12-27 12:45:55,018 - INFO - === СТАТИСТИКА ===
================

2024-12-27 12:45:55,019 - DEBUG - OrderBook State: {"timestamp": "2024-12-27T12:45:55.017778", "metrics": {"bid_volume": 79068.705275, "ask_volume": 122244.12737499998, "imbalance": -21.446929900919052, "current_price": 0.48275}, "analysis": {"1m": null, "5m": null, "15m": null}, "signals": []}
2024-12-27 12:45:58,008 - DEBUG - Проверка обновления истории в 2024-12-27 12:45:58.008802
2024-12-27 12:45:58,009 - DEBUG - Price: 0.48 | Bid Vol: 138,534 | Ask Vol: 98,049 | Imb: +17.11%
2024-12-27 12:45:59,074 - DEBUG - Проверка обновления истории в 2024-12-27 12:45:59.074777
2024-12-27 12:45:59,074 - DEBUG - Price: 0.48 | Bid Vol: 139,316 | Ask Vol: 98,125 | Imb: +17.35%
2024-12-27 12:46:00,016 - DEBUG - Проверка обновления истории в 2024-12-27 12:46:00.016803
2024-12-27 12:46:00,016 - DEBUG - Обновление 1m данных
2024-12-27 12:46:00,016 - DEBUG - Добавлены данные для 1m: imbalance=21.25, bid_vol=144835, ask_vol=94075
2024-12-27 12:46:00,016 - DEBUG - Price: 0.48 | Bid Vol: 144,835 | Ask Vol: 94,075 | Imb: +21.25%
2024-12-27 12:46:00,016 - INFO - === СТАТИСТИКА ===
1m  | Trend: UP   | Imb:  +21.2% | Vol Ratio:  1.5
================

2024-12-27 12:46:00,017 - DEBUG - OrderBook State: {"timestamp": "2024-12-27T12:46:00.016803", "metrics": {"bid_volume": 144834.82498499998, "ask_volume": 94075.43874000001, "imbalance": 21.246214144833502, "current_price": 0.48255}, "analysis": {"1m": {"trend_ascii": "UP", "current_imbalance": 21.246214144833502, "volume_ratio": 1.539560451961172}, "5m": null, "15m": null}, "signals": []}
2024-12-27 12:46:01,051 - DEBUG - Проверка обновления истории в 2024-12-27 12:46:01.050803
2024-12-27 12:46:01,051 - DEBUG - Price: 0.48 | Bid Vol: 153,683 | Ask Vol: 113,700 | Imb: +14.95%
2024-12-27 12:46:02,046 - DEBUG - Проверка обновления истории в 2024-12-27 12:46:02.046779
2024-12-27 12:46:02,046 - DEBUG - Price: 0.48 | Bid Vol: 135,415 | Ask Vol: 110,360 | Imb: +10.19%
2024-12-27 12:46:03,003 - DEBUG - Проверка обновления истории в 2024-12-27 12:46:03.003777
2024-12-27 12:46:03,003 - DEBUG - Price: 0.48 | Bid Vol: 122,269 | Ask Vol: 105,030 | Imb: +7.58%
2024-12-27 12:46:04,099 - DEBUG - Проверка обновления истории в 2024-12-27 12:46:04.099778
2024-12-27 12:46:04,099 - DEBUG - Price: 0.48 | Bid Vol: 132,930 | Ask Vol: 98,911 | Imb: +14.67%
2024-12-27 12:46:05,060 - DEBUG - Проверка обновления истории в 2024-12-27 12:46:05.060803
2024-12-27 12:46:05,061 - DEBUG - Price: 0.48 | Bid Vol: 147,617 | Ask Vol: 103,499 | Imb: +17.57%
2024-12-27 12:46:05,061 - INFO - === СТАТИСТИКА ===
1m  | Trend: UP   | Imb:  +21.2% | Vol Ratio:  1.5
================

2024-12-27 12:46:05,061 - DEBUG - OrderBook State: {"timestamp": "2024-12-27T12:46:05.060803", "metrics": {"bid_volume": 147616.71234, "ask_volume": 103499.05414000001, "imbalance": 17.56865322254217, "current_price": 0.4831}, "analysis": {"1m": {"trend_ascii": "UP", "current_imbalance": 21.246214144833502, "volume_ratio": 1.539560451961172}, "5m": null, "15m": null}, "signals": []}
2024-12-27 12:46:06,034 - DEBUG - Проверка обновления истории в 2024-12-27 12:46:06.034777
2024-12-27 12:46:06,034 - DEBUG - Price: 0.48 | Bid Vol: 147,290 | Ask Vol: 102,688 | Imb: +17.84%
2024-12-27 12:46:11,079 - DEBUG - Проверка обновления истории в 2024-12-27 12:46:11.079802
2024-12-27 12:46:11,079 - DEBUG - Price: 0.48 | Bid Vol: 134,565 | Ask Vol: 101,307 | Imb: +14.10%
2024-12-27 12:46:12,032 - DEBUG - Проверка обновления истории в 2024-12-27 12:46:12.032776
2024-12-27 12:46:12,032 - DEBUG - Price: 0.48 | Bid Vol: 145,916 | Ask Vol: 111,807 | Imb: +13.23%
2024-12-27 12:46:13,005 - DEBUG - Проверка обновления истории в 2024-12-27 12:46:13.005802
2024-12-27 12:46:13,005 - DEBUG - Price: 0.48 | Bid Vol: 142,539 | Ask Vol: 106,578 | Imb: +14.44%
2024-12-27 12:46:14,090 - DEBUG - Проверка обновления истории в 2024-12-27 12:46:14.090803
2024-12-27 12:46:14,090 - DEBUG - Price: 0.48 | Bid Vol: 137,616 | Ask Vol: 114,059 | Imb: +9.36%
2024-12-27 12:46:17,003 - DEBUG - Проверка обновления истории в 2024-12-27 12:46:17.003805
2024-12-27 12:46:17,003 - DEBUG - Price: 0.48 | Bid Vol: 135,243 | Ask Vol: 119,798 | Imb: +6.06%
2024-12-27 12:46:19,088 - DEBUG - Проверка обновления истории в 2024-12-27 12:46:19.088803
2024-12-27 12:46:19,088 - DEBUG - Price: 0.48 | Bid Vol: 133,917 | Ask Vol: 110,904 | Imb: +9.40%
2024-12-27 12:46:20,028 - DEBUG - Проверка обновления истории в 2024-12-27 12:46:20.028777
2024-12-27 12:46:20,028 - DEBUG - Price: 0.48 | Bid Vol: 151,281 | Ask Vol: 116,421 | Imb: +13.02%
2024-12-27 12:46:20,028 - INFO - === СТАТИСТИКА ===
1m  | Trend: UP   | Imb:  +21.2% | Vol Ratio:  1.5
================

2024-12-27 12:46:20,029 - DEBUG - OrderBook State: {"timestamp": "2024-12-27T12:46:20.028777", "metrics": {"bid_volume": 151280.53474, "ask_volume": 116421.09982000002, "imbalance": 13.021748999514207, "current_price": 0.4838}, "analysis": {"1m": {"trend_ascii": "UP", "current_imbalance": 21.246214144833502, "volume_ratio": 1.539560451961172}, "5m": null, "15m": null}, "signals": []}
2024-12-27 12:46:21,027 - DEBUG - Проверка обновления истории в 2024-12-27 12:46:21.027776
2024-12-27 12:46:21,027 - DEBUG - Price: 0.48 | Bid Vol: 134,753 | Ask Vol: 117,983 | Imb: +6.64%
2024-12-27 12:46:22,073 - DEBUG - Проверка обновления истории в 2024-12-27 12:46:22.073778
2024-12-27 12:46:22,073 - DEBUG - Price: 0.48 | Bid Vol: 135,323 | Ask Vol: 122,351 | Imb: +5.03%
2024-12-27 12:46:24,070 - DEBUG - Проверка обновления истории в 2024-12-27 12:46:24.069778
2024-12-27 12:46:24,070 - DEBUG - Price: 0.48 | Bid Vol: 136,333 | Ask Vol: 114,366 | Imb: +8.76%
2024-12-27 12:46:25,044 - DEBUG - Проверка обновления истории в 2024-12-27 12:46:25.044781
2024-12-27 12:46:25,044 - DEBUG - Price: 0.48 | Bid Vol: 137,626 | Ask Vol: 118,039 | Imb: +7.66%
2024-12-27 12:46:25,044 - INFO - === СТАТИСТИКА ===
1m  | Trend: UP   | Imb:  +21.2% | Vol Ratio:  1.5
================

2024-12-27 12:46:25,045 - DEBUG - OrderBook State: {"timestamp": "2024-12-27T12:46:25.044781", "metrics": {"bid_volume": 137625.90691999998, "ask_volume": 118038.642835, "imbalance": 7.6613140553785, "current_price": 0.48385}, "analysis": {"1m": {"trend_ascii": "UP", "current_imbalance": 21.246214144833502, "volume_ratio": 1.539560451961172}, "5m": null, "15m": null}, "signals": []}
2024-12-27 12:46:26,061 - DEBUG - Проверка обновления истории в 2024-12-27 12:46:26.061777
2024-12-27 12:46:26,061 - DEBUG - Price: 0.48 | Bid Vol: 136,117 | Ask Vol: 112,220 | Imb: +9.62%
2024-12-27 12:46:27,098 - DEBUG - Проверка обновления истории в 2024-12-27 12:46:27.098789
2024-12-27 12:46:27,098 - DEBUG - Price: 0.48 | Bid Vol: 124,657 | Ask Vol: 128,117 | Imb: -1.37%
2024-12-27 12:46:29,034 - DEBUG - Проверка обновления истории в 2024-12-27 12:46:29.034807
2024-12-27 12:46:29,034 - DEBUG - Price: 0.48 | Bid Vol: 126,347 | Ask Vol: 119,570 | Imb: +2.76%
2024-12-27 12:46:30,015 - DEBUG - Проверка обновления истории в 2024-12-27 12:46:30.014777
2024-12-27 12:46:30,015 - DEBUG - Price: 0.48 | Bid Vol: 130,083 | Ask Vol: 93,828 | Imb: +16.19%
2024-12-27 12:46:30,015 - INFO - === СТАТИСТИКА ===
1m  | Trend: UP   | Imb:  +21.2% | Vol Ratio:  1.5
================

2024-12-27 12:46:30,015 - DEBUG - OrderBook State: {"timestamp": "2024-12-27T12:46:30.014777", "metrics": {"bid_volume": 130082.606025, "ask_volume": 93827.60391, "imbalance": 16.191759243816815, "current_price": 0.48435}, "analysis": {"1m": {"trend_ascii": "UP", "current_imbalance": 21.246214144833502, "volume_ratio": 1.539560451961172}, "5m": null, "15m": null}, "signals": []}
2024-12-27 12:46:32,049 - DEBUG - Проверка обновления истории в 2024-12-27 12:46:32.049778
2024-12-27 12:46:32,050 - DEBUG - Price: 0.48 | Bid Vol: 142,058 | Ask Vol: 101,056 | Imb: +16.87%
2024-12-27 12:46:33,047 - DEBUG - Проверка обновления истории в 2024-12-27 12:46:33.047776
2024-12-27 12:46:33,047 - DEBUG - Price: 0.48 | Bid Vol: 138,036 | Ask Vol: 106,318 | Imb: +12.98%
2024-12-27 12:46:34,080 - DEBUG - Проверка обновления истории в 2024-12-27 12:46:34.079779
2024-12-27 12:46:34,080 - DEBUG - Price: 0.48 | Bid Vol: 138,749 | Ask Vol: 105,044 | Imb: +13.83%
2024-12-27 12:46:34,083 - DEBUG - Проверка обновления истории в 2024-12-27 12:46:34.083778
2024-12-27 12:46:34,083 - DEBUG - Price: 0.48 | Bid Vol: 138,528 | Ask Vol: 105,631 | Imb: +13.47%
2024-12-27 12:46:34,083 - DEBUG - Проверка обновления истории в 2024-12-27 12:46:34.083778
2024-12-27 12:46:34,083 - DEBUG - Price: 0.48 | Bid Vol: 138,528 | Ask Vol: 106,930 | Imb: +12.87%
2024-12-27 12:46:34,083 - DEBUG - Проверка обновления истории в 2024-12-27 12:46:34.083778
2024-12-27 12:46:34,083 - DEBUG - Price: 0.48 | Bid Vol: 138,528 | Ask Vol: 107,314 | Imb: +12.70%
2024-12-27 12:46:35,036 - DEBUG - Проверка обновления истории в 2024-12-27 12:46:35.036778
2024-12-27 12:46:35,036 - DEBUG - Price: 0.48 | Bid Vol: 138,574 | Ask Vol: 107,029 | Imb: +12.84%
2024-12-27 12:46:35,036 - INFO - === СТАТИСТИКА ===
1m  | Trend: UP   | Imb:  +21.2% | Vol Ratio:  1.5
================

2024-12-27 12:46:35,036 - DEBUG - OrderBook State: {"timestamp": "2024-12-27T12:46:35.036778", "metrics": {"bid_volume": 138574.33288499998, "ask_volume": 107028.958655, "imbalance": 12.844035612145849, "current_price": 0.48414999999999997}, "analysis": {"1m": {"trend_ascii": "UP", "current_imbalance": 21.246214144833502, "volume_ratio": 1.539560451961172}, "5m": null, "15m": null}, "signals": []}
2024-12-27 12:46:37,093 - DEBUG - Проверка обновления истории в 2024-12-27 12:46:37.093780
2024-12-27 12:46:37,093 - DEBUG - Price: 0.48 | Bid Vol: 138,569 | Ask Vol: 108,964 | Imb: +11.96%
2024-12-27 12:46:39,087 - DEBUG - Проверка обновления истории в 2024-12-27 12:46:39.087779
2024-12-27 12:46:39,087 - DEBUG - Price: 0.48 | Bid Vol: 111,029 | Ask Vol: 108,504 | Imb: +1.15%
2024-12-27 12:46:41,040 - DEBUG - Проверка обновления истории в 2024-12-27 12:46:41.039808
2024-12-27 12:46:41,040 - DEBUG - Price: 0.48 | Bid Vol: 112,293 | Ask Vol: 110,173 | Imb: +0.95%
2024-12-27 12:46:42,014 - DEBUG - Проверка обновления истории в 2024-12-27 12:46:42.014811
2024-12-27 12:46:42,014 - DEBUG - Price: 0.48 | Bid Vol: 113,893 | Ask Vol: 105,367 | Imb: +3.89%
2024-12-27 12:46:43,057 - DEBUG - Проверка обновления истории в 2024-12-27 12:46:43.057776
2024-12-27 12:46:43,057 - DEBUG - Price: 0.48 | Bid Vol: 114,055 | Ask Vol: 104,900 | Imb: +4.18%
2024-12-27 12:46:45,003 - DEBUG - Проверка обновления истории в 2024-12-27 12:46:45.003803
2024-12-27 12:46:45,003 - DEBUG - Price: 0.48 | Bid Vol: 140,799 | Ask Vol: 125,613 | Imb: +5.70%
2024-12-27 12:46:45,003 - INFO - === СТАТИСТИКА ===
1m  | Trend: UP   | Imb:  +21.2% | Vol Ratio:  1.5
================

2024-12-27 12:46:45,004 - DEBUG - OrderBook State: {"timestamp": "2024-12-27T12:46:45.003803", "metrics": {"bid_volume": 140799.09896499998, "ask_volume": 125612.765915, "imbalance": 5.70032158922065, "current_price": 0.48414999999999997}, "analysis": {"1m": {"trend_ascii": "UP", "current_imbalance": 21.246214144833502, "volume_ratio": 1.539560451961172}, "5m": null, "15m": null}, "signals": []}
2024-12-27 12:46:47,074 - DEBUG - Проверка обновления истории в 2024-12-27 12:46:47.073798
2024-12-27 12:46:47,074 - DEBUG - Price: 0.48 | Bid Vol: 140,478 | Ask Vol: 127,978 | Imb: +4.66%
2024-12-27 12:46:48,036 - DEBUG - Проверка обновления истории в 2024-12-27 12:46:48.036805
2024-12-27 12:46:48,036 - DEBUG - Price: 0.48 | Bid Vol: 130,529 | Ask Vol: 125,360 | Imb: +2.02%
2024-12-27 12:46:49,033 - DEBUG - Проверка обновления истории в 2024-12-27 12:46:49.033776
2024-12-27 12:46:49,034 - DEBUG - Price: 0.48 | Bid Vol: 133,476 | Ask Vol: 123,754 | Imb: +3.78%
2024-12-27 12:46:50,045 - DEBUG - Проверка обновления истории в 2024-12-27 12:46:50.045803
2024-12-27 12:46:50,045 - DEBUG - Price: 0.48 | Bid Vol: 111,911 | Ask Vol: 125,731 | Imb: -5.82%
2024-12-27 12:46:50,045 - INFO - === СТАТИСТИКА ===
1m  | Trend: UP   | Imb:  +21.2% | Vol Ratio:  1.5
================

2024-12-27 12:46:50,046 - DEBUG - OrderBook State: {"timestamp": "2024-12-27T12:46:50.045803", "metrics": {"bid_volume": 111911.05047999999, "ask_volume": 125730.56807, "imbalance": -5.815276665056195, "current_price": 0.48445}, "analysis": {"1m": {"trend_ascii": "UP", "current_imbalance": 21.246214144833502, "volume_ratio": 1.539560451961172}, "5m": null, "15m": null}, "signals": []}
2024-12-27 12:46:51,067 - DEBUG - Проверка обновления истории в 2024-12-27 12:46:51.067779
2024-12-27 12:46:51,067 - DEBUG - Price: 0.48 | Bid Vol: 143,695 | Ask Vol: 106,348 | Imb: +14.94%
2024-12-27 12:46:52,004 - DEBUG - Проверка обновления истории в 2024-12-27 12:46:52.004778
2024-12-27 12:46:52,005 - DEBUG - Price: 0.48 | Bid Vol: 145,001 | Ask Vol: 128,727 | Imb: +5.95%
2024-12-27 12:46:54,037 - DEBUG - Проверка обновления истории в 2024-12-27 12:46:54.037777
2024-12-27 12:46:54,037 - DEBUG - Price: 0.48 | Bid Vol: 131,319 | Ask Vol: 114,830 | Imb: +6.70%
2024-12-27 12:46:55,059 - DEBUG - Проверка обновления истории в 2024-12-27 12:46:55.059777
2024-12-27 12:46:55,059 - DEBUG - Price: 0.48 | Bid Vol: 131,851 | Ask Vol: 114,920 | Imb: +6.86%
2024-12-27 12:46:55,059 - INFO - === СТАТИСТИКА ===
1m  | Trend: UP   | Imb:  +21.2% | Vol Ratio:  1.5
================

2024-12-27 12:46:55,060 - DEBUG - OrderBook State: {"timestamp": "2024-12-27T12:46:55.059777", "metrics": {"bid_volume": 131851.06474499998, "ask_volume": 114919.69022999998, "imbalance": 6.861175473047972, "current_price": 0.48435}, "analysis": {"1m": {"trend_ascii": "UP", "current_imbalance": 21.246214144833502, "volume_ratio": 1.539560451961172}, "5m": null, "15m": null}, "signals": []}
2024-12-27 12:46:56,076 - DEBUG - Проверка обновления истории в 2024-12-27 12:46:56.076802
2024-12-27 12:46:56,076 - DEBUG - Price: 0.48 | Bid Vol: 133,308 | Ask Vol: 113,073 | Imb: +8.21%
