2024-12-27 12:58:07,752 - INFO - Starting order monitoring system
2024-12-27 12:58:07,752 - DEBUG - Attempting to connect to: wss://fstream.binance.com/ws/strkusdt@depth@100ms
2024-12-27 12:58:09,233 - INFO - Connected to Binance Futures WebSocket for strkusdt
2024-12-27 12:58:10,047 - DEBUG - Проверка обновления истории в 2024-12-27 12:58:10.047706
2024-12-27 12:58:10,048 - DEBUG - Обновление 1m данных
2024-12-27 12:58:10,048 - DEBUG - Добавлены данные для 1m: imbalance=19.52, bid_vol=96139, ask_vol=64739
2024-12-27 12:58:10,048 - DEBUG - Обновление 5m данных
2024-12-27 12:58:10,048 - DEBUG - Добавлены данные для 5m: imbalance=19.52, bid_vol=96139, ask_vol=64739
2024-12-27 12:58:10,048 - DEBUG - Обновление 15m данных
2024-12-27 12:58:10,048 - DEBUG - Добавлены данные для 15m: imbalance=19.52, bid_vol=96139, ask_vol=64739
2024-12-27 12:58:10,048 - DEBUG - Price: 0.49 | Bid Vol: 96,139 | Ask Vol: 64,739 | Imb: +19.52%
2024-12-27 12:58:11,087 - DEBUG - Проверка обновления истории в 2024-12-27 12:58:11.087682
2024-12-27 12:58:11,088 - DEBUG - Price: 0.49 | Bid Vol: 127,732 | Ask Vol: 120,682 | Imb: +2.84%
2024-12-27 12:58:12,068 - DEBUG - Проверка обновления истории в 2024-12-27 12:58:12.068705
2024-12-27 12:58:12,068 - DEBUG - Price: 0.49 | Bid Vol: 137,531 | Ask Vol: 111,434 | Imb: +10.48%
2024-12-27 12:58:13,017 - DEBUG - Проверка обновления истории в 2024-12-27 12:58:13.017681
2024-12-27 12:58:13,017 - DEBUG - Price: 0.49 | Bid Vol: 145,214 | Ask Vol: 97,318 | Imb: +19.75%
2024-12-27 12:58:13,087 - DEBUG - Проверка обновления истории в 2024-12-27 12:58:13.086677
2024-12-27 12:58:13,087 - DEBUG - Price: 0.49 | Bid Vol: 145,214 | Ask Vol: 97,318 | Imb: +19.75%
2024-12-27 12:58:17,043 - DEBUG - Проверка обновления истории в 2024-12-27 12:58:17.043678
2024-12-27 12:58:17,043 - DEBUG - Price: 0.49 | Bid Vol: 143,135 | Ask Vol: 119,758 | Imb: +8.89%
2024-12-27 12:58:18,066 - DEBUG - Проверка обновления истории в 2024-12-27 12:58:18.066679
2024-12-27 12:58:18,066 - DEBUG - Price: 0.49 | Bid Vol: 139,824 | Ask Vol: 122,336 | Imb: +6.67%
2024-12-27 12:58:20,086 - DEBUG - Проверка обновления истории в 2024-12-27 12:58:20.086705
2024-12-27 12:58:20,087 - DEBUG - Price: 0.49 | Bid Vol: 141,734 | Ask Vol: 120,701 | Imb: +8.01%
2024-12-27 12:58:23,086 - DEBUG - Проверка обновления истории в 2024-12-27 12:58:23.086679
2024-12-27 12:58:23,086 - DEBUG - Price: 0.49 | Bid Vol: 138,725 | Ask Vol: 119,320 | Imb: +7.52%
2024-12-27 12:58:25,029 - DEBUG - Проверка обновления истории в 2024-12-27 12:58:25.029678
2024-12-27 12:58:25,029 - DEBUG - Price: 0.49 | Bid Vol: 149,055 | Ask Vol: 105,633 | Imb: +17.05%
2024-12-27 12:58:27,029 - DEBUG - Проверка обновления истории в 2024-12-27 12:58:27.029678
2024-12-27 12:58:27,029 - DEBUG - Price: 0.49 | Bid Vol: 139,132 | Ask Vol: 122,590 | Imb: +6.32%
2024-12-27 12:58:28,070 - DEBUG - Проверка обновления истории в 2024-12-27 12:58:28.070688
2024-12-27 12:58:28,070 - DEBUG - Price: 0.49 | Bid Vol: 139,434 | Ask Vol: 123,909 | Imb: +5.90%
2024-12-27 12:58:30,068 - DEBUG - Проверка обновления истории в 2024-12-27 12:58:30.068680
2024-12-27 12:58:30,068 - DEBUG - Price: 0.49 | Bid Vol: 139,413 | Ask Vol: 123,961 | Imb: +5.87%
2024-12-27 12:58:31,019 - DEBUG - Проверка обновления истории в 2024-12-27 12:58:31.019705
2024-12-27 12:58:31,019 - DEBUG - Price: 0.49 | Bid Vol: 139,359 | Ask Vol: 123,952 | Imb: +5.85%
2024-12-27 12:58:31,098 - DEBUG - Проверка обновления истории в 2024-12-27 12:58:31.098709
2024-12-27 12:58:31,098 - DEBUG - Price: 0.49 | Bid Vol: 139,359 | Ask Vol: 123,952 | Imb: +5.85%
2024-12-27 12:58:37,050 - DEBUG - Проверка обновления истории в 2024-12-27 12:58:37.050707
2024-12-27 12:58:37,050 - DEBUG - Price: 0.49 | Bid Vol: 137,446 | Ask Vol: 124,915 | Imb: +4.78%
2024-12-27 12:58:38,076 - DEBUG - Проверка обновления истории в 2024-12-27 12:58:38.076679
2024-12-27 12:58:38,076 - DEBUG - Price: 0.49 | Bid Vol: 139,046 | Ask Vol: 125,416 | Imb: +5.15%
2024-12-27 12:58:43,062 - DEBUG - Проверка обновления истории в 2024-12-27 12:58:43.062678
2024-12-27 12:58:43,062 - DEBUG - Price: 0.49 | Bid Vol: 148,275 | Ask Vol: 119,150 | Imb: +10.89%
2024-12-27 12:58:44,016 - DEBUG - Проверка обновления истории в 2024-12-27 12:58:44.016710
2024-12-27 12:58:44,017 - DEBUG - Price: 0.49 | Bid Vol: 152,789 | Ask Vol: 119,056 | Imb: +12.41%
2024-12-27 12:58:46,054 - DEBUG - Проверка обновления истории в 2024-12-27 12:58:46.054679
2024-12-27 12:58:46,054 - DEBUG - Price: 0.49 | Bid Vol: 142,042 | Ask Vol: 137,761 | Imb: +1.53%
2024-12-27 12:58:47,026 - DEBUG - Проверка обновления истории в 2024-12-27 12:58:47.026678
2024-12-27 12:58:47,026 - DEBUG - Price: 0.49 | Bid Vol: 142,438 | Ask Vol: 123,127 | Imb: +7.27%
2024-12-27 12:58:48,015 - DEBUG - Проверка обновления истории в 2024-12-27 12:58:48.015679
2024-12-27 12:58:48,015 - DEBUG - Price: 0.49 | Bid Vol: 143,076 | Ask Vol: 123,944 | Imb: +7.16%
2024-12-27 12:58:51,097 - DEBUG - Проверка обновления истории в 2024-12-27 12:58:51.097678
2024-12-27 12:58:51,097 - DEBUG - Price: 0.49 | Bid Vol: 139,091 | Ask Vol: 120,017 | Imb: +7.36%
2024-12-27 12:58:53,063 - DEBUG - Проверка обновления истории в 2024-12-27 12:58:53.063705
2024-12-27 12:58:53,063 - DEBUG - Price: 0.49 | Bid Vol: 130,209 | Ask Vol: 131,929 | Imb: -0.66%
2024-12-27 12:58:54,095 - DEBUG - Проверка обновления истории в 2024-12-27 12:58:54.095678
2024-12-27 12:58:54,096 - DEBUG - Price: 0.49 | Bid Vol: 145,432 | Ask Vol: 132,129 | Imb: +4.79%
2024-12-27 12:58:56,085 - DEBUG - Проверка обновления истории в 2024-12-27 12:58:56.085677
2024-12-27 12:58:56,085 - DEBUG - Price: 0.49 | Bid Vol: 144,398 | Ask Vol: 132,310 | Imb: +4.37%
2024-12-27 12:58:58,004 - DEBUG - Проверка обновления истории в 2024-12-27 12:58:58.004678
2024-12-27 12:58:58,004 - DEBUG - Price: 0.49 | Bid Vol: 145,422 | Ask Vol: 104,660 | Imb: +16.30%
2024-12-27 12:58:58,091 - DEBUG - Проверка обновления истории в 2024-12-27 12:58:58.091705
2024-12-27 12:58:58,091 - DEBUG - Price: 0.49 | Bid Vol: 143,560 | Ask Vol: 105,902 | Imb: +15.10%
2024-12-27 12:58:59,026 - DEBUG - Проверка обновления истории в 2024-12-27 12:58:59.026678
2024-12-27 12:58:59,026 - DEBUG - Price: 0.49 | Bid Vol: 140,646 | Ask Vol: 105,866 | Imb: +14.11%
2024-12-27 12:59:00,000 - DEBUG - Проверка обновления истории в 2024-12-27 12:59:00.000678
2024-12-27 12:59:00,000 - DEBUG - Обновление 1m данных
2024-12-27 12:59:00,000 - DEBUG - Добавлены данные для 1m: imbalance=20.82, bid_vol=147464, ask_vol=96647
2024-12-27 12:59:00,000 - DEBUG - Price: 0.49 | Bid Vol: 147,464 | Ask Vol: 96,647 | Imb: +20.82%
2024-12-27 12:59:00,000 - INFO - === СТАТИСТИКА 1M ===
1m  | Trend: -    | Imb:  +20.8% | Vol Ratio:  1.5
==================

2024-12-27 12:59:00,182 - INFO - === СТАТИСТИКА 1M ===
1m  | Trend: -    | Imb:  +20.8% | Vol Ratio:  1.5
==================

2024-12-27 12:59:00,242 - INFO - === СТАТИСТИКА 1M ===
1m  | Trend: -    | Imb:  +20.8% | Vol Ratio:  1.5
==================

2024-12-27 12:59:00,359 - INFO - === СТАТИСТИКА 1M ===
1m  | Trend: -    | Imb:  +20.8% | Vol Ratio:  1.5
==================

2024-12-27 12:59:00,550 - INFO - === СТАТИСТИКА 1M ===
1m  | Trend: -    | Imb:  +20.8% | Vol Ratio:  1.5
==================

2024-12-27 12:59:00,665 - INFO - === СТАТИСТИКА 1M ===
1m  | Trend: -    | Imb:  +20.8% | Vol Ratio:  1.5
==================

2024-12-27 12:59:00,871 - INFO - === СТАТИСТИКА 1M ===
1m  | Trend: -    | Imb:  +20.8% | Vol Ratio:  1.5
==================

2024-12-27 12:59:00,979 - INFO - === СТАТИСТИКА 1M ===
1m  | Trend: -    | Imb:  +20.8% | Vol Ratio:  1.5
==================

2024-12-27 12:59:02,091 - DEBUG - Проверка обновления истории в 2024-12-27 12:59:02.091679
2024-12-27 12:59:02,091 - DEBUG - Price: 0.49 | Bid Vol: 142,318 | Ask Vol: 104,440 | Imb: +15.35%
2024-12-27 12:59:03,044 - DEBUG - Проверка обновления истории в 2024-12-27 12:59:03.044679
2024-12-27 12:59:03,044 - DEBUG - Price: 0.49 | Bid Vol: 142,273 | Ask Vol: 103,215 | Imb: +15.91%
2024-12-27 12:59:04,082 - DEBUG - Проверка обновления истории в 2024-12-27 12:59:04.082680
2024-12-27 12:59:04,082 - DEBUG - Price: 0.49 | Bid Vol: 143,222 | Ask Vol: 104,758 | Imb: +15.51%
2024-12-27 12:59:08,078 - DEBUG - Проверка обновления истории в 2024-12-27 12:59:08.078705
2024-12-27 12:59:08,078 - DEBUG - Price: 0.49 | Bid Vol: 146,952 | Ask Vol: 104,925 | Imb: +16.69%
2024-12-27 12:59:09,054 - DEBUG - Проверка обновления истории в 2024-12-27 12:59:09.054679
2024-12-27 12:59:09,054 - DEBUG - Price: 0.49 | Bid Vol: 146,788 | Ask Vol: 104,937 | Imb: +16.63%
2024-12-27 12:59:10,020 - DEBUG - Проверка обновления истории в 2024-12-27 12:59:10.020705
2024-12-27 12:59:10,020 - DEBUG - Price: 0.49 | Bid Vol: 146,888 | Ask Vol: 104,937 | Imb: +16.66%
2024-12-27 12:59:11,000 - DEBUG - Проверка обновления истории в 2024-12-27 12:59:11.000705
2024-12-27 12:59:11,000 - DEBUG - Price: 0.49 | Bid Vol: 136,413 | Ask Vol: 109,621 | Imb: +10.89%
2024-12-27 12:59:12,049 - DEBUG - Проверка обновления истории в 2024-12-27 12:59:12.049678
2024-12-27 12:59:12,049 - DEBUG - Price: 0.49 | Bid Vol: 133,014 | Ask Vol: 109,460 | Imb: +9.71%
2024-12-27 12:59:13,067 - DEBUG - Проверка обновления истории в 2024-12-27 12:59:13.067678
2024-12-27 12:59:13,067 - DEBUG - Price: 0.49 | Bid Vol: 132,201 | Ask Vol: 111,328 | Imb: +8.57%
2024-12-27 12:59:16,047 - DEBUG - Проверка обновления истории в 2024-12-27 12:59:16.047714
2024-12-27 12:59:16,047 - DEBUG - Price: 0.49 | Bid Vol: 133,333 | Ask Vol: 110,261 | Imb: +9.47%
2024-12-27 12:59:17,049 - DEBUG - Проверка обновления истории в 2024-12-27 12:59:17.049704
2024-12-27 12:59:17,049 - DEBUG - Price: 0.49 | Bid Vol: 132,831 | Ask Vol: 110,262 | Imb: +9.28%
2024-12-27 12:59:18,094 - DEBUG - Проверка обновления истории в 2024-12-27 12:59:18.094681
2024-12-27 12:59:18,094 - DEBUG - Price: 0.49 | Bid Vol: 132,799 | Ask Vol: 110,261 | Imb: +9.27%
2024-12-27 12:59:20,032 - DEBUG - Проверка обновления истории в 2024-12-27 12:59:20.032681
2024-12-27 12:59:20,032 - DEBUG - Price: 0.49 | Bid Vol: 136,639 | Ask Vol: 104,855 | Imb: +13.16%
2024-12-27 12:59:21,032 - DEBUG - Проверка обновления истории в 2024-12-27 12:59:21.031679
2024-12-27 12:59:21,032 - DEBUG - Price: 0.49 | Bid Vol: 129,934 | Ask Vol: 107,761 | Imb: +9.33%
2024-12-27 12:59:22,020 - DEBUG - Проверка обновления истории в 2024-12-27 12:59:22.020705
2024-12-27 12:59:22,020 - DEBUG - Price: 0.49 | Bid Vol: 130,730 | Ask Vol: 107,820 | Imb: +9.60%
2024-12-27 12:59:23,092 - DEBUG - Проверка обновления истории в 2024-12-27 12:59:23.092680
2024-12-27 12:59:23,093 - DEBUG - Price: 0.49 | Bid Vol: 130,558 | Ask Vol: 108,306 | Imb: +9.32%
2024-12-27 12:59:24,082 - DEBUG - Проверка обновления истории в 2024-12-27 12:59:24.082709
2024-12-27 12:59:24,082 - DEBUG - Price: 0.49 | Bid Vol: 131,065 | Ask Vol: 108,306 | Imb: +9.51%
2024-12-27 12:59:25,096 - DEBUG - Проверка обновления истории в 2024-12-27 12:59:25.096679
2024-12-27 12:59:25,096 - DEBUG - Price: 0.49 | Bid Vol: 131,786 | Ask Vol: 106,144 | Imb: +10.78%
2024-12-27 12:59:26,049 - DEBUG - Проверка обновления истории в 2024-12-27 12:59:26.049705
2024-12-27 12:59:26,049 - DEBUG - Price: 0.49 | Bid Vol: 135,099 | Ask Vol: 106,150 | Imb: +12.00%
2024-12-27 12:59:27,067 - DEBUG - Проверка обновления истории в 2024-12-27 12:59:27.067708
2024-12-27 12:59:27,067 - DEBUG - Price: 0.49 | Bid Vol: 134,592 | Ask Vol: 106,880 | Imb: +11.48%
2024-12-27 12:59:28,093 - DEBUG - Проверка обновления истории в 2024-12-27 12:59:28.092679
2024-12-27 12:59:28,093 - DEBUG - Price: 0.49 | Bid Vol: 133,048 | Ask Vol: 107,895 | Imb: +10.44%
2024-12-27 12:59:29,055 - DEBUG - Проверка обновления истории в 2024-12-27 12:59:29.055679
2024-12-27 12:59:29,055 - DEBUG - Price: 0.49 | Bid Vol: 132,453 | Ask Vol: 106,902 | Imb: +10.68%
2024-12-27 12:59:30,023 - DEBUG - Проверка обновления истории в 2024-12-27 12:59:30.023705
2024-12-27 12:59:30,023 - DEBUG - Price: 0.49 | Bid Vol: 134,781 | Ask Vol: 106,902 | Imb: +11.54%
2024-12-27 12:59:31,072 - DEBUG - Проверка обновления истории в 2024-12-27 12:59:31.072716
2024-12-27 12:59:31,072 - DEBUG - Price: 0.49 | Bid Vol: 138,693 | Ask Vol: 119,478 | Imb: +7.44%
2024-12-27 12:59:35,041 - DEBUG - Проверка обновления истории в 2024-12-27 12:59:35.041679
2024-12-27 12:59:35,041 - DEBUG - Price: 0.49 | Bid Vol: 128,939 | Ask Vol: 118,937 | Imb: +4.04%
2024-12-27 12:59:36,081 - DEBUG - Проверка обновления истории в 2024-12-27 12:59:36.081705
2024-12-27 12:59:36,081 - DEBUG - Price: 0.49 | Bid Vol: 127,798 | Ask Vol: 121,142 | Imb: +2.67%
2024-12-27 12:59:37,064 - DEBUG - Проверка обновления истории в 2024-12-27 12:59:37.064679
2024-12-27 12:59:37,064 - DEBUG - Price: 0.49 | Bid Vol: 127,804 | Ask Vol: 121,330 | Imb: +2.60%
2024-12-27 12:59:38,043 - DEBUG - Проверка обновления истории в 2024-12-27 12:59:38.043682
2024-12-27 12:59:38,043 - DEBUG - Price: 0.49 | Bid Vol: 138,673 | Ask Vol: 116,717 | Imb: +8.60%
2024-12-27 12:59:40,068 - DEBUG - Проверка обновления истории в 2024-12-27 12:59:40.068705
2024-12-27 12:59:40,069 - DEBUG - Price: 0.49 | Bid Vol: 105,157 | Ask Vol: 105,338 | Imb: -0.09%
2024-12-27 12:59:41,018 - DEBUG - Проверка обновления истории в 2024-12-27 12:59:41.018680
2024-12-27 12:59:41,018 - DEBUG - Price: 0.49 | Bid Vol: 120,324 | Ask Vol: 96,208 | Imb: +11.14%
2024-12-27 12:59:42,005 - DEBUG - Проверка обновления истории в 2024-12-27 12:59:42.005681
2024-12-27 12:59:42,005 - DEBUG - Price: 0.49 | Bid Vol: 121,154 | Ask Vol: 105,591 | Imb: +6.86%
2024-12-27 12:59:43,059 - DEBUG - Проверка обновления истории в 2024-12-27 12:59:43.059705
2024-12-27 12:59:43,059 - DEBUG - Price: 0.49 | Bid Vol: 123,502 | Ask Vol: 95,537 | Imb: +12.77%
2024-12-27 12:59:47,036 - DEBUG - Проверка обновления истории в 2024-12-27 12:59:47.036679
2024-12-27 12:59:47,036 - DEBUG - Price: 0.49 | Bid Vol: 134,869 | Ask Vol: 99,015 | Imb: +15.33%
2024-12-27 12:59:48,075 - DEBUG - Проверка обновления истории в 2024-12-27 12:59:48.075699
2024-12-27 12:59:48,075 - DEBUG - Price: 0.49 | Bid Vol: 135,091 | Ask Vol: 100,182 | Imb: +14.84%
2024-12-27 12:59:50,026 - DEBUG - Проверка обновления истории в 2024-12-27 12:59:50.026688
2024-12-27 12:59:50,026 - DEBUG - Price: 0.49 | Bid Vol: 133,131 | Ask Vol: 102,314 | Imb: +13.09%
2024-12-27 12:59:53,038 - DEBUG - Проверка обновления истории в 2024-12-27 12:59:53.038705
2024-12-27 12:59:53,038 - DEBUG - Price: 0.49 | Bid Vol: 134,866 | Ask Vol: 101,879 | Imb: +13.93%
2024-12-27 12:59:54,054 - DEBUG - Проверка обновления истории в 2024-12-27 12:59:54.054705
2024-12-27 12:59:54,055 - DEBUG - Price: 0.49 | Bid Vol: 136,942 | Ask Vol: 99,848 | Imb: +15.67%
2024-12-27 12:59:55,073 - DEBUG - Проверка обновления истории в 2024-12-27 12:59:55.073677
2024-12-27 12:59:55,073 - DEBUG - Price: 0.49 | Bid Vol: 137,585 | Ask Vol: 124,045 | Imb: +5.18%
2024-12-27 12:59:57,083 - DEBUG - Проверка обновления истории в 2024-12-27 12:59:57.083680
2024-12-27 12:59:57,083 - DEBUG - Price: 0.49 | Bid Vol: 139,076 | Ask Vol: 125,906 | Imb: +4.97%
2024-12-27 12:59:58,045 - DEBUG - Проверка обновления истории в 2024-12-27 12:59:58.045679
2024-12-27 12:59:58,045 - DEBUG - Price: 0.49 | Bid Vol: 139,629 | Ask Vol: 127,217 | Imb: +4.65%
2024-12-27 13:00:00,205 - INFO - === СТАТИСТИКА 1M ===
1m  | Trend: -    | Imb:  +20.8% | Vol Ratio:  1.5
==================

2024-12-27 13:00:00,206 - INFO - === СТАТИСТИКА 1M ===
1m  | Trend: -    | Imb:  +20.8% | Vol Ratio:  1.5
==================

2024-12-27 13:00:00,206 - INFO - === СТАТИСТИКА 1M ===
1m  | Trend: -    | Imb:  +20.8% | Vol Ratio:  1.5
==================

2024-12-27 13:00:00,207 - INFO - === СТАТИСТИКА 1M ===
1m  | Trend: -    | Imb:  +20.8% | Vol Ratio:  1.5
==================

2024-12-27 13:00:00,278 - INFO - === СТАТИСТИКА 1M ===
1m  | Trend: -    | Imb:  +20.8% | Vol Ratio:  1.5
==================

2024-12-27 13:00:00,467 - INFO - === СТАТИСТИКА 1M ===
1m  | Trend: -    | Imb:  +20.8% | Vol Ratio:  1.5
==================

2024-12-27 13:00:00,527 - INFO - === СТАТИСТИКА 1M ===
1m  | Trend: -    | Imb:  +20.8% | Vol Ratio:  1.5
==================

2024-12-27 13:00:00,652 - INFO - === СТАТИСТИКА 1M ===
1m  | Trend: -    | Imb:  +20.8% | Vol Ratio:  1.5
==================

2024-12-27 13:00:00,757 - INFO - === СТАТИСТИКА 1M ===
1m  | Trend: -    | Imb:  +20.8% | Vol Ratio:  1.5
==================

2024-12-27 13:00:00,888 - INFO - === СТАТИСТИКА 1M ===
1m  | Trend: -    | Imb:  +20.8% | Vol Ratio:  1.5
==================

2024-12-27 13:00:00,996 - INFO - === СТАТИСТИКА 1M ===
1m  | Trend: -    | Imb:  +20.8% | Vol Ratio:  1.5
==================

2024-12-27 13:00:03,065 - DEBUG - Проверка обновления истории в 2024-12-27 13:00:03.065705
2024-12-27 13:00:03,065 - DEBUG - Обновление 1m данных
2024-12-27 13:00:03,065 - DEBUG - Добавлены данные для 1m: imbalance=15.44, bid_vol=137693, ask_vol=100855
2024-12-27 13:00:03,065 - DEBUG - Обновление 5m данных
2024-12-27 13:00:03,065 - DEBUG - Добавлены данные для 5m: imbalance=15.44, bid_vol=137693, ask_vol=100855
2024-12-27 13:00:03,065 - DEBUG - Обновление 15m данных
2024-12-27 13:00:03,065 - DEBUG - Добавлены данные для 15m: imbalance=15.44, bid_vol=137693, ask_vol=100855
2024-12-27 13:00:03,065 - DEBUG - Price: 0.49 | Bid Vol: 137,693 | Ask Vol: 100,855 | Imb: +15.44%
2024-12-27 13:00:04,001 - DEBUG - Проверка обновления истории в 2024-12-27 13:00:04.001678
2024-12-27 13:00:04,002 - DEBUG - Price: 0.49 | Bid Vol: 134,841 | Ask Vol: 103,520 | Imb: +13.14%
2024-12-27 13:00:05,061 - DEBUG - Проверка обновления истории в 2024-12-27 13:00:05.061681
2024-12-27 13:00:05,061 - DEBUG - Price: 0.49 | Bid Vol: 134,835 | Ask Vol: 103,536 | Imb: +13.13%
2024-12-27 13:00:06,098 - DEBUG - Проверка обновления истории в 2024-12-27 13:00:06.098680
2024-12-27 13:00:06,098 - DEBUG - Price: 0.49 | Bid Vol: 136,353 | Ask Vol: 107,304 | Imb: +11.92%
2024-12-27 13:00:08,070 - DEBUG - Проверка обновления истории в 2024-12-27 13:00:08.070679
2024-12-27 13:00:08,070 - DEBUG - Price: 0.49 | Bid Vol: 133,827 | Ask Vol: 98,396 | Imb: +15.26%
2024-12-27 13:00:09,045 - DEBUG - Проверка обновления истории в 2024-12-27 13:00:09.045678
2024-12-27 13:00:09,045 - DEBUG - Price: 0.49 | Bid Vol: 118,407 | Ask Vol: 86,793 | Imb: +15.41%
2024-12-27 13:00:10,021 - DEBUG - Проверка обновления истории в 2024-12-27 13:00:10.021699
2024-12-27 13:00:10,021 - DEBUG - Price: 0.49 | Bid Vol: 129,871 | Ask Vol: 78,590 | Imb: +24.60%
2024-12-27 13:00:12,045 - DEBUG - Проверка обновления истории в 2024-12-27 13:00:12.045680
2024-12-27 13:00:12,045 - DEBUG - Price: 0.49 | Bid Vol: 121,048 | Ask Vol: 113,645 | Imb: +3.15%
2024-12-27 13:00:13,041 - DEBUG - Проверка обновления истории в 2024-12-27 13:00:13.041705
2024-12-27 13:00:13,041 - DEBUG - Price: 0.49 | Bid Vol: 124,812 | Ask Vol: 111,898 | Imb: +5.46%
2024-12-27 13:00:14,081 - DEBUG - Проверка обновления истории в 2024-12-27 13:00:14.080680
2024-12-27 13:00:14,081 - DEBUG - Price: 0.49 | Bid Vol: 125,007 | Ask Vol: 106,816 | Imb: +7.85%
2024-12-27 13:00:15,053 - DEBUG - Проверка обновления истории в 2024-12-27 13:00:15.053677
2024-12-27 13:00:15,053 - DEBUG - Price: 0.49 | Bid Vol: 125,930 | Ask Vol: 107,552 | Imb: +7.87%
