2024-12-27 15:38:16,001 - INFO - Starting order monitoring system
2024-12-27 15:38:16,001 - DEBUG - Attempting to connect to: wss://fstream.binance.com/ws/strkusdt@depth@100ms
2024-12-27 15:38:17,959 - INFO - Connected to Binance Futures WebSocket for strkusdt
2024-12-27 15:38:18,088 - DEBUG - Price: 0.48 | Bid Vol: 816 | Ask Vol: 1,067 | Imb: -13.33%
2024-12-27 15:38:19,010 - DEBUG - Price: 0.48 | Bid Vol: 113,388 | Ask Vol: 117,781 | Imb: -1.90%
2024-12-27 15:38:20,028 - DEBUG - Price: 0.48 | Bid Vol: 112,026 | Ask Vol: 95,618 | Imb: +7.90%
2024-12-27 15:38:21,005 - DEBUG - Price: 0.48 | Bid Vol: 95,291 | Ask Vol: 92,953 | Imb: +1.24%
2024-12-27 15:38:22,041 - DEBUG - Price: 0.48 | Bid Vol: 97,700 | Ask Vol: 92,284 | Imb: +2.85%
2024-12-27 15:38:22,086 - DEBUG - Price: 0.48 | Bid Vol: 97,581 | Ask Vol: 92,906 | Imb: +2.45%
2024-12-27 15:38:23,047 - DEBUG - Price: 0.48 | Bid Vol: 101,806 | Ask Vol: 96,361 | Imb: +2.75%
2024-12-27 15:38:26,032 - DEBUG - Price: 0.48 | Bid Vol: 108,523 | Ask Vol: 94,103 | Imb: +7.12%
2024-12-27 15:38:28,045 - DEBUG - Price: 0.48 | Bid Vol: 103,135 | Ask Vol: 98,988 | Imb: +2.05%
2024-12-27 15:38:29,069 - DEBUG - Price: 0.48 | Bid Vol: 120,089 | Ask Vol: 89,025 | Imb: +14.86%
2024-12-27 15:38:29,069 - DEBUG - Price: 0.48 | Bid Vol: 98,443 | Ask Vol: 98,096 | Imb: +0.18%
2024-12-27 15:38:31,007 - DEBUG - Price: 0.48 | Bid Vol: 98,019 | Ask Vol: 97,295 | Imb: +0.37%
2024-12-27 15:38:31,077 - DEBUG - Price: 0.48 | Bid Vol: 97,966 | Ask Vol: 98,635 | Imb: -0.34%
2024-12-27 15:38:32,030 - DEBUG - Price: 0.48 | Bid Vol: 116,603 | Ask Vol: 96,432 | Imb: +9.47%
2024-12-27 15:38:37,022 - DEBUG - Price: 0.48 | Bid Vol: 113,185 | Ask Vol: 90,726 | Imb: +11.01%
2024-12-27 15:38:37,073 - DEBUG - Price: 0.48 | Bid Vol: 113,185 | Ask Vol: 88,156 | Imb: +12.43%
2024-12-27 15:38:38,068 - DEBUG - Price: 0.48 | Bid Vol: 113,672 | Ask Vol: 88,744 | Imb: +12.32%
2024-12-27 15:38:39,001 - DEBUG - Price: 0.48 | Bid Vol: 113,430 | Ask Vol: 88,924 | Imb: +12.11%
2024-12-27 15:38:40,026 - DEBUG - Price: 0.48 | Bid Vol: 93,962 | Ask Vol: 94,054 | Imb: -0.05%
2024-12-27 15:38:41,061 - DEBUG - Price: 0.48 | Bid Vol: 93,901 | Ask Vol: 95,093 | Imb: -0.63%
2024-12-27 15:38:43,077 - DEBUG - Price: 0.48 | Bid Vol: 93,852 | Ask Vol: 97,177 | Imb: -1.74%
2024-12-27 15:38:45,097 - DEBUG - Price: 0.48 | Bid Vol: 110,511 | Ask Vol: 95,065 | Imb: +7.51%
2024-12-27 15:38:49,076 - DEBUG - Price: 0.48 | Bid Vol: 112,020 | Ask Vol: 93,520 | Imb: +9.00%
2024-12-27 15:38:51,048 - DEBUG - Price: 0.48 | Bid Vol: 113,059 | Ask Vol: 93,250 | Imb: +9.60%
2024-12-27 15:39:00,574 - DEBUG - Минутная статистика: Avg Imb: 6.54% (min: -21.18%, max: 22.69%), Avg Bid Vol: 108211, Avg Ask Vol: 94546
2024-12-27 15:39:00,574 - DEBUG - Анализ 1m: длина истории = 1
2024-12-27 15:39:00,574 - DEBUG - Недостаточно данных для 1m
2024-12-27 15:39:06,079 - DEBUG - Price: 0.48 | Bid Vol: 107,171 | Ask Vol: 96,338 | Imb: +5.32%
2024-12-27 15:39:09,096 - DEBUG - Price: 0.48 | Bid Vol: 105,817 | Ask Vol: 95,581 | Imb: +5.08%
2024-12-27 15:39:10,007 - DEBUG - Price: 0.48 | Bid Vol: 75,913 | Ask Vol: 102,460 | Imb: -14.88%
2024-12-27 15:39:10,012 - DEBUG - Price: 0.48 | Bid Vol: 83,230 | Ask Vol: 92,839 | Imb: -5.46%
2024-12-27 15:39:11,051 - DEBUG - Price: 0.48 | Bid Vol: 88,584 | Ask Vol: 101,858 | Imb: -6.97%
2024-12-27 15:39:12,022 - DEBUG - Price: 0.48 | Bid Vol: 103,361 | Ask Vol: 113,687 | Imb: -4.76%
2024-12-27 15:39:12,076 - DEBUG - Price: 0.48 | Bid Vol: 80,979 | Ask Vol: 111,763 | Imb: -15.97%
2024-12-27 15:39:13,007 - DEBUG - Price: 0.48 | Bid Vol: 84,578 | Ask Vol: 132,456 | Imb: -22.06%
2024-12-27 15:39:14,088 - DEBUG - Price: 0.48 | Bid Vol: 91,860 | Ask Vol: 129,210 | Imb: -16.90%
2024-12-27 15:39:15,094 - DEBUG - Price: 0.48 | Bid Vol: 92,439 | Ask Vol: 130,606 | Imb: -17.11%
2024-12-27 15:39:16,034 - DEBUG - Price: 0.48 | Bid Vol: 92,516 | Ask Vol: 115,874 | Imb: -11.21%
2024-12-27 15:39:17,024 - DEBUG - Price: 0.48 | Bid Vol: 94,736 | Ask Vol: 101,465 | Imb: -3.43%
2024-12-27 15:39:18,092 - DEBUG - Price: 0.48 | Bid Vol: 94,371 | Ask Vol: 101,373 | Imb: -3.58%
2024-12-27 15:39:19,048 - DEBUG - Price: 0.48 | Bid Vol: 95,381 | Ask Vol: 97,920 | Imb: -1.31%
2024-12-27 15:39:20,065 - DEBUG - Price: 0.48 | Bid Vol: 119,235 | Ask Vol: 95,746 | Imb: +10.93%
2024-12-27 15:39:21,041 - DEBUG - Price: 0.48 | Bid Vol: 116,110 | Ask Vol: 97,483 | Imb: +8.72%
2024-12-27 15:39:21,060 - DEBUG - Price: 0.48 | Bid Vol: 112,027 | Ask Vol: 88,537 | Imb: +11.71%
2024-12-27 15:39:23,067 - DEBUG - Price: 0.48 | Bid Vol: 101,257 | Ask Vol: 96,975 | Imb: +2.16%
2024-12-27 15:39:26,062 - DEBUG - Price: 0.48 | Bid Vol: 81,315 | Ask Vol: 111,003 | Imb: -15.44%
2024-12-27 15:39:27,097 - DEBUG - Price: 0.48 | Bid Vol: 96,390 | Ask Vol: 98,307 | Imb: -0.98%
2024-12-27 15:39:28,013 - DEBUG - Price: 0.48 | Bid Vol: 96,829 | Ask Vol: 97,254 | Imb: -0.22%
2024-12-27 15:39:29,000 - DEBUG - Price: 0.48 | Bid Vol: 82,912 | Ask Vol: 97,322 | Imb: -8.00%
2024-12-27 15:39:32,026 - DEBUG - Price: 0.48 | Bid Vol: 81,272 | Ask Vol: 115,406 | Imb: -17.36%
2024-12-27 15:39:33,022 - DEBUG - Price: 0.48 | Bid Vol: 81,566 | Ask Vol: 114,176 | Imb: -16.66%
2024-12-27 15:39:34,021 - DEBUG - Price: 0.48 | Bid Vol: 80,807 | Ask Vol: 115,633 | Imb: -17.73%
2024-12-27 15:39:35,041 - DEBUG - Price: 0.48 | Bid Vol: 91,127 | Ask Vol: 103,117 | Imb: -6.17%
2024-12-27 15:39:37,050 - DEBUG - Price: 0.48 | Bid Vol: 89,719 | Ask Vol: 103,260 | Imb: -7.02%
2024-12-27 15:39:39,083 - DEBUG - Price: 0.48 | Bid Vol: 78,812 | Ask Vol: 119,062 | Imb: -20.34%
2024-12-27 15:39:40,059 - DEBUG - Price: 0.48 | Bid Vol: 79,078 | Ask Vol: 118,892 | Imb: -20.11%
2024-12-27 15:39:41,088 - DEBUG - Price: 0.48 | Bid Vol: 79,295 | Ask Vol: 119,834 | Imb: -20.36%
2024-12-27 15:39:42,004 - DEBUG - Price: 0.48 | Bid Vol: 80,161 | Ask Vol: 119,438 | Imb: -19.68%
2024-12-27 15:39:45,004 - DEBUG - Price: 0.48 | Bid Vol: 91,043 | Ask Vol: 99,593 | Imb: -4.49%
2024-12-27 15:39:46,003 - DEBUG - Price: 0.48 | Bid Vol: 90,077 | Ask Vol: 98,472 | Imb: -4.45%
2024-12-27 15:39:47,073 - DEBUG - Price: 0.48 | Bid Vol: 91,326 | Ask Vol: 98,220 | Imb: -3.64%
2024-12-27 15:39:48,091 - DEBUG - Price: 0.48 | Bid Vol: 83,939 | Ask Vol: 116,287 | Imb: -16.16%
2024-12-27 15:39:49,054 - DEBUG - Price: 0.48 | Bid Vol: 83,740 | Ask Vol: 116,287 | Imb: -16.27%
2024-12-27 15:39:50,056 - DEBUG - Price: 0.48 | Bid Vol: 78,098 | Ask Vol: 103,252 | Imb: -13.87%
2024-12-27 15:39:52,003 - DEBUG - Price: 0.48 | Bid Vol: 85,272 | Ask Vol: 100,609 | Imb: -8.25%
2024-12-27 15:39:55,001 - DEBUG - Price: 0.48 | Bid Vol: 100,313 | Ask Vol: 94,498 | Imb: +2.98%
2024-12-27 15:39:56,047 - DEBUG - Price: 0.48 | Bid Vol: 100,152 | Ask Vol: 94,498 | Imb: +2.90%
2024-12-27 15:39:58,091 - DEBUG - Price: 0.48 | Bid Vol: 82,982 | Ask Vol: 103,116 | Imb: -10.82%
2024-12-27 15:39:59,082 - DEBUG - Price: 0.48 | Bid Vol: 83,568 | Ask Vol: 102,895 | Imb: -10.37%
2024-12-27 15:40:00,008 - DEBUG - Минутная статистика: Avg Imb: -6.39% (min: -28.25%, max: 14.15%), Avg Bid Vol: 92304, Avg Ask Vol: 104880
2024-12-27 15:40:00,008 - DEBUG - Анализ 1m: длина истории = 2
2024-12-27 15:40:00,008 - DEBUG - Данные 1m: imbalances=[6.541327211705462, -6.3893439251278]
2024-12-27 15:40:00,008 - DEBUG - Результат анализа 1m: {'trend_ascii': 'DOWN', 'current_imbalance': -6.3893439251278, 'volume_ratio': 0.8800845501167593}
2024-12-27 15:40:00,008 - INFO - === СТАТИСТИКА 1M ===
1m  | Trend: DOWN | Imb:   -6.4% | Vol Ratio:  0.9
==================

2024-12-27 15:40:00,009 - DEBUG - Обновлена 5m статистика: Imb=0.03%, Bid Vol=40103, Ask Vol=39885
2024-12-27 15:40:00,009 - DEBUG - Анализ 5m: длина истории = 1
2024-12-27 15:40:00,009 - DEBUG - Недостаточно данных для 5m
2024-12-27 15:40:00,009 - DEBUG - Price: 0.48 | Bid Vol: 82,055 | Ask Vol: 123,738 | Imb: -20.25%
2024-12-27 15:40:00,121 - DEBUG - Обновлена 5m статистика: Imb=0.03%, Bid Vol=40103, Ask Vol=39885
2024-12-27 15:40:00,121 - DEBUG - Анализ 5m: длина истории = 2
2024-12-27 15:40:00,121 - DEBUG - Данные 5m: imbalances=[0.030396657315532316, 0.030396657315532316]
2024-12-27 15:40:00,121 - DEBUG - Результат анализа 5m: {'trend_ascii': '-', 'current_imbalance': 0.030396657315532316, 'volume_ratio': 1.0054584323481215}
2024-12-27 15:40:00,121 - INFO - === СТАТИСТИКА 5M ===
5m  | Trend: -    | Imb:   +0.0% | Vol Ratio:  1.0
==================

2024-12-27 15:40:00,223 - DEBUG - Обновлена 5m статистика: Imb=0.03%, Bid Vol=40103, Ask Vol=39885
2024-12-27 15:40:00,223 - DEBUG - Анализ 5m: длина истории = 3
2024-12-27 15:40:00,223 - DEBUG - Данные 5m: imbalances=[0.030396657315532316, 0.030396657315532316, 0.030396657315532316]
2024-12-27 15:40:00,223 - DEBUG - Результат анализа 5m: {'trend_ascii': '-', 'current_imbalance': 0.030396657315532316, 'volume_ratio': 1.0054584323481215}
2024-12-27 15:40:00,223 - INFO - === СТАТИСТИКА 5M ===
5m  | Trend: -    | Imb:   +0.0% | Vol Ratio:  1.0
==================

2024-12-27 15:40:00,391 - DEBUG - Обновлена 5m статистика: Imb=0.03%, Bid Vol=40103, Ask Vol=39885
2024-12-27 15:40:00,391 - DEBUG - Анализ 5m: длина истории = 4
2024-12-27 15:40:00,391 - DEBUG - Данные 5m: imbalances=[0.030396657315532316, 0.030396657315532316, 0.030396657315532316, 0.030396657315532316]
2024-12-27 15:40:00,391 - DEBUG - Результат анализа 5m: {'trend_ascii': '-', 'current_imbalance': 0.030396657315532316, 'volume_ratio': 1.0054584323481215}
2024-12-27 15:40:00,391 - INFO - === СТАТИСТИКА 5M ===
5m  | Trend: -    | Imb:   +0.0% | Vol Ratio:  1.0
==================

2024-12-27 15:40:00,497 - DEBUG - Обновлена 5m статистика: Imb=0.03%, Bid Vol=40103, Ask Vol=39885
2024-12-27 15:40:00,497 - DEBUG - Анализ 5m: длина истории = 5
2024-12-27 15:40:00,497 - DEBUG - Данные 5m: imbalances=[0.030396657315532316, 0.030396657315532316, 0.030396657315532316, 0.030396657315532316, 0.030396657315532316]
2024-12-27 15:40:00,497 - DEBUG - Результат анализа 5m: {'trend_ascii': '-', 'current_imbalance': 0.030396657315532316, 'volume_ratio': 1.0054584323481215}
2024-12-27 15:40:00,497 - INFO - === СТАТИСТИКА 5M ===
5m  | Trend: -    | Imb:   +0.0% | Vol Ratio:  1.0
==================

2024-12-27 15:40:00,616 - DEBUG - Обновлена 5m статистика: Imb=0.03%, Bid Vol=40103, Ask Vol=39885
2024-12-27 15:40:00,616 - DEBUG - Анализ 5m: длина истории = 6
2024-12-27 15:40:00,616 - DEBUG - Данные 5m: imbalances=[0.030396657315532316, 0.030396657315532316, 0.030396657315532316, 0.030396657315532316, 0.030396657315532316, 0.030396657315532316]
2024-12-27 15:40:00,617 - DEBUG - Результат анализа 5m: {'trend_ascii': '-', 'current_imbalance': 0.030396657315532316, 'volume_ratio': 1.0054584323481215}
2024-12-27 15:40:00,617 - INFO - === СТАТИСТИКА 5M ===
5m  | Trend: -    | Imb:   +0.0% | Vol Ratio:  1.0
==================

2024-12-27 15:40:00,722 - DEBUG - Обновлена 5m статистика: Imb=0.03%, Bid Vol=40103, Ask Vol=39885
2024-12-27 15:40:00,722 - DEBUG - Анализ 5m: длина истории = 7
2024-12-27 15:40:00,722 - DEBUG - Данные 5m: imbalances=[0.030396657315532316, 0.030396657315532316, 0.030396657315532316, 0.030396657315532316, 0.030396657315532316, 0.030396657315532316, 0.030396657315532316]
2024-12-27 15:40:00,722 - DEBUG - Результат анализа 5m: {'trend_ascii': '-', 'current_imbalance': 0.030396657315532316, 'volume_ratio': 1.0054584323481215}
2024-12-27 15:40:00,722 - INFO - === СТАТИСТИКА 5M ===
5m  | Trend: -    | Imb:   +0.0% | Vol Ratio:  1.0
==================

2024-12-27 15:40:00,837 - DEBUG - Обновлена 5m статистика: Imb=0.03%, Bid Vol=40103, Ask Vol=39885
2024-12-27 15:40:00,837 - DEBUG - Анализ 5m: длина истории = 8
2024-12-27 15:40:00,837 - DEBUG - Данные 5m: imbalances=[0.030396657315532316, 0.030396657315532316, 0.030396657315532316, 0.030396657315532316, 0.030396657315532316, 0.030396657315532316, 0.030396657315532316, 0.030396657315532316]
2024-12-27 15:40:00,837 - DEBUG - Результат анализа 5m: {'trend_ascii': '-', 'current_imbalance': 0.030396657315532316, 'volume_ratio': 1.0054584323481215}
2024-12-27 15:40:00,837 - INFO - === СТАТИСТИКА 5M ===
5m  | Trend: -    | Imb:   +0.0% | Vol Ratio:  1.0
==================

2024-12-27 15:40:00,945 - DEBUG - Обновлена 5m статистика: Imb=0.03%, Bid Vol=40103, Ask Vol=39885
2024-12-27 15:40:00,945 - DEBUG - Анализ 5m: длина истории = 9
2024-12-27 15:40:00,945 - DEBUG - Данные 5m: imbalances=[0.030396657315532316, 0.030396657315532316, 0.030396657315532316, 0.030396657315532316, 0.030396657315532316, 0.030396657315532316, 0.030396657315532316, 0.030396657315532316, 0.030396657315532316]
2024-12-27 15:40:00,945 - DEBUG - Результат анализа 5m: {'trend_ascii': '-', 'current_imbalance': 0.030396657315532316, 'volume_ratio': 1.0054584323481215}
2024-12-27 15:40:00,945 - INFO - === СТАТИСТИКА 5M ===
5m  | Trend: -    | Imb:   +0.0% | Vol Ratio:  1.0
==================

2024-12-27 15:40:01,047 - DEBUG - Price: 0.48 | Bid Vol: 83,633 | Ask Vol: 120,208 | Imb: -17.94%
2024-12-27 15:40:02,058 - DEBUG - Price: 0.48 | Bid Vol: 83,536 | Ask Vol: 121,267 | Imb: -18.42%
2024-12-27 15:40:03,022 - DEBUG - Price: 0.48 | Bid Vol: 85,264 | Ask Vol: 117,908 | Imb: -16.07%
2024-12-27 15:40:04,026 - DEBUG - Price: 0.48 | Bid Vol: 91,891 | Ask Vol: 118,255 | Imb: -12.55%
2024-12-27 15:40:05,073 - DEBUG - Price: 0.48 | Bid Vol: 92,113 | Ask Vol: 118,255 | Imb: -12.43%
2024-12-27 15:40:06,003 - DEBUG - Price: 0.48 | Bid Vol: 93,603 | Ask Vol: 117,326 | Imb: -11.25%
2024-12-27 15:40:10,096 - DEBUG - Price: 0.48 | Bid Vol: 81,804 | Ask Vol: 122,425 | Imb: -19.89%
2024-12-27 15:40:11,066 - DEBUG - Price: 0.48 | Bid Vol: 81,390 | Ask Vol: 123,288 | Imb: -20.47%
2024-12-27 15:40:13,007 - DEBUG - Price: 0.48 | Bid Vol: 76,244 | Ask Vol: 107,268 | Imb: -16.91%
2024-12-27 15:40:14,029 - DEBUG - Price: 0.48 | Bid Vol: 78,803 | Ask Vol: 117,463 | Imb: -19.70%
2024-12-27 15:40:15,059 - DEBUG - Price: 0.48 | Bid Vol: 90,007 | Ask Vol: 124,543 | Imb: -16.10%
2024-12-27 15:40:16,050 - DEBUG - Price: 0.48 | Bid Vol: 89,201 | Ask Vol: 115,389 | Imb: -12.80%
2024-12-27 15:40:17,006 - DEBUG - Price: 0.48 | Bid Vol: 89,028 | Ask Vol: 98,016 | Imb: -4.81%
2024-12-27 15:40:18,072 - DEBUG - Price: 0.48 | Bid Vol: 91,287 | Ask Vol: 96,730 | Imb: -2.89%
2024-12-27 15:40:19,016 - DEBUG - Price: 0.48 | Bid Vol: 78,887 | Ask Vol: 104,925 | Imb: -14.17%
2024-12-27 15:40:20,000 - DEBUG - Price: 0.48 | Bid Vol: 88,197 | Ask Vol: 104,129 | Imb: -8.28%
2024-12-27 15:40:24,020 - DEBUG - Price: 0.48 | Bid Vol: 91,444 | Ask Vol: 99,838 | Imb: -4.39%
2024-12-27 15:40:25,037 - DEBUG - Price: 0.48 | Bid Vol: 87,656 | Ask Vol: 103,000 | Imb: -8.05%
2024-12-27 15:40:26,081 - DEBUG - Price: 0.48 | Bid Vol: 89,969 | Ask Vol: 99,943 | Imb: -5.25%
2024-12-27 15:40:27,044 - DEBUG - Price: 0.48 | Bid Vol: 87,849 | Ask Vol: 103,048 | Imb: -7.96%
2024-12-27 15:40:28,040 - DEBUG - Price: 0.48 | Bid Vol: 99,398 | Ask Vol: 99,096 | Imb: +0.15%
2024-12-27 15:40:30,080 - DEBUG - Price: 0.48 | Bid Vol: 87,919 | Ask Vol: 106,254 | Imb: -9.44%
2024-12-27 15:40:31,031 - DEBUG - Price: 0.48 | Bid Vol: 88,321 | Ask Vol: 106,831 | Imb: -9.49%
2024-12-27 15:40:32,026 - DEBUG - Price: 0.48 | Bid Vol: 98,295 | Ask Vol: 100,630 | Imb: -1.17%
2024-12-27 15:40:33,025 - DEBUG - Price: 0.48 | Bid Vol: 99,391 | Ask Vol: 106,066 | Imb: -3.25%
2024-12-27 15:40:35,043 - DEBUG - Price: 0.48 | Bid Vol: 98,011 | Ask Vol: 108,708 | Imb: -5.17%
2024-12-27 15:40:36,074 - DEBUG - Price: 0.48 | Bid Vol: 114,513 | Ask Vol: 99,422 | Imb: +7.05%
2024-12-27 15:40:40,063 - DEBUG - Price: 0.48 | Bid Vol: 100,053 | Ask Vol: 93,320 | Imb: +3.48%
2024-12-27 15:40:41,068 - DEBUG - Price: 0.48 | Bid Vol: 100,055 | Ask Vol: 90,512 | Imb: +5.01%
2024-12-27 15:40:42,091 - DEBUG - Price: 0.48 | Bid Vol: 102,137 | Ask Vol: 91,604 | Imb: +5.44%
2024-12-27 15:40:45,086 - DEBUG - Price: 0.48 | Bid Vol: 99,465 | Ask Vol: 100,763 | Imb: -0.65%
2024-12-27 15:40:46,088 - DEBUG - Price: 0.48 | Bid Vol: 99,348 | Ask Vol: 90,902 | Imb: +4.44%
2024-12-27 15:40:47,035 - DEBUG - Price: 0.48 | Bid Vol: 99,838 | Ask Vol: 89,042 | Imb: +5.72%
2024-12-27 15:40:49,038 - DEBUG - Price: 0.48 | Bid Vol: 83,078 | Ask Vol: 96,622 | Imb: -7.54%
2024-12-27 15:40:52,043 - DEBUG - Price: 0.48 | Bid Vol: 88,361 | Ask Vol: 109,650 | Imb: -10.75%
2024-12-27 15:40:56,024 - DEBUG - Price: 0.48 | Bid Vol: 91,180 | Ask Vol: 99,092 | Imb: -4.16%
2024-12-27 15:40:57,036 - DEBUG - Price: 0.48 | Bid Vol: 89,787 | Ask Vol: 99,505 | Imb: -5.13%
2024-12-27 15:41:00,506 - DEBUG - Минутная статистика: Avg Imb: -7.47% (min: -32.03%, max: 12.76%), Avg Bid Vol: 90979, Avg Ask Vol: 105852
2024-12-27 15:41:00,506 - DEBUG - Анализ 1m: длина истории = 3
2024-12-27 15:41:00,506 - DEBUG - Данные 1m: imbalances=[6.541327211705462, -6.3893439251278, -7.470927894302026]
2024-12-27 15:41:00,506 - DEBUG - Результат анализа 1m: {'trend_ascii': 'DOWN', 'current_imbalance': -7.470927894302026, 'volume_ratio': 0.8594885180870855}
2024-12-27 15:41:00,506 - INFO - === СТАТИСТИКА 1M ===
1m  | Trend: DOWN | Imb:   -7.5% | Vol Ratio:  0.9
==================

2024-12-27 15:41:02,055 - DEBUG - Price: 0.48 | Bid Vol: 94,057 | Ask Vol: 96,211 | Imb: -1.13%
2024-12-27 15:41:03,077 - DEBUG - Price: 0.48 | Bid Vol: 94,933 | Ask Vol: 98,769 | Imb: -1.98%
