2024-12-27 19:41:30,043 - INFO - Starting order monitoring system
2024-12-27 19:41:30,044 - DEBUG - Attempting to connect to: wss://fstream.binance.com/ws/strkusdt@depth@100ms
2024-12-27 19:41:31,162 - INFO - Connected to Binance Futures WebSocket for strkusdt
2024-12-27 19:41:34,087 - DEBUG - Price: 0.48 | Bid Vol: 61,741 | Ask Vol: 105,311 | Imb: -26.08%
2024-12-27 19:41:35,038 - DEBUG - Price: 0.48 | Bid Vol: 59,656 | Ask Vol: 112,482 | Imb: -30.69%
2024-12-27 19:41:36,037 - DEBUG - Price: 0.48 | Bid Vol: 61,809 | Ask Vol: 118,049 | Imb: -31.27%
2024-12-27 19:41:37,094 - DEBUG - Price: 0.48 | Bid Vol: 71,263 | Ask Vol: 110,391 | Imb: -21.54%
2024-12-27 19:41:38,070 - DEBUG - Price: 0.48 | Bid Vol: 70,298 | Ask Vol: 107,957 | Imb: -21.13%
2024-12-27 19:41:39,017 - DEBUG - Price: 0.48 | Bid Vol: 68,429 | Ask Vol: 106,085 | Imb: -21.58%
2024-12-27 19:41:40,012 - DEBUG - Price: 0.48 | Bid Vol: 68,049 | Ask Vol: 102,963 | Imb: -20.42%
2024-12-27 19:41:41,085 - DEBUG - Price: 0.48 | Bid Vol: 78,309 | Ask Vol: 77,681 | Imb: +0.40%
2024-12-27 19:41:42,001 - DEBUG - Price: 0.48 | Bid Vol: 72,297 | Ask Vol: 89,930 | Imb: -10.87%
2024-12-27 19:41:44,007 - DEBUG - Price: 0.48 | Bid Vol: 72,995 | Ask Vol: 85,999 | Imb: -8.18%
2024-12-27 19:41:45,015 - DEBUG - Price: 0.48 | Bid Vol: 69,370 | Ask Vol: 86,151 | Imb: -10.79%
2024-12-27 19:41:46,019 - DEBUG - Price: 0.48 | Bid Vol: 74,206 | Ask Vol: 79,002 | Imb: -3.13%
2024-12-27 19:41:47,036 - DEBUG - Price: 0.48 | Bid Vol: 79,262 | Ask Vol: 88,282 | Imb: -5.38%
2024-12-27 19:41:49,095 - DEBUG - Price: 0.48 | Bid Vol: 70,852 | Ask Vol: 78,099 | Imb: -4.87%
2024-12-27 19:41:50,008 - DEBUG - Price: 0.48 | Bid Vol: 70,973 | Ask Vol: 79,711 | Imb: -5.80%
2024-12-27 19:41:51,014 - DEBUG - Price: 0.48 | Bid Vol: 89,186 | Ask Vol: 65,542 | Imb: +15.28%
2024-12-27 19:41:52,096 - DEBUG - Price: 0.48 | Bid Vol: 72,329 | Ask Vol: 58,668 | Imb: +10.43%
2024-12-27 19:41:53,037 - DEBUG - Price: 0.48 | Bid Vol: 75,092 | Ask Vol: 62,985 | Imb: +8.77%
2024-12-27 19:41:54,001 - DEBUG - Price: 0.48 | Bid Vol: 73,345 | Ask Vol: 65,482 | Imb: +5.66%
2024-12-27 19:41:56,041 - DEBUG - Price: 0.48 | Bid Vol: 66,357 | Ask Vol: 73,951 | Imb: -5.41%
2024-12-27 19:41:58,006 - DEBUG - Price: 0.48 | Bid Vol: 76,802 | Ask Vol: 74,685 | Imb: +1.40%
2024-12-27 19:41:59,002 - DEBUG - Price: 0.48 | Bid Vol: 78,413 | Ask Vol: 74,101 | Imb: +2.83%
2024-12-27 19:42:01,024 - DEBUG - Price: 0.48 | Bid Vol: 78,584 | Ask Vol: 81,670 | Imb: -1.93%
2024-12-27 19:42:03,063 - DEBUG - Price: 0.48 | Bid Vol: 80,087 | Ask Vol: 100,002 | Imb: -11.06%
2024-12-27 19:42:04,093 - DEBUG - Price: 0.48 | Bid Vol: 89,774 | Ask Vol: 90,604 | Imb: -0.46%
2024-12-27 19:42:06,059 - DEBUG - Price: 0.48 | Bid Vol: 87,495 | Ask Vol: 92,370 | Imb: -2.71%
2024-12-27 19:42:07,047 - DEBUG - Price: 0.48 | Bid Vol: 98,360 | Ask Vol: 78,900 | Imb: +10.98%
2024-12-27 19:42:08,092 - DEBUG - Price: 0.48 | Bid Vol: 98,192 | Ask Vol: 78,841 | Imb: +10.93%
2024-12-27 19:42:09,033 - DEBUG - Price: 0.48 | Bid Vol: 101,692 | Ask Vol: 76,762 | Imb: +13.97%
2024-12-27 19:42:11,044 - DEBUG - Price: 0.48 | Bid Vol: 101,109 | Ask Vol: 82,301 | Imb: +10.25%
2024-12-27 19:42:12,062 - DEBUG - Price: 0.48 | Bid Vol: 101,067 | Ask Vol: 82,021 | Imb: +10.40%
2024-12-27 19:42:14,052 - DEBUG - Price: 0.48 | Bid Vol: 85,951 | Ask Vol: 89,820 | Imb: -2.20%
2024-12-27 19:42:15,040 - DEBUG - Price: 0.48 | Bid Vol: 78,536 | Ask Vol: 108,434 | Imb: -15.99%
2024-12-27 19:42:18,022 - DEBUG - Price: 0.48 | Bid Vol: 78,461 | Ask Vol: 109,955 | Imb: -16.71%
2024-12-27 19:42:19,063 - DEBUG - Price: 0.48 | Bid Vol: 87,790 | Ask Vol: 90,750 | Imb: -1.66%
2024-12-27 19:42:20,015 - DEBUG - Price: 0.48 | Bid Vol: 79,999 | Ask Vol: 108,757 | Imb: -15.24%
2024-12-27 19:42:23,007 - DEBUG - Price: 0.48 | Bid Vol: 84,687 | Ask Vol: 103,999 | Imb: -10.23%
2024-12-27 19:42:24,040 - DEBUG - Price: 0.48 | Bid Vol: 84,262 | Ask Vol: 103,543 | Imb: -10.27%
2024-12-27 19:42:25,096 - DEBUG - Price: 0.48 | Bid Vol: 84,901 | Ask Vol: 104,935 | Imb: -10.55%
2024-12-27 19:42:28,094 - DEBUG - Price: 0.48 | Bid Vol: 93,456 | Ask Vol: 93,810 | Imb: -0.19%
2024-12-27 19:42:29,006 - DEBUG - Price: 0.48 | Bid Vol: 92,429 | Ask Vol: 94,988 | Imb: -1.37%
2024-12-27 19:42:30,009 - DEBUG - Price: 0.48 | Bid Vol: 93,079 | Ask Vol: 93,353 | Imb: -0.15%
2024-12-27 19:42:31,002 - DEBUG - Price: 0.48 | Bid Vol: 92,646 | Ask Vol: 94,510 | Imb: -1.00%
2024-12-27 19:42:32,087 - DEBUG - Price: 0.48 | Bid Vol: 109,828 | Ask Vol: 87,592 | Imb: +11.26%
2024-12-27 19:42:35,014 - DEBUG - Price: 0.48 | Bid Vol: 103,064 | Ask Vol: 84,792 | Imb: +9.73%
2024-12-27 19:42:38,095 - DEBUG - Price: 0.48 | Bid Vol: 89,406 | Ask Vol: 78,883 | Imb: +6.25%
2024-12-27 19:42:39,020 - DEBUG - Price: 0.48 | Bid Vol: 83,917 | Ask Vol: 83,545 | Imb: +0.22%
2024-12-27 19:42:40,021 - DEBUG - Price: 0.48 | Bid Vol: 80,562 | Ask Vol: 78,742 | Imb: +1.14%
2024-12-27 19:42:41,074 - DEBUG - Price: 0.48 | Bid Vol: 104,717 | Ask Vol: 65,802 | Imb: +22.82%
2024-12-27 19:42:42,035 - DEBUG - Price: 0.48 | Bid Vol: 107,147 | Ask Vol: 72,289 | Imb: +19.43%
2024-12-27 19:42:43,016 - DEBUG - Price: 0.48 | Bid Vol: 108,013 | Ask Vol: 71,157 | Imb: +20.57%
2024-12-27 19:42:44,078 - DEBUG - Price: 0.48 | Bid Vol: 117,956 | Ask Vol: 68,979 | Imb: +26.20%
2024-12-27 19:42:45,049 - DEBUG - Price: 0.48 | Bid Vol: 79,278 | Ask Vol: 75,699 | Imb: +2.31%
2024-12-27 19:42:46,000 - DEBUG - Price: 0.48 | Bid Vol: 75,419 | Ask Vol: 84,642 | Imb: -5.76%
2024-12-27 19:42:47,074 - DEBUG - Price: 0.48 | Bid Vol: 79,211 | Ask Vol: 83,910 | Imb: -2.88%
2024-12-27 19:42:48,023 - DEBUG - Price: 0.48 | Bid Vol: 78,914 | Ask Vol: 86,973 | Imb: -4.86%
2024-12-27 19:42:49,008 - DEBUG - Price: 0.48 | Bid Vol: 79,362 | Ask Vol: 88,570 | Imb: -5.48%
2024-12-27 19:42:51,034 - DEBUG - Price: 0.48 | Bid Vol: 80,020 | Ask Vol: 88,060 | Imb: -4.78%
2024-12-27 19:42:52,067 - DEBUG - Price: 0.48 | Bid Vol: 79,471 | Ask Vol: 89,011 | Imb: -5.66%
2024-12-27 19:42:53,070 - DEBUG - Price: 0.48 | Bid Vol: 94,759 | Ask Vol: 82,926 | Imb: +6.66%
2024-12-27 19:42:55,017 - DEBUG - Price: 0.48 | Bid Vol: 85,922 | Ask Vol: 77,254 | Imb: +5.31%
2024-12-27 19:42:57,064 - DEBUG - Price: 0.48 | Bid Vol: 85,461 | Ask Vol: 76,786 | Imb: +5.35%
2024-12-27 19:43:01,004 - DEBUG - Price: 0.48 | Bid Vol: 83,218 | Ask Vol: 82,513 | Imb: +0.43%
2024-12-27 19:43:02,014 - DEBUG - Price: 0.48 | Bid Vol: 85,266 | Ask Vol: 92,344 | Imb: -3.99%
2024-12-27 19:43:05,009 - DEBUG - Price: 0.48 | Bid Vol: 86,438 | Ask Vol: 96,192 | Imb: -5.34%
2024-12-27 19:43:06,015 - DEBUG - Price: 0.48 | Bid Vol: 85,363 | Ask Vol: 100,511 | Imb: -8.15%
2024-12-27 19:43:07,007 - DEBUG - Price: 0.48 | Bid Vol: 91,818 | Ask Vol: 90,151 | Imb: +0.92%
2024-12-27 19:43:10,057 - DEBUG - Price: 0.48 | Bid Vol: 85,159 | Ask Vol: 98,680 | Imb: -7.36%
2024-12-27 19:43:11,066 - DEBUG - Price: 0.48 | Bid Vol: 95,100 | Ask Vol: 93,915 | Imb: +0.63%
2024-12-27 19:43:12,075 - DEBUG - Price: 0.48 | Bid Vol: 86,817 | Ask Vol: 99,473 | Imb: -6.79%
2024-12-27 19:43:13,075 - DEBUG - Price: 0.48 | Bid Vol: 79,154 | Ask Vol: 114,667 | Imb: -18.32%
2024-12-27 19:43:15,015 - DEBUG - Price: 0.48 | Bid Vol: 89,074 | Ask Vol: 111,199 | Imb: -11.05%
2024-12-27 19:43:16,062 - DEBUG - Price: 0.48 | Bid Vol: 86,758 | Ask Vol: 101,098 | Imb: -7.63%
2024-12-27 19:43:17,088 - DEBUG - Price: 0.48 | Bid Vol: 90,612 | Ask Vol: 99,547 | Imb: -4.70%
2024-12-27 19:43:18,054 - DEBUG - Price: 0.48 | Bid Vol: 83,485 | Ask Vol: 102,863 | Imb: -10.40%
2024-12-27 19:43:21,060 - DEBUG - Price: 0.48 | Bid Vol: 80,050 | Ask Vol: 97,837 | Imb: -10.00%
2024-12-27 19:43:23,022 - DEBUG - Price: 0.48 | Bid Vol: 80,218 | Ask Vol: 98,910 | Imb: -10.44%
2024-12-27 19:43:24,037 - DEBUG - Price: 0.48 | Bid Vol: 78,833 | Ask Vol: 101,407 | Imb: -12.52%
2024-12-27 19:43:25,052 - DEBUG - Price: 0.48 | Bid Vol: 81,428 | Ask Vol: 98,357 | Imb: -9.42%
2024-12-27 19:43:26,011 - DEBUG - Price: 0.48 | Bid Vol: 81,578 | Ask Vol: 99,791 | Imb: -10.04%
2024-12-27 19:43:27,087 - DEBUG - Price: 0.48 | Bid Vol: 81,791 | Ask Vol: 101,131 | Imb: -10.57%
2024-12-27 19:43:29,019 - DEBUG - Price: 0.48 | Bid Vol: 86,387 | Ask Vol: 89,450 | Imb: -1.74%
2024-12-27 19:43:33,034 - DEBUG - Price: 0.48 | Bid Vol: 81,134 | Ask Vol: 103,832 | Imb: -12.27%
2024-12-27 19:43:34,069 - DEBUG - Price: 0.48 | Bid Vol: 87,796 | Ask Vol: 88,257 | Imb: -0.26%
2024-12-27 19:43:35,032 - DEBUG - Price: 0.48 | Bid Vol: 83,469 | Ask Vol: 112,728 | Imb: -14.91%
2024-12-27 19:43:36,031 - DEBUG - Price: 0.48 | Bid Vol: 80,977 | Ask Vol: 112,680 | Imb: -16.37%
2024-12-27 19:43:37,085 - DEBUG - Price: 0.48 | Bid Vol: 84,461 | Ask Vol: 100,811 | Imb: -8.82%
2024-12-27 19:43:38,097 - DEBUG - Price: 0.48 | Bid Vol: 84,581 | Ask Vol: 99,887 | Imb: -8.30%
2024-12-27 19:43:39,065 - DEBUG - Price: 0.48 | Bid Vol: 81,263 | Ask Vol: 114,240 | Imb: -16.87%
2024-12-27 19:43:40,050 - DEBUG - Price: 0.48 | Bid Vol: 81,689 | Ask Vol: 113,614 | Imb: -16.35%
2024-12-27 19:43:42,060 - DEBUG - Price: 0.48 | Bid Vol: 85,703 | Ask Vol: 101,674 | Imb: -8.52%
2024-12-27 19:43:44,039 - DEBUG - Price: 0.48 | Bid Vol: 88,895 | Ask Vol: 105,168 | Imb: -8.39%
2024-12-27 19:43:45,045 - DEBUG - Price: 0.48 | Bid Vol: 87,752 | Ask Vol: 87,169 | Imb: +0.33%
2024-12-27 19:43:46,057 - DEBUG - Price: 0.48 | Bid Vol: 87,421 | Ask Vol: 89,716 | Imb: -1.30%
2024-12-27 19:43:48,038 - DEBUG - Price: 0.48 | Bid Vol: 88,738 | Ask Vol: 88,967 | Imb: -0.13%
2024-12-27 19:43:49,090 - DEBUG - Price: 0.48 | Bid Vol: 77,225 | Ask Vol: 91,738 | Imb: -8.59%
2024-12-27 19:43:50,038 - DEBUG - Price: 0.48 | Bid Vol: 75,228 | Ask Vol: 93,482 | Imb: -10.82%
2024-12-27 19:43:53,017 - DEBUG - Price: 0.48 | Bid Vol: 75,955 | Ask Vol: 114,156 | Imb: -20.09%
2024-12-27 19:43:54,093 - DEBUG - Price: 0.48 | Bid Vol: 90,665 | Ask Vol: 88,505 | Imb: +1.21%
2024-12-27 19:43:55,093 - DEBUG - Price: 0.48 | Bid Vol: 86,979 | Ask Vol: 100,818 | Imb: -7.37%
2024-12-27 19:43:57,048 - DEBUG - Price: 0.48 | Bid Vol: 86,403 | Ask Vol: 104,085 | Imb: -9.28%
2024-12-27 19:43:59,015 - DEBUG - Price: 0.48 | Bid Vol: 82,881 | Ask Vol: 114,511 | Imb: -16.02%
2024-12-27 19:44:00,032 - DEBUG - Price: 0.48 | Bid Vol: 89,216 | Ask Vol: 99,984 | Imb: -5.69%
2024-12-27 19:44:02,004 - DEBUG - Price: 0.48 | Bid Vol: 93,713 | Ask Vol: 103,435 | Imb: -4.93%
2024-12-27 19:44:03,076 - DEBUG - Price: 0.48 | Bid Vol: 93,930 | Ask Vol: 109,339 | Imb: -7.58%
2024-12-27 19:44:04,097 - DEBUG - Price: 0.48 | Bid Vol: 88,521 | Ask Vol: 106,907 | Imb: -9.41%
2024-12-27 19:44:05,074 - DEBUG - Price: 0.48 | Bid Vol: 86,090 | Ask Vol: 109,732 | Imb: -12.07%
2024-12-27 19:44:07,049 - DEBUG - Price: 0.48 | Bid Vol: 88,809 | Ask Vol: 111,449 | Imb: -11.31%
2024-12-27 19:44:08,093 - DEBUG - Price: 0.48 | Bid Vol: 90,944 | Ask Vol: 111,571 | Imb: -10.19%
2024-12-27 19:44:09,048 - DEBUG - Price: 0.48 | Bid Vol: 94,513 | Ask Vol: 104,099 | Imb: -4.83%
2024-12-27 19:44:10,076 - DEBUG - Price: 0.48 | Bid Vol: 92,179 | Ask Vol: 124,254 | Imb: -14.82%
2024-12-27 19:44:11,086 - DEBUG - Price: 0.48 | Bid Vol: 96,289 | Ask Vol: 102,476 | Imb: -3.11%
2024-12-27 19:44:12,097 - DEBUG - Price: 0.48 | Bid Vol: 88,199 | Ask Vol: 123,584 | Imb: -16.71%
2024-12-27 19:44:14,061 - DEBUG - Price: 0.48 | Bid Vol: 88,687 | Ask Vol: 104,149 | Imb: -8.02%
2024-12-27 19:44:15,078 - DEBUG - Price: 0.48 | Bid Vol: 92,472 | Ask Vol: 102,703 | Imb: -5.24%
2024-12-27 19:44:16,059 - DEBUG - Price: 0.48 | Bid Vol: 92,937 | Ask Vol: 102,566 | Imb: -4.93%
2024-12-27 19:44:18,099 - DEBUG - Price: 0.48 | Bid Vol: 89,658 | Ask Vol: 97,026 | Imb: -3.95%
2024-12-27 19:44:20,051 - DEBUG - Price: 0.48 | Bid Vol: 98,398 | Ask Vol: 87,495 | Imb: +5.86%
2024-12-27 19:44:21,073 - DEBUG - Price: 0.48 | Bid Vol: 75,823 | Ask Vol: 100,244 | Imb: -13.87%
2024-12-27 19:44:22,071 - DEBUG - Price: 0.48 | Bid Vol: 73,896 | Ask Vol: 104,832 | Imb: -17.31%
2024-12-27 19:44:23,053 - DEBUG - Price: 0.48 | Bid Vol: 80,441 | Ask Vol: 97,901 | Imb: -9.79%
2024-12-27 19:44:27,014 - DEBUG - Price: 0.48 | Bid Vol: 84,360 | Ask Vol: 124,897 | Imb: -19.37%
2024-12-27 19:44:28,050 - DEBUG - Price: 0.48 | Bid Vol: 84,604 | Ask Vol: 124,708 | Imb: -19.16%
2024-12-27 19:44:30,080 - DEBUG - Price: 0.48 | Bid Vol: 94,728 | Ask Vol: 112,336 | Imb: -8.50%
2024-12-27 19:44:31,067 - DEBUG - Price: 0.48 | Bid Vol: 87,579 | Ask Vol: 112,378 | Imb: -12.40%
2024-12-27 19:44:32,077 - DEBUG - Price: 0.48 | Bid Vol: 88,120 | Ask Vol: 106,376 | Imb: -9.39%
2024-12-27 19:44:33,039 - DEBUG - Price: 0.48 | Bid Vol: 88,274 | Ask Vol: 100,774 | Imb: -6.61%
2024-12-27 19:44:34,081 - DEBUG - Price: 0.48 | Bid Vol: 88,824 | Ask Vol: 99,244 | Imb: -5.54%
2024-12-27 19:44:35,053 - DEBUG - Price: 0.48 | Bid Vol: 89,336 | Ask Vol: 100,675 | Imb: -5.97%
2024-12-27 19:44:36,087 - DEBUG - Price: 0.48 | Bid Vol: 89,474 | Ask Vol: 99,819 | Imb: -5.46%
2024-12-27 19:44:41,044 - DEBUG - Price: 0.48 | Bid Vol: 95,914 | Ask Vol: 94,528 | Imb: +0.73%
2024-12-27 19:44:43,064 - DEBUG - Price: 0.48 | Bid Vol: 97,111 | Ask Vol: 94,746 | Imb: +1.23%
2024-12-27 19:44:44,008 - DEBUG - Price: 0.48 | Bid Vol: 84,959 | Ask Vol: 106,607 | Imb: -11.30%
2024-12-27 19:44:45,015 - DEBUG - Price: 0.48 | Bid Vol: 98,015 | Ask Vol: 95,925 | Imb: +1.08%
2024-12-27 19:44:46,004 - DEBUG - Price: 0.48 | Bid Vol: 84,582 | Ask Vol: 106,415 | Imb: -11.43%
2024-12-27 19:44:47,011 - DEBUG - Price: 0.48 | Bid Vol: 85,574 | Ask Vol: 109,023 | Imb: -12.05%
2024-12-27 19:44:49,093 - DEBUG - Price: 0.48 | Bid Vol: 94,605 | Ask Vol: 95,033 | Imb: -0.23%
2024-12-27 19:44:50,086 - DEBUG - Price: 0.48 | Bid Vol: 94,269 | Ask Vol: 98,439 | Imb: -2.16%
2024-12-27 19:44:51,062 - DEBUG - Price: 0.48 | Bid Vol: 94,680 | Ask Vol: 95,599 | Imb: -0.48%
2024-12-27 19:44:52,064 - DEBUG - Price: 0.48 | Bid Vol: 94,328 | Ask Vol: 97,328 | Imb: -1.56%
2024-12-27 19:44:53,060 - DEBUG - Price: 0.48 | Bid Vol: 94,304 | Ask Vol: 97,450 | Imb: -1.64%
2024-12-27 19:44:54,064 - DEBUG - Price: 0.48 | Bid Vol: 92,162 | Ask Vol: 97,085 | Imb: -2.60%
2024-12-27 19:44:55,010 - DEBUG - Price: 0.48 | Bid Vol: 84,102 | Ask Vol: 104,432 | Imb: -10.78%
2024-12-27 19:44:56,046 - DEBUG - Price: 0.48 | Bid Vol: 85,708 | Ask Vol: 104,832 | Imb: -10.04%
2024-12-27 19:44:57,002 - DEBUG - Price: 0.48 | Bid Vol: 83,240 | Ask Vol: 119,709 | Imb: -17.97%
2024-12-27 19:44:58,092 - DEBUG - Price: 0.48 | Bid Vol: 81,631 | Ask Vol: 104,961 | Imb: -12.50%
2024-12-27 19:44:59,007 - DEBUG - Price: 0.48 | Bid Vol: 82,667 | Ask Vol: 104,938 | Imb: -11.87%
2024-12-27 19:45:00,028 - DEBUG - Обновлена 5m статистика: Imb=0.00%, Bid Vol=0, Ask Vol=0
2024-12-27 19:45:00,028 - DEBUG - Анализ 5m: длина истории = 1
2024-12-27 19:45:00,028 - DEBUG - Недостаточно данных для 5m
2024-12-27 19:45:00,028 - DEBUG - Обновлена 15m статистика: Imb=0.00%, Bid Vol=0, Ask Vol=0
2024-12-27 19:45:00,028 - DEBUG - Анализ 15m: длина истории = 1
2024-12-27 19:45:00,028 - DEBUG - Недостаточно данных для 15m
2024-12-27 19:45:00,028 - DEBUG - Price: 0.48 | Bid Vol: 92,379 | Ask Vol: 100,483 | Imb: -4.20%
2024-12-27 19:45:01,049 - DEBUG - Price: 0.48 | Bid Vol: 93,801 | Ask Vol: 99,450 | Imb: -2.92%
2024-12-27 19:45:04,079 - DEBUG - Price: 0.48 | Bid Vol: 83,486 | Ask Vol: 95,553 | Imb: -6.74%
2024-12-27 19:45:05,054 - DEBUG - Price: 0.48 | Bid Vol: 100,020 | Ask Vol: 96,381 | Imb: +1.85%
2024-12-27 19:45:06,079 - DEBUG - Price: 0.48 | Bid Vol: 89,016 | Ask Vol: 96,682 | Imb: -4.13%
2024-12-27 19:45:08,081 - DEBUG - Price: 0.48 | Bid Vol: 94,022 | Ask Vol: 87,697 | Imb: +3.48%
2024-12-27 19:45:10,008 - DEBUG - Price: 0.48 | Bid Vol: 99,022 | Ask Vol: 84,918 | Imb: +7.67%
2024-12-27 19:45:11,060 - DEBUG - Price: 0.48 | Bid Vol: 85,730 | Ask Vol: 87,660 | Imb: -1.11%
2024-12-27 19:45:13,004 - DEBUG - Price: 0.48 | Bid Vol: 116,483 | Ask Vol: 69,880 | Imb: +25.01%
2024-12-27 19:45:14,050 - DEBUG - Price: 0.48 | Bid Vol: 114,175 | Ask Vol: 73,486 | Imb: +21.68%
2024-12-27 19:45:15,007 - DEBUG - Price: 0.48 | Bid Vol: 114,460 | Ask Vol: 72,490 | Imb: +22.45%
2024-12-27 19:45:16,000 - DEBUG - Price: 0.48 | Bid Vol: 117,302 | Ask Vol: 75,588 | Imb: +21.63%
2024-12-27 19:45:17,079 - DEBUG - Price: 0.48 | Bid Vol: 118,794 | Ask Vol: 66,196 | Imb: +28.43%
2024-12-27 19:45:18,009 - DEBUG - Price: 0.48 | Bid Vol: 113,609 | Ask Vol: 79,847 | Imb: +17.45%
2024-12-27 19:45:19,051 - DEBUG - Price: 0.48 | Bid Vol: 90,223 | Ask Vol: 64,736 | Imb: +16.45%
2024-12-27 19:45:20,044 - DEBUG - Price: 0.48 | Bid Vol: 80,691 | Ask Vol: 76,654 | Imb: +2.57%
2024-12-27 19:45:21,063 - DEBUG - Price: 0.48 | Bid Vol: 90,521 | Ask Vol: 76,814 | Imb: +8.19%
2024-12-27 19:45:22,056 - DEBUG - Price: 0.48 | Bid Vol: 93,143 | Ask Vol: 70,784 | Imb: +13.64%
2024-12-27 19:45:23,089 - DEBUG - Price: 0.48 | Bid Vol: 96,951 | Ask Vol: 72,008 | Imb: +14.76%
2024-12-27 19:45:24,044 - DEBUG - Price: 0.48 | Bid Vol: 87,872 | Ask Vol: 73,173 | Imb: +9.13%
2024-12-27 19:45:25,053 - DEBUG - Price: 0.48 | Bid Vol: 92,203 | Ask Vol: 75,766 | Imb: +9.79%
2024-12-27 19:45:26,092 - DEBUG - Price: 0.48 | Bid Vol: 79,705 | Ask Vol: 75,821 | Imb: +2.50%
2024-12-27 19:45:27,076 - DEBUG - Price: 0.48 | Bid Vol: 79,843 | Ask Vol: 76,802 | Imb: +1.94%
2024-12-27 19:45:30,096 - DEBUG - Price: 0.48 | Bid Vol: 71,201 | Ask Vol: 69,263 | Imb: +1.38%
2024-12-27 19:45:31,082 - DEBUG - Price: 0.48 | Bid Vol: 78,044 | Ask Vol: 74,806 | Imb: +2.12%
2024-12-27 19:45:32,090 - DEBUG - Price: 0.48 | Bid Vol: 78,592 | Ask Vol: 75,032 | Imb: +2.32%
2024-12-27 19:45:33,018 - DEBUG - Price: 0.48 | Bid Vol: 92,634 | Ask Vol: 63,780 | Imb: +18.45%
2024-12-27 19:45:34,090 - DEBUG - Price: 0.48 | Bid Vol: 97,927 | Ask Vol: 68,732 | Imb: +17.52%
2024-12-27 19:45:37,023 - DEBUG - Price: 0.48 | Bid Vol: 96,687 | Ask Vol: 73,375 | Imb: +13.71%
2024-12-27 19:45:40,028 - DEBUG - Price: 0.48 | Bid Vol: 94,118 | Ask Vol: 80,334 | Imb: +7.90%
2024-12-27 19:45:41,030 - DEBUG - Price: 0.48 | Bid Vol: 94,171 | Ask Vol: 89,455 | Imb: +2.57%
2024-12-27 19:45:42,045 - DEBUG - Price: 0.48 | Bid Vol: 74,476 | Ask Vol: 88,537 | Imb: -8.63%
2024-12-27 19:45:43,032 - DEBUG - Price: 0.48 | Bid Vol: 66,750 | Ask Vol: 89,964 | Imb: -14.81%
2024-12-27 19:45:44,058 - DEBUG - Price: 0.48 | Bid Vol: 70,667 | Ask Vol: 92,502 | Imb: -13.38%
2024-12-27 19:45:46,061 - DEBUG - Price: 0.48 | Bid Vol: 74,010 | Ask Vol: 91,580 | Imb: -10.61%
2024-12-27 19:45:47,052 - DEBUG - Price: 0.48 | Bid Vol: 96,821 | Ask Vol: 72,675 | Imb: +14.25%
2024-12-27 19:45:48,059 - DEBUG - Price: 0.48 | Bid Vol: 94,989 | Ask Vol: 71,389 | Imb: +14.18%
2024-12-27 19:45:49,013 - DEBUG - Price: 0.48 | Bid Vol: 93,962 | Ask Vol: 78,628 | Imb: +8.88%
2024-12-27 19:45:50,030 - DEBUG - Price: 0.48 | Bid Vol: 91,393 | Ask Vol: 74,786 | Imb: +9.99%
2024-12-27 19:45:51,063 - DEBUG - Price: 0.48 | Bid Vol: 93,916 | Ask Vol: 75,778 | Imb: +10.69%
2024-12-27 19:45:52,009 - DEBUG - Price: 0.48 | Bid Vol: 94,785 | Ask Vol: 75,275 | Imb: +11.47%
2024-12-27 19:45:53,053 - DEBUG - Price: 0.48 | Bid Vol: 97,641 | Ask Vol: 76,050 | Imb: +12.43%
2024-12-27 19:45:55,047 - DEBUG - Price: 0.48 | Bid Vol: 96,657 | Ask Vol: 76,441 | Imb: +11.68%
2024-12-27 19:45:56,069 - DEBUG - Price: 0.48 | Bid Vol: 94,068 | Ask Vol: 77,634 | Imb: +9.57%
2024-12-27 19:45:57,019 - DEBUG - Price: 0.48 | Bid Vol: 75,391 | Ask Vol: 93,636 | Imb: -10.79%
2024-12-27 19:45:58,073 - DEBUG - Price: 0.48 | Bid Vol: 70,774 | Ask Vol: 79,707 | Imb: -5.94%
2024-12-27 19:45:59,005 - DEBUG - Price: 0.48 | Bid Vol: 62,210 | Ask Vol: 101,522 | Imb: -24.01%
2024-12-27 19:46:00,050 - DEBUG - Price: 0.48 | Bid Vol: 74,267 | Ask Vol: 100,133 | Imb: -14.83%
2024-12-27 19:46:01,081 - DEBUG - Price: 0.48 | Bid Vol: 74,424 | Ask Vol: 89,614 | Imb: -9.26%
2024-12-27 19:46:03,088 - DEBUG - Price: 0.48 | Bid Vol: 90,139 | Ask Vol: 101,408 | Imb: -5.88%
2024-12-27 19:46:04,095 - DEBUG - Price: 0.48 | Bid Vol: 72,448 | Ask Vol: 106,807 | Imb: -19.17%
2024-12-27 19:46:06,096 - DEBUG - Price: 0.48 | Bid Vol: 80,516 | Ask Vol: 103,694 | Imb: -12.58%
2024-12-27 19:46:07,066 - DEBUG - Price: 0.48 | Bid Vol: 83,622 | Ask Vol: 112,299 | Imb: -14.64%
2024-12-27 19:46:08,018 - DEBUG - Price: 0.48 | Bid Vol: 78,403 | Ask Vol: 104,310 | Imb: -14.18%
2024-12-27 19:46:09,077 - DEBUG - Price: 0.48 | Bid Vol: 66,814 | Ask Vol: 84,276 | Imb: -11.56%
2024-12-27 19:46:10,007 - DEBUG - Price: 0.48 | Bid Vol: 95,191 | Ask Vol: 84,043 | Imb: +6.22%
2024-12-27 19:46:11,096 - DEBUG - Price: 0.48 | Bid Vol: 78,994 | Ask Vol: 104,536 | Imb: -13.92%
2024-12-27 19:46:13,003 - DEBUG - Price: 0.48 | Bid Vol: 83,755 | Ask Vol: 96,695 | Imb: -7.17%
2024-12-27 19:46:14,051 - DEBUG - Price: 0.48 | Bid Vol: 75,867 | Ask Vol: 92,145 | Imb: -9.69%
2024-12-27 19:46:15,024 - DEBUG - Price: 0.48 | Bid Vol: 97,441 | Ask Vol: 86,961 | Imb: +5.68%
2024-12-27 19:46:16,087 - DEBUG - Price: 0.48 | Bid Vol: 85,570 | Ask Vol: 88,304 | Imb: -1.57%
2024-12-27 19:46:17,047 - DEBUG - Price: 0.48 | Bid Vol: 82,151 | Ask Vol: 93,671 | Imb: -6.55%
2024-12-27 19:46:18,077 - DEBUG - Price: 0.48 | Bid Vol: 76,355 | Ask Vol: 88,136 | Imb: -7.16%
2024-12-27 19:46:19,072 - DEBUG - Price: 0.48 | Bid Vol: 93,727 | Ask Vol: 81,171 | Imb: +7.18%
2024-12-27 19:46:20,022 - DEBUG - Price: 0.48 | Bid Vol: 92,547 | Ask Vol: 96,305 | Imb: -1.99%
2024-12-27 19:46:21,005 - DEBUG - Price: 0.48 | Bid Vol: 93,686 | Ask Vol: 81,530 | Imb: +6.94%
2024-12-27 19:46:23,038 - DEBUG - Price: 0.48 | Bid Vol: 93,669 | Ask Vol: 79,055 | Imb: +8.46%
2024-12-27 19:46:24,042 - DEBUG - Price: 0.48 | Bid Vol: 95,919 | Ask Vol: 76,975 | Imb: +10.96%
2024-12-27 19:46:25,062 - DEBUG - Price: 0.48 | Bid Vol: 96,312 | Ask Vol: 76,333 | Imb: +11.57%
2024-12-27 19:46:26,086 - DEBUG - Price: 0.48 | Bid Vol: 95,109 | Ask Vol: 78,154 | Imb: +9.79%
2024-12-27 19:46:27,021 - DEBUG - Price: 0.48 | Bid Vol: 79,718 | Ask Vol: 96,248 | Imb: -9.39%
2024-12-27 19:46:28,070 - DEBUG - Price: 0.48 | Bid Vol: 89,044 | Ask Vol: 91,233 | Imb: -1.21%
2024-12-27 19:46:29,074 - DEBUG - Price: 0.48 | Bid Vol: 91,632 | Ask Vol: 108,053 | Imb: -8.22%
2024-12-27 19:46:30,048 - DEBUG - Price: 0.48 | Bid Vol: 79,301 | Ask Vol: 101,667 | Imb: -12.36%
2024-12-27 19:46:31,077 - DEBUG - Price: 0.48 | Bid Vol: 95,465 | Ask Vol: 105,863 | Imb: -5.16%
2024-12-27 19:46:32,096 - DEBUG - Price: 0.48 | Bid Vol: 94,212 | Ask Vol: 96,675 | Imb: -1.29%
2024-12-27 19:46:33,020 - DEBUG - Price: 0.48 | Bid Vol: 99,166 | Ask Vol: 93,516 | Imb: +2.93%
2024-12-27 19:46:35,051 - DEBUG - Price: 0.48 | Bid Vol: 79,427 | Ask Vol: 92,599 | Imb: -7.66%
2024-12-27 19:46:36,011 - DEBUG - Price: 0.48 | Bid Vol: 80,864 | Ask Vol: 95,320 | Imb: -8.21%
2024-12-27 19:46:39,046 - DEBUG - Price: 0.48 | Bid Vol: 86,794 | Ask Vol: 89,759 | Imb: -1.68%
2024-12-27 19:46:40,039 - DEBUG - Price: 0.48 | Bid Vol: 86,459 | Ask Vol: 89,875 | Imb: -1.94%
2024-12-27 19:46:41,046 - DEBUG - Price: 0.48 | Bid Vol: 86,574 | Ask Vol: 94,286 | Imb: -4.26%
2024-12-27 19:46:42,042 - DEBUG - Price: 0.48 | Bid Vol: 90,472 | Ask Vol: 96,938 | Imb: -3.45%
2024-12-27 19:46:43,034 - DEBUG - Price: 0.48 | Bid Vol: 87,963 | Ask Vol: 94,873 | Imb: -3.78%
2024-12-27 19:46:44,079 - DEBUG - Price: 0.48 | Bid Vol: 83,995 | Ask Vol: 85,682 | Imb: -0.99%
2024-12-27 19:46:45,093 - DEBUG - Price: 0.48 | Bid Vol: 82,653 | Ask Vol: 90,318 | Imb: -4.43%
2024-12-27 19:46:46,077 - DEBUG - Price: 0.48 | Bid Vol: 83,176 | Ask Vol: 92,994 | Imb: -5.57%
2024-12-27 19:46:48,092 - DEBUG - Price: 0.48 | Bid Vol: 77,596 | Ask Vol: 93,311 | Imb: -9.19%
2024-12-27 19:46:49,029 - DEBUG - Price: 0.48 | Bid Vol: 86,952 | Ask Vol: 85,388 | Imb: +0.91%
2024-12-27 19:46:50,023 - DEBUG - Price: 0.48 | Bid Vol: 84,501 | Ask Vol: 86,751 | Imb: -1.31%
2024-12-27 19:46:51,080 - DEBUG - Price: 0.48 | Bid Vol: 100,505 | Ask Vol: 72,341 | Imb: +16.29%
2024-12-27 19:46:52,075 - DEBUG - Price: 0.48 | Bid Vol: 81,635 | Ask Vol: 76,797 | Imb: +3.05%
2024-12-27 19:46:54,014 - DEBUG - Price: 0.48 | Bid Vol: 80,462 | Ask Vol: 85,888 | Imb: -3.26%
2024-12-27 19:46:55,062 - DEBUG - Price: 0.48 | Bid Vol: 80,872 | Ask Vol: 87,324 | Imb: -3.84%
2024-12-27 19:46:56,051 - DEBUG - Price: 0.48 | Bid Vol: 81,614 | Ask Vol: 89,284 | Imb: -4.49%
2024-12-27 19:46:57,002 - DEBUG - Price: 0.48 | Bid Vol: 80,220 | Ask Vol: 89,256 | Imb: -5.33%
2024-12-27 19:46:58,094 - DEBUG - Price: 0.48 | Bid Vol: 81,009 | Ask Vol: 87,217 | Imb: -3.69%
2024-12-27 19:46:59,017 - DEBUG - Price: 0.48 | Bid Vol: 66,448 | Ask Vol: 106,936 | Imb: -23.35%
2024-12-27 19:47:00,056 - DEBUG - Price: 0.48 | Bid Vol: 74,506 | Ask Vol: 101,319 | Imb: -15.25%
2024-12-27 19:47:02,039 - DEBUG - Price: 0.48 | Bid Vol: 80,107 | Ask Vol: 95,370 | Imb: -8.70%
2024-12-27 19:47:03,035 - DEBUG - Price: 0.48 | Bid Vol: 82,366 | Ask Vol: 98,641 | Imb: -8.99%
2024-12-27 19:47:04,006 - DEBUG - Price: 0.48 | Bid Vol: 112,003 | Ask Vol: 75,065 | Imb: +19.75%
2024-12-27 19:47:05,030 - DEBUG - Price: 0.48 | Bid Vol: 76,483 | Ask Vol: 89,692 | Imb: -7.95%
2024-12-27 19:47:06,037 - DEBUG - Price: 0.48 | Bid Vol: 76,543 | Ask Vol: 104,344 | Imb: -15.37%
2024-12-27 19:47:07,047 - DEBUG - Price: 0.48 | Bid Vol: 76,645 | Ask Vol: 103,573 | Imb: -14.94%
2024-12-27 19:47:08,092 - DEBUG - Price: 0.48 | Bid Vol: 86,889 | Ask Vol: 98,242 | Imb: -6.13%
2024-12-27 19:47:09,048 - DEBUG - Price: 0.48 | Bid Vol: 83,124 | Ask Vol: 98,019 | Imb: -8.22%
2024-12-27 19:47:10,018 - DEBUG - Price: 0.48 | Bid Vol: 116,814 | Ask Vol: 83,304 | Imb: +16.75%
2024-12-27 19:47:11,003 - DEBUG - Price: 0.48 | Bid Vol: 78,134 | Ask Vol: 106,598 | Imb: -15.41%
2024-12-27 19:47:13,071 - DEBUG - Price: 0.48 | Bid Vol: 92,708 | Ask Vol: 101,966 | Imb: -4.76%
2024-12-27 19:47:14,063 - DEBUG - Price: 0.48 | Bid Vol: 79,629 | Ask Vol: 96,231 | Imb: -9.44%
2024-12-27 19:47:15,019 - DEBUG - Price: 0.48 | Bid Vol: 79,759 | Ask Vol: 100,544 | Imb: -11.53%
2024-12-27 19:47:16,032 - DEBUG - Price: 0.48 | Bid Vol: 81,109 | Ask Vol: 103,766 | Imb: -12.26%
2024-12-27 19:47:18,039 - DEBUG - Price: 0.48 | Bid Vol: 90,378 | Ask Vol: 83,503 | Imb: +3.95%
2024-12-27 19:47:19,077 - DEBUG - Price: 0.48 | Bid Vol: 79,188 | Ask Vol: 95,563 | Imb: -9.37%
2024-12-27 19:47:20,098 - DEBUG - Price: 0.48 | Bid Vol: 93,075 | Ask Vol: 96,489 | Imb: -1.80%
2024-12-27 19:47:21,089 - DEBUG - Price: 0.48 | Bid Vol: 97,891 | Ask Vol: 94,227 | Imb: +1.91%
2024-12-27 19:47:22,016 - DEBUG - Price: 0.48 | Bid Vol: 85,130 | Ask Vol: 98,382 | Imb: -7.22%
2024-12-27 19:47:24,049 - DEBUG - Price: 0.48 | Bid Vol: 91,429 | Ask Vol: 94,216 | Imb: -1.50%
2024-12-27 19:47:25,070 - DEBUG - Price: 0.48 | Bid Vol: 80,535 | Ask Vol: 120,015 | Imb: -19.69%
2024-12-27 19:47:26,045 - DEBUG - Price: 0.48 | Bid Vol: 107,081 | Ask Vol: 108,920 | Imb: -0.85%
2024-12-27 19:47:27,056 - DEBUG - Price: 0.48 | Bid Vol: 111,293 | Ask Vol: 79,115 | Imb: +16.90%
2024-12-27 19:47:28,000 - DEBUG - Price: 0.48 | Bid Vol: 92,190 | Ask Vol: 118,232 | Imb: -12.38%
2024-12-27 19:47:29,053 - DEBUG - Price: 0.48 | Bid Vol: 89,530 | Ask Vol: 112,397 | Imb: -11.32%
2024-12-27 19:47:30,093 - DEBUG - Price: 0.48 | Bid Vol: 87,671 | Ask Vol: 103,568 | Imb: -8.31%
2024-12-27 19:47:31,076 - DEBUG - Price: 0.48 | Bid Vol: 83,400 | Ask Vol: 98,885 | Imb: -8.49%
2024-12-27 19:47:32,005 - DEBUG - Price: 0.48 | Bid Vol: 88,368 | Ask Vol: 104,060 | Imb: -8.15%
2024-12-27 19:47:33,084 - DEBUG - Price: 0.48 | Bid Vol: 88,358 | Ask Vol: 96,301 | Imb: -4.30%
2024-12-27 19:47:34,096 - DEBUG - Price: 0.48 | Bid Vol: 95,178 | Ask Vol: 99,088 | Imb: -2.01%
2024-12-27 19:47:35,036 - DEBUG - Price: 0.48 | Bid Vol: 93,537 | Ask Vol: 106,069 | Imb: -6.28%
2024-12-27 19:47:37,022 - DEBUG - Price: 0.48 | Bid Vol: 96,119 | Ask Vol: 89,395 | Imb: +3.62%
2024-12-27 19:47:38,060 - DEBUG - Price: 0.48 | Bid Vol: 96,300 | Ask Vol: 90,491 | Imb: +3.11%
2024-12-27 19:47:38,060 - DEBUG - Price: 0.48 | Bid Vol: 106,840 | Ask Vol: 81,505 | Imb: +13.45%
2024-12-27 19:47:38,061 - DEBUG - Price: 0.48 | Bid Vol: 107,113 | Ask Vol: 83,094 | Imb: +12.63%
2024-12-27 19:47:38,061 - DEBUG - Price: 0.48 | Bid Vol: 107,113 | Ask Vol: 83,278 | Imb: +12.52%
2024-12-27 19:47:40,048 - DEBUG - Price: 0.48 | Bid Vol: 94,549 | Ask Vol: 94,160 | Imb: +0.21%
2024-12-27 19:47:41,018 - DEBUG - Price: 0.48 | Bid Vol: 78,365 | Ask Vol: 98,146 | Imb: -11.21%
2024-12-27 19:47:42,075 - DEBUG - Price: 0.48 | Bid Vol: 76,490 | Ask Vol: 98,580 | Imb: -12.62%
2024-12-27 19:47:45,072 - DEBUG - Price: 0.48 | Bid Vol: 75,569 | Ask Vol: 100,531 | Imb: -14.18%
2024-12-27 19:47:46,091 - DEBUG - Price: 0.48 | Bid Vol: 86,545 | Ask Vol: 99,038 | Imb: -6.73%
2024-12-27 19:47:47,064 - DEBUG - Price: 0.48 | Bid Vol: 86,786 | Ask Vol: 105,235 | Imb: -9.61%
2024-12-27 19:47:48,099 - DEBUG - Price: 0.48 | Bid Vol: 82,700 | Ask Vol: 90,456 | Imb: -4.48%
2024-12-27 19:47:51,015 - DEBUG - Price: 0.48 | Bid Vol: 85,106 | Ask Vol: 85,769 | Imb: -0.39%
2024-12-27 19:47:52,079 - DEBUG - Price: 0.48 | Bid Vol: 83,260 | Ask Vol: 89,866 | Imb: -3.82%
2024-12-27 19:47:53,072 - DEBUG - Price: 0.48 | Bid Vol: 99,308 | Ask Vol: 80,618 | Imb: +10.39%
2024-12-27 19:47:54,053 - DEBUG - Price: 0.48 | Bid Vol: 99,620 | Ask Vol: 82,004 | Imb: +9.70%
2024-12-27 19:47:56,053 - DEBUG - Price: 0.48 | Bid Vol: 87,689 | Ask Vol: 87,199 | Imb: +0.28%
2024-12-27 19:47:57,045 - DEBUG - Price: 0.48 | Bid Vol: 90,932 | Ask Vol: 91,982 | Imb: -0.57%
2024-12-27 19:47:58,075 - DEBUG - Price: 0.48 | Bid Vol: 88,905 | Ask Vol: 92,269 | Imb: -1.86%
2024-12-27 19:47:59,086 - DEBUG - Price: 0.48 | Bid Vol: 98,667 | Ask Vol: 84,468 | Imb: +7.75%
2024-12-27 19:48:00,008 - DEBUG - Price: 0.48 | Bid Vol: 93,167 | Ask Vol: 82,522 | Imb: +6.06%
2024-12-27 19:48:01,085 - DEBUG - Price: 0.48 | Bid Vol: 76,304 | Ask Vol: 87,728 | Imb: -6.96%
2024-12-27 19:48:02,026 - DEBUG - Price: 0.48 | Bid Vol: 65,115 | Ask Vol: 106,997 | Imb: -24.33%
2024-12-27 19:48:03,030 - DEBUG - Price: 0.48 | Bid Vol: 82,723 | Ask Vol: 90,838 | Imb: -4.68%
2024-12-27 19:48:08,037 - DEBUG - Price: 0.48 | Bid Vol: 115,787 | Ask Vol: 95,153 | Imb: +9.78%
2024-12-27 19:48:09,063 - DEBUG - Price: 0.48 | Bid Vol: 94,213 | Ask Vol: 96,434 | Imb: -1.16%
2024-12-27 19:48:10,026 - DEBUG - Price: 0.48 | Bid Vol: 92,098 | Ask Vol: 97,511 | Imb: -2.85%
2024-12-27 19:48:11,068 - DEBUG - Price: 0.48 | Bid Vol: 94,761 | Ask Vol: 97,572 | Imb: -1.46%
2024-12-27 19:48:12,080 - DEBUG - Price: 0.48 | Bid Vol: 101,031 | Ask Vol: 113,148 | Imb: -5.66%
2024-12-27 19:48:15,055 - DEBUG - Price: 0.48 | Bid Vol: 102,796 | Ask Vol: 94,138 | Imb: +4.40%
2024-12-27 19:48:16,011 - DEBUG - Price: 0.48 | Bid Vol: 102,691 | Ask Vol: 93,139 | Imb: +4.88%
2024-12-27 19:48:17,081 - DEBUG - Price: 0.48 | Bid Vol: 93,528 | Ask Vol: 108,636 | Imb: -7.47%
2024-12-27 19:48:18,037 - DEBUG - Price: 0.48 | Bid Vol: 105,039 | Ask Vol: 91,044 | Imb: +7.14%
2024-12-27 19:48:19,046 - DEBUG - Price: 0.48 | Bid Vol: 105,052 | Ask Vol: 91,568 | Imb: +6.86%
2024-12-27 19:48:21,050 - DEBUG - Price: 0.48 | Bid Vol: 80,986 | Ask Vol: 103,112 | Imb: -12.02%
2024-12-27 19:48:22,034 - DEBUG - Price: 0.48 | Bid Vol: 82,432 | Ask Vol: 103,528 | Imb: -11.34%
2024-12-27 19:48:23,048 - DEBUG - Price: 0.48 | Bid Vol: 85,351 | Ask Vol: 103,648 | Imb: -9.68%
2024-12-27 19:48:24,022 - DEBUG - Price: 0.48 | Bid Vol: 93,643 | Ask Vol: 106,879 | Imb: -6.60%
2024-12-27 19:48:26,072 - DEBUG - Price: 0.48 | Bid Vol: 95,921 | Ask Vol: 106,887 | Imb: -5.41%
2024-12-27 19:48:27,017 - DEBUG - Price: 0.48 | Bid Vol: 107,348 | Ask Vol: 105,694 | Imb: +0.78%
2024-12-27 19:48:28,030 - DEBUG - Price: 0.48 | Bid Vol: 104,254 | Ask Vol: 107,376 | Imb: -1.48%
2024-12-27 19:48:29,070 - DEBUG - Price: 0.48 | Bid Vol: 93,517 | Ask Vol: 105,927 | Imb: -6.22%
2024-12-27 19:48:30,045 - DEBUG - Price: 0.48 | Bid Vol: 94,466 | Ask Vol: 105,492 | Imb: -5.51%
2024-12-27 19:48:31,071 - DEBUG - Price: 0.48 | Bid Vol: 82,500 | Ask Vol: 100,222 | Imb: -9.70%
2024-12-27 19:48:32,070 - DEBUG - Price: 0.48 | Bid Vol: 80,416 | Ask Vol: 122,743 | Imb: -20.83%
2024-12-27 19:48:33,036 - DEBUG - Price: 0.48 | Bid Vol: 81,592 | Ask Vol: 127,006 | Imb: -21.77%
2024-12-27 19:48:34,059 - DEBUG - Price: 0.48 | Bid Vol: 92,675 | Ask Vol: 128,277 | Imb: -16.11%
2024-12-27 19:48:35,074 - DEBUG - Price: 0.48 | Bid Vol: 94,824 | Ask Vol: 127,684 | Imb: -14.77%
2024-12-27 19:48:36,004 - DEBUG - Price: 0.48 | Bid Vol: 101,536 | Ask Vol: 100,559 | Imb: +0.48%
2024-12-27 19:48:38,099 - DEBUG - Price: 0.48 | Bid Vol: 102,293 | Ask Vol: 97,028 | Imb: +2.64%
2024-12-27 19:48:39,003 - DEBUG - Price: 0.48 | Bid Vol: 107,348 | Ask Vol: 90,242 | Imb: +8.66%
2024-12-27 19:48:39,096 - DEBUG - Price: 0.48 | Bid Vol: 104,665 | Ask Vol: 90,816 | Imb: +7.08%
2024-12-27 19:48:40,004 - DEBUG - Price: 0.48 | Bid Vol: 101,559 | Ask Vol: 86,157 | Imb: +8.21%
2024-12-27 19:48:41,006 - DEBUG - Price: 0.48 | Bid Vol: 101,204 | Ask Vol: 86,654 | Imb: +7.75%
2024-12-27 19:48:42,088 - DEBUG - Price: 0.48 | Bid Vol: 92,882 | Ask Vol: 95,095 | Imb: -1.18%
2024-12-27 19:48:43,062 - DEBUG - Price: 0.48 | Bid Vol: 101,119 | Ask Vol: 87,581 | Imb: +7.17%
2024-12-27 19:48:45,006 - DEBUG - Price: 0.48 | Bid Vol: 92,633 | Ask Vol: 96,282 | Imb: -1.93%
2024-12-27 19:48:46,016 - DEBUG - Price: 0.48 | Bid Vol: 114,344 | Ask Vol: 76,254 | Imb: +19.98%
2024-12-27 19:48:47,085 - DEBUG - Price: 0.48 | Bid Vol: 134,203 | Ask Vol: 80,054 | Imb: +25.27%
2024-12-27 19:48:48,057 - DEBUG - Price: 0.48 | Bid Vol: 103,947 | Ask Vol: 90,043 | Imb: +7.17%
2024-12-27 19:48:49,090 - DEBUG - Price: 0.48 | Bid Vol: 108,142 | Ask Vol: 87,913 | Imb: +10.32%
2024-12-27 19:48:52,090 - DEBUG - Price: 0.48 | Bid Vol: 104,447 | Ask Vol: 84,983 | Imb: +10.28%
2024-12-27 19:48:54,084 - DEBUG - Price: 0.48 | Bid Vol: 103,578 | Ask Vol: 87,288 | Imb: +8.53%
2024-12-27 19:48:56,037 - DEBUG - Price: 0.48 | Bid Vol: 110,164 | Ask Vol: 93,441 | Imb: +8.21%
2024-12-27 19:48:58,025 - DEBUG - Price: 0.48 | Bid Vol: 105,488 | Ask Vol: 98,310 | Imb: +3.52%
2024-12-27 19:49:00,007 - DEBUG - Price: 0.48 | Bid Vol: 132,358 | Ask Vol: 102,199 | Imb: +12.86%
2024-12-27 19:49:01,047 - DEBUG - Price: 0.48 | Bid Vol: 133,203 | Ask Vol: 95,271 | Imb: +16.60%
2024-12-27 19:49:02,015 - DEBUG - Price: 0.48 | Bid Vol: 130,008 | Ask Vol: 95,370 | Imb: +15.37%
2024-12-27 19:49:03,076 - DEBUG - Price: 0.48 | Bid Vol: 131,624 | Ask Vol: 94,058 | Imb: +16.65%
2024-12-27 19:49:04,004 - DEBUG - Price: 0.48 | Bid Vol: 148,345 | Ask Vol: 95,839 | Imb: +21.50%
2024-12-27 19:49:05,093 - DEBUG - Price: 0.48 | Bid Vol: 101,183 | Ask Vol: 104,086 | Imb: -1.41%
2024-12-27 19:49:06,035 - DEBUG - Price: 0.48 | Bid Vol: 102,178 | Ask Vol: 100,030 | Imb: +1.06%
2024-12-27 19:49:07,089 - DEBUG - Price: 0.48 | Bid Vol: 102,745 | Ask Vol: 101,036 | Imb: +0.84%
2024-12-27 19:49:09,049 - DEBUG - Price: 0.48 | Bid Vol: 95,077 | Ask Vol: 104,377 | Imb: -4.66%
2024-12-27 19:49:10,044 - DEBUG - Price: 0.48 | Bid Vol: 101,016 | Ask Vol: 105,393 | Imb: -2.12%
2024-12-27 19:49:11,096 - DEBUG - Price: 0.48 | Bid Vol: 101,732 | Ask Vol: 104,761 | Imb: -1.47%
2024-12-27 19:49:12,016 - DEBUG - Price: 0.48 | Bid Vol: 101,732 | Ask Vol: 104,748 | Imb: -1.46%
2024-12-27 19:49:15,094 - DEBUG - Price: 0.48 | Bid Vol: 99,696 | Ask Vol: 109,822 | Imb: -4.83%
2024-12-27 19:49:16,080 - DEBUG - Price: 0.48 | Bid Vol: 95,664 | Ask Vol: 93,906 | Imb: +0.93%
2024-12-27 19:49:17,083 - DEBUG - Price: 0.48 | Bid Vol: 94,440 | Ask Vol: 99,411 | Imb: -2.56%
2024-12-27 19:49:18,006 - DEBUG - Price: 0.48 | Bid Vol: 108,368 | Ask Vol: 104,195 | Imb: +1.96%
2024-12-27 19:49:20,075 - DEBUG - Price: 0.48 | Bid Vol: 96,737 | Ask Vol: 103,300 | Imb: -3.28%
2024-12-27 19:49:21,046 - DEBUG - Price: 0.48 | Bid Vol: 108,671 | Ask Vol: 94,048 | Imb: +7.21%
2024-12-27 19:49:22,051 - DEBUG - Price: 0.48 | Bid Vol: 107,314 | Ask Vol: 96,047 | Imb: +5.54%
2024-12-27 19:49:23,002 - DEBUG - Price: 0.48 | Bid Vol: 94,958 | Ask Vol: 102,938 | Imb: -4.03%
2024-12-27 19:49:24,042 - DEBUG - Price: 0.48 | Bid Vol: 93,805 | Ask Vol: 113,390 | Imb: -9.45%
2024-12-27 19:49:25,000 - DEBUG - Price: 0.48 | Bid Vol: 106,088 | Ask Vol: 107,936 | Imb: -0.86%
2024-12-27 19:49:26,054 - DEBUG - Price: 0.48 | Bid Vol: 92,901 | Ask Vol: 129,892 | Imb: -16.60%
2024-12-27 19:49:28,062 - DEBUG - Price: 0.48 | Bid Vol: 91,782 | Ask Vol: 134,104 | Imb: -18.74%
2024-12-27 19:49:29,051 - DEBUG - Price: 0.48 | Bid Vol: 103,236 | Ask Vol: 111,623 | Imb: -3.90%
2024-12-27 19:49:30,029 - DEBUG - Price: 0.48 | Bid Vol: 107,370 | Ask Vol: 92,151 | Imb: +7.63%
2024-12-27 19:49:32,004 - DEBUG - Price: 0.48 | Bid Vol: 99,500 | Ask Vol: 110,224 | Imb: -5.11%
2024-12-27 19:49:34,017 - DEBUG - Price: 0.48 | Bid Vol: 91,391 | Ask Vol: 90,024 | Imb: +0.75%
2024-12-27 19:49:35,049 - DEBUG - Price: 0.48 | Bid Vol: 113,073 | Ask Vol: 83,272 | Imb: +15.18%
2024-12-27 19:49:39,041 - DEBUG - Price: 0.48 | Bid Vol: 100,434 | Ask Vol: 88,508 | Imb: +6.31%
2024-12-27 19:49:41,092 - DEBUG - Price: 0.48 | Bid Vol: 99,850 | Ask Vol: 91,752 | Imb: +4.23%
2024-12-27 19:49:42,093 - DEBUG - Price: 0.48 | Bid Vol: 113,512 | Ask Vol: 119,661 | Imb: -2.64%
2024-12-27 19:49:43,050 - DEBUG - Price: 0.48 | Bid Vol: 113,544 | Ask Vol: 95,889 | Imb: +8.43%
2024-12-27 19:49:44,095 - DEBUG - Price: 0.48 | Bid Vol: 93,874 | Ask Vol: 108,583 | Imb: -7.27%
2024-12-27 19:49:46,062 - DEBUG - Price: 0.48 | Bid Vol: 93,513 | Ask Vol: 104,111 | Imb: -5.36%
2024-12-27 19:49:47,062 - DEBUG - Price: 0.48 | Bid Vol: 92,481 | Ask Vol: 104,385 | Imb: -6.05%
2024-12-27 19:49:48,057 - DEBUG - Price: 0.48 | Bid Vol: 99,231 | Ask Vol: 110,243 | Imb: -5.26%
2024-12-27 19:49:50,024 - DEBUG - Price: 0.48 | Bid Vol: 99,547 | Ask Vol: 112,980 | Imb: -6.32%
2024-12-27 19:49:55,064 - DEBUG - Price: 0.48 | Bid Vol: 99,524 | Ask Vol: 112,306 | Imb: -6.03%
2024-12-27 19:50:00,055 - DEBUG - Обновлена 5m статистика: Imb=0.00%, Bid Vol=0, Ask Vol=0
2024-12-27 19:50:00,055 - DEBUG - Анализ 5m: длина истории = 2
2024-12-27 19:50:00,055 - DEBUG - Данные 5m: imbalances=[0.0, 0.0]
2024-12-27 19:50:00,055 - DEBUG - Результат анализа 5m: {'trend_ascii': '-', 'current_imbalance': 0.0, 'volume_ratio': 1}
2024-12-27 19:50:00,055 - INFO - === СТАТИСТИКА 5M ===
5m  | Trend: -    | Imb:   +0.0% | Vol Ratio:  1.0
==================

2024-12-27 19:50:00,057 - DEBUG - Price: 0.48 | Bid Vol: 110,875 | Ask Vol: 94,150 | Imb: +8.16%
2024-12-27 19:50:01,030 - DEBUG - Price: 0.48 | Bid Vol: 95,994 | Ask Vol: 114,362 | Imb: -8.73%
2024-12-27 19:50:02,036 - DEBUG - Price: 0.48 | Bid Vol: 89,309 | Ask Vol: 98,937 | Imb: -5.11%
2024-12-27 19:50:03,023 - DEBUG - Price: 0.48 | Bid Vol: 115,187 | Ask Vol: 87,113 | Imb: +13.88%
2024-12-27 19:50:04,006 - DEBUG - Price: 0.48 | Bid Vol: 83,958 | Ask Vol: 85,679 | Imb: -1.01%
2024-12-27 19:50:05,012 - DEBUG - Price: 0.48 | Bid Vol: 77,944 | Ask Vol: 88,208 | Imb: -6.18%
2024-12-27 19:50:07,036 - DEBUG - Price: 0.48 | Bid Vol: 71,728 | Ask Vol: 93,190 | Imb: -13.01%
2024-12-27 19:50:08,064 - DEBUG - Price: 0.48 | Bid Vol: 84,377 | Ask Vol: 110,133 | Imb: -13.24%
2024-12-27 19:50:09,064 - DEBUG - Price: 0.48 | Bid Vol: 100,345 | Ask Vol: 121,081 | Imb: -9.36%
2024-12-27 19:50:11,073 - DEBUG - Price: 0.48 | Bid Vol: 112,417 | Ask Vol: 113,732 | Imb: -0.58%
2024-12-27 19:50:12,026 - DEBUG - Price: 0.48 | Bid Vol: 102,254 | Ask Vol: 112,957 | Imb: -4.97%
2024-12-27 19:50:15,014 - DEBUG - Price: 0.48 | Bid Vol: 87,243 | Ask Vol: 119,408 | Imb: -15.56%
2024-12-27 19:50:16,024 - DEBUG - Price: 0.48 | Bid Vol: 87,228 | Ask Vol: 122,501 | Imb: -16.82%
2024-12-27 19:50:17,054 - DEBUG - Price: 0.48 | Bid Vol: 87,235 | Ask Vol: 122,527 | Imb: -16.82%
2024-12-27 19:50:18,042 - DEBUG - Price: 0.48 | Bid Vol: 121,624 | Ask Vol: 94,790 | Imb: +12.40%
2024-12-27 19:50:19,088 - DEBUG - Price: 0.48 | Bid Vol: 79,276 | Ask Vol: 110,377 | Imb: -16.40%
2024-12-27 19:50:20,093 - DEBUG - Price: 0.48 | Bid Vol: 93,450 | Ask Vol: 103,663 | Imb: -5.18%
2024-12-27 19:50:21,023 - DEBUG - Price: 0.48 | Bid Vol: 93,966 | Ask Vol: 104,351 | Imb: -5.24%
2024-12-27 19:50:22,034 - DEBUG - Price: 0.48 | Bid Vol: 89,828 | Ask Vol: 105,635 | Imb: -8.09%
2024-12-27 19:50:23,013 - DEBUG - Price: 0.48 | Bid Vol: 103,779 | Ask Vol: 83,706 | Imb: +10.71%
2024-12-27 19:50:25,014 - DEBUG - Price: 0.48 | Bid Vol: 108,985 | Ask Vol: 90,387 | Imb: +9.33%
2024-12-27 19:50:26,043 - DEBUG - Price: 0.48 | Bid Vol: 92,955 | Ask Vol: 91,921 | Imb: +0.56%
2024-12-27 19:50:27,086 - DEBUG - Price: 0.48 | Bid Vol: 88,306 | Ask Vol: 86,522 | Imb: +1.02%
2024-12-27 19:50:28,048 - DEBUG - Price: 0.48 | Bid Vol: 88,019 | Ask Vol: 91,594 | Imb: -1.99%
2024-12-27 19:50:29,016 - DEBUG - Price: 0.48 | Bid Vol: 89,028 | Ask Vol: 93,392 | Imb: -2.39%
2024-12-27 19:50:30,004 - DEBUG - Price: 0.48 | Bid Vol: 95,156 | Ask Vol: 97,722 | Imb: -1.33%
2024-12-27 19:50:31,073 - DEBUG - Price: 0.48 | Bid Vol: 91,225 | Ask Vol: 96,140 | Imb: -2.62%
2024-12-27 19:50:34,070 - DEBUG - Price: 0.48 | Bid Vol: 96,845 | Ask Vol: 93,644 | Imb: +1.68%
2024-12-27 19:50:35,050 - DEBUG - Price: 0.48 | Bid Vol: 109,333 | Ask Vol: 97,228 | Imb: +5.86%
2024-12-27 19:50:36,084 - DEBUG - Price: 0.48 | Bid Vol: 110,075 | Ask Vol: 97,758 | Imb: +5.93%
2024-12-27 19:50:38,046 - DEBUG - Price: 0.48 | Bid Vol: 108,223 | Ask Vol: 98,485 | Imb: +4.71%
2024-12-27 19:50:39,099 - DEBUG - Price: 0.48 | Bid Vol: 95,751 | Ask Vol: 99,604 | Imb: -1.97%
2024-12-27 19:50:40,095 - DEBUG - Price: 0.48 | Bid Vol: 100,806 | Ask Vol: 106,246 | Imb: -2.63%
2024-12-27 19:50:42,053 - DEBUG - Price: 0.48 | Bid Vol: 84,804 | Ask Vol: 84,598 | Imb: +0.12%
2024-12-27 19:50:43,081 - DEBUG - Price: 0.48 | Bid Vol: 87,583 | Ask Vol: 85,236 | Imb: +1.36%
2024-12-27 19:50:44,013 - DEBUG - Price: 0.48 | Bid Vol: 82,190 | Ask Vol: 113,991 | Imb: -16.21%
2024-12-27 19:50:45,007 - DEBUG - Price: 0.48 | Bid Vol: 82,701 | Ask Vol: 112,003 | Imb: -15.05%
2024-12-27 19:50:46,023 - DEBUG - Price: 0.48 | Bid Vol: 84,526 | Ask Vol: 105,961 | Imb: -11.25%
2024-12-27 19:50:47,057 - DEBUG - Price: 0.48 | Bid Vol: 99,824 | Ask Vol: 87,906 | Imb: +6.35%
2024-12-27 19:50:48,051 - DEBUG - Price: 0.48 | Bid Vol: 85,340 | Ask Vol: 96,922 | Imb: -6.35%
2024-12-27 19:50:49,087 - DEBUG - Price: 0.48 | Bid Vol: 116,628 | Ask Vol: 92,035 | Imb: +11.79%
2024-12-27 19:50:51,070 - DEBUG - Price: 0.48 | Bid Vol: 93,993 | Ask Vol: 83,877 | Imb: +5.69%
2024-12-27 19:50:52,052 - DEBUG - Price: 0.48 | Bid Vol: 90,672 | Ask Vol: 98,640 | Imb: -4.21%
2024-12-27 19:50:55,060 - DEBUG - Price: 0.48 | Bid Vol: 89,670 | Ask Vol: 104,431 | Imb: -7.60%
2024-12-27 19:50:56,053 - DEBUG - Price: 0.48 | Bid Vol: 95,382 | Ask Vol: 89,529 | Imb: +3.17%
2024-12-27 19:50:58,025 - DEBUG - Price: 0.48 | Bid Vol: 120,796 | Ask Vol: 75,537 | Imb: +23.05%
2024-12-27 19:50:59,069 - DEBUG - Price: 0.48 | Bid Vol: 99,133 | Ask Vol: 106,834 | Imb: -3.74%
2024-12-27 19:51:01,015 - DEBUG - Price: 0.48 | Bid Vol: 94,829 | Ask Vol: 97,637 | Imb: -1.46%
2024-12-27 19:51:02,047 - DEBUG - Price: 0.48 | Bid Vol: 100,072 | Ask Vol: 110,916 | Imb: -5.14%
2024-12-27 19:51:03,051 - DEBUG - Price: 0.48 | Bid Vol: 106,836 | Ask Vol: 108,351 | Imb: -0.70%
2024-12-27 19:51:04,005 - DEBUG - Price: 0.48 | Bid Vol: 107,315 | Ask Vol: 107,514 | Imb: -0.09%
2024-12-27 19:51:07,084 - DEBUG - Price: 0.48 | Bid Vol: 114,414 | Ask Vol: 93,781 | Imb: +9.91%
2024-12-27 19:51:08,087 - DEBUG - Price: 0.48 | Bid Vol: 143,961 | Ask Vol: 86,470 | Imb: +24.95%
2024-12-27 19:51:09,072 - DEBUG - Price: 0.48 | Bid Vol: 127,596 | Ask Vol: 91,577 | Imb: +16.43%
2024-12-27 19:51:12,040 - DEBUG - Price: 0.48 | Bid Vol: 142,309 | Ask Vol: 93,604 | Imb: +20.65%
2024-12-27 19:51:13,055 - DEBUG - Price: 0.48 | Bid Vol: 142,316 | Ask Vol: 94,583 | Imb: +20.15%
2024-12-27 19:51:16,052 - DEBUG - Price: 0.48 | Bid Vol: 120,928 | Ask Vol: 110,420 | Imb: +4.54%
2024-12-27 19:51:18,023 - DEBUG - Price: 0.48 | Bid Vol: 114,910 | Ask Vol: 96,666 | Imb: +8.62%
2024-12-27 19:51:19,069 - DEBUG - Price: 0.48 | Bid Vol: 76,895 | Ask Vol: 97,521 | Imb: -11.83%
2024-12-27 19:51:20,034 - DEBUG - Price: 0.48 | Bid Vol: 96,520 | Ask Vol: 93,266 | Imb: +1.71%
2024-12-27 19:51:22,056 - DEBUG - Price: 0.48 | Bid Vol: 105,666 | Ask Vol: 85,460 | Imb: +10.57%
2024-12-27 19:51:23,026 - DEBUG - Price: 0.48 | Bid Vol: 112,013 | Ask Vol: 84,156 | Imb: +14.20%
2024-12-27 19:51:24,087 - DEBUG - Price: 0.48 | Bid Vol: 140,826 | Ask Vol: 80,558 | Imb: +27.22%
2024-12-27 19:51:25,050 - DEBUG - Price: 0.48 | Bid Vol: 98,112 | Ask Vol: 104,243 | Imb: -3.03%
2024-12-27 19:51:26,098 - DEBUG - Price: 0.48 | Bid Vol: 96,743 | Ask Vol: 108,891 | Imb: -5.91%
2024-12-27 19:51:28,086 - DEBUG - Price: 0.48 | Bid Vol: 96,009 | Ask Vol: 109,310 | Imb: -6.48%
2024-12-27 19:51:29,073 - DEBUG - Price: 0.48 | Bid Vol: 96,223 | Ask Vol: 109,933 | Imb: -6.65%
2024-12-27 19:51:30,030 - DEBUG - Price: 0.48 | Bid Vol: 121,462 | Ask Vol: 98,374 | Imb: +10.50%
2024-12-27 19:51:31,076 - DEBUG - Price: 0.48 | Bid Vol: 116,408 | Ask Vol: 97,841 | Imb: +8.67%
2024-12-27 19:51:32,061 - DEBUG - Price: 0.48 | Bid Vol: 117,720 | Ask Vol: 109,844 | Imb: +3.46%
2024-12-27 19:51:33,008 - DEBUG - Price: 0.48 | Bid Vol: 122,194 | Ask Vol: 108,846 | Imb: +5.78%
2024-12-27 19:51:35,045 - DEBUG - Price: 0.48 | Bid Vol: 117,211 | Ask Vol: 113,217 | Imb: +1.73%
2024-12-27 19:51:36,083 - DEBUG - Price: 0.48 | Bid Vol: 124,032 | Ask Vol: 95,855 | Imb: +12.81%
2024-12-27 19:51:37,001 - DEBUG - Price: 0.48 | Bid Vol: 123,975 | Ask Vol: 95,748 | Imb: +12.85%
2024-12-27 19:51:38,046 - DEBUG - Price: 0.48 | Bid Vol: 121,778 | Ask Vol: 98,882 | Imb: +10.38%
2024-12-27 19:51:39,080 - DEBUG - Price: 0.48 | Bid Vol: 121,801 | Ask Vol: 100,634 | Imb: +9.52%
2024-12-27 19:51:40,000 - DEBUG - Price: 0.48 | Bid Vol: 122,058 | Ask Vol: 101,156 | Imb: +9.36%
2024-12-27 19:51:43,041 - DEBUG - Price: 0.48 | Bid Vol: 116,658 | Ask Vol: 95,745 | Imb: +9.85%
2024-12-27 19:51:44,010 - DEBUG - Price: 0.48 | Bid Vol: 128,010 | Ask Vol: 95,893 | Imb: +14.34%
2024-12-27 19:51:45,094 - DEBUG - Price: 0.48 | Bid Vol: 130,130 | Ask Vol: 96,083 | Imb: +15.05%
2024-12-27 19:51:46,086 - DEBUG - Price: 0.48 | Bid Vol: 138,633 | Ask Vol: 102,149 | Imb: +15.15%
2024-12-27 19:51:47,051 - DEBUG - Price: 0.48 | Bid Vol: 141,778 | Ask Vol: 100,992 | Imb: +16.80%
2024-12-27 19:51:48,010 - DEBUG - Price: 0.48 | Bid Vol: 139,269 | Ask Vol: 101,515 | Imb: +15.68%
2024-12-27 19:51:49,075 - DEBUG - Price: 0.48 | Bid Vol: 139,567 | Ask Vol: 100,163 | Imb: +16.44%
2024-12-27 19:51:50,012 - DEBUG - Price: 0.48 | Bid Vol: 130,263 | Ask Vol: 116,302 | Imb: +5.66%
2024-12-27 19:51:51,077 - DEBUG - Price: 0.48 | Bid Vol: 131,512 | Ask Vol: 114,141 | Imb: +7.07%
2024-12-27 19:51:52,074 - DEBUG - Price: 0.48 | Bid Vol: 139,956 | Ask Vol: 107,960 | Imb: +12.91%
2024-12-27 19:51:54,059 - DEBUG - Price: 0.48 | Bid Vol: 137,340 | Ask Vol: 114,351 | Imb: +9.13%
2024-12-27 19:51:55,016 - DEBUG - Price: 0.48 | Bid Vol: 140,518 | Ask Vol: 114,945 | Imb: +10.01%
2024-12-27 19:51:59,004 - DEBUG - Price: 0.48 | Bid Vol: 143,076 | Ask Vol: 113,404 | Imb: +11.57%
2024-12-27 19:52:00,047 - DEBUG - Price: 0.48 | Bid Vol: 143,344 | Ask Vol: 112,680 | Imb: +11.98%
2024-12-27 19:52:02,072 - DEBUG - Price: 0.48 | Bid Vol: 150,698 | Ask Vol: 112,536 | Imb: +14.50%
2024-12-27 19:52:03,004 - DEBUG - Price: 0.48 | Bid Vol: 152,643 | Ask Vol: 127,312 | Imb: +9.05%
2024-12-27 19:52:04,095 - DEBUG - Price: 0.48 | Bid Vol: 150,741 | Ask Vol: 89,672 | Imb: +25.40%
2024-12-27 19:52:06,078 - DEBUG - Price: 0.48 | Bid Vol: 151,810 | Ask Vol: 98,501 | Imb: +21.30%
2024-12-27 19:52:07,021 - DEBUG - Price: 0.48 | Bid Vol: 152,887 | Ask Vol: 97,594 | Imb: +22.07%
2024-12-27 19:52:08,073 - DEBUG - Price: 0.48 | Bid Vol: 157,345 | Ask Vol: 111,417 | Imb: +17.09%
2024-12-27 19:52:10,094 - DEBUG - Price: 0.48 | Bid Vol: 172,752 | Ask Vol: 93,298 | Imb: +29.86%
2024-12-27 19:52:12,062 - DEBUG - Price: 0.48 | Bid Vol: 164,520 | Ask Vol: 117,401 | Imb: +16.71%
2024-12-27 19:52:13,074 - DEBUG - Price: 0.48 | Bid Vol: 170,552 | Ask Vol: 123,436 | Imb: +16.03%
2024-12-27 19:52:14,027 - DEBUG - Price: 0.48 | Bid Vol: 168,006 | Ask Vol: 114,984 | Imb: +18.74%
2024-12-27 19:52:15,015 - DEBUG - Price: 0.48 | Bid Vol: 166,572 | Ask Vol: 117,870 | Imb: +17.12%
2024-12-27 19:52:16,040 - DEBUG - Price: 0.48 | Bid Vol: 167,316 | Ask Vol: 117,943 | Imb: +17.31%
2024-12-27 19:52:18,073 - DEBUG - Price: 0.48 | Bid Vol: 170,821 | Ask Vol: 116,890 | Imb: +18.75%
2024-12-27 19:52:21,078 - DEBUG - Price: 0.48 | Bid Vol: 113,288 | Ask Vol: 134,492 | Imb: -8.56%
2024-12-27 19:52:22,061 - DEBUG - Price: 0.48 | Bid Vol: 114,857 | Ask Vol: 133,364 | Imb: -7.46%
2024-12-27 19:52:23,003 - DEBUG - Price: 0.48 | Bid Vol: 169,861 | Ask Vol: 109,176 | Imb: +21.75%
2024-12-27 19:52:24,090 - DEBUG - Price: 0.48 | Bid Vol: 173,032 | Ask Vol: 91,940 | Imb: +30.60%
2024-12-27 19:52:26,034 - DEBUG - Price: 0.48 | Bid Vol: 167,642 | Ask Vol: 94,386 | Imb: +27.96%
2024-12-27 19:52:27,042 - DEBUG - Price: 0.48 | Bid Vol: 169,623 | Ask Vol: 92,555 | Imb: +29.40%
2024-12-27 19:52:28,074 - DEBUG - Price: 0.48 | Bid Vol: 168,628 | Ask Vol: 93,139 | Imb: +28.84%
2024-12-27 19:52:29,002 - DEBUG - Price: 0.48 | Bid Vol: 164,651 | Ask Vol: 100,487 | Imb: +24.20%
2024-12-27 19:52:31,003 - DEBUG - Price: 0.48 | Bid Vol: 166,514 | Ask Vol: 97,501 | Imb: +26.14%
2024-12-27 19:52:34,086 - DEBUG - Price: 0.48 | Bid Vol: 165,845 | Ask Vol: 99,579 | Imb: +24.97%
2024-12-27 19:52:35,089 - DEBUG - Price: 0.48 | Bid Vol: 161,591 | Ask Vol: 97,027 | Imb: +24.96%
2024-12-27 19:52:37,031 - DEBUG - Price: 0.48 | Bid Vol: 159,010 | Ask Vol: 98,059 | Imb: +23.71%
2024-12-27 19:52:38,087 - DEBUG - Price: 0.48 | Bid Vol: 143,920 | Ask Vol: 102,738 | Imb: +16.70%
2024-12-27 19:52:39,043 - DEBUG - Price: 0.48 | Bid Vol: 141,659 | Ask Vol: 100,864 | Imb: +16.82%
2024-12-27 19:52:40,072 - DEBUG - Price: 0.48 | Bid Vol: 138,972 | Ask Vol: 100,129 | Imb: +16.25%
2024-12-27 19:52:41,070 - DEBUG - Price: 0.48 | Bid Vol: 138,556 | Ask Vol: 97,972 | Imb: +17.16%
2024-12-27 19:52:42,019 - DEBUG - Price: 0.48 | Bid Vol: 143,748 | Ask Vol: 97,727 | Imb: +19.06%
2024-12-27 19:52:43,000 - DEBUG - Price: 0.48 | Bid Vol: 129,694 | Ask Vol: 102,151 | Imb: +11.88%
2024-12-27 19:52:44,057 - DEBUG - Price: 0.48 | Bid Vol: 128,204 | Ask Vol: 104,216 | Imb: +10.32%
2024-12-27 19:52:45,086 - DEBUG - Price: 0.48 | Bid Vol: 133,775 | Ask Vol: 98,110 | Imb: +15.38%
2024-12-27 19:52:46,043 - DEBUG - Price: 0.48 | Bid Vol: 121,967 | Ask Vol: 99,448 | Imb: +10.17%
2024-12-27 19:52:48,081 - DEBUG - Price: 0.48 | Bid Vol: 133,921 | Ask Vol: 90,815 | Imb: +19.18%
2024-12-27 19:52:49,061 - DEBUG - Price: 0.48 | Bid Vol: 126,521 | Ask Vol: 92,867 | Imb: +15.34%
2024-12-27 19:52:50,089 - DEBUG - Price: 0.48 | Bid Vol: 135,544 | Ask Vol: 94,040 | Imb: +18.08%
2024-12-27 19:52:51,045 - DEBUG - Price: 0.48 | Bid Vol: 135,963 | Ask Vol: 92,817 | Imb: +18.86%
2024-12-27 19:52:55,012 - DEBUG - Price: 0.48 | Bid Vol: 148,460 | Ask Vol: 93,757 | Imb: +22.58%
2024-12-27 19:52:56,003 - DEBUG - Price: 0.48 | Bid Vol: 149,418 | Ask Vol: 92,457 | Imb: +23.55%
2024-12-27 19:52:57,095 - DEBUG - Price: 0.48 | Bid Vol: 142,525 | Ask Vol: 106,488 | Imb: +14.47%
2024-12-27 19:52:58,091 - DEBUG - Price: 0.48 | Bid Vol: 147,788 | Ask Vol: 94,905 | Imb: +21.79%
2024-12-27 19:52:59,053 - DEBUG - Price: 0.48 | Bid Vol: 148,795 | Ask Vol: 110,438 | Imb: +14.80%
2024-12-27 19:53:00,000 - DEBUG - Price: 0.48 | Bid Vol: 148,852 | Ask Vol: 92,220 | Imb: +23.49%
2024-12-27 19:53:00,000 - DEBUG - Недостаточно данных для 1m (нужно 3, есть 0)
2024-12-27 19:53:00,000 - ERROR - Ошибка анализа 1m: list index out of range
2024-12-27 19:53:01,074 - DEBUG - Price: 0.48 | Bid Vol: 150,827 | Ask Vol: 92,124 | Imb: +24.16%
2024-12-27 19:53:02,042 - DEBUG - Price: 0.48 | Bid Vol: 161,687 | Ask Vol: 134,392 | Imb: +9.22%
2024-12-27 19:53:03,043 - DEBUG - Price: 0.48 | Bid Vol: 166,990 | Ask Vol: 122,122 | Imb: +15.52%
2024-12-27 19:53:04,022 - DEBUG - Price: 0.48 | Bid Vol: 152,333 | Ask Vol: 102,962 | Imb: +19.34%
2024-12-27 19:53:05,012 - DEBUG - Price: 0.48 | Bid Vol: 161,889 | Ask Vol: 112,705 | Imb: +17.91%
2024-12-27 19:53:06,055 - DEBUG - Price: 0.48 | Bid Vol: 159,671 | Ask Vol: 132,407 | Imb: +9.33%
2024-12-27 19:53:09,074 - DEBUG - Price: 0.48 | Bid Vol: 130,894 | Ask Vol: 121,982 | Imb: +3.52%
2024-12-27 19:53:10,043 - DEBUG - Price: 0.48 | Bid Vol: 129,767 | Ask Vol: 124,050 | Imb: +2.25%
2024-12-27 19:53:11,049 - DEBUG - Price: 0.48 | Bid Vol: 136,421 | Ask Vol: 136,037 | Imb: +0.14%
2024-12-27 19:53:12,051 - DEBUG - Price: 0.48 | Bid Vol: 133,742 | Ask Vol: 116,421 | Imb: +6.92%
2024-12-27 19:53:15,016 - DEBUG - Price: 0.48 | Bid Vol: 117,325 | Ask Vol: 117,764 | Imb: -0.19%
2024-12-27 19:53:16,001 - DEBUG - Price: 0.48 | Bid Vol: 117,738 | Ask Vol: 119,052 | Imb: -0.55%
2024-12-27 19:53:17,062 - DEBUG - Price: 0.48 | Bid Vol: 117,801 | Ask Vol: 118,762 | Imb: -0.41%
2024-12-27 19:53:18,051 - DEBUG - Price: 0.48 | Bid Vol: 119,220 | Ask Vol: 117,430 | Imb: +0.76%
2024-12-27 19:53:19,059 - DEBUG - Price: 0.48 | Bid Vol: 113,350 | Ask Vol: 131,160 | Imb: -7.28%
2024-12-27 19:53:21,074 - DEBUG - Price: 0.48 | Bid Vol: 122,062 | Ask Vol: 118,224 | Imb: +1.60%
2024-12-27 19:53:22,021 - DEBUG - Price: 0.48 | Bid Vol: 109,685 | Ask Vol: 133,462 | Imb: -9.78%
2024-12-27 19:53:23,088 - DEBUG - Price: 0.48 | Bid Vol: 109,900 | Ask Vol: 134,546 | Imb: -10.08%
2024-12-27 19:53:24,085 - DEBUG - Price: 0.48 | Bid Vol: 136,988 | Ask Vol: 98,151 | Imb: +16.52%
2024-12-27 19:53:27,043 - DEBUG - Price: 0.48 | Bid Vol: 164,617 | Ask Vol: 96,368 | Imb: +26.15%
2024-12-27 19:53:28,022 - DEBUG - Price: 0.48 | Bid Vol: 163,270 | Ask Vol: 102,249 | Imb: +22.98%
2024-12-27 19:53:29,019 - DEBUG - Price: 0.48 | Bid Vol: 165,349 | Ask Vol: 101,040 | Imb: +24.14%
2024-12-27 19:53:30,033 - DEBUG - Price: 0.48 | Bid Vol: 165,016 | Ask Vol: 103,368 | Imb: +22.97%
2024-12-27 19:53:31,090 - DEBUG - Price: 0.48 | Bid Vol: 189,319 | Ask Vol: 91,697 | Imb: +34.74%
2024-12-27 19:53:32,071 - DEBUG - Price: 0.48 | Bid Vol: 189,975 | Ask Vol: 92,201 | Imb: +34.65%
2024-12-27 19:53:33,032 - DEBUG - Price: 0.48 | Bid Vol: 191,657 | Ask Vol: 91,580 | Imb: +35.33%
2024-12-27 19:53:35,024 - DEBUG - Price: 0.48 | Bid Vol: 178,423 | Ask Vol: 99,991 | Imb: +28.17%
2024-12-27 19:53:36,073 - DEBUG - Price: 0.48 | Bid Vol: 143,962 | Ask Vol: 95,322 | Imb: +20.33%
2024-12-27 19:53:37,016 - DEBUG - Price: 0.48 | Bid Vol: 142,797 | Ask Vol: 95,219 | Imb: +19.99%
2024-12-27 19:53:38,084 - DEBUG - Price: 0.48 | Bid Vol: 123,567 | Ask Vol: 109,137 | Imb: +6.20%
2024-12-27 19:53:39,062 - DEBUG - Price: 0.48 | Bid Vol: 104,547 | Ask Vol: 110,194 | Imb: -2.63%
2024-12-27 19:53:40,075 - DEBUG - Price: 0.48 | Bid Vol: 112,074 | Ask Vol: 110,343 | Imb: +0.78%
2024-12-27 19:53:41,099 - DEBUG - Price: 0.48 | Bid Vol: 115,610 | Ask Vol: 110,389 | Imb: +2.31%
2024-12-27 19:53:42,027 - DEBUG - Price: 0.48 | Bid Vol: 136,214 | Ask Vol: 91,560 | Imb: +19.60%
2024-12-27 19:53:43,005 - DEBUG - Price: 0.48 | Bid Vol: 131,047 | Ask Vol: 96,097 | Imb: +15.39%
2024-12-27 19:53:44,090 - DEBUG - Price: 0.48 | Bid Vol: 196,666 | Ask Vol: 97,521 | Imb: +33.70%
2024-12-27 19:53:47,029 - DEBUG - Price: 0.48 | Bid Vol: 189,458 | Ask Vol: 93,253 | Imb: +34.03%
2024-12-27 19:53:48,035 - DEBUG - Price: 0.48 | Bid Vol: 175,447 | Ask Vol: 90,810 | Imb: +31.79%
2024-12-27 19:53:49,087 - DEBUG - Price: 0.48 | Bid Vol: 167,658 | Ask Vol: 95,844 | Imb: +27.25%
2024-12-27 19:53:50,034 - DEBUG - Price: 0.48 | Bid Vol: 172,863 | Ask Vol: 90,413 | Imb: +31.32%
2024-12-27 19:53:51,027 - DEBUG - Price: 0.48 | Bid Vol: 172,502 | Ask Vol: 89,186 | Imb: +31.84%
2024-12-27 19:53:53,025 - DEBUG - Price: 0.48 | Bid Vol: 153,790 | Ask Vol: 88,793 | Imb: +26.79%
2024-12-27 19:53:54,048 - DEBUG - Price: 0.48 | Bid Vol: 153,779 | Ask Vol: 90,144 | Imb: +26.09%
2024-12-27 19:53:55,059 - DEBUG - Price: 0.48 | Bid Vol: 151,830 | Ask Vol: 91,595 | Imb: +24.75%
2024-12-27 19:53:56,015 - DEBUG - Price: 0.48 | Bid Vol: 151,109 | Ask Vol: 94,776 | Imb: +22.91%
2024-12-27 19:53:58,094 - DEBUG - Price: 0.48 | Bid Vol: 162,820 | Ask Vol: 94,507 | Imb: +26.55%
2024-12-27 19:53:59,088 - DEBUG - Price: 0.48 | Bid Vol: 156,325 | Ask Vol: 91,218 | Imb: +26.30%
2024-12-27 19:54:00,064 - DEBUG - Price: 0.48 | Bid Vol: 165,306 | Ask Vol: 93,616 | Imb: +27.69%
2024-12-27 19:54:01,068 - DEBUG - Price: 0.48 | Bid Vol: 169,027 | Ask Vol: 84,017 | Imb: +33.59%
2024-12-27 19:54:02,043 - DEBUG - Price: 0.48 | Bid Vol: 162,146 | Ask Vol: 94,134 | Imb: +26.54%
2024-12-27 19:54:04,074 - DEBUG - Price: 0.48 | Bid Vol: 158,019 | Ask Vol: 97,704 | Imb: +23.59%
2024-12-27 19:54:07,083 - DEBUG - Price: 0.48 | Bid Vol: 146,266 | Ask Vol: 98,948 | Imb: +19.30%
2024-12-27 19:54:09,077 - DEBUG - Price: 0.48 | Bid Vol: 157,378 | Ask Vol: 95,754 | Imb: +24.34%
2024-12-27 19:54:11,020 - DEBUG - Price: 0.48 | Bid Vol: 156,282 | Ask Vol: 105,925 | Imb: +19.20%
2024-12-27 19:54:12,015 - DEBUG - Price: 0.48 | Bid Vol: 155,514 | Ask Vol: 107,225 | Imb: +18.38%
2024-12-27 19:54:13,087 - DEBUG - Price: 0.48 | Bid Vol: 103,094 | Ask Vol: 119,980 | Imb: -7.57%
2024-12-27 19:54:14,028 - DEBUG - Price: 0.48 | Bid Vol: 104,142 | Ask Vol: 122,801 | Imb: -8.22%
2024-12-27 19:54:15,078 - DEBUG - Price: 0.48 | Bid Vol: 153,155 | Ask Vol: 118,029 | Imb: +12.95%
2024-12-27 19:54:16,075 - DEBUG - Price: 0.48 | Bid Vol: 162,896 | Ask Vol: 117,832 | Imb: +16.05%
2024-12-27 19:54:17,083 - DEBUG - Price: 0.48 | Bid Vol: 162,427 | Ask Vol: 118,460 | Imb: +15.65%
2024-12-27 19:54:19,081 - DEBUG - Price: 0.48 | Bid Vol: 172,622 | Ask Vol: 101,837 | Imb: +25.79%
2024-12-27 19:54:20,094 - DEBUG - Price: 0.48 | Bid Vol: 164,817 | Ask Vol: 116,788 | Imb: +17.06%
2024-12-27 19:54:21,034 - DEBUG - Price: 0.48 | Bid Vol: 165,592 | Ask Vol: 116,449 | Imb: +17.42%
2024-12-27 19:54:23,012 - DEBUG - Price: 0.48 | Bid Vol: 166,784 | Ask Vol: 113,977 | Imb: +18.81%
2024-12-27 19:54:26,089 - DEBUG - Price: 0.48 | Bid Vol: 119,983 | Ask Vol: 118,760 | Imb: +0.51%
2024-12-27 19:54:32,046 - DEBUG - Price: 0.48 | Bid Vol: 163,000 | Ask Vol: 120,548 | Imb: +14.97%
2024-12-27 19:54:33,050 - DEBUG - Price: 0.48 | Bid Vol: 169,792 | Ask Vol: 101,132 | Imb: +25.34%
2024-12-27 19:54:34,080 - DEBUG - Price: 0.48 | Bid Vol: 170,287 | Ask Vol: 100,139 | Imb: +25.94%
2024-12-27 19:54:35,081 - DEBUG - Price: 0.48 | Bid Vol: 170,281 | Ask Vol: 99,926 | Imb: +26.04%
2024-12-27 19:54:37,012 - DEBUG - Price: 0.48 | Bid Vol: 169,422 | Ask Vol: 103,177 | Imb: +24.30%
2024-12-27 19:54:42,057 - DEBUG - Price: 0.48 | Bid Vol: 158,768 | Ask Vol: 93,835 | Imb: +25.71%
2024-12-27 19:54:44,082 - DEBUG - Price: 0.48 | Bid Vol: 156,971 | Ask Vol: 94,907 | Imb: +24.64%
2024-12-27 19:54:45,058 - DEBUG - Price: 0.48 | Bid Vol: 157,094 | Ask Vol: 94,612 | Imb: +24.82%
2024-12-27 19:54:46,050 - DEBUG - Price: 0.48 | Bid Vol: 155,150 | Ask Vol: 92,895 | Imb: +25.10%
2024-12-27 19:54:47,001 - DEBUG - Price: 0.48 | Bid Vol: 148,366 | Ask Vol: 98,696 | Imb: +20.10%
2024-12-27 19:54:48,070 - DEBUG - Price: 0.48 | Bid Vol: 144,110 | Ask Vol: 93,197 | Imb: +21.45%
2024-12-27 19:54:49,005 - DEBUG - Price: 0.48 | Bid Vol: 146,008 | Ask Vol: 100,803 | Imb: +18.32%
2024-12-27 19:54:50,013 - DEBUG - Price: 0.48 | Bid Vol: 148,354 | Ask Vol: 99,989 | Imb: +19.48%
2024-12-27 19:54:51,033 - DEBUG - Price: 0.48 | Bid Vol: 149,000 | Ask Vol: 101,734 | Imb: +18.85%
2024-12-27 19:54:53,096 - DEBUG - Price: 0.48 | Bid Vol: 135,547 | Ask Vol: 121,413 | Imb: +5.50%
2024-12-27 19:54:55,015 - DEBUG - Price: 0.48 | Bid Vol: 147,794 | Ask Vol: 103,349 | Imb: +17.70%
2024-12-27 19:54:56,036 - DEBUG - Price: 0.48 | Bid Vol: 147,965 | Ask Vol: 98,411 | Imb: +20.11%
2024-12-27 19:54:57,065 - DEBUG - Price: 0.48 | Bid Vol: 147,965 | Ask Vol: 99,186 | Imb: +19.74%
2024-12-27 19:54:58,051 - DEBUG - Price: 0.48 | Bid Vol: 148,920 | Ask Vol: 99,186 | Imb: +20.05%
2024-12-27 19:54:59,046 - DEBUG - Price: 0.48 | Bid Vol: 148,855 | Ask Vol: 98,148 | Imb: +20.53%
2024-12-27 19:55:00,044 - DEBUG - Обновлена 5m статистика: Imb=0.00%, Bid Vol=0, Ask Vol=0
2024-12-27 19:55:00,045 - DEBUG - Анализ 5m: длина истории = 3
2024-12-27 19:55:00,045 - DEBUG - Данные 5m: imbalances=[0.0, 0.0, 0.0]
2024-12-27 19:55:00,045 - DEBUG - Результат анализа 5m: {'trend_ascii': '-', 'current_imbalance': 0.0, 'volume_ratio': 1}
2024-12-27 19:55:00,045 - INFO - === СТАТИСТИКА 5M ===
5m  | Trend: -    | Imb:   +0.0% | Vol Ratio:  1.0
==================

2024-12-27 19:55:00,047 - DEBUG - Price: 0.48 | Bid Vol: 148,752 | Ask Vol: 98,148 | Imb: +20.50%
2024-12-27 19:55:02,082 - DEBUG - Price: 0.48 | Bid Vol: 152,611 | Ask Vol: 100,079 | Imb: +20.79%
2024-12-27 19:55:03,072 - DEBUG - Price: 0.48 | Bid Vol: 153,801 | Ask Vol: 105,642 | Imb: +18.56%
2024-12-27 19:55:05,010 - DEBUG - Price: 0.48 | Bid Vol: 167,946 | Ask Vol: 94,778 | Imb: +27.85%
2024-12-27 19:55:07,063 - DEBUG - Price: 0.48 | Bid Vol: 163,742 | Ask Vol: 102,951 | Imb: +22.79%
2024-12-27 19:55:08,078 - DEBUG - Price: 0.48 | Bid Vol: 163,901 | Ask Vol: 102,818 | Imb: +22.90%
2024-12-27 19:55:09,082 - DEBUG - Price: 0.48 | Bid Vol: 156,961 | Ask Vol: 115,767 | Imb: +15.10%
2024-12-27 19:55:10,090 - DEBUG - Price: 0.48 | Bid Vol: 165,070 | Ask Vol: 115,213 | Imb: +17.79%
2024-12-27 19:55:11,092 - DEBUG - Price: 0.48 | Bid Vol: 167,956 | Ask Vol: 106,032 | Imb: +22.60%
2024-12-27 19:55:12,017 - DEBUG - Price: 0.48 | Bid Vol: 169,395 | Ask Vol: 99,691 | Imb: +25.90%
2024-12-27 19:55:14,003 - DEBUG - Price: 0.48 | Bid Vol: 171,221 | Ask Vol: 99,362 | Imb: +26.56%
2024-12-27 19:55:15,080 - DEBUG - Price: 0.48 | Bid Vol: 154,630 | Ask Vol: 103,104 | Imb: +19.99%
2024-12-27 19:55:16,021 - DEBUG - Price: 0.48 | Bid Vol: 142,934 | Ask Vol: 111,312 | Imb: +12.44%
2024-12-27 19:55:17,060 - DEBUG - Price: 0.48 | Bid Vol: 141,994 | Ask Vol: 103,197 | Imb: +15.82%
2024-12-27 19:55:18,034 - DEBUG - Price: 0.48 | Bid Vol: 137,546 | Ask Vol: 99,782 | Imb: +15.91%
2024-12-27 19:55:19,085 - DEBUG - Price: 0.48 | Bid Vol: 145,330 | Ask Vol: 101,309 | Imb: +17.85%
2024-12-27 19:55:20,022 - DEBUG - Price: 0.48 | Bid Vol: 141,439 | Ask Vol: 113,041 | Imb: +11.16%
2024-12-27 19:55:21,020 - DEBUG - Price: 0.48 | Bid Vol: 141,755 | Ask Vol: 114,989 | Imb: +10.43%
2024-12-27 19:55:23,095 - DEBUG - Price: 0.48 | Bid Vol: 143,335 | Ask Vol: 116,776 | Imb: +10.21%
2024-12-27 19:55:24,002 - DEBUG - Price: 0.48 | Bid Vol: 140,298 | Ask Vol: 130,323 | Imb: +3.69%
2024-12-27 19:55:27,010 - DEBUG - Price: 0.48 | Bid Vol: 145,636 | Ask Vol: 118,288 | Imb: +10.36%
2024-12-27 19:55:28,057 - DEBUG - Price: 0.48 | Bid Vol: 148,410 | Ask Vol: 118,714 | Imb: +11.12%
2024-12-27 19:55:29,077 - DEBUG - Price: 0.48 | Bid Vol: 143,447 | Ask Vol: 120,189 | Imb: +8.82%
2024-12-27 19:55:31,082 - DEBUG - Price: 0.48 | Bid Vol: 142,400 | Ask Vol: 121,849 | Imb: +7.78%
2024-12-27 19:55:32,003 - DEBUG - Price: 0.48 | Bid Vol: 142,147 | Ask Vol: 123,321 | Imb: +7.09%
2024-12-27 19:55:34,004 - DEBUG - Price: 0.48 | Bid Vol: 146,192 | Ask Vol: 118,735 | Imb: +10.36%
2024-12-27 19:55:36,046 - DEBUG - Price: 0.48 | Bid Vol: 128,033 | Ask Vol: 119,281 | Imb: +3.54%
2024-12-27 19:55:37,023 - DEBUG - Price: 0.48 | Bid Vol: 151,172 | Ask Vol: 109,260 | Imb: +16.09%
2024-12-27 19:55:38,024 - DEBUG - Price: 0.48 | Bid Vol: 140,478 | Ask Vol: 115,059 | Imb: +9.95%
2024-12-27 19:55:39,022 - DEBUG - Price: 0.48 | Bid Vol: 165,437 | Ask Vol: 103,639 | Imb: +22.97%
2024-12-27 19:55:40,009 - DEBUG - Price: 0.48 | Bid Vol: 146,819 | Ask Vol: 109,330 | Imb: +14.64%
2024-12-27 19:55:42,040 - DEBUG - Price: 0.48 | Bid Vol: 177,082 | Ask Vol: 102,788 | Imb: +26.55%
2024-12-27 19:55:43,055 - DEBUG - Price: 0.48 | Bid Vol: 162,870 | Ask Vol: 110,143 | Imb: +19.31%
2024-12-27 19:55:44,081 - DEBUG - Price: 0.48 | Bid Vol: 163,282 | Ask Vol: 107,551 | Imb: +20.58%
2024-12-27 19:55:45,074 - DEBUG - Price: 0.48 | Bid Vol: 163,500 | Ask Vol: 106,564 | Imb: +21.08%
2024-12-27 19:55:46,088 - DEBUG - Price: 0.48 | Bid Vol: 162,085 | Ask Vol: 106,682 | Imb: +20.61%
2024-12-27 19:55:48,080 - DEBUG - Price: 0.48 | Bid Vol: 159,105 | Ask Vol: 118,321 | Imb: +14.70%
2024-12-27 19:55:50,068 - DEBUG - Price: 0.48 | Bid Vol: 158,394 | Ask Vol: 101,344 | Imb: +21.96%
2024-12-27 19:55:51,061 - DEBUG - Price: 0.48 | Bid Vol: 153,606 | Ask Vol: 105,052 | Imb: +18.77%
2024-12-27 19:55:52,024 - DEBUG - Price: 0.48 | Bid Vol: 151,931 | Ask Vol: 100,919 | Imb: +20.18%
2024-12-27 19:55:53,058 - DEBUG - Price: 0.48 | Bid Vol: 160,140 | Ask Vol: 96,693 | Imb: +24.70%
2024-12-27 19:55:54,024 - DEBUG - Price: 0.48 | Bid Vol: 142,315 | Ask Vol: 119,714 | Imb: +8.63%
2024-12-27 19:55:55,083 - DEBUG - Price: 0.48 | Bid Vol: 145,053 | Ask Vol: 118,068 | Imb: +10.26%
2024-12-27 19:56:01,020 - DEBUG - Price: 0.48 | Bid Vol: 148,317 | Ask Vol: 120,034 | Imb: +10.54%
2024-12-27 19:56:03,086 - DEBUG - Price: 0.48 | Bid Vol: 174,694 | Ask Vol: 106,515 | Imb: +24.25%
2024-12-27 19:56:04,086 - DEBUG - Price: 0.48 | Bid Vol: 164,433 | Ask Vol: 128,261 | Imb: +12.36%
2024-12-27 19:56:05,021 - DEBUG - Price: 0.48 | Bid Vol: 173,821 | Ask Vol: 109,851 | Imb: +22.55%
2024-12-27 19:56:06,086 - DEBUG - Price: 0.48 | Bid Vol: 133,250 | Ask Vol: 115,239 | Imb: +7.25%
2024-12-27 19:56:07,067 - DEBUG - Price: 0.48 | Bid Vol: 109,252 | Ask Vol: 128,292 | Imb: -8.02%
2024-12-27 19:56:08,059 - DEBUG - Price: 0.48 | Bid Vol: 130,352 | Ask Vol: 137,644 | Imb: -2.72%
2024-12-27 19:56:09,059 - DEBUG - Price: 0.48 | Bid Vol: 135,928 | Ask Vol: 139,804 | Imb: -1.41%
2024-12-27 19:56:10,015 - DEBUG - Price: 0.48 | Bid Vol: 81,668 | Ask Vol: 128,062 | Imb: -22.12%
2024-12-27 19:56:11,026 - DEBUG - Price: 0.48 | Bid Vol: 88,219 | Ask Vol: 123,097 | Imb: -16.51%
2024-12-27 19:56:12,045 - DEBUG - Price: 0.48 | Bid Vol: 111,350 | Ask Vol: 117,253 | Imb: -2.58%
2024-12-27 19:56:13,067 - DEBUG - Price: 0.48 | Bid Vol: 111,649 | Ask Vol: 113,742 | Imb: -0.93%
2024-12-27 19:56:15,037 - DEBUG - Price: 0.48 | Bid Vol: 100,957 | Ask Vol: 119,223 | Imb: -8.30%
2024-12-27 19:56:16,019 - DEBUG - Price: 0.48 | Bid Vol: 120,919 | Ask Vol: 118,534 | Imb: +1.00%
2024-12-27 19:56:17,046 - DEBUG - Price: 0.48 | Bid Vol: 120,359 | Ask Vol: 122,227 | Imb: -0.77%
2024-12-27 19:56:18,054 - DEBUG - Price: 0.48 | Bid Vol: 121,849 | Ask Vol: 120,022 | Imb: +0.76%
2024-12-27 19:56:19,067 - DEBUG - Price: 0.48 | Bid Vol: 123,934 | Ask Vol: 122,982 | Imb: +0.39%
2024-12-27 19:56:21,003 - DEBUG - Price: 0.48 | Bid Vol: 121,580 | Ask Vol: 124,196 | Imb: -1.06%
2024-12-27 19:56:24,015 - DEBUG - Price: 0.48 | Bid Vol: 125,683 | Ask Vol: 125,572 | Imb: +0.04%
2024-12-27 19:56:25,055 - DEBUG - Price: 0.48 | Bid Vol: 113,757 | Ask Vol: 124,625 | Imb: -4.56%
2024-12-27 19:56:26,085 - DEBUG - Price: 0.48 | Bid Vol: 125,273 | Ask Vol: 123,744 | Imb: +0.61%
2024-12-27 19:56:28,068 - DEBUG - Price: 0.48 | Bid Vol: 127,859 | Ask Vol: 119,528 | Imb: +3.37%
2024-12-27 19:56:30,069 - DEBUG - Price: 0.48 | Bid Vol: 122,443 | Ask Vol: 127,165 | Imb: -1.89%
2024-12-27 19:56:32,062 - DEBUG - Price: 0.48 | Bid Vol: 166,550 | Ask Vol: 139,924 | Imb: +8.69%
2024-12-27 19:56:34,045 - DEBUG - Price: 0.48 | Bid Vol: 171,066 | Ask Vol: 138,686 | Imb: +10.45%
2024-12-27 19:56:35,008 - DEBUG - Price: 0.48 | Bid Vol: 172,497 | Ask Vol: 137,758 | Imb: +11.20%
2024-12-27 19:56:36,066 - DEBUG - Price: 0.48 | Bid Vol: 174,645 | Ask Vol: 135,802 | Imb: +12.51%
2024-12-27 19:56:37,015 - DEBUG - Price: 0.48 | Bid Vol: 173,040 | Ask Vol: 135,831 | Imb: +12.05%
2024-12-27 19:56:38,085 - DEBUG - Price: 0.48 | Bid Vol: 172,197 | Ask Vol: 138,267 | Imb: +10.93%
2024-12-27 19:56:40,081 - DEBUG - Price: 0.48 | Bid Vol: 171,297 | Ask Vol: 140,329 | Imb: +9.94%
2024-12-27 19:56:41,058 - DEBUG - Price: 0.48 | Bid Vol: 169,929 | Ask Vol: 136,162 | Imb: +11.03%
2024-12-27 19:56:43,057 - DEBUG - Price: 0.48 | Bid Vol: 173,488 | Ask Vol: 135,357 | Imb: +12.35%
2024-12-27 19:56:45,016 - DEBUG - Price: 0.48 | Bid Vol: 171,945 | Ask Vol: 117,355 | Imb: +18.87%
2024-12-27 19:56:46,005 - DEBUG - Price: 0.48 | Bid Vol: 173,769 | Ask Vol: 114,478 | Imb: +20.57%
2024-12-27 19:56:47,031 - DEBUG - Price: 0.48 | Bid Vol: 173,667 | Ask Vol: 114,985 | Imb: +20.33%
2024-12-27 19:56:49,059 - DEBUG - Price: 0.48 | Bid Vol: 170,950 | Ask Vol: 125,239 | Imb: +15.43%
2024-12-27 19:56:50,086 - DEBUG - Price: 0.48 | Bid Vol: 167,654 | Ask Vol: 128,100 | Imb: +13.37%
2024-12-27 19:56:51,016 - DEBUG - Price: 0.48 | Bid Vol: 154,358 | Ask Vol: 128,167 | Imb: +9.27%
2024-12-27 19:56:52,023 - DEBUG - Price: 0.48 | Bid Vol: 154,231 | Ask Vol: 128,440 | Imb: +9.12%
2024-12-27 19:56:53,089 - DEBUG - Price: 0.48 | Bid Vol: 164,564 | Ask Vol: 112,102 | Imb: +18.96%
2024-12-27 19:56:54,096 - DEBUG - Price: 0.48 | Bid Vol: 153,980 | Ask Vol: 130,976 | Imb: +8.07%
2024-12-27 19:56:55,070 - DEBUG - Price: 0.48 | Bid Vol: 153,891 | Ask Vol: 131,903 | Imb: +7.69%
2024-12-27 19:56:56,006 - DEBUG - Price: 0.48 | Bid Vol: 154,145 | Ask Vol: 131,852 | Imb: +7.79%
2024-12-27 19:56:57,027 - DEBUG - Price: 0.48 | Bid Vol: 153,609 | Ask Vol: 131,752 | Imb: +7.66%
2024-12-27 19:56:58,053 - DEBUG - Price: 0.48 | Bid Vol: 152,730 | Ask Vol: 131,003 | Imb: +7.66%
2024-12-27 19:57:01,057 - DEBUG - Price: 0.48 | Bid Vol: 157,904 | Ask Vol: 128,715 | Imb: +10.18%
2024-12-27 19:57:02,010 - DEBUG - Price: 0.48 | Bid Vol: 157,988 | Ask Vol: 128,027 | Imb: +10.48%
2024-12-27 19:57:03,053 - DEBUG - Price: 0.48 | Bid Vol: 151,971 | Ask Vol: 140,810 | Imb: +3.81%
2024-12-27 19:57:07,097 - DEBUG - Price: 0.48 | Bid Vol: 150,383 | Ask Vol: 135,571 | Imb: +5.18%
2024-12-27 19:57:08,070 - DEBUG - Price: 0.48 | Bid Vol: 154,337 | Ask Vol: 133,405 | Imb: +7.27%
2024-12-27 19:57:10,006 - DEBUG - Price: 0.48 | Bid Vol: 155,184 | Ask Vol: 134,498 | Imb: +7.14%
2024-12-27 19:57:12,056 - DEBUG - Price: 0.48 | Bid Vol: 157,650 | Ask Vol: 106,090 | Imb: +19.55%
2024-12-27 19:57:13,081 - DEBUG - Price: 0.48 | Bid Vol: 158,785 | Ask Vol: 115,521 | Imb: +15.77%
2024-12-27 19:57:14,038 - DEBUG - Price: 0.48 | Bid Vol: 170,308 | Ask Vol: 109,782 | Imb: +21.61%
2024-12-27 19:57:15,048 - DEBUG - Price: 0.48 | Bid Vol: 160,531 | Ask Vol: 140,070 | Imb: +6.81%
2024-12-27 19:57:16,071 - DEBUG - Price: 0.48 | Bid Vol: 165,588 | Ask Vol: 147,209 | Imb: +5.88%
2024-12-27 19:57:17,074 - DEBUG - Price: 0.48 | Bid Vol: 158,704 | Ask Vol: 129,978 | Imb: +9.95%
2024-12-27 19:57:18,089 - DEBUG - Price: 0.48 | Bid Vol: 118,100 | Ask Vol: 140,622 | Imb: -8.71%
2024-12-27 19:57:19,092 - DEBUG - Price: 0.48 | Bid Vol: 120,916 | Ask Vol: 138,358 | Imb: -6.73%
2024-12-27 19:57:20,094 - DEBUG - Price: 0.48 | Bid Vol: 119,976 | Ask Vol: 140,034 | Imb: -7.71%
