2024-12-27 15:07:21,991 - INFO - Starting order monitoring system
2024-12-27 15:07:21,991 - DEBUG - Attempting to connect to: wss://fstream.binance.com/ws/strkusdt@depth@100ms
2024-12-27 15:07:23,948 - INFO - Connected to Binance Futures WebSocket for strkusdt
2024-12-27 15:07:24,063 - DEBUG - Price: 0.49 | Bid Vol: 3,064 | Ask Vol: 49,158 | Imb: -88.27%
2024-12-27 15:07:26,009 - DEBUG - Price: 0.49 | Bid Vol: 83,305 | Ask Vol: 92,537 | Imb: -5.25%
2024-12-27 15:07:26,098 - DEBUG - Price: 0.49 | Bid Vol: 86,107 | Ask Vol: 93,046 | Imb: -3.87%
2024-12-27 15:07:27,097 - DEBUG - Price: 0.49 | Bid Vol: 86,943 | Ask Vol: 84,504 | Imb: +1.42%
2024-12-27 15:07:28,081 - DEBUG - Price: 0.49 | Bid Vol: 78,184 | Ask Vol: 94,374 | Imb: -9.38%
2024-12-27 15:07:30,026 - DEBUG - Price: 0.49 | Bid Vol: 83,986 | Ask Vol: 94,912 | Imb: -6.11%
2024-12-27 15:07:36,091 - DEBUG - Price: 0.49 | Bid Vol: 99,179 | Ask Vol: 78,689 | Imb: +11.52%
2024-12-27 15:07:37,001 - DEBUG - Price: 0.49 | Bid Vol: 107,270 | Ask Vol: 69,158 | Imb: +21.60%
2024-12-27 15:07:37,094 - DEBUG - Price: 0.49 | Bid Vol: 109,357 | Ask Vol: 69,447 | Imb: +22.32%
2024-12-27 15:07:40,001 - DEBUG - Price: 0.49 | Bid Vol: 80,431 | Ask Vol: 86,092 | Imb: -3.40%
2024-12-27 15:07:41,094 - DEBUG - Price: 0.49 | Bid Vol: 92,285 | Ask Vol: 79,027 | Imb: +7.74%
2024-12-27 15:07:42,040 - DEBUG - Price: 0.49 | Bid Vol: 80,657 | Ask Vol: 91,057 | Imb: -6.06%
2024-12-27 15:07:43,085 - DEBUG - Price: 0.49 | Bid Vol: 82,583 | Ask Vol: 90,877 | Imb: -4.78%
2024-12-27 15:07:44,002 - DEBUG - Price: 0.49 | Bid Vol: 76,245 | Ask Vol: 89,004 | Imb: -7.72%
2024-12-27 15:07:46,098 - DEBUG - Price: 0.49 | Bid Vol: 79,853 | Ask Vol: 91,195 | Imb: -6.63%
2024-12-27 15:07:51,000 - DEBUG - Price: 0.49 | Bid Vol: 77,889 | Ask Vol: 89,717 | Imb: -7.06%
2024-12-27 15:07:52,025 - DEBUG - Price: 0.49 | Bid Vol: 77,684 | Ask Vol: 88,741 | Imb: -6.64%
2024-12-27 15:07:52,025 - DEBUG - Price: 0.49 | Bid Vol: 95,304 | Ask Vol: 83,024 | Imb: +6.89%
2024-12-27 15:07:52,098 - DEBUG - Price: 0.49 | Bid Vol: 95,304 | Ask Vol: 84,753 | Imb: +5.86%
2024-12-27 15:07:55,047 - DEBUG - Price: 0.49 | Bid Vol: 96,321 | Ask Vol: 76,180 | Imb: +11.68%
2024-12-27 15:07:58,033 - DEBUG - Price: 0.49 | Bid Vol: 94,157 | Ask Vol: 78,963 | Imb: +8.78%
2024-12-27 15:08:00,051 - DEBUG - Минутная статистика: Avg Imb: 1.69% (min: -88.27%, max: 24.32%), Avg Bid Vol: 88163, Avg Ask Vol: 84303
2024-12-27 15:08:00,052 - DEBUG - Price: 0.49 | Bid Vol: 100,053 | Ask Vol: 81,601 | Imb: +10.16%
2024-12-27 15:08:04,038 - DEBUG - Price: 0.49 | Bid Vol: 97,815 | Ask Vol: 84,977 | Imb: +7.02%
2024-12-27 15:08:05,021 - DEBUG - Price: 0.49 | Bid Vol: 84,120 | Ask Vol: 87,382 | Imb: -1.90%
2024-12-27 15:08:06,056 - DEBUG - Price: 0.49 | Bid Vol: 88,438 | Ask Vol: 84,958 | Imb: +2.01%
2024-12-27 15:08:10,097 - DEBUG - Price: 0.49 | Bid Vol: 115,468 | Ask Vol: 80,295 | Imb: +17.97%
2024-12-27 15:08:11,057 - DEBUG - Price: 0.49 | Bid Vol: 118,330 | Ask Vol: 76,934 | Imb: +21.20%
2024-12-27 15:08:12,062 - DEBUG - Price: 0.49 | Bid Vol: 107,440 | Ask Vol: 78,182 | Imb: +15.76%
2024-12-27 15:08:12,063 - DEBUG - Price: 0.49 | Bid Vol: 107,526 | Ask Vol: 78,698 | Imb: +15.48%
2024-12-27 15:08:13,064 - DEBUG - Price: 0.49 | Bid Vol: 119,318 | Ask Vol: 78,416 | Imb: +20.69%
2024-12-27 15:08:14,057 - DEBUG - Price: 0.49 | Bid Vol: 90,185 | Ask Vol: 92,362 | Imb: -1.19%
2024-12-27 15:08:15,007 - DEBUG - Price: 0.49 | Bid Vol: 109,412 | Ask Vol: 78,540 | Imb: +16.43%
2024-12-27 15:08:16,009 - DEBUG - Price: 0.49 | Bid Vol: 105,920 | Ask Vol: 79,794 | Imb: +14.07%
2024-12-27 15:08:17,017 - DEBUG - Price: 0.49 | Bid Vol: 105,916 | Ask Vol: 80,007 | Imb: +13.94%
2024-12-27 15:08:18,043 - DEBUG - Price: 0.49 | Bid Vol: 107,604 | Ask Vol: 91,282 | Imb: +8.21%
2024-12-27 15:08:19,057 - DEBUG - Price: 0.49 | Bid Vol: 86,739 | Ask Vol: 90,871 | Imb: -2.33%
2024-12-27 15:08:27,096 - DEBUG - Price: 0.49 | Bid Vol: 89,892 | Ask Vol: 87,921 | Imb: +1.11%
2024-12-27 15:08:28,005 - DEBUG - Price: 0.49 | Bid Vol: 87,170 | Ask Vol: 88,546 | Imb: -0.78%
2024-12-27 15:08:29,013 - DEBUG - Price: 0.49 | Bid Vol: 87,834 | Ask Vol: 91,280 | Imb: -1.92%
2024-12-27 15:08:30,089 - DEBUG - Price: 0.49 | Bid Vol: 104,037 | Ask Vol: 82,809 | Imb: +11.36%
2024-12-27 15:08:32,030 - DEBUG - Price: 0.49 | Bid Vol: 107,319 | Ask Vol: 81,120 | Imb: +13.90%
2024-12-27 15:08:33,062 - DEBUG - Price: 0.49 | Bid Vol: 102,114 | Ask Vol: 81,674 | Imb: +11.12%
2024-12-27 15:08:34,046 - DEBUG - Price: 0.49 | Bid Vol: 103,486 | Ask Vol: 81,932 | Imb: +11.62%
2024-12-27 15:08:37,016 - DEBUG - Price: 0.49 | Bid Vol: 118,003 | Ask Vol: 72,446 | Imb: +23.92%
2024-12-27 15:08:37,045 - DEBUG - Price: 0.49 | Bid Vol: 107,194 | Ask Vol: 76,243 | Imb: +16.87%
2024-12-27 15:08:38,002 - DEBUG - Price: 0.49 | Bid Vol: 95,293 | Ask Vol: 75,154 | Imb: +11.82%
2024-12-27 15:08:39,084 - DEBUG - Price: 0.49 | Bid Vol: 96,040 | Ask Vol: 74,941 | Imb: +12.34%
2024-12-27 15:08:41,040 - DEBUG - Price: 0.49 | Bid Vol: 99,301 | Ask Vol: 72,528 | Imb: +15.58%
2024-12-27 15:08:42,072 - DEBUG - Price: 0.49 | Bid Vol: 97,577 | Ask Vol: 72,506 | Imb: +14.74%
2024-12-27 15:08:44,094 - DEBUG - Price: 0.49 | Bid Vol: 85,052 | Ask Vol: 83,887 | Imb: +0.69%
2024-12-27 15:08:46,029 - DEBUG - Price: 0.49 | Bid Vol: 103,087 | Ask Vol: 85,208 | Imb: +9.50%
2024-12-27 15:08:47,044 - DEBUG - Price: 0.49 | Bid Vol: 81,498 | Ask Vol: 86,068 | Imb: -2.73%
2024-12-27 15:08:49,066 - DEBUG - Price: 0.49 | Bid Vol: 80,581 | Ask Vol: 85,222 | Imb: -2.80%
2024-12-27 15:08:51,035 - DEBUG - Price: 0.49 | Bid Vol: 76,086 | Ask Vol: 85,507 | Imb: -5.83%
2024-12-27 15:08:54,010 - DEBUG - Price: 0.49 | Bid Vol: 73,520 | Ask Vol: 94,799 | Imb: -12.64%
2024-12-27 15:08:54,012 - DEBUG - Price: 0.49 | Bid Vol: 74,750 | Ask Vol: 90,205 | Imb: -9.37%
2024-12-27 15:08:54,012 - DEBUG - Price: 0.49 | Bid Vol: 76,657 | Ask Vol: 90,089 | Imb: -8.06%
2024-12-27 15:08:54,012 - DEBUG - Price: 0.49 | Bid Vol: 76,673 | Ask Vol: 90,105 | Imb: -8.05%
2024-12-27 15:08:54,012 - DEBUG - Price: 0.49 | Bid Vol: 77,877 | Ask Vol: 90,063 | Imb: -7.26%
2024-12-27 15:08:54,056 - DEBUG - Price: 0.49 | Bid Vol: 77,877 | Ask Vol: 90,057 | Imb: -7.25%
2024-12-27 15:08:57,043 - DEBUG - Price: 0.49 | Bid Vol: 75,009 | Ask Vol: 93,516 | Imb: -10.98%
2024-12-27 15:09:00,140 - DEBUG - Минутная статистика: Avg Imb: 7.02% (min: -12.64%, max: 24.12%), Avg Bid Vol: 96782, Avg Ask Vol: 83503
2024-12-27 15:09:01,025 - DEBUG - Price: 0.49 | Bid Vol: 86,779 | Ask Vol: 92,054 | Imb: -2.95%
2024-12-27 15:09:04,093 - DEBUG - Price: 0.49 | Bid Vol: 91,073 | Ask Vol: 90,992 | Imb: +0.04%
2024-12-27 15:09:07,043 - DEBUG - Price: 0.49 | Bid Vol: 116,937 | Ask Vol: 82,033 | Imb: +17.54%
2024-12-27 15:09:07,044 - DEBUG - Price: 0.49 | Bid Vol: 116,390 | Ask Vol: 82,032 | Imb: +17.32%
2024-12-27 15:09:08,015 - DEBUG - Price: 0.49 | Bid Vol: 113,832 | Ask Vol: 82,122 | Imb: +16.18%
2024-12-27 15:09:09,004 - DEBUG - Price: 0.49 | Bid Vol: 116,714 | Ask Vol: 76,244 | Imb: +20.97%
2024-12-27 15:09:11,071 - DEBUG - Price: 0.49 | Bid Vol: 77,234 | Ask Vol: 89,650 | Imb: -7.44%
2024-12-27 15:09:12,009 - DEBUG - Price: 0.49 | Bid Vol: 77,599 | Ask Vol: 88,460 | Imb: -6.54%
2024-12-27 15:09:12,018 - DEBUG - Price: 0.49 | Bid Vol: 78,089 | Ask Vol: 92,719 | Imb: -8.57%
2024-12-27 15:09:12,043 - DEBUG - Price: 0.49 | Bid Vol: 77,864 | Ask Vol: 93,421 | Imb: -9.08%
2024-12-27 15:09:12,043 - DEBUG - Price: 0.49 | Bid Vol: 92,805 | Ask Vol: 84,740 | Imb: +4.54%
2024-12-27 15:09:12,043 - DEBUG - Price: 0.49 | Bid Vol: 92,582 | Ask Vol: 84,530 | Imb: +4.55%
2024-12-27 15:09:13,036 - DEBUG - Price: 0.49 | Bid Vol: 90,501 | Ask Vol: 84,168 | Imb: +3.63%
2024-12-27 15:09:14,087 - DEBUG - Price: 0.49 | Bid Vol: 90,274 | Ask Vol: 92,388 | Imb: -1.16%
2024-12-27 15:09:15,012 - DEBUG - Price: 0.49 | Bid Vol: 90,331 | Ask Vol: 92,551 | Imb: -1.21%
2024-12-27 15:09:16,049 - DEBUG - Price: 0.49 | Bid Vol: 98,286 | Ask Vol: 96,222 | Imb: +1.06%
2024-12-27 15:09:19,025 - DEBUG - Price: 0.49 | Bid Vol: 91,165 | Ask Vol: 94,689 | Imb: -1.90%
2024-12-27 15:09:21,019 - DEBUG - Price: 0.49 | Bid Vol: 90,355 | Ask Vol: 94,823 | Imb: -2.41%
2024-12-27 15:09:22,085 - DEBUG - Price: 0.49 | Bid Vol: 90,446 | Ask Vol: 93,679 | Imb: -1.76%
2024-12-27 15:09:23,097 - DEBUG - Price: 0.49 | Bid Vol: 89,273 | Ask Vol: 96,395 | Imb: -3.84%
2024-12-27 15:09:27,001 - DEBUG - Price: 0.49 | Bid Vol: 84,928 | Ask Vol: 89,898 | Imb: -2.84%
2024-12-27 15:09:28,074 - DEBUG - Price: 0.49 | Bid Vol: 127,267 | Ask Vol: 80,685 | Imb: +22.40%
2024-12-27 15:09:29,029 - DEBUG - Price: 0.49 | Bid Vol: 110,147 | Ask Vol: 81,559 | Imb: +14.91%
2024-12-27 15:09:30,013 - DEBUG - Price: 0.49 | Bid Vol: 95,466 | Ask Vol: 82,600 | Imb: +7.23%
2024-12-27 15:09:31,016 - DEBUG - Price: 0.49 | Bid Vol: 94,154 | Ask Vol: 84,156 | Imb: +5.61%
2024-12-27 15:09:32,017 - DEBUG - Price: 0.49 | Bid Vol: 97,582 | Ask Vol: 89,368 | Imb: +4.39%
2024-12-27 15:09:33,031 - DEBUG - Price: 0.49 | Bid Vol: 97,375 | Ask Vol: 87,878 | Imb: +5.13%
2024-12-27 15:09:34,008 - DEBUG - Price: 0.49 | Bid Vol: 98,396 | Ask Vol: 82,607 | Imb: +8.72%
2024-12-27 15:09:35,071 - DEBUG - Price: 0.49 | Bid Vol: 96,394 | Ask Vol: 87,593 | Imb: +4.78%
2024-12-27 15:09:39,007 - DEBUG - Price: 0.49 | Bid Vol: 115,522 | Ask Vol: 86,471 | Imb: +14.38%
2024-12-27 15:09:40,029 - DEBUG - Price: 0.49 | Bid Vol: 116,349 | Ask Vol: 86,506 | Imb: +14.71%
2024-12-27 15:09:40,031 - DEBUG - Price: 0.49 | Bid Vol: 116,349 | Ask Vol: 86,509 | Imb: +14.71%
2024-12-27 15:09:41,083 - DEBUG - Price: 0.49 | Bid Vol: 116,835 | Ask Vol: 82,684 | Imb: +17.12%
2024-12-27 15:09:42,011 - DEBUG - Price: 0.49 | Bid Vol: 118,502 | Ask Vol: 79,755 | Imb: +19.54%
2024-12-27 15:09:42,096 - DEBUG - Price: 0.49 | Bid Vol: 118,502 | Ask Vol: 79,755 | Imb: +19.54%
2024-12-27 15:09:43,073 - DEBUG - Price: 0.49 | Bid Vol: 100,808 | Ask Vol: 89,178 | Imb: +6.12%
2024-12-27 15:09:44,063 - DEBUG - Price: 0.49 | Bid Vol: 116,918 | Ask Vol: 84,581 | Imb: +16.05%
2024-12-27 15:09:45,032 - DEBUG - Price: 0.49 | Bid Vol: 116,316 | Ask Vol: 84,954 | Imb: +15.58%
2024-12-27 15:09:46,048 - DEBUG - Price: 0.49 | Bid Vol: 115,098 | Ask Vol: 85,395 | Imb: +14.81%
2024-12-27 15:09:47,091 - DEBUG - Price: 0.49 | Bid Vol: 122,451 | Ask Vol: 78,757 | Imb: +21.72%
2024-12-27 15:09:48,022 - DEBUG - Price: 0.49 | Bid Vol: 102,366 | Ask Vol: 82,708 | Imb: +10.62%
2024-12-27 15:09:49,002 - DEBUG - Price: 0.49 | Bid Vol: 112,596 | Ask Vol: 79,096 | Imb: +17.48%
2024-12-27 15:09:50,019 - DEBUG - Price: 0.49 | Bid Vol: 114,232 | Ask Vol: 77,960 | Imb: +18.87%
2024-12-27 15:09:51,029 - DEBUG - Price: 0.49 | Bid Vol: 104,830 | Ask Vol: 74,478 | Imb: +16.93%
2024-12-27 15:09:52,036 - DEBUG - Price: 0.49 | Bid Vol: 98,917 | Ask Vol: 79,185 | Imb: +11.08%
2024-12-27 15:09:52,037 - DEBUG - Price: 0.49 | Bid Vol: 84,591 | Ask Vol: 97,187 | Imb: -6.93%
2024-12-27 15:09:52,037 - DEBUG - Price: 0.49 | Bid Vol: 101,763 | Ask Vol: 75,996 | Imb: +14.50%
2024-12-27 15:09:52,047 - DEBUG - Price: 0.49 | Bid Vol: 101,769 | Ask Vol: 75,996 | Imb: +14.50%
2024-12-27 15:09:54,094 - DEBUG - Price: 0.49 | Bid Vol: 89,188 | Ask Vol: 83,845 | Imb: +3.09%
2024-12-27 15:09:57,094 - DEBUG - Price: 0.49 | Bid Vol: 101,764 | Ask Vol: 82,924 | Imb: +10.20%
2024-12-27 15:09:58,079 - DEBUG - Price: 0.49 | Bid Vol: 97,338 | Ask Vol: 84,550 | Imb: +7.03%
2024-12-27 15:09:59,070 - DEBUG - Price: 0.49 | Bid Vol: 98,289 | Ask Vol: 84,447 | Imb: +7.57%
2024-12-27 15:10:00,191 - DEBUG - Минутная статистика: Avg Imb: 7.04% (min: -9.67%, max: 34.46%), Avg Bid Vol: 100309, Avg Ask Vol: 86584
2024-12-27 15:10:01,064 - DEBUG - Price: 0.49 | Bid Vol: 98,304 | Ask Vol: 86,231 | Imb: +6.54%
2024-12-27 15:10:04,079 - DEBUG - Price: 0.49 | Bid Vol: 120,435 | Ask Vol: 92,285 | Imb: +13.23%
2024-12-27 15:10:06,090 - DEBUG - Price: 0.49 | Bid Vol: 124,882 | Ask Vol: 70,890 | Imb: +27.58%
2024-12-27 15:10:07,002 - DEBUG - Price: 0.49 | Bid Vol: 123,198 | Ask Vol: 73,585 | Imb: +25.21%
2024-12-27 15:10:09,087 - DEBUG - Price: 0.49 | Bid Vol: 145,292 | Ask Vol: 76,402 | Imb: +31.07%
2024-12-27 15:10:10,041 - DEBUG - Price: 0.49 | Bid Vol: 124,013 | Ask Vol: 73,993 | Imb: +25.26%
2024-12-27 15:10:15,003 - DEBUG - Price: 0.49 | Bid Vol: 99,475 | Ask Vol: 91,077 | Imb: +4.41%
2024-12-27 15:10:16,045 - DEBUG - Price: 0.49 | Bid Vol: 101,855 | Ask Vol: 88,397 | Imb: +7.07%
2024-12-27 15:10:17,056 - DEBUG - Price: 0.49 | Bid Vol: 101,761 | Ask Vol: 88,397 | Imb: +7.03%
2024-12-27 15:10:18,096 - DEBUG - Price: 0.49 | Bid Vol: 101,990 | Ask Vol: 88,219 | Imb: +7.24%
2024-12-27 15:10:19,011 - DEBUG - Price: 0.49 | Bid Vol: 97,441 | Ask Vol: 90,954 | Imb: +3.44%
2024-12-27 15:10:20,088 - DEBUG - Price: 0.49 | Bid Vol: 117,069 | Ask Vol: 80,721 | Imb: +18.38%
2024-12-27 15:10:23,022 - DEBUG - Price: 0.49 | Bid Vol: 111,170 | Ask Vol: 87,726 | Imb: +11.79%
2024-12-27 15:10:26,009 - DEBUG - Price: 0.49 | Bid Vol: 106,755 | Ask Vol: 86,917 | Imb: +10.24%
2024-12-27 15:10:26,012 - DEBUG - Price: 0.49 | Bid Vol: 96,722 | Ask Vol: 82,320 | Imb: +8.04%
2024-12-27 15:10:26,012 - DEBUG - Price: 0.49 | Bid Vol: 101,039 | Ask Vol: 81,872 | Imb: +10.48%
2024-12-27 15:10:26,012 - DEBUG - Price: 0.49 | Bid Vol: 101,039 | Ask Vol: 87,394 | Imb: +7.24%
2024-12-27 15:10:27,044 - DEBUG - Price: 0.49 | Bid Vol: 114,974 | Ask Vol: 80,703 | Imb: +17.51%
2024-12-27 15:10:30,020 - DEBUG - Price: 0.49 | Bid Vol: 116,748 | Ask Vol: 73,753 | Imb: +22.57%
2024-12-27 15:10:31,030 - DEBUG - Price: 0.49 | Bid Vol: 115,131 | Ask Vol: 80,038 | Imb: +17.98%
2024-12-27 15:10:32,006 - DEBUG - Price: 0.49 | Bid Vol: 115,091 | Ask Vol: 80,044 | Imb: +17.96%
2024-12-27 15:10:33,098 - DEBUG - Price: 0.49 | Bid Vol: 115,423 | Ask Vol: 80,044 | Imb: +18.10%
2024-12-27 15:10:34,053 - DEBUG - Price: 0.49 | Bid Vol: 99,508 | Ask Vol: 89,381 | Imb: +5.36%
2024-12-27 15:10:40,016 - DEBUG - Price: 0.49 | Bid Vol: 112,793 | Ask Vol: 79,736 | Imb: +17.17%
2024-12-27 15:10:40,017 - DEBUG - Price: 0.49 | Bid Vol: 112,793 | Ask Vol: 79,722 | Imb: +17.18%
2024-12-27 15:10:40,017 - DEBUG - Price: 0.49 | Bid Vol: 119,582 | Ask Vol: 66,527 | Imb: +28.51%
2024-12-27 15:10:40,017 - DEBUG - Price: 0.49 | Bid Vol: 125,042 | Ask Vol: 80,981 | Imb: +21.39%
2024-12-27 15:10:40,097 - DEBUG - Price: 0.49 | Bid Vol: 105,097 | Ask Vol: 82,054 | Imb: +12.31%
