2024-12-27 12:48:12,101 - INFO - Starting order monitoring system
2024-12-27 12:48:12,102 - DEBUG - Attempting to connect to: wss://fstream.binance.com/ws/strkusdt@depth@100ms
2024-12-27 12:48:13,528 - INFO - Connected to Binance Futures WebSocket for strkusdt
2024-12-27 12:48:15,051 - DEBUG - Проверка обновления истории в 2024-12-27 12:48:15.051149
2024-12-27 12:48:15,051 - DEBUG - Обновление 1m данных
2024-12-27 12:48:15,051 - DEBUG - Добавлены данные для 1m: imbalance=2.47, bid_vol=106139, ask_vol=101028
2024-12-27 12:48:15,051 - DEBUG - Обновление 5m данных
2024-12-27 12:48:15,051 - DEBUG - Добавлены данные для 5m: imbalance=2.47, bid_vol=106139, ask_vol=101028
2024-12-27 12:48:15,051 - DEBUG - Обновление 15m данных
2024-12-27 12:48:15,051 - DEBUG - Добавлены данные для 15m: imbalance=2.47, bid_vol=106139, ask_vol=101028
2024-12-27 12:48:15,051 - DEBUG - Price: 0.48 | Bid Vol: 106,139 | Ask Vol: 101,028 | Imb: +2.47%
2024-12-27 12:48:16,077 - DEBUG - Проверка обновления истории в 2024-12-27 12:48:16.077147
2024-12-27 12:48:16,077 - DEBUG - Price: 0.48 | Bid Vol: 106,560 | Ask Vol: 104,753 | Imb: +0.86%
2024-12-27 12:48:17,020 - DEBUG - Проверка обновления истории в 2024-12-27 12:48:17.020149
2024-12-27 12:48:17,021 - DEBUG - Price: 0.48 | Bid Vol: 133,977 | Ask Vol: 128,530 | Imb: +2.08%
2024-12-27 12:48:18,071 - DEBUG - Проверка обновления истории в 2024-12-27 12:48:18.071148
2024-12-27 12:48:18,071 - DEBUG - Price: 0.48 | Bid Vol: 132,733 | Ask Vol: 116,276 | Imb: +6.61%
2024-12-27 12:48:20,023 - DEBUG - Проверка обновления истории в 2024-12-27 12:48:20.023182
2024-12-27 12:48:20,023 - DEBUG - Price: 0.48 | Bid Vol: 130,308 | Ask Vol: 111,651 | Imb: +7.71%
2024-12-27 12:48:22,083 - DEBUG - Проверка обновления истории в 2024-12-27 12:48:22.083181
2024-12-27 12:48:22,083 - DEBUG - Price: 0.48 | Bid Vol: 116,326 | Ask Vol: 125,225 | Imb: -3.68%
2024-12-27 12:48:23,005 - DEBUG - Проверка обновления истории в 2024-12-27 12:48:23.005155
2024-12-27 12:48:23,005 - DEBUG - Price: 0.48 | Bid Vol: 122,807 | Ask Vol: 120,628 | Imb: +0.90%
2024-12-27 12:48:24,002 - DEBUG - Проверка обновления истории в 2024-12-27 12:48:24.002154
2024-12-27 12:48:24,002 - DEBUG - Price: 0.48 | Bid Vol: 122,442 | Ask Vol: 120,697 | Imb: +0.72%
2024-12-27 12:48:26,024 - DEBUG - Проверка обновления истории в 2024-12-27 12:48:26.024181
2024-12-27 12:48:26,025 - DEBUG - Price: 0.48 | Bid Vol: 128,711 | Ask Vol: 111,109 | Imb: +7.34%
2024-12-27 12:48:26,025 - DEBUG - Проверка обновления истории в 2024-12-27 12:48:26.025157
2024-12-27 12:48:26,025 - DEBUG - Price: 0.48 | Bid Vol: 107,915 | Ask Vol: 141,554 | Imb: -13.48%
2024-12-27 12:48:26,025 - DEBUG - Проверка обновления истории в 2024-12-27 12:48:26.025157
2024-12-27 12:48:26,025 - DEBUG - Price: 0.48 | Bid Vol: 111,153 | Ask Vol: 132,262 | Imb: -8.67%
2024-12-27 12:48:27,013 - DEBUG - Проверка обновления истории в 2024-12-27 12:48:27.013170
2024-12-27 12:48:27,013 - DEBUG - Price: 0.48 | Bid Vol: 115,493 | Ask Vol: 141,453 | Imb: -10.10%
2024-12-27 12:48:28,097 - DEBUG - Проверка обновления истории в 2024-12-27 12:48:28.097154
2024-12-27 12:48:28,097 - DEBUG - Price: 0.48 | Bid Vol: 115,680 | Ask Vol: 142,985 | Imb: -10.56%
2024-12-27 12:48:31,095 - DEBUG - Проверка обновления истории в 2024-12-27 12:48:31.095181
2024-12-27 12:48:31,095 - DEBUG - Price: 0.48 | Bid Vol: 140,822 | Ask Vol: 88,779 | Imb: +22.67%
2024-12-27 12:48:33,096 - DEBUG - Проверка обновления истории в 2024-12-27 12:48:33.096157
2024-12-27 12:48:33,096 - DEBUG - Price: 0.48 | Bid Vol: 118,606 | Ask Vol: 100,150 | Imb: +8.44%
2024-12-27 12:48:34,035 - DEBUG - Проверка обновления истории в 2024-12-27 12:48:34.035157
2024-12-27 12:48:34,035 - DEBUG - Price: 0.48 | Bid Vol: 118,621 | Ask Vol: 99,275 | Imb: +8.88%
2024-12-27 12:48:37,086 - DEBUG - Проверка обновления истории в 2024-12-27 12:48:37.086157
2024-12-27 12:48:37,086 - DEBUG - Price: 0.48 | Bid Vol: 121,874 | Ask Vol: 97,884 | Imb: +10.92%
2024-12-27 12:48:38,017 - DEBUG - Проверка обновления истории в 2024-12-27 12:48:38.017181
2024-12-27 12:48:38,017 - DEBUG - Price: 0.48 | Bid Vol: 132,523 | Ask Vol: 97,884 | Imb: +15.03%
2024-12-27 12:48:39,016 - DEBUG - Проверка обновления истории в 2024-12-27 12:48:39.016181
2024-12-27 12:48:39,016 - DEBUG - Price: 0.48 | Bid Vol: 136,302 | Ask Vol: 99,832 | Imb: +15.44%
2024-12-27 12:48:41,096 - DEBUG - Проверка обновления истории в 2024-12-27 12:48:41.096154
2024-12-27 12:48:41,096 - DEBUG - Price: 0.48 | Bid Vol: 104,400 | Ask Vol: 88,544 | Imb: +8.22%
2024-12-27 12:48:42,083 - DEBUG - Проверка обновления истории в 2024-12-27 12:48:42.083182
2024-12-27 12:48:42,083 - DEBUG - Price: 0.48 | Bid Vol: 107,709 | Ask Vol: 90,652 | Imb: +8.60%
2024-12-27 12:48:43,032 - DEBUG - Проверка обновления истории в 2024-12-27 12:48:43.032155
2024-12-27 12:48:43,032 - DEBUG - Price: 0.48 | Bid Vol: 101,977 | Ask Vol: 96,458 | Imb: +2.78%
2024-12-27 12:48:43,032 - DEBUG - Проверка обновления истории в 2024-12-27 12:48:43.032155
2024-12-27 12:48:43,032 - DEBUG - Price: 0.48 | Bid Vol: 104,342 | Ask Vol: 96,531 | Imb: +3.89%
2024-12-27 12:48:43,032 - DEBUG - Проверка обновления истории в 2024-12-27 12:48:43.032155
2024-12-27 12:48:43,032 - DEBUG - Price: 0.48 | Bid Vol: 104,242 | Ask Vol: 96,531 | Imb: +3.84%
2024-12-27 12:48:44,065 - DEBUG - Проверка обновления истории в 2024-12-27 12:48:44.065156
2024-12-27 12:48:44,065 - DEBUG - Price: 0.48 | Bid Vol: 101,791 | Ask Vol: 95,104 | Imb: +3.40%
2024-12-27 12:48:45,093 - DEBUG - Проверка обновления истории в 2024-12-27 12:48:45.093155
2024-12-27 12:48:45,094 - DEBUG - Price: 0.48 | Bid Vol: 102,820 | Ask Vol: 95,117 | Imb: +3.89%
2024-12-27 12:48:46,020 - DEBUG - Проверка обновления истории в 2024-12-27 12:48:46.020156
2024-12-27 12:48:46,020 - DEBUG - Price: 0.48 | Bid Vol: 113,902 | Ask Vol: 95,452 | Imb: +8.81%
2024-12-27 12:48:48,091 - DEBUG - Проверка обновления истории в 2024-12-27 12:48:48.091154
2024-12-27 12:48:48,091 - DEBUG - Price: 0.48 | Bid Vol: 116,031 | Ask Vol: 91,399 | Imb: +11.87%
2024-12-27 12:48:49,051 - DEBUG - Проверка обновления истории в 2024-12-27 12:48:49.051154
2024-12-27 12:48:49,051 - DEBUG - Price: 0.48 | Bid Vol: 117,021 | Ask Vol: 90,155 | Imb: +12.97%
2024-12-27 12:48:50,005 - DEBUG - Проверка обновления истории в 2024-12-27 12:48:50.005157
2024-12-27 12:48:50,005 - DEBUG - Price: 0.48 | Bid Vol: 114,884 | Ask Vol: 95,056 | Imb: +9.44%
2024-12-27 12:48:51,083 - DEBUG - Проверка обновления истории в 2024-12-27 12:48:51.083182
2024-12-27 12:48:51,083 - DEBUG - Price: 0.48 | Bid Vol: 117,978 | Ask Vol: 96,519 | Imb: +10.00%
2024-12-27 12:48:55,037 - DEBUG - Проверка обновления истории в 2024-12-27 12:48:55.037155
2024-12-27 12:48:55,037 - DEBUG - Price: 0.48 | Bid Vol: 125,190 | Ask Vol: 92,083 | Imb: +15.24%
2024-12-27 12:48:55,037 - DEBUG - Проверка обновления истории в 2024-12-27 12:48:55.037155
2024-12-27 12:48:55,037 - DEBUG - Price: 0.48 | Bid Vol: 125,190 | Ask Vol: 92,083 | Imb: +15.24%
2024-12-27 12:48:55,038 - DEBUG - Проверка обновления истории в 2024-12-27 12:48:55.038157
2024-12-27 12:48:55,038 - DEBUG - Price: 0.48 | Bid Vol: 125,196 | Ask Vol: 92,083 | Imb: +15.24%
2024-12-27 12:48:55,038 - DEBUG - Проверка обновления истории в 2024-12-27 12:48:55.038157
2024-12-27 12:48:55,038 - DEBUG - Price: 0.48 | Bid Vol: 125,196 | Ask Vol: 92,092 | Imb: +15.24%
2024-12-27 12:48:55,038 - DEBUG - Проверка обновления истории в 2024-12-27 12:48:55.038157
2024-12-27 12:48:55,038 - DEBUG - Price: 0.48 | Bid Vol: 125,295 | Ask Vol: 92,092 | Imb: +15.27%
2024-12-27 12:48:55,082 - DEBUG - Проверка обновления истории в 2024-12-27 12:48:55.082181
2024-12-27 12:48:55,082 - DEBUG - Price: 0.48 | Bid Vol: 124,063 | Ask Vol: 92,092 | Imb: +14.79%
2024-12-27 12:48:56,031 - DEBUG - Проверка обновления истории в 2024-12-27 12:48:56.031154
2024-12-27 12:48:56,031 - DEBUG - Price: 0.48 | Bid Vol: 121,818 | Ask Vol: 95,672 | Imb: +12.02%
2024-12-27 12:48:57,065 - DEBUG - Проверка обновления истории в 2024-12-27 12:48:57.065156
2024-12-27 12:48:57,065 - DEBUG - Price: 0.48 | Bid Vol: 143,874 | Ask Vol: 91,396 | Imb: +22.31%
2024-12-27 12:48:59,091 - DEBUG - Проверка обновления истории в 2024-12-27 12:48:59.091180
2024-12-27 12:48:59,091 - DEBUG - Price: 0.48 | Bid Vol: 139,145 | Ask Vol: 90,719 | Imb: +21.07%
2024-12-27 12:49:01,072 - DEBUG - Проверка обновления истории в 2024-12-27 12:49:01.072154
2024-12-27 12:49:01,073 - DEBUG - Обновление 1m данных
2024-12-27 12:49:01,073 - DEBUG - Добавлены данные для 1m: imbalance=14.28, bid_vol=120629, ask_vol=90489
2024-12-27 12:49:01,073 - DEBUG - Price: 0.48 | Bid Vol: 120,629 | Ask Vol: 90,489 | Imb: +14.28%
2024-12-27 12:49:06,078 - DEBUG - Проверка обновления истории в 2024-12-27 12:49:06.077180
2024-12-27 12:49:06,078 - DEBUG - Price: 0.48 | Bid Vol: 121,185 | Ask Vol: 92,853 | Imb: +13.24%
2024-12-27 12:49:07,061 - DEBUG - Проверка обновления истории в 2024-12-27 12:49:07.061154
2024-12-27 12:49:07,061 - DEBUG - Price: 0.48 | Bid Vol: 120,599 | Ask Vol: 95,428 | Imb: +11.65%
2024-12-27 12:49:08,065 - DEBUG - Проверка обновления истории в 2024-12-27 12:49:08.065158
2024-12-27 12:49:08,065 - DEBUG - Price: 0.48 | Bid Vol: 119,706 | Ask Vol: 98,072 | Imb: +9.93%
2024-12-27 12:49:09,090 - DEBUG - Проверка обновления истории в 2024-12-27 12:49:09.090154
2024-12-27 12:49:09,090 - DEBUG - Price: 0.48 | Bid Vol: 111,069 | Ask Vol: 84,742 | Imb: +13.45%
2024-12-27 12:49:10,031 - DEBUG - Проверка обновления истории в 2024-12-27 12:49:10.031183
2024-12-27 12:49:10,031 - DEBUG - Price: 0.48 | Bid Vol: 115,851 | Ask Vol: 80,627 | Imb: +17.93%
2024-12-27 12:49:12,006 - DEBUG - Проверка обновления истории в 2024-12-27 12:49:12.006185
2024-12-27 12:49:12,006 - DEBUG - Price: 0.48 | Bid Vol: 107,568 | Ask Vol: 97,240 | Imb: +5.04%
2024-12-27 12:49:15,082 - DEBUG - Проверка обновления истории в 2024-12-27 12:49:15.082181
2024-12-27 12:49:15,082 - DEBUG - Price: 0.48 | Bid Vol: 107,961 | Ask Vol: 96,671 | Imb: +5.52%
2024-12-27 12:49:18,097 - DEBUG - Проверка обновления истории в 2024-12-27 12:49:18.097180
2024-12-27 12:49:18,097 - DEBUG - Price: 0.48 | Bid Vol: 120,345 | Ask Vol: 93,279 | Imb: +12.67%
2024-12-27 12:49:19,057 - DEBUG - Проверка обновления истории в 2024-12-27 12:49:19.057180
2024-12-27 12:49:19,057 - DEBUG - Price: 0.48 | Bid Vol: 122,855 | Ask Vol: 79,983 | Imb: +21.14%
2024-12-27 12:49:22,052 - DEBUG - Проверка обновления истории в 2024-12-27 12:49:22.052206
2024-12-27 12:49:22,052 - DEBUG - Price: 0.48 | Bid Vol: 118,775 | Ask Vol: 113,021 | Imb: +2.48%
2024-12-27 12:49:23,032 - DEBUG - Проверка обновления истории в 2024-12-27 12:49:23.032210
2024-12-27 12:49:23,032 - DEBUG - Price: 0.48 | Bid Vol: 117,788 | Ask Vol: 86,626 | Imb: +15.24%
2024-12-27 12:49:24,011 - DEBUG - Проверка обновления истории в 2024-12-27 12:49:24.011179
2024-12-27 12:49:24,012 - DEBUG - Price: 0.48 | Bid Vol: 117,762 | Ask Vol: 85,228 | Imb: +16.03%
2024-12-27 12:49:29,023 - DEBUG - Проверка обновления истории в 2024-12-27 12:49:29.023179
2024-12-27 12:49:29,023 - DEBUG - Price: 0.48 | Bid Vol: 119,961 | Ask Vol: 81,400 | Imb: +19.15%
2024-12-27 12:49:31,029 - DEBUG - Проверка обновления истории в 2024-12-27 12:49:31.028181
2024-12-27 12:49:31,029 - DEBUG - Price: 0.48 | Bid Vol: 117,197 | Ask Vol: 85,642 | Imb: +15.56%
2024-12-27 12:49:33,089 - DEBUG - Проверка обновления истории в 2024-12-27 12:49:33.089877
2024-12-27 12:49:33,090 - DEBUG - Price: 0.48 | Bid Vol: 115,158 | Ask Vol: 89,301 | Imb: +12.65%
2024-12-27 12:49:33,090 - DEBUG - Проверка обновления истории в 2024-12-27 12:49:33.090879
2024-12-27 12:49:33,090 - DEBUG - Price: 0.48 | Bid Vol: 120,236 | Ask Vol: 79,308 | Imb: +20.51%
2024-12-27 12:49:33,090 - DEBUG - Проверка обновления истории в 2024-12-27 12:49:33.090879
2024-12-27 12:49:33,090 - DEBUG - Price: 0.48 | Bid Vol: 120,449 | Ask Vol: 79,341 | Imb: +20.58%
2024-12-27 12:49:33,091 - DEBUG - Проверка обновления истории в 2024-12-27 12:49:33.090879
2024-12-27 12:49:33,091 - DEBUG - Price: 0.48 | Bid Vol: 119,378 | Ask Vol: 79,794 | Imb: +19.87%
2024-12-27 12:49:34,067 - DEBUG - Проверка обновления истории в 2024-12-27 12:49:34.067878
2024-12-27 12:49:34,067 - DEBUG - Price: 0.48 | Bid Vol: 119,367 | Ask Vol: 80,046 | Imb: +19.72%
2024-12-27 12:49:35,060 - DEBUG - Проверка обновления истории в 2024-12-27 12:49:35.060878
2024-12-27 12:49:35,060 - DEBUG - Price: 0.48 | Bid Vol: 117,767 | Ask Vol: 76,571 | Imb: +21.20%
2024-12-27 12:49:36,021 - DEBUG - Проверка обновления истории в 2024-12-27 12:49:36.021877
2024-12-27 12:49:36,021 - DEBUG - Price: 0.48 | Bid Vol: 107,082 | Ask Vol: 93,285 | Imb: +6.89%
2024-12-27 12:49:37,042 - DEBUG - Проверка обновления истории в 2024-12-27 12:49:37.042879
2024-12-27 12:49:37,042 - DEBUG - Price: 0.48 | Bid Vol: 96,446 | Ask Vol: 93,278 | Imb: +1.67%
2024-12-27 12:49:39,097 - DEBUG - Проверка обновления истории в 2024-12-27 12:49:39.097878
2024-12-27 12:49:39,097 - DEBUG - Price: 0.48 | Bid Vol: 96,794 | Ask Vol: 92,848 | Imb: +2.08%
2024-12-27 12:49:41,035 - DEBUG - Проверка обновления истории в 2024-12-27 12:49:41.035878
2024-12-27 12:49:41,036 - DEBUG - Price: 0.48 | Bid Vol: 117,316 | Ask Vol: 103,491 | Imb: +6.26%
2024-12-27 12:49:42,037 - DEBUG - Проверка обновления истории в 2024-12-27 12:49:42.037878
2024-12-27 12:49:42,037 - DEBUG - Price: 0.48 | Bid Vol: 112,802 | Ask Vol: 93,884 | Imb: +9.15%
2024-12-27 12:49:44,021 - DEBUG - Проверка обновления истории в 2024-12-27 12:49:44.021877
2024-12-27 12:49:44,021 - DEBUG - Price: 0.48 | Bid Vol: 112,273 | Ask Vol: 93,917 | Imb: +8.90%
2024-12-27 12:49:45,046 - DEBUG - Проверка обновления истории в 2024-12-27 12:49:45.046877
2024-12-27 12:49:45,047 - DEBUG - Price: 0.48 | Bid Vol: 118,910 | Ask Vol: 88,303 | Imb: +14.77%
2024-12-27 12:49:47,031 - DEBUG - Проверка обновления истории в 2024-12-27 12:49:47.031898
2024-12-27 12:49:47,031 - DEBUG - Price: 0.48 | Bid Vol: 117,297 | Ask Vol: 86,504 | Imb: +15.11%
2024-12-27 12:49:48,015 - DEBUG - Проверка обновления истории в 2024-12-27 12:49:48.015879
2024-12-27 12:49:48,015 - DEBUG - Price: 0.48 | Bid Vol: 122,050 | Ask Vol: 84,363 | Imb: +18.26%
2024-12-27 12:49:49,070 - DEBUG - Проверка обновления истории в 2024-12-27 12:49:49.070878
2024-12-27 12:49:49,070 - DEBUG - Price: 0.48 | Bid Vol: 122,102 | Ask Vol: 85,076 | Imb: +17.87%
2024-12-27 12:49:51,095 - DEBUG - Проверка обновления истории в 2024-12-27 12:49:51.095879
2024-12-27 12:49:51,095 - DEBUG - Price: 0.48 | Bid Vol: 120,017 | Ask Vol: 106,290 | Imb: +6.07%
2024-12-27 12:49:53,009 - DEBUG - Проверка обновления истории в 2024-12-27 12:49:53.009878
2024-12-27 12:49:53,009 - DEBUG - Price: 0.48 | Bid Vol: 112,410 | Ask Vol: 102,756 | Imb: +4.49%
2024-12-27 12:49:55,080 - DEBUG - Проверка обновления истории в 2024-12-27 12:49:55.079904
2024-12-27 12:49:55,080 - DEBUG - Price: 0.48 | Bid Vol: 113,102 | Ask Vol: 102,268 | Imb: +5.03%
2024-12-27 12:49:56,019 - DEBUG - Проверка обновления истории в 2024-12-27 12:49:56.019887
2024-12-27 12:49:56,019 - DEBUG - Price: 0.48 | Bid Vol: 113,102 | Ask Vol: 100,619 | Imb: +5.84%
2024-12-27 12:50:00,072 - DEBUG - Проверка обновления истории в 2024-12-27 12:50:00.072906
2024-12-27 12:50:00,072 - DEBUG - Обновление 1m данных
2024-12-27 12:50:00,072 - DEBUG - Добавлены данные для 1m: imbalance=6.38, bid_vol=113918, ask_vol=100261
2024-12-27 12:50:00,072 - DEBUG - Обновление 5m данных
2024-12-27 12:50:00,072 - DEBUG - Добавлены данные для 5m: imbalance=6.38, bid_vol=113918, ask_vol=100261
2024-12-27 12:50:00,072 - DEBUG - Price: 0.48 | Bid Vol: 113,918 | Ask Vol: 100,261 | Imb: +6.38%
2024-12-27 12:50:00,072 - INFO - === СТАТИСТИКА 1M ===
1m  | Trend: -    | Imb:   +6.4% | Vol Ratio:  1.1
==================

=== СТАТИСТИКА 5M ===
5m  | Trend: -    | Imb:   +6.4% | Vol Ratio:  1.1
==================

2024-12-27 12:50:01,065 - DEBUG - Проверка обновления истории в 2024-12-27 12:50:01.065880
2024-12-27 12:50:01,065 - DEBUG - Price: 0.48 | Bid Vol: 114,322 | Ask Vol: 85,854 | Imb: +14.22%
2024-12-27 12:50:02,064 - DEBUG - Проверка обновления истории в 2024-12-27 12:50:02.064877
2024-12-27 12:50:02,065 - DEBUG - Price: 0.48 | Bid Vol: 110,000 | Ask Vol: 94,147 | Imb: +7.77%
2024-12-27 12:50:02,096 - DEBUG - Проверка обновления истории в 2024-12-27 12:50:02.096877
2024-12-27 12:50:02,096 - DEBUG - Price: 0.48 | Bid Vol: 110,000 | Ask Vol: 94,147 | Imb: +7.77%
2024-12-27 12:50:03,097 - DEBUG - Проверка обновления истории в 2024-12-27 12:50:03.097877
2024-12-27 12:50:03,097 - DEBUG - Price: 0.48 | Bid Vol: 125,381 | Ask Vol: 94,768 | Imb: +13.91%
2024-12-27 12:50:04,066 - DEBUG - Проверка обновления истории в 2024-12-27 12:50:04.066908
2024-12-27 12:50:04,066 - DEBUG - Price: 0.48 | Bid Vol: 126,412 | Ask Vol: 83,255 | Imb: +20.58%
2024-12-27 12:50:05,000 - DEBUG - Проверка обновления истории в 2024-12-27 12:50:05.000880
2024-12-27 12:50:05,001 - DEBUG - Price: 0.48 | Bid Vol: 126,538 | Ask Vol: 83,260 | Imb: +20.63%
2024-12-27 12:50:06,039 - DEBUG - Проверка обновления истории в 2024-12-27 12:50:06.039878
2024-12-27 12:50:06,039 - DEBUG - Price: 0.48 | Bid Vol: 124,128 | Ask Vol: 85,598 | Imb: +18.37%
2024-12-27 12:50:07,002 - DEBUG - Проверка обновления истории в 2024-12-27 12:50:07.002903
2024-12-27 12:50:07,002 - DEBUG - Price: 0.48 | Bid Vol: 117,427 | Ask Vol: 107,745 | Imb: +4.30%
2024-12-27 12:50:08,084 - DEBUG - Проверка обновления истории в 2024-12-27 12:50:08.084878
2024-12-27 12:50:08,084 - DEBUG - Price: 0.48 | Bid Vol: 109,578 | Ask Vol: 126,433 | Imb: -7.14%
2024-12-27 12:50:10,046 - DEBUG - Проверка обновления истории в 2024-12-27 12:50:10.046878
2024-12-27 12:50:10,046 - DEBUG - Price: 0.48 | Bid Vol: 119,676 | Ask Vol: 109,213 | Imb: +4.57%
2024-12-27 12:50:11,045 - DEBUG - Проверка обновления истории в 2024-12-27 12:50:11.045903
2024-12-27 12:50:11,045 - DEBUG - Price: 0.48 | Bid Vol: 125,318 | Ask Vol: 88,923 | Imb: +16.99%
2024-12-27 12:50:12,069 - DEBUG - Проверка обновления истории в 2024-12-27 12:50:12.069905
2024-12-27 12:50:12,070 - DEBUG - Price: 0.48 | Bid Vol: 126,918 | Ask Vol: 106,901 | Imb: +8.56%
2024-12-27 12:50:14,005 - DEBUG - Проверка обновления истории в 2024-12-27 12:50:14.005879
2024-12-27 12:50:14,005 - DEBUG - Price: 0.48 | Bid Vol: 126,556 | Ask Vol: 91,307 | Imb: +16.18%
2024-12-27 12:50:14,093 - DEBUG - Проверка обновления истории в 2024-12-27 12:50:14.093877
2024-12-27 12:50:14,093 - DEBUG - Price: 0.48 | Bid Vol: 123,567 | Ask Vol: 95,552 | Imb: +12.79%
2024-12-27 12:50:15,017 - DEBUG - Проверка обновления истории в 2024-12-27 12:50:15.017908
2024-12-27 12:50:15,017 - DEBUG - Price: 0.48 | Bid Vol: 120,820 | Ask Vol: 84,091 | Imb: +17.92%
2024-12-27 12:50:16,030 - DEBUG - Проверка обновления истории в 2024-12-27 12:50:16.030877
2024-12-27 12:50:16,030 - DEBUG - Price: 0.48 | Bid Vol: 116,384 | Ask Vol: 95,599 | Imb: +9.80%
2024-12-27 12:50:17,009 - DEBUG - Проверка обновления истории в 2024-12-27 12:50:17.009879
2024-12-27 12:50:17,009 - DEBUG - Price: 0.48 | Bid Vol: 116,383 | Ask Vol: 95,498 | Imb: +9.86%
2024-12-27 12:50:18,050 - DEBUG - Проверка обновления истории в 2024-12-27 12:50:18.050877
2024-12-27 12:50:18,050 - DEBUG - Price: 0.48 | Bid Vol: 123,713 | Ask Vol: 100,779 | Imb: +10.22%
2024-12-27 12:50:18,098 - DEBUG - Проверка обновления истории в 2024-12-27 12:50:18.098879
2024-12-27 12:50:18,098 - DEBUG - Price: 0.48 | Bid Vol: 123,900 | Ask Vol: 102,582 | Imb: +9.41%
2024-12-27 12:50:19,026 - DEBUG - Проверка обновления истории в 2024-12-27 12:50:19.026878
2024-12-27 12:50:19,026 - DEBUG - Price: 0.48 | Bid Vol: 127,944 | Ask Vol: 91,700 | Imb: +16.50%
2024-12-27 12:50:20,003 - DEBUG - Проверка обновления истории в 2024-12-27 12:50:20.003878
2024-12-27 12:50:20,003 - DEBUG - Price: 0.48 | Bid Vol: 123,203 | Ask Vol: 92,058 | Imb: +14.47%
2024-12-27 12:50:21,089 - DEBUG - Проверка обновления истории в 2024-12-27 12:50:21.089878
2024-12-27 12:50:21,089 - DEBUG - Price: 0.48 | Bid Vol: 134,532 | Ask Vol: 96,843 | Imb: +16.29%
2024-12-27 12:50:23,082 - DEBUG - Проверка обновления истории в 2024-12-27 12:50:23.082878
2024-12-27 12:50:23,083 - DEBUG - Price: 0.48 | Bid Vol: 117,079 | Ask Vol: 76,702 | Imb: +20.84%
2024-12-27 12:50:24,000 - DEBUG - Проверка обновления истории в 2024-12-27 12:50:24.000879
2024-12-27 12:50:24,001 - DEBUG - Price: 0.48 | Bid Vol: 117,563 | Ask Vol: 77,953 | Imb: +20.26%
2024-12-27 12:50:24,001 - DEBUG - Проверка обновления истории в 2024-12-27 12:50:24.001881
2024-12-27 12:50:24,001 - DEBUG - Price: 0.48 | Bid Vol: 117,964 | Ask Vol: 77,190 | Imb: +20.89%
2024-12-27 12:50:24,001 - DEBUG - Проверка обновления истории в 2024-12-27 12:50:24.001881
2024-12-27 12:50:24,001 - DEBUG - Price: 0.48 | Bid Vol: 120,142 | Ask Vol: 78,085 | Imb: +21.22%
2024-12-27 12:50:24,001 - DEBUG - Проверка обновления истории в 2024-12-27 12:50:24.001881
2024-12-27 12:50:24,001 - DEBUG - Price: 0.48 | Bid Vol: 112,264 | Ask Vol: 87,712 | Imb: +12.28%
2024-12-27 12:50:24,059 - DEBUG - Проверка обновления истории в 2024-12-27 12:50:24.059880
2024-12-27 12:50:24,059 - DEBUG - Price: 0.48 | Bid Vol: 114,012 | Ask Vol: 87,712 | Imb: +13.04%
2024-12-27 12:50:25,060 - DEBUG - Проверка обновления истории в 2024-12-27 12:50:25.060879
2024-12-27 12:50:25,060 - DEBUG - Price: 0.48 | Bid Vol: 122,368 | Ask Vol: 78,356 | Imb: +21.93%
2024-12-27 12:50:25,077 - DEBUG - Проверка обновления истории в 2024-12-27 12:50:25.077906
2024-12-27 12:50:25,077 - DEBUG - Price: 0.48 | Bid Vol: 122,368 | Ask Vol: 78,356 | Imb: +21.93%
2024-12-27 12:50:27,084 - DEBUG - Проверка обновления истории в 2024-12-27 12:50:27.083878
2024-12-27 12:50:27,084 - DEBUG - Price: 0.48 | Bid Vol: 124,529 | Ask Vol: 80,848 | Imb: +21.27%
2024-12-27 12:50:28,085 - DEBUG - Проверка обновления истории в 2024-12-27 12:50:28.085878
2024-12-27 12:50:28,085 - DEBUG - Price: 0.48 | Bid Vol: 124,181 | Ask Vol: 80,858 | Imb: +21.13%
2024-12-27 12:50:31,021 - DEBUG - Проверка обновления истории в 2024-12-27 12:50:31.020877
2024-12-27 12:50:31,021 - DEBUG - Price: 0.48 | Bid Vol: 115,297 | Ask Vol: 102,392 | Imb: +5.93%
2024-12-27 12:50:32,029 - DEBUG - Проверка обновления истории в 2024-12-27 12:50:32.029904
2024-12-27 12:50:32,029 - DEBUG - Price: 0.48 | Bid Vol: 115,196 | Ask Vol: 102,791 | Imb: +5.69%
2024-12-27 12:50:34,022 - DEBUG - Проверка обновления истории в 2024-12-27 12:50:34.022877
2024-12-27 12:50:34,022 - DEBUG - Price: 0.48 | Bid Vol: 123,074 | Ask Vol: 92,195 | Imb: +14.34%
2024-12-27 12:50:35,046 - DEBUG - Проверка обновления истории в 2024-12-27 12:50:35.046879
2024-12-27 12:50:35,046 - DEBUG - Price: 0.48 | Bid Vol: 116,447 | Ask Vol: 107,075 | Imb: +4.19%
2024-12-27 12:50:43,058 - DEBUG - Проверка обновления истории в 2024-12-27 12:50:43.058879
2024-12-27 12:50:43,058 - DEBUG - Price: 0.48 | Bid Vol: 123,261 | Ask Vol: 102,151 | Imb: +9.37%
2024-12-27 12:50:43,059 - DEBUG - Проверка обновления истории в 2024-12-27 12:50:43.059879
2024-12-27 12:50:43,059 - DEBUG - Price: 0.48 | Bid Vol: 123,008 | Ask Vol: 104,829 | Imb: +7.98%
2024-12-27 12:50:49,031 - DEBUG - Проверка обновления истории в 2024-12-27 12:50:49.030612
2024-12-27 12:50:49,031 - DEBUG - Price: 0.48 | Bid Vol: 106,078 | Ask Vol: 95,913 | Imb: +5.03%
2024-12-27 12:50:49,032 - DEBUG - Проверка обновления истории в 2024-12-27 12:50:49.032611
2024-12-27 12:50:49,032 - DEBUG - Price: 0.48 | Bid Vol: 106,091 | Ask Vol: 95,795 | Imb: +5.10%
2024-12-27 12:50:51,093 - DEBUG - Проверка обновления истории в 2024-12-27 12:50:51.093013
2024-12-27 12:50:51,093 - DEBUG - Price: 0.48 | Bid Vol: 107,852 | Ask Vol: 94,805 | Imb: +6.44%
2024-12-27 12:50:53,057 - DEBUG - Проверка обновления истории в 2024-12-27 12:50:53.057013
2024-12-27 12:50:53,057 - DEBUG - Price: 0.48 | Bid Vol: 111,187 | Ask Vol: 93,726 | Imb: +8.52%
2024-12-27 12:51:02,002 - DEBUG - Проверка обновления истории в 2024-12-27 12:51:02.002000
2024-12-27 12:51:02,002 - DEBUG - Обновление 1m данных
2024-12-27 12:51:02,002 - DEBUG - Добавлены данные для 1m: imbalance=8.57, bid_vol=122120, ask_vol=102842
2024-12-27 12:51:02,002 - DEBUG - Price: 0.48 | Bid Vol: 122,120 | Ask Vol: 102,842 | Imb: +8.57%
2024-12-27 12:51:02,002 - DEBUG - Проверка обновления истории в 2024-12-27 12:51:02.002000
2024-12-27 12:51:02,002 - DEBUG - Price: 0.48 | Bid Vol: 122,314 | Ask Vol: 102,842 | Imb: +8.65%
2024-12-27 12:51:02,002 - DEBUG - Проверка обновления истории в 2024-12-27 12:51:02.002000
2024-12-27 12:51:02,002 - DEBUG - Price: 0.48 | Bid Vol: 122,217 | Ask Vol: 102,842 | Imb: +8.61%
2024-12-27 12:51:02,002 - DEBUG - Проверка обновления истории в 2024-12-27 12:51:02.002988
2024-12-27 12:51:02,002 - DEBUG - Price: 0.48 | Bid Vol: 120,120 | Ask Vol: 105,104 | Imb: +6.67%
2024-12-27 12:51:02,002 - DEBUG - Проверка обновления истории в 2024-12-27 12:51:02.002988
2024-12-27 12:51:02,002 - DEBUG - Price: 0.48 | Bid Vol: 119,053 | Ask Vol: 105,968 | Imb: +5.82%
2024-12-27 12:51:07,038 - DEBUG - Проверка обновления истории в 2024-12-27 12:51:07.038013
2024-12-27 12:51:07,038 - DEBUG - Price: 0.48 | Bid Vol: 131,109 | Ask Vol: 97,295 | Imb: +14.80%
2024-12-27 12:51:07,038 - DEBUG - Проверка обновления истории в 2024-12-27 12:51:07.038987
2024-12-27 12:51:07,038 - DEBUG - Price: 0.48 | Bid Vol: 143,544 | Ask Vol: 96,785 | Imb: +19.46%
2024-12-27 12:51:07,038 - DEBUG - Проверка обновления истории в 2024-12-27 12:51:07.038987
2024-12-27 12:51:07,038 - DEBUG - Price: 0.48 | Bid Vol: 142,516 | Ask Vol: 83,075 | Imb: +26.35%
2024-12-27 12:51:07,038 - DEBUG - Проверка обновления истории в 2024-12-27 12:51:07.038987
2024-12-27 12:51:07,038 - DEBUG - Price: 0.48 | Bid Vol: 133,458 | Ask Vol: 97,985 | Imb: +15.33%
2024-12-27 12:51:07,040 - DEBUG - Проверка обновления истории в 2024-12-27 12:51:07.040012
2024-12-27 12:51:07,040 - DEBUG - Price: 0.48 | Bid Vol: 134,265 | Ask Vol: 98,480 | Imb: +15.38%
2024-12-27 12:51:07,040 - DEBUG - Проверка обновления истории в 2024-12-27 12:51:07.040012
2024-12-27 12:51:07,040 - DEBUG - Price: 0.48 | Bid Vol: 134,179 | Ask Vol: 98,480 | Imb: +15.34%
2024-12-27 12:51:07,041 - DEBUG - Проверка обновления истории в 2024-12-27 12:51:07.041012
2024-12-27 12:51:07,041 - DEBUG - Price: 0.48 | Bid Vol: 134,577 | Ask Vol: 98,480 | Imb: +15.49%
2024-12-27 12:51:07,046 - DEBUG - Проверка обновления истории в 2024-12-27 12:51:07.046013
2024-12-27 12:51:07,046 - DEBUG - Price: 0.48 | Bid Vol: 134,677 | Ask Vol: 98,480 | Imb: +15.52%
2024-12-27 12:51:17,075 - DEBUG - Проверка обновления истории в 2024-12-27 12:51:17.075988
2024-12-27 12:51:17,075 - DEBUG - Price: 0.48 | Bid Vol: 136,103 | Ask Vol: 95,939 | Imb: +17.31%
2024-12-27 12:51:17,089 - DEBUG - Проверка обновления истории в 2024-12-27 12:51:17.089013
2024-12-27 12:51:17,089 - DEBUG - Price: 0.48 | Bid Vol: 136,103 | Ask Vol: 96,159 | Imb: +17.20%
2024-12-27 12:51:18,047 - DEBUG - Проверка обновления истории в 2024-12-27 12:51:18.047012
2024-12-27 12:51:18,047 - DEBUG - Price: 0.48 | Bid Vol: 134,946 | Ask Vol: 96,514 | Imb: +16.60%
2024-12-27 12:51:18,065 - DEBUG - Проверка обновления истории в 2024-12-27 12:51:18.063986
2024-12-27 12:51:18,065 - DEBUG - Price: 0.48 | Bid Vol: 134,859 | Ask Vol: 96,521 | Imb: +16.57%
2024-12-27 12:51:19,097 - DEBUG - Проверка обновления истории в 2024-12-27 12:51:19.097012
2024-12-27 12:51:19,097 - DEBUG - Price: 0.48 | Bid Vol: 130,822 | Ask Vol: 101,827 | Imb: +12.46%
2024-12-27 12:51:20,090 - DEBUG - Проверка обновления истории в 2024-12-27 12:51:20.090012
2024-12-27 12:51:20,090 - DEBUG - Price: 0.48 | Bid Vol: 132,375 | Ask Vol: 99,970 | Imb: +13.95%
2024-12-27 12:51:21,013 - DEBUG - Проверка обновления истории в 2024-12-27 12:51:21.013986
2024-12-27 12:51:21,013 - DEBUG - Price: 0.48 | Bid Vol: 132,335 | Ask Vol: 99,947 | Imb: +13.94%
2024-12-27 12:51:22,012 - DEBUG - Проверка обновления истории в 2024-12-27 12:51:22.012012
2024-12-27 12:51:22,012 - DEBUG - Price: 0.48 | Bid Vol: 131,146 | Ask Vol: 102,700 | Imb: +12.16%
2024-12-27 12:51:24,001 - DEBUG - Проверка обновления истории в 2024-12-27 12:51:24.001014
2024-12-27 12:51:24,001 - DEBUG - Price: 0.48 | Bid Vol: 150,080 | Ask Vol: 99,214 | Imb: +20.40%
2024-12-27 12:51:26,051 - DEBUG - Проверка обновления истории в 2024-12-27 12:51:26.051988
2024-12-27 12:51:26,051 - DEBUG - Price: 0.48 | Bid Vol: 112,839 | Ask Vol: 99,185 | Imb: +6.44%
2024-12-27 12:51:28,001 - DEBUG - Проверка обновления истории в 2024-12-27 12:51:28.001987
2024-12-27 12:51:28,001 - DEBUG - Price: 0.48 | Bid Vol: 117,804 | Ask Vol: 104,010 | Imb: +6.22%
2024-12-27 12:51:32,015 - DEBUG - Проверка обновления истории в 2024-12-27 12:51:32.015985
2024-12-27 12:51:32,015 - DEBUG - Price: 0.48 | Bid Vol: 121,014 | Ask Vol: 102,807 | Imb: +8.13%
2024-12-27 12:51:38,089 - DEBUG - Проверка обновления истории в 2024-12-27 12:51:38.089985
2024-12-27 12:51:38,089 - DEBUG - Price: 0.48 | Bid Vol: 133,869 | Ask Vol: 97,288 | Imb: +15.82%
2024-12-27 12:51:40,033 - DEBUG - Проверка обновления истории в 2024-12-27 12:51:40.033986
2024-12-27 12:51:40,033 - DEBUG - Price: 0.48 | Bid Vol: 136,917 | Ask Vol: 99,487 | Imb: +15.83%
2024-12-27 12:51:42,020 - DEBUG - Проверка обновления истории в 2024-12-27 12:51:42.020987
2024-12-27 12:51:42,020 - DEBUG - Price: 0.48 | Bid Vol: 128,164 | Ask Vol: 100,391 | Imb: +12.15%
2024-12-27 12:51:42,046 - DEBUG - Проверка обновления истории в 2024-12-27 12:51:42.046006
2024-12-27 12:51:42,046 - DEBUG - Price: 0.48 | Bid Vol: 128,124 | Ask Vol: 100,391 | Imb: +12.14%
2024-12-27 12:51:42,060 - DEBUG - Проверка обновления истории в 2024-12-27 12:51:42.060015
2024-12-27 12:51:42,060 - DEBUG - Price: 0.48 | Bid Vol: 128,194 | Ask Vol: 100,405 | Imb: +12.16%
2024-12-27 12:51:42,093 - DEBUG - Проверка обновления истории в 2024-12-27 12:51:42.093987
2024-12-27 12:51:42,093 - DEBUG - Price: 0.48 | Bid Vol: 128,194 | Ask Vol: 100,405 | Imb: +12.16%
2024-12-27 12:51:48,005 - DEBUG - Проверка обновления истории в 2024-12-27 12:51:48.005012
2024-12-27 12:51:48,005 - DEBUG - Price: 0.48 | Bid Vol: 130,226 | Ask Vol: 92,329 | Imb: +17.03%
2024-12-27 12:51:48,029 - DEBUG - Проверка обновления истории в 2024-12-27 12:51:48.029012
2024-12-27 12:51:48,029 - DEBUG - Price: 0.48 | Bid Vol: 138,242 | Ask Vol: 92,868 | Imb: +19.63%
2024-12-27 12:51:48,050 - DEBUG - Проверка обновления истории в 2024-12-27 12:51:48.050988
2024-12-27 12:51:48,050 - DEBUG - Price: 0.48 | Bid Vol: 129,138 | Ask Vol: 87,169 | Imb: +19.40%
2024-12-27 12:51:48,054 - DEBUG - Проверка обновления истории в 2024-12-27 12:51:48.054008
2024-12-27 12:51:48,054 - DEBUG - Price: 0.48 | Bid Vol: 131,310 | Ask Vol: 88,493 | Imb: +19.48%
2024-12-27 12:51:48,056 - DEBUG - Проверка обновления истории в 2024-12-27 12:51:48.056012
2024-12-27 12:51:48,056 - DEBUG - Price: 0.48 | Bid Vol: 133,810 | Ask Vol: 86,578 | Imb: +21.43%
2024-12-27 12:51:48,061 - DEBUG - Проверка обновления истории в 2024-12-27 12:51:48.060012
2024-12-27 12:51:48,061 - DEBUG - Price: 0.48 | Bid Vol: 136,639 | Ask Vol: 83,428 | Imb: +24.18%
2024-12-27 12:51:49,022 - DEBUG - Проверка обновления истории в 2024-12-27 12:51:49.022988
2024-12-27 12:51:49,022 - DEBUG - Price: 0.48 | Bid Vol: 139,294 | Ask Vol: 88,216 | Imb: +22.45%
2024-12-27 12:51:49,037 - DEBUG - Проверка обновления истории в 2024-12-27 12:51:49.036988
2024-12-27 12:51:49,037 - DEBUG - Price: 0.48 | Bid Vol: 139,294 | Ask Vol: 88,447 | Imb: +22.33%
2024-12-27 12:51:49,042 - DEBUG - Проверка обновления истории в 2024-12-27 12:51:49.042012
2024-12-27 12:51:49,042 - DEBUG - Price: 0.48 | Bid Vol: 116,046 | Ask Vol: 109,409 | Imb: +2.94%
2024-12-27 12:51:49,044 - DEBUG - Проверка обновления истории в 2024-12-27 12:51:49.044012
2024-12-27 12:51:49,044 - DEBUG - Price: 0.48 | Bid Vol: 116,046 | Ask Vol: 109,409 | Imb: +2.94%
2024-12-27 12:51:49,050 - DEBUG - Проверка обновления истории в 2024-12-27 12:51:49.050013
2024-12-27 12:51:49,050 - DEBUG - Price: 0.48 | Bid Vol: 116,046 | Ask Vol: 109,409 | Imb: +2.94%
2024-12-27 12:51:49,053 - DEBUG - Проверка обновления истории в 2024-12-27 12:51:49.053013
2024-12-27 12:51:49,053 - DEBUG - Price: 0.48 | Bid Vol: 118,448 | Ask Vol: 105,866 | Imb: +5.61%
2024-12-27 12:51:50,012 - DEBUG - Проверка обновления истории в 2024-12-27 12:51:50.012014
2024-12-27 12:51:50,012 - DEBUG - Price: 0.48 | Bid Vol: 140,396 | Ask Vol: 86,200 | Imb: +23.92%
2024-12-27 12:51:50,016 - DEBUG - Проверка обновления истории в 2024-12-27 12:51:50.016016
2024-12-27 12:51:50,016 - DEBUG - Price: 0.48 | Bid Vol: 140,402 | Ask Vol: 86,200 | Imb: +23.92%
2024-12-27 12:51:50,020 - DEBUG - Проверка обновления истории в 2024-12-27 12:51:50.020012
2024-12-27 12:51:50,020 - DEBUG - Price: 0.48 | Bid Vol: 141,549 | Ask Vol: 107,273 | Imb: +13.78%
2024-12-27 12:51:50,022 - DEBUG - Проверка обновления истории в 2024-12-27 12:51:50.022013
2024-12-27 12:51:50,022 - DEBUG - Price: 0.48 | Bid Vol: 142,049 | Ask Vol: 107,273 | Imb: +13.95%
2024-12-27 12:51:50,025 - DEBUG - Проверка обновления истории в 2024-12-27 12:51:50.025012
2024-12-27 12:51:50,025 - DEBUG - Price: 0.48 | Bid Vol: 118,952 | Ask Vol: 107,284 | Imb: +5.16%
2024-12-27 12:51:51,090 - DEBUG - Проверка обновления истории в 2024-12-27 12:51:51.090012
2024-12-27 12:51:51,090 - DEBUG - Price: 0.48 | Bid Vol: 119,992 | Ask Vol: 107,884 | Imb: +5.31%
2024-12-27 12:51:52,096 - DEBUG - Проверка обновления истории в 2024-12-27 12:51:52.096019
2024-12-27 12:51:52,096 - DEBUG - Price: 0.48 | Bid Vol: 142,883 | Ask Vol: 88,225 | Imb: +23.65%
2024-12-27 12:51:53,002 - DEBUG - Проверка обновления истории в 2024-12-27 12:51:53.002985
2024-12-27 12:51:53,003 - DEBUG - Price: 0.48 | Bid Vol: 142,824 | Ask Vol: 110,079 | Imb: +12.95%
2024-12-27 12:51:56,083 - DEBUG - Проверка обновления истории в 2024-12-27 12:51:56.083987
2024-12-27 12:51:56,083 - DEBUG - Price: 0.48 | Bid Vol: 120,253 | Ask Vol: 108,722 | Imb: +5.04%
2024-12-27 12:51:57,007 - DEBUG - Проверка обновления истории в 2024-12-27 12:51:57.007986
2024-12-27 12:51:57,007 - DEBUG - Price: 0.48 | Bid Vol: 120,097 | Ask Vol: 108,520 | Imb: +5.06%
2024-12-27 12:51:59,017 - DEBUG - Проверка обновления истории в 2024-12-27 12:51:59.017987
2024-12-27 12:51:59,017 - DEBUG - Price: 0.48 | Bid Vol: 119,344 | Ask Vol: 115,670 | Imb: +1.56%
2024-12-27 12:52:01,062 - DEBUG - Проверка обновления истории в 2024-12-27 12:52:01.062987
2024-12-27 12:52:01,062 - DEBUG - Обновление 1m данных
2024-12-27 12:52:01,062 - DEBUG - Добавлены данные для 1m: imbalance=23.38, bid_vol=132241, ask_vol=82123
2024-12-27 12:52:01,062 - DEBUG - Price: 0.48 | Bid Vol: 132,241 | Ask Vol: 82,123 | Imb: +23.38%
2024-12-27 12:52:02,029 - DEBUG - Проверка обновления истории в 2024-12-27 12:52:02.029986
2024-12-27 12:52:02,029 - DEBUG - Price: 0.48 | Bid Vol: 129,051 | Ask Vol: 84,966 | Imb: +20.60%
2024-12-27 12:52:03,019 - DEBUG - Проверка обновления истории в 2024-12-27 12:52:03.019012
2024-12-27 12:52:03,019 - DEBUG - Price: 0.48 | Bid Vol: 124,045 | Ask Vol: 93,447 | Imb: +14.07%
2024-12-27 12:52:05,010 - DEBUG - Проверка обновления истории в 2024-12-27 12:52:05.010012
2024-12-27 12:52:05,010 - DEBUG - Price: 0.48 | Bid Vol: 112,419 | Ask Vol: 87,995 | Imb: +12.19%
2024-12-27 12:52:06,028 - DEBUG - Проверка обновления истории в 2024-12-27 12:52:06.028012
2024-12-27 12:52:06,028 - DEBUG - Price: 0.48 | Bid Vol: 115,295 | Ask Vol: 86,953 | Imb: +14.01%
2024-12-27 12:52:07,075 - DEBUG - Проверка обновления истории в 2024-12-27 12:52:07.075008
2024-12-27 12:52:07,075 - DEBUG - Price: 0.48 | Bid Vol: 114,988 | Ask Vol: 89,058 | Imb: +12.71%
2024-12-27 12:52:08,052 - DEBUG - Проверка обновления истории в 2024-12-27 12:52:08.052012
2024-12-27 12:52:08,052 - DEBUG - Price: 0.48 | Bid Vol: 148,889 | Ask Vol: 82,400 | Imb: +28.75%
2024-12-27 12:52:11,035 - DEBUG - Проверка обновления истории в 2024-12-27 12:52:11.035025
2024-12-27 12:52:11,035 - DEBUG - Price: 0.48 | Bid Vol: 147,852 | Ask Vol: 81,666 | Imb: +28.84%
2024-12-27 12:52:13,055 - DEBUG - Проверка обновления истории в 2024-12-27 12:52:13.055015
2024-12-27 12:52:13,055 - DEBUG - Price: 0.48 | Bid Vol: 148,019 | Ask Vol: 84,870 | Imb: +27.12%
2024-12-27 12:52:15,046 - DEBUG - Проверка обновления истории в 2024-12-27 12:52:15.046990
2024-12-27 12:52:15,046 - DEBUG - Price: 0.48 | Bid Vol: 146,406 | Ask Vol: 85,489 | Imb: +26.27%
2024-12-27 12:52:16,052 - DEBUG - Проверка обновления истории в 2024-12-27 12:52:16.052014
2024-12-27 12:52:16,052 - DEBUG - Price: 0.48 | Bid Vol: 148,269 | Ask Vol: 85,484 | Imb: +26.86%
2024-12-27 12:52:23,067 - DEBUG - Проверка обновления истории в 2024-12-27 12:52:23.067987
2024-12-27 12:52:23,067 - DEBUG - Price: 0.48 | Bid Vol: 148,068 | Ask Vol: 86,161 | Imb: +26.43%
2024-12-27 12:52:24,071 - DEBUG - Проверка обновления истории в 2024-12-27 12:52:24.071988
2024-12-27 12:52:24,071 - DEBUG - Price: 0.48 | Bid Vol: 126,719 | Ask Vol: 91,368 | Imb: +16.21%
2024-12-27 12:52:28,080 - DEBUG - Проверка обновления истории в 2024-12-27 12:52:28.080986
2024-12-27 12:52:28,080 - DEBUG - Price: 0.48 | Bid Vol: 131,578 | Ask Vol: 94,525 | Imb: +16.39%
2024-12-27 12:52:30,061 - DEBUG - Проверка обновления истории в 2024-12-27 12:52:30.061013
2024-12-27 12:52:30,061 - DEBUG - Price: 0.48 | Bid Vol: 130,757 | Ask Vol: 92,355 | Imb: +17.21%
2024-12-27 12:52:32,057 - DEBUG - Проверка обновления истории в 2024-12-27 12:52:32.057013
2024-12-27 12:52:32,057 - DEBUG - Price: 0.48 | Bid Vol: 126,226 | Ask Vol: 97,279 | Imb: +12.95%
2024-12-27 12:52:33,083 - DEBUG - Проверка обновления истории в 2024-12-27 12:52:33.083013
2024-12-27 12:52:33,083 - DEBUG - Price: 0.48 | Bid Vol: 125,354 | Ask Vol: 99,603 | Imb: +11.45%
2024-12-27 12:52:34,094 - DEBUG - Проверка обновления истории в 2024-12-27 12:52:34.094030
2024-12-27 12:52:34,094 - DEBUG - Price: 0.48 | Bid Vol: 129,885 | Ask Vol: 77,678 | Imb: +25.15%
2024-12-27 12:52:35,079 - DEBUG - Проверка обновления истории в 2024-12-27 12:52:35.079012
2024-12-27 12:52:35,079 - DEBUG - Price: 0.48 | Bid Vol: 130,472 | Ask Vol: 81,199 | Imb: +23.28%
2024-12-27 12:52:36,050 - DEBUG - Проверка обновления истории в 2024-12-27 12:52:36.050989
2024-12-27 12:52:36,050 - DEBUG - Price: 0.48 | Bid Vol: 130,786 | Ask Vol: 80,874 | Imb: +23.58%
2024-12-27 12:52:37,094 - DEBUG - Проверка обновления истории в 2024-12-27 12:52:37.094007
2024-12-27 12:52:37,094 - DEBUG - Price: 0.48 | Bid Vol: 131,710 | Ask Vol: 78,088 | Imb: +25.56%
2024-12-27 12:52:38,067 - DEBUG - Проверка обновления истории в 2024-12-27 12:52:38.067988
2024-12-27 12:52:38,067 - DEBUG - Price: 0.48 | Bid Vol: 130,998 | Ask Vol: 79,424 | Imb: +24.51%
2024-12-27 12:52:39,043 - DEBUG - Проверка обновления истории в 2024-12-27 12:52:39.043987
2024-12-27 12:52:39,043 - DEBUG - Price: 0.48 | Bid Vol: 131,012 | Ask Vol: 79,539 | Imb: +24.45%
2024-12-27 12:52:43,075 - DEBUG - Проверка обновления истории в 2024-12-27 12:52:43.075013
2024-12-27 12:52:43,075 - DEBUG - Price: 0.48 | Bid Vol: 123,326 | Ask Vol: 93,312 | Imb: +13.85%
2024-12-27 12:52:44,091 - DEBUG - Проверка обновления истории в 2024-12-27 12:52:44.091012
2024-12-27 12:52:44,091 - DEBUG - Price: 0.48 | Bid Vol: 129,953 | Ask Vol: 102,332 | Imb: +11.89%
2024-12-27 12:52:46,090 - DEBUG - Проверка обновления истории в 2024-12-27 12:52:46.090014
2024-12-27 12:52:46,090 - DEBUG - Price: 0.48 | Bid Vol: 122,409 | Ask Vol: 93,352 | Imb: +13.47%
2024-12-27 12:52:47,064 - DEBUG - Проверка обновления истории в 2024-12-27 12:52:47.064018
2024-12-27 12:52:47,064 - DEBUG - Price: 0.48 | Bid Vol: 125,989 | Ask Vol: 92,400 | Imb: +15.38%
2024-12-27 12:52:50,079 - DEBUG - Проверка обновления истории в 2024-12-27 12:52:50.079986
2024-12-27 12:52:50,080 - DEBUG - Price: 0.48 | Bid Vol: 127,168 | Ask Vol: 93,223 | Imb: +15.40%
2024-12-27 12:52:52,021 - DEBUG - Проверка обновления истории в 2024-12-27 12:52:52.021012
2024-12-27 12:52:52,021 - DEBUG - Price: 0.48 | Bid Vol: 119,647 | Ask Vol: 89,376 | Imb: +14.48%
2024-12-27 12:52:53,068 - DEBUG - Проверка обновления истории в 2024-12-27 12:52:53.068012
2024-12-27 12:52:53,068 - DEBUG - Price: 0.48 | Bid Vol: 118,882 | Ask Vol: 89,376 | Imb: +14.17%
2024-12-27 12:52:56,021 - DEBUG - Проверка обновления истории в 2024-12-27 12:52:56.021013
2024-12-27 12:52:56,021 - DEBUG - Price: 0.48 | Bid Vol: 129,246 | Ask Vol: 85,739 | Imb: +20.24%
2024-12-27 12:52:57,031 - DEBUG - Проверка обновления истории в 2024-12-27 12:52:57.031989
2024-12-27 12:52:57,031 - DEBUG - Price: 0.48 | Bid Vol: 129,371 | Ask Vol: 85,637 | Imb: +20.34%
2024-12-27 12:53:02,008 - DEBUG - Проверка обновления истории в 2024-12-27 12:53:02.008986
2024-12-27 12:53:02,008 - DEBUG - Обновление 1m данных
2024-12-27 12:53:02,008 - DEBUG - Добавлены данные для 1m: imbalance=11.81, bid_vol=119708, ask_vol=94416
2024-12-27 12:53:02,008 - DEBUG - Price: 0.48 | Bid Vol: 119,708 | Ask Vol: 94,416 | Imb: +11.81%
2024-12-27 12:53:03,094 - DEBUG - Проверка обновления истории в 2024-12-27 12:53:03.094987
2024-12-27 12:53:03,094 - DEBUG - Price: 0.48 | Bid Vol: 112,872 | Ask Vol: 98,756 | Imb: +6.67%
2024-12-27 12:53:04,010 - DEBUG - Проверка обновления истории в 2024-12-27 12:53:04.010012
2024-12-27 12:53:04,011 - DEBUG - Price: 0.48 | Bid Vol: 125,631 | Ask Vol: 90,971 | Imb: +16.00%
2024-12-27 12:53:05,087 - DEBUG - Проверка обновления истории в 2024-12-27 12:53:05.087994
2024-12-27 12:53:05,087 - DEBUG - Price: 0.48 | Bid Vol: 122,025 | Ask Vol: 94,605 | Imb: +12.66%
2024-12-27 12:53:06,009 - DEBUG - Проверка обновления истории в 2024-12-27 12:53:06.009986
2024-12-27 12:53:06,009 - DEBUG - Price: 0.48 | Bid Vol: 118,004 | Ask Vol: 96,815 | Imb: +9.86%
2024-12-27 12:53:07,081 - DEBUG - Проверка обновления истории в 2024-12-27 12:53:07.081987
2024-12-27 12:53:07,081 - DEBUG - Price: 0.48 | Bid Vol: 115,994 | Ask Vol: 96,863 | Imb: +8.99%
2024-12-27 12:53:08,000 - DEBUG - Проверка обновления истории в 2024-12-27 12:53:08.000987
2024-12-27 12:53:08,000 - DEBUG - Price: 0.48 | Bid Vol: 129,569 | Ask Vol: 97,574 | Imb: +14.09%
2024-12-27 12:53:09,054 - DEBUG - Проверка обновления истории в 2024-12-27 12:53:09.054987
2024-12-27 12:53:09,054 - DEBUG - Price: 0.48 | Bid Vol: 116,403 | Ask Vol: 97,923 | Imb: +8.62%
2024-12-27 12:53:11,073 - DEBUG - Проверка обновления истории в 2024-12-27 12:53:11.073989
2024-12-27 12:53:11,074 - DEBUG - Price: 0.48 | Bid Vol: 124,291 | Ask Vol: 93,962 | Imb: +13.90%
2024-12-27 12:53:14,065 - DEBUG - Проверка обновления истории в 2024-12-27 12:53:14.065012
2024-12-27 12:53:14,065 - DEBUG - Price: 0.48 | Bid Vol: 144,488 | Ask Vol: 80,540 | Imb: +28.42%
2024-12-27 12:53:16,041 - DEBUG - Проверка обновления истории в 2024-12-27 12:53:16.040985
2024-12-27 12:53:16,041 - DEBUG - Price: 0.48 | Bid Vol: 144,393 | Ask Vol: 79,260 | Imb: +29.12%
2024-12-27 12:53:16,093 - DEBUG - Проверка обновления истории в 2024-12-27 12:53:16.093012
2024-12-27 12:53:16,093 - DEBUG - Price: 0.48 | Bid Vol: 124,226 | Ask Vol: 90,335 | Imb: +15.80%
2024-12-27 12:53:19,046 - DEBUG - Проверка обновления истории в 2024-12-27 12:53:19.046012
2024-12-27 12:53:19,046 - DEBUG - Price: 0.48 | Bid Vol: 128,073 | Ask Vol: 86,328 | Imb: +19.47%
2024-12-27 12:53:21,062 - DEBUG - Проверка обновления истории в 2024-12-27 12:53:21.062012
2024-12-27 12:53:21,062 - DEBUG - Price: 0.48 | Bid Vol: 122,186 | Ask Vol: 94,038 | Imb: +13.02%
2024-12-27 12:53:22,092 - DEBUG - Проверка обновления истории в 2024-12-27 12:53:22.092985
2024-12-27 12:53:22,092 - DEBUG - Price: 0.48 | Bid Vol: 134,903 | Ask Vol: 88,604 | Imb: +20.71%
2024-12-27 12:53:23,079 - DEBUG - Проверка обновления истории в 2024-12-27 12:53:23.079997
2024-12-27 12:53:23,079 - DEBUG - Price: 0.48 | Bid Vol: 134,680 | Ask Vol: 88,601 | Imb: +20.64%
2024-12-27 12:53:24,080 - DEBUG - Проверка обновления истории в 2024-12-27 12:53:24.080989
2024-12-27 12:53:24,080 - DEBUG - Price: 0.48 | Bid Vol: 123,894 | Ask Vol: 93,378 | Imb: +14.04%
2024-12-27 12:53:25,023 - DEBUG - Проверка обновления истории в 2024-12-27 12:53:25.023012
2024-12-27 12:53:25,023 - DEBUG - Price: 0.48 | Bid Vol: 123,844 | Ask Vol: 94,060 | Imb: +13.67%
2024-12-27 12:53:27,092 - DEBUG - Проверка обновления истории в 2024-12-27 12:53:27.092012
2024-12-27 12:53:27,092 - DEBUG - Price: 0.48 | Bid Vol: 124,250 | Ask Vol: 93,860 | Imb: +13.93%
2024-12-27 12:53:29,044 - DEBUG - Проверка обновления истории в 2024-12-27 12:53:29.044987
2024-12-27 12:53:29,044 - DEBUG - Price: 0.48 | Bid Vol: 125,820 | Ask Vol: 93,860 | Imb: +14.55%
2024-12-27 12:53:29,046 - DEBUG - Проверка обновления истории в 2024-12-27 12:53:29.046016
2024-12-27 12:53:29,046 - DEBUG - Price: 0.48 | Bid Vol: 125,920 | Ask Vol: 93,860 | Imb: +14.59%
2024-12-27 12:53:29,070 - DEBUG - Проверка обновления истории в 2024-12-27 12:53:29.070988
2024-12-27 12:53:29,070 - DEBUG - Price: 0.48 | Bid Vol: 125,920 | Ask Vol: 94,854 | Imb: +14.07%
2024-12-27 12:53:29,082 - DEBUG - Проверка обновления истории в 2024-12-27 12:53:29.082007
2024-12-27 12:53:29,082 - DEBUG - Price: 0.48 | Bid Vol: 125,920 | Ask Vol: 94,854 | Imb: +14.07%
2024-12-27 12:53:36,095 - DEBUG - Проверка обновления истории в 2024-12-27 12:53:36.095012
2024-12-27 12:53:36,095 - DEBUG - Price: 0.48 | Bid Vol: 135,202 | Ask Vol: 89,956 | Imb: +20.10%
2024-12-27 12:53:41,082 - DEBUG - Проверка обновления истории в 2024-12-27 12:53:41.082012
2024-12-27 12:53:41,082 - DEBUG - Price: 0.48 | Bid Vol: 121,231 | Ask Vol: 98,426 | Imb: +10.38%
2024-12-27 12:53:48,000 - DEBUG - Проверка обновления истории в 2024-12-27 12:53:48.000989
2024-12-27 12:53:48,000 - DEBUG - Price: 0.48 | Bid Vol: 122,415 | Ask Vol: 96,270 | Imb: +11.96%
2024-12-27 12:53:48,021 - DEBUG - Проверка обновления истории в 2024-12-27 12:53:48.021012
2024-12-27 12:53:48,021 - DEBUG - Price: 0.48 | Bid Vol: 122,566 | Ask Vol: 96,270 | Imb: +12.02%
2024-12-27 12:53:48,068 - DEBUG - Проверка обновления истории в 2024-12-27 12:53:48.068012
2024-12-27 12:53:48,068 - DEBUG - Price: 0.48 | Bid Vol: 122,572 | Ask Vol: 95,495 | Imb: +12.42%
2024-12-27 12:53:48,068 - DEBUG - Проверка обновления истории в 2024-12-27 12:53:48.068993
2024-12-27 12:53:48,068 - DEBUG - Price: 0.48 | Bid Vol: 123,429 | Ask Vol: 93,856 | Imb: +13.61%
2024-12-27 12:53:48,071 - DEBUG - Проверка обновления истории в 2024-12-27 12:53:48.071012
2024-12-27 12:53:48,071 - DEBUG - Price: 0.48 | Bid Vol: 123,842 | Ask Vol: 94,365 | Imb: +13.51%
2024-12-27 12:53:48,075 - DEBUG - Проверка обновления истории в 2024-12-27 12:53:48.075012
2024-12-27 12:53:48,075 - DEBUG - Price: 0.48 | Bid Vol: 123,842 | Ask Vol: 95,404 | Imb: +12.97%
2024-12-27 12:53:49,010 - DEBUG - Проверка обновления истории в 2024-12-27 12:53:49.010986
2024-12-27 12:53:49,010 - DEBUG - Price: 0.48 | Bid Vol: 134,218 | Ask Vol: 89,325 | Imb: +20.08%
2024-12-27 12:53:50,069 - DEBUG - Проверка обновления истории в 2024-12-27 12:53:50.069986
2024-12-27 12:53:50,069 - DEBUG - Price: 0.48 | Bid Vol: 135,762 | Ask Vol: 98,279 | Imb: +16.02%
2024-12-27 12:53:51,069 - DEBUG - Проверка обновления истории в 2024-12-27 12:53:51.069986
2024-12-27 12:53:51,069 - DEBUG - Price: 0.48 | Bid Vol: 122,632 | Ask Vol: 98,553 | Imb: +10.89%
2024-12-27 12:53:52,001 - DEBUG - Проверка обновления истории в 2024-12-27 12:53:52.001012
2024-12-27 12:53:52,001 - DEBUG - Price: 0.48 | Bid Vol: 122,636 | Ask Vol: 98,575 | Imb: +10.88%
2024-12-27 12:53:54,003 - DEBUG - Проверка обновления истории в 2024-12-27 12:53:54.002985
2024-12-27 12:53:54,003 - DEBUG - Price: 0.48 | Bid Vol: 120,633 | Ask Vol: 98,675 | Imb: +10.01%
2024-12-27 12:53:55,044 - DEBUG - Проверка обновления истории в 2024-12-27 12:53:55.044987
2024-12-27 12:53:55,044 - DEBUG - Price: 0.48 | Bid Vol: 122,042 | Ask Vol: 106,431 | Imb: +6.83%
2024-12-27 12:53:56,026 - DEBUG - Проверка обновления истории в 2024-12-27 12:53:56.026986
2024-12-27 12:53:56,026 - DEBUG - Price: 0.48 | Bid Vol: 126,195 | Ask Vol: 103,332 | Imb: +9.96%
2024-12-27 12:53:58,090 - DEBUG - Проверка обновления истории в 2024-12-27 12:53:58.090987
2024-12-27 12:53:58,091 - DEBUG - Price: 0.48 | Bid Vol: 129,042 | Ask Vol: 90,479 | Imb: +17.57%
2024-12-27 12:53:59,051 - DEBUG - Проверка обновления истории в 2024-12-27 12:53:59.051012
2024-12-27 12:53:59,051 - DEBUG - Price: 0.48 | Bid Vol: 142,033 | Ask Vol: 78,052 | Imb: +29.07%
2024-12-27 12:54:00,078 - DEBUG - Проверка обновления истории в 2024-12-27 12:54:00.078987
2024-12-27 12:54:00,078 - DEBUG - Обновление 1m данных
2024-12-27 12:54:00,078 - DEBUG - Добавлены данные для 1m: imbalance=30.10, bid_vol=144101, ask_vol=77425
2024-12-27 12:54:00,078 - DEBUG - Price: 0.48 | Bid Vol: 144,101 | Ask Vol: 77,425 | Imb: +30.10%
2024-12-27 12:54:00,078 - INFO - === СТАТИСТИКА 1M ===
1m  | Trend: UP   | Imb:  +30.1% | Vol Ratio:  1.9
==================

2024-12-27 12:54:04,099 - DEBUG - Проверка обновления истории в 2024-12-27 12:54:04.099012
2024-12-27 12:54:04,099 - DEBUG - Price: 0.48 | Bid Vol: 142,150 | Ask Vol: 83,223 | Imb: +26.15%
2024-12-27 12:54:07,072 - DEBUG - Проверка обновления истории в 2024-12-27 12:54:07.072012
2024-12-27 12:54:07,072 - DEBUG - Price: 0.48 | Bid Vol: 143,106 | Ask Vol: 83,280 | Imb: +26.43%
2024-12-27 12:54:08,061 - DEBUG - Проверка обновления истории в 2024-12-27 12:54:08.061988
2024-12-27 12:54:08,061 - DEBUG - Price: 0.48 | Bid Vol: 140,480 | Ask Vol: 85,883 | Imb: +24.12%
2024-12-27 12:54:09,017 - DEBUG - Проверка обновления истории в 2024-12-27 12:54:09.017986
2024-12-27 12:54:09,017 - DEBUG - Price: 0.48 | Bid Vol: 148,608 | Ask Vol: 69,696 | Imb: +36.15%
2024-12-27 12:54:10,024 - DEBUG - Проверка обновления истории в 2024-12-27 12:54:10.024008
2024-12-27 12:54:10,024 - DEBUG - Price: 0.48 | Bid Vol: 143,806 | Ask Vol: 76,690 | Imb: +30.44%
2024-12-27 12:54:11,093 - DEBUG - Проверка обновления истории в 2024-12-27 12:54:11.093988
2024-12-27 12:54:11,093 - DEBUG - Price: 0.48 | Bid Vol: 147,878 | Ask Vol: 76,607 | Imb: +31.75%
2024-12-27 12:54:12,087 - DEBUG - Проверка обновления истории в 2024-12-27 12:54:12.087988
2024-12-27 12:54:12,087 - DEBUG - Price: 0.48 | Bid Vol: 146,881 | Ask Vol: 79,611 | Imb: +29.70%
2024-12-27 12:54:13,086 - DEBUG - Проверка обновления истории в 2024-12-27 12:54:13.086012
2024-12-27 12:54:13,086 - DEBUG - Price: 0.48 | Bid Vol: 147,987 | Ask Vol: 78,587 | Imb: +30.63%
2024-12-27 12:54:14,062 - DEBUG - Проверка обновления истории в 2024-12-27 12:54:14.062986
2024-12-27 12:54:14,062 - DEBUG - Price: 0.48 | Bid Vol: 138,625 | Ask Vol: 92,045 | Imb: +20.19%
2024-12-27 12:54:15,012 - DEBUG - Проверка обновления истории в 2024-12-27 12:54:15.012014
2024-12-27 12:54:15,012 - DEBUG - Price: 0.48 | Bid Vol: 138,322 | Ask Vol: 90,143 | Imb: +21.09%
2024-12-27 12:54:16,080 - DEBUG - Проверка обновления истории в 2024-12-27 12:54:16.080986
2024-12-27 12:54:16,080 - DEBUG - Price: 0.48 | Bid Vol: 139,078 | Ask Vol: 91,341 | Imb: +20.72%
2024-12-27 12:54:17,061 - DEBUG - Проверка обновления истории в 2024-12-27 12:54:17.061012
2024-12-27 12:54:17,061 - DEBUG - Price: 0.48 | Bid Vol: 141,776 | Ask Vol: 89,369 | Imb: +22.67%
2024-12-27 12:54:18,093 - DEBUG - Проверка обновления истории в 2024-12-27 12:54:18.093986
2024-12-27 12:54:18,093 - DEBUG - Price: 0.48 | Bid Vol: 123,796 | Ask Vol: 99,898 | Imb: +10.68%
2024-12-27 12:54:19,069 - DEBUG - Проверка обновления истории в 2024-12-27 12:54:19.069013
2024-12-27 12:54:19,069 - DEBUG - Price: 0.48 | Bid Vol: 123,851 | Ask Vol: 99,898 | Imb: +10.71%
2024-12-27 12:54:23,000 - DEBUG - Проверка обновления истории в 2024-12-27 12:54:23.000987
2024-12-27 12:54:23,000 - DEBUG - Price: 0.48 | Bid Vol: 125,197 | Ask Vol: 94,672 | Imb: +13.88%
2024-12-27 12:54:26,002 - DEBUG - Проверка обновления истории в 2024-12-27 12:54:26.002095
2024-12-27 12:54:26,002 - DEBUG - Price: 0.48 | Bid Vol: 134,738 | Ask Vol: 85,793 | Imb: +22.19%
2024-12-27 12:54:27,076 - DEBUG - Проверка обновления истории в 2024-12-27 12:54:27.076424
2024-12-27 12:54:27,076 - DEBUG - Price: 0.48 | Bid Vol: 134,367 | Ask Vol: 85,563 | Imb: +22.19%
2024-12-27 12:54:29,002 - DEBUG - Проверка обновления истории в 2024-12-27 12:54:29.002426
2024-12-27 12:54:29,002 - DEBUG - Price: 0.48 | Bid Vol: 141,949 | Ask Vol: 79,284 | Imb: +28.33%
2024-12-27 12:54:29,002 - DEBUG - Проверка обновления истории в 2024-12-27 12:54:29.002426
2024-12-27 12:54:29,002 - DEBUG - Price: 0.48 | Bid Vol: 142,642 | Ask Vol: 78,150 | Imb: +29.21%
2024-12-27 12:54:30,007 - DEBUG - Проверка обновления истории в 2024-12-27 12:54:30.007424
2024-12-27 12:54:30,007 - DEBUG - Price: 0.48 | Bid Vol: 142,520 | Ask Vol: 78,478 | Imb: +28.98%
2024-12-27 12:54:32,063 - DEBUG - Проверка обновления истории в 2024-12-27 12:54:32.063423
2024-12-27 12:54:32,063 - DEBUG - Price: 0.48 | Bid Vol: 148,104 | Ask Vol: 75,672 | Imb: +32.37%
2024-12-27 12:54:36,064 - DEBUG - Проверка обновления истории в 2024-12-27 12:54:36.064424
2024-12-27 12:54:36,064 - DEBUG - Price: 0.48 | Bid Vol: 146,309 | Ask Vol: 79,273 | Imb: +29.72%
2024-12-27 12:54:37,090 - DEBUG - Проверка обновления истории в 2024-12-27 12:54:37.090423
2024-12-27 12:54:37,090 - DEBUG - Price: 0.48 | Bid Vol: 146,343 | Ask Vol: 79,263 | Imb: +29.73%
2024-12-27 12:54:37,097 - DEBUG - Проверка обновления истории в 2024-12-27 12:54:37.097451
2024-12-27 12:54:37,097 - DEBUG - Price: 0.48 | Bid Vol: 146,343 | Ask Vol: 79,263 | Imb: +29.73%
2024-12-27 12:54:39,063 - DEBUG - Проверка обновления истории в 2024-12-27 12:54:39.063425
2024-12-27 12:54:39,063 - DEBUG - Price: 0.48 | Bid Vol: 142,420 | Ask Vol: 78,005 | Imb: +29.22%
2024-12-27 12:54:42,085 - DEBUG - Проверка обновления истории в 2024-12-27 12:54:42.085449
2024-12-27 12:54:42,086 - DEBUG - Price: 0.48 | Bid Vol: 125,079 | Ask Vol: 89,553 | Imb: +16.55%
2024-12-27 12:54:44,091 - DEBUG - Проверка обновления истории в 2024-12-27 12:54:44.091426
2024-12-27 12:54:44,091 - DEBUG - Price: 0.48 | Bid Vol: 129,272 | Ask Vol: 85,400 | Imb: +20.44%
2024-12-27 12:54:47,093 - DEBUG - Проверка обновления истории в 2024-12-27 12:54:47.093424
2024-12-27 12:54:47,093 - DEBUG - Price: 0.48 | Bid Vol: 129,684 | Ask Vol: 88,633 | Imb: +18.80%
2024-12-27 12:54:49,086 - DEBUG - Проверка обновления истории в 2024-12-27 12:54:49.086423
2024-12-27 12:54:49,086 - DEBUG - Price: 0.48 | Bid Vol: 116,319 | Ask Vol: 96,615 | Imb: +9.25%
2024-12-27 12:54:51,063 - DEBUG - Проверка обновления истории в 2024-12-27 12:54:51.063425
2024-12-27 12:54:51,063 - DEBUG - Price: 0.48 | Bid Vol: 133,041 | Ask Vol: 88,344 | Imb: +20.19%
2024-12-27 12:54:53,078 - DEBUG - Проверка обновления истории в 2024-12-27 12:54:53.078423
2024-12-27 12:54:53,078 - DEBUG - Price: 0.48 | Bid Vol: 127,671 | Ask Vol: 92,987 | Imb: +15.72%
2024-12-27 12:54:57,084 - DEBUG - Проверка обновления истории в 2024-12-27 12:54:57.084449
2024-12-27 12:54:57,084 - DEBUG - Price: 0.48 | Bid Vol: 126,437 | Ask Vol: 92,905 | Imb: +15.29%
2024-12-27 12:54:58,059 - DEBUG - Проверка обновления истории в 2024-12-27 12:54:58.059449
2024-12-27 12:54:58,059 - DEBUG - Price: 0.48 | Bid Vol: 126,546 | Ask Vol: 91,907 | Imb: +15.86%
2024-12-27 12:55:00,040 - DEBUG - Проверка обновления истории в 2024-12-27 12:55:00.040450
2024-12-27 12:55:00,040 - DEBUG - Обновление 1m данных
2024-12-27 12:55:00,040 - DEBUG - Добавлены данные для 1m: imbalance=16.65, bid_vol=127043, ask_vol=90785
2024-12-27 12:55:00,040 - DEBUG - Обновление 5m данных
2024-12-27 12:55:00,041 - DEBUG - Добавлены данные для 5m: imbalance=16.65, bid_vol=127043, ask_vol=90785
2024-12-27 12:55:00,041 - DEBUG - Price: 0.48 | Bid Vol: 127,043 | Ask Vol: 90,785 | Imb: +16.65%
2024-12-27 12:55:00,041 - INFO - === СТАТИСТИКА 1M ===
1m  | Trend: UP   | Imb:  +16.6% | Vol Ratio:  1.4
==================

=== СТАТИСТИКА 5M ===
5m  | Trend: UP   | Imb:  +16.6% | Vol Ratio:  1.4
==================

2024-12-27 12:55:01,017 - DEBUG - Проверка обновления истории в 2024-12-27 12:55:01.017449
2024-12-27 12:55:01,017 - DEBUG - Price: 0.48 | Bid Vol: 127,002 | Ask Vol: 92,832 | Imb: +15.54%
2024-12-27 12:55:02,077 - DEBUG - Проверка обновления истории в 2024-12-27 12:55:02.077450
2024-12-27 12:55:02,078 - DEBUG - Price: 0.48 | Bid Vol: 153,502 | Ask Vol: 79,264 | Imb: +31.89%
2024-12-27 12:55:03,023 - DEBUG - Проверка обновления истории в 2024-12-27 12:55:03.023449
2024-12-27 12:55:03,023 - DEBUG - Price: 0.48 | Bid Vol: 153,615 | Ask Vol: 78,702 | Imb: +32.25%
2024-12-27 12:55:06,093 - DEBUG - Проверка обновления истории в 2024-12-27 12:55:06.093425
2024-12-27 12:55:06,093 - DEBUG - Price: 0.48 | Bid Vol: 152,738 | Ask Vol: 75,949 | Imb: +33.58%
2024-12-27 12:55:07,067 - DEBUG - Проверка обновления истории в 2024-12-27 12:55:07.067451
2024-12-27 12:55:07,067 - DEBUG - Price: 0.48 | Bid Vol: 152,779 | Ask Vol: 75,964 | Imb: +33.58%
2024-12-27 12:55:08,083 - DEBUG - Проверка обновления истории в 2024-12-27 12:55:08.083424
2024-12-27 12:55:08,083 - DEBUG - Price: 0.48 | Bid Vol: 153,879 | Ask Vol: 75,964 | Imb: +33.90%
2024-12-27 12:55:11,091 - DEBUG - Проверка обновления истории в 2024-12-27 12:55:11.091450
2024-12-27 12:55:11,091 - DEBUG - Price: 0.48 | Bid Vol: 145,002 | Ask Vol: 78,565 | Imb: +29.72%
2024-12-27 12:55:12,025 - DEBUG - Проверка обновления истории в 2024-12-27 12:55:12.025449
2024-12-27 12:55:12,026 - DEBUG - Price: 0.48 | Bid Vol: 154,708 | Ask Vol: 76,762 | Imb: +33.67%
2024-12-27 12:55:13,029 - DEBUG - Проверка обновления истории в 2024-12-27 12:55:13.029744
2024-12-27 12:55:13,029 - DEBUG - Price: 0.48 | Bid Vol: 161,656 | Ask Vol: 71,198 | Imb: +38.85%
2024-12-27 12:55:14,036 - DEBUG - Проверка обновления истории в 2024-12-27 12:55:14.036396
2024-12-27 12:55:14,036 - DEBUG - Price: 0.48 | Bid Vol: 161,903 | Ask Vol: 72,186 | Imb: +38.33%
2024-12-27 12:55:17,048 - DEBUG - Проверка обновления истории в 2024-12-27 12:55:17.047374
2024-12-27 12:55:17,048 - DEBUG - Price: 0.48 | Bid Vol: 162,832 | Ask Vol: 77,588 | Imb: +35.46%
2024-12-27 12:55:18,063 - DEBUG - Проверка обновления истории в 2024-12-27 12:55:18.063374
2024-12-27 12:55:18,063 - DEBUG - Price: 0.48 | Bid Vol: 173,086 | Ask Vol: 75,501 | Imb: +39.26%
2024-12-27 12:55:20,072 - DEBUG - Проверка обновления истории в 2024-12-27 12:55:20.071400
2024-12-27 12:55:20,072 - DEBUG - Price: 0.48 | Bid Vol: 169,507 | Ask Vol: 77,324 | Imb: +37.35%
2024-12-27 12:55:21,011 - DEBUG - Проверка обновления истории в 2024-12-27 12:55:21.011401
2024-12-27 12:55:21,012 - DEBUG - Price: 0.48 | Bid Vol: 171,160 | Ask Vol: 75,731 | Imb: +38.65%
2024-12-27 12:55:22,013 - DEBUG - Проверка обновления истории в 2024-12-27 12:55:22.012374
2024-12-27 12:55:22,013 - DEBUG - Price: 0.48 | Bid Vol: 149,748 | Ask Vol: 79,629 | Imb: +30.57%
2024-12-27 12:55:23,082 - DEBUG - Проверка обновления истории в 2024-12-27 12:55:23.082374
2024-12-27 12:55:23,082 - DEBUG - Price: 0.48 | Bid Vol: 143,891 | Ask Vol: 89,399 | Imb: +23.36%
2024-12-27 12:55:24,030 - DEBUG - Проверка обновления истории в 2024-12-27 12:55:24.030401
2024-12-27 12:55:24,030 - DEBUG - Price: 0.48 | Bid Vol: 143,513 | Ask Vol: 87,333 | Imb: +24.34%
2024-12-27 12:55:27,059 - DEBUG - Проверка обновления истории в 2024-12-27 12:55:27.059618
2024-12-27 12:55:27,059 - DEBUG - Price: 0.48 | Bid Vol: 140,057 | Ask Vol: 89,759 | Imb: +21.89%
2024-12-27 12:55:28,045 - DEBUG - Проверка обновления истории в 2024-12-27 12:55:28.045592
2024-12-27 12:55:28,045 - DEBUG - Price: 0.48 | Bid Vol: 140,123 | Ask Vol: 89,759 | Imb: +21.91%
2024-12-27 12:55:29,018 - DEBUG - Проверка обновления истории в 2024-12-27 12:55:29.017618
2024-12-27 12:55:29,018 - DEBUG - Price: 0.48 | Bid Vol: 141,608 | Ask Vol: 89,270 | Imb: +22.67%
2024-12-27 12:55:30,063 - DEBUG - Проверка обновления истории в 2024-12-27 12:55:30.063594
2024-12-27 12:55:30,063 - DEBUG - Price: 0.48 | Bid Vol: 139,309 | Ask Vol: 93,745 | Imb: +19.55%
2024-12-27 12:55:33,059 - DEBUG - Проверка обновления истории в 2024-12-27 12:55:33.059591
2024-12-27 12:55:33,059 - DEBUG - Price: 0.48 | Bid Vol: 169,149 | Ask Vol: 78,379 | Imb: +36.67%
2024-12-27 12:55:34,048 - DEBUG - Проверка обновления истории в 2024-12-27 12:55:34.048620
2024-12-27 12:55:34,048 - DEBUG - Price: 0.48 | Bid Vol: 169,457 | Ask Vol: 77,350 | Imb: +37.32%
2024-12-27 12:55:35,072 - DEBUG - Проверка обновления истории в 2024-12-27 12:55:35.071594
2024-12-27 12:55:35,072 - DEBUG - Price: 0.48 | Bid Vol: 142,709 | Ask Vol: 95,904 | Imb: +19.62%
2024-12-27 12:55:39,090 - DEBUG - Проверка обновления истории в 2024-12-27 12:55:39.090593
2024-12-27 12:55:39,090 - DEBUG - Price: 0.48 | Bid Vol: 166,766 | Ask Vol: 76,151 | Imb: +37.30%
2024-12-27 12:55:41,003 - DEBUG - Проверка обновления истории в 2024-12-27 12:55:41.003619
2024-12-27 12:55:41,003 - DEBUG - Price: 0.48 | Bid Vol: 164,253 | Ask Vol: 77,031 | Imb: +36.15%
2024-12-27 12:55:42,073 - DEBUG - Проверка обновления истории в 2024-12-27 12:55:42.072620
2024-12-27 12:55:42,073 - DEBUG - Price: 0.48 | Bid Vol: 164,453 | Ask Vol: 77,031 | Imb: +36.20%
2024-12-27 12:55:46,099 - DEBUG - Проверка обновления истории в 2024-12-27 12:55:46.099591
2024-12-27 12:55:46,099 - DEBUG - Price: 0.48 | Bid Vol: 165,756 | Ask Vol: 76,985 | Imb: +36.57%
2024-12-27 12:55:47,091 - DEBUG - Проверка обновления истории в 2024-12-27 12:55:47.091591
2024-12-27 12:55:47,091 - DEBUG - Price: 0.48 | Bid Vol: 167,851 | Ask Vol: 76,994 | Imb: +37.11%
2024-12-27 12:55:48,060 - DEBUG - Проверка обновления истории в 2024-12-27 12:55:48.060620
2024-12-27 12:55:48,060 - DEBUG - Price: 0.48 | Bid Vol: 170,811 | Ask Vol: 76,999 | Imb: +37.86%
2024-12-27 12:55:49,064 - DEBUG - Проверка обновления истории в 2024-12-27 12:55:49.064607
2024-12-27 12:55:49,064 - DEBUG - Price: 0.48 | Bid Vol: 170,934 | Ask Vol: 77,016 | Imb: +37.88%
2024-12-27 12:55:53,016 - DEBUG - Проверка обновления истории в 2024-12-27 12:55:53.016619
2024-12-27 12:55:53,017 - DEBUG - Price: 0.48 | Bid Vol: 142,769 | Ask Vol: 89,136 | Imb: +23.13%
2024-12-27 12:55:54,000 - DEBUG - Проверка обновления истории в 2024-12-27 12:55:54.000594
2024-12-27 12:55:54,000 - DEBUG - Price: 0.48 | Bid Vol: 123,459 | Ask Vol: 101,356 | Imb: +9.83%
2024-12-27 12:55:59,087 - DEBUG - Проверка обновления истории в 2024-12-27 12:55:59.087619
2024-12-27 12:55:59,087 - DEBUG - Price: 0.48 | Bid Vol: 125,117 | Ask Vol: 99,711 | Imb: +11.30%
2024-12-27 12:56:01,086 - DEBUG - Проверка обновления истории в 2024-12-27 12:56:01.085593
2024-12-27 12:56:01,086 - DEBUG - Обновление 1m данных
2024-12-27 12:56:01,086 - DEBUG - Добавлены данные для 1m: imbalance=20.61, bid_vol=139911, ask_vol=92095
2024-12-27 12:56:01,086 - DEBUG - Price: 0.48 | Bid Vol: 139,911 | Ask Vol: 92,095 | Imb: +20.61%
2024-12-27 12:56:03,092 - DEBUG - Проверка обновления истории в 2024-12-27 12:56:03.091624
2024-12-27 12:56:03,092 - DEBUG - Price: 0.48 | Bid Vol: 144,951 | Ask Vol: 89,476 | Imb: +23.66%
2024-12-27 12:56:04,098 - DEBUG - Проверка обновления истории в 2024-12-27 12:56:04.098594
2024-12-27 12:56:04,098 - DEBUG - Price: 0.48 | Bid Vol: 153,043 | Ask Vol: 85,980 | Imb: +28.06%
2024-12-27 12:56:05,037 - DEBUG - Проверка обновления истории в 2024-12-27 12:56:05.037623
2024-12-27 12:56:05,037 - DEBUG - Price: 0.48 | Bid Vol: 150,950 | Ask Vol: 86,252 | Imb: +27.28%
2024-12-27 12:56:07,097 - DEBUG - Проверка обновления истории в 2024-12-27 12:56:07.097593
2024-12-27 12:56:07,097 - DEBUG - Price: 0.48 | Bid Vol: 150,850 | Ask Vol: 88,513 | Imb: +26.04%
2024-12-27 12:56:08,011 - DEBUG - Проверка обновления истории в 2024-12-27 12:56:08.011620
2024-12-27 12:56:08,011 - DEBUG - Price: 0.48 | Bid Vol: 128,141 | Ask Vol: 103,887 | Imb: +10.45%
2024-12-27 12:56:09,022 - DEBUG - Проверка обновления истории в 2024-12-27 12:56:09.022615
2024-12-27 12:56:09,022 - DEBUG - Price: 0.48 | Bid Vol: 134,963 | Ask Vol: 100,584 | Imb: +14.60%
2024-12-27 12:56:15,018 - DEBUG - Проверка обновления истории в 2024-12-27 12:56:15.018618
2024-12-27 12:56:15,018 - DEBUG - Price: 0.48 | Bid Vol: 119,352 | Ask Vol: 110,331 | Imb: +3.93%
2024-12-27 12:56:16,017 - DEBUG - Проверка обновления истории в 2024-12-27 12:56:16.017592
2024-12-27 12:56:16,017 - DEBUG - Price: 0.48 | Bid Vol: 115,024 | Ask Vol: 100,629 | Imb: +6.68%
2024-12-27 12:56:16,087 - DEBUG - Проверка обновления истории в 2024-12-27 12:56:16.087591
2024-12-27 12:56:16,087 - DEBUG - Price: 0.48 | Bid Vol: 120,914 | Ask Vol: 109,785 | Imb: +4.82%
2024-12-27 12:56:17,089 - DEBUG - Проверка обновления истории в 2024-12-27 12:56:17.089594
2024-12-27 12:56:17,089 - DEBUG - Price: 0.48 | Bid Vol: 122,221 | Ask Vol: 110,680 | Imb: +4.96%
2024-12-27 12:56:18,085 - DEBUG - Проверка обновления истории в 2024-12-27 12:56:18.085592
2024-12-27 12:56:18,085 - DEBUG - Price: 0.48 | Bid Vol: 117,057 | Ask Vol: 115,464 | Imb: +0.69%
2024-12-27 12:56:19,032 - DEBUG - Проверка обновления истории в 2024-12-27 12:56:19.031618
2024-12-27 12:56:19,032 - DEBUG - Price: 0.48 | Bid Vol: 119,288 | Ask Vol: 113,186 | Imb: +2.63%
2024-12-27 12:56:20,048 - DEBUG - Проверка обновления истории в 2024-12-27 12:56:20.048594
2024-12-27 12:56:20,048 - DEBUG - Price: 0.48 | Bid Vol: 118,795 | Ask Vol: 113,186 | Imb: +2.42%
2024-12-27 12:56:22,082 - DEBUG - Проверка обновления истории в 2024-12-27 12:56:22.082591
2024-12-27 12:56:22,082 - DEBUG - Price: 0.48 | Bid Vol: 119,072 | Ask Vol: 118,254 | Imb: +0.34%
2024-12-27 12:56:23,081 - DEBUG - Проверка обновления истории в 2024-12-27 12:56:23.081620
2024-12-27 12:56:23,081 - DEBUG - Price: 0.48 | Bid Vol: 114,249 | Ask Vol: 96,404 | Imb: +8.47%
2024-12-27 12:56:24,010 - DEBUG - Проверка обновления истории в 2024-12-27 12:56:24.009619
2024-12-27 12:56:24,010 - DEBUG - Price: 0.48 | Bid Vol: 114,023 | Ask Vol: 97,295 | Imb: +7.92%
2024-12-27 12:56:26,021 - DEBUG - Проверка обновления истории в 2024-12-27 12:56:26.021595
2024-12-27 12:56:26,021 - DEBUG - Price: 0.48 | Bid Vol: 115,997 | Ask Vol: 98,023 | Imb: +8.40%
2024-12-27 12:56:27,085 - DEBUG - Проверка обновления истории в 2024-12-27 12:56:27.085619
2024-12-27 12:56:27,086 - DEBUG - Price: 0.48 | Bid Vol: 134,477 | Ask Vol: 96,338 | Imb: +16.52%
2024-12-27 12:56:28,084 - DEBUG - Проверка обновления истории в 2024-12-27 12:56:28.083625
2024-12-27 12:56:28,084 - DEBUG - Price: 0.48 | Bid Vol: 134,717 | Ask Vol: 95,758 | Imb: +16.90%
2024-12-27 12:56:29,004 - DEBUG - Проверка обновления истории в 2024-12-27 12:56:29.004594
2024-12-27 12:56:29,004 - DEBUG - Price: 0.48 | Bid Vol: 122,814 | Ask Vol: 121,960 | Imb: +0.35%
2024-12-27 12:56:30,016 - DEBUG - Проверка обновления истории в 2024-12-27 12:56:30.016618
2024-12-27 12:56:30,016 - DEBUG - Price: 0.48 | Bid Vol: 123,509 | Ask Vol: 120,007 | Imb: +1.44%
2024-12-27 12:56:31,027 - DEBUG - Проверка обновления истории в 2024-12-27 12:56:31.027593
2024-12-27 12:56:31,027 - DEBUG - Price: 0.48 | Bid Vol: 129,202 | Ask Vol: 103,317 | Imb: +11.13%
2024-12-27 12:56:33,085 - DEBUG - Проверка обновления истории в 2024-12-27 12:56:33.085593
2024-12-27 12:56:33,085 - DEBUG - Price: 0.48 | Bid Vol: 131,127 | Ask Vol: 102,144 | Imb: +12.42%
2024-12-27 12:56:36,066 - DEBUG - Проверка обновления истории в 2024-12-27 12:56:36.066596
2024-12-27 12:56:36,066 - DEBUG - Price: 0.48 | Bid Vol: 129,418 | Ask Vol: 101,432 | Imb: +12.12%
2024-12-27 12:56:37,049 - DEBUG - Проверка обновления истории в 2024-12-27 12:56:37.049594
2024-12-27 12:56:37,049 - DEBUG - Price: 0.48 | Bid Vol: 129,818 | Ask Vol: 102,068 | Imb: +11.97%
2024-12-27 12:56:39,023 - DEBUG - Проверка обновления истории в 2024-12-27 12:56:39.023619
2024-12-27 12:56:39,023 - DEBUG - Price: 0.48 | Bid Vol: 130,202 | Ask Vol: 101,936 | Imb: +12.18%
2024-12-27 12:56:41,083 - DEBUG - Проверка обновления истории в 2024-12-27 12:56:41.083618
2024-12-27 12:56:41,084 - DEBUG - Price: 0.48 | Bid Vol: 121,720 | Ask Vol: 112,520 | Imb: +3.93%
2024-12-27 12:56:42,048 - DEBUG - Проверка обновления истории в 2024-12-27 12:56:42.048591
2024-12-27 12:56:42,048 - DEBUG - Price: 0.48 | Bid Vol: 124,270 | Ask Vol: 115,566 | Imb: +3.63%
2024-12-27 12:56:43,067 - DEBUG - Проверка обновления истории в 2024-12-27 12:56:43.067592
2024-12-27 12:56:43,067 - DEBUG - Price: 0.48 | Bid Vol: 124,414 | Ask Vol: 115,084 | Imb: +3.90%
2024-12-27 12:56:47,002 - DEBUG - Проверка обновления истории в 2024-12-27 12:56:47.002602
2024-12-27 12:56:47,002 - DEBUG - Price: 0.48 | Bid Vol: 122,400 | Ask Vol: 100,521 | Imb: +9.81%
2024-12-27 12:56:47,094 - DEBUG - Проверка обновления истории в 2024-12-27 12:56:47.094597
2024-12-27 12:56:47,094 - DEBUG - Price: 0.48 | Bid Vol: 122,935 | Ask Vol: 100,521 | Imb: +10.03%
2024-12-27 12:56:48,082 - DEBUG - Проверка обновления истории в 2024-12-27 12:56:48.081618
2024-12-27 12:56:48,082 - DEBUG - Price: 0.48 | Bid Vol: 124,486 | Ask Vol: 106,419 | Imb: +7.82%
2024-12-27 12:56:49,017 - DEBUG - Проверка обновления истории в 2024-12-27 12:56:49.017593
2024-12-27 12:56:49,017 - DEBUG - Price: 0.48 | Bid Vol: 125,589 | Ask Vol: 106,056 | Imb: +8.43%
2024-12-27 12:56:50,084 - DEBUG - Проверка обновления истории в 2024-12-27 12:56:50.083594
2024-12-27 12:56:50,084 - DEBUG - Price: 0.48 | Bid Vol: 125,595 | Ask Vol: 106,056 | Imb: +8.43%
2024-12-27 12:56:51,048 - DEBUG - Проверка обновления истории в 2024-12-27 12:56:51.048591
2024-12-27 12:56:51,048 - DEBUG - Price: 0.48 | Bid Vol: 117,856 | Ask Vol: 110,195 | Imb: +3.36%
2024-12-27 12:56:52,082 - DEBUG - Проверка обновления истории в 2024-12-27 12:56:52.082632
2024-12-27 12:56:52,082 - DEBUG - Price: 0.48 | Bid Vol: 119,836 | Ask Vol: 110,226 | Imb: +4.18%
2024-12-27 12:56:53,082 - DEBUG - Проверка обновления истории в 2024-12-27 12:56:53.082591
2024-12-27 12:56:53,082 - DEBUG - Price: 0.48 | Bid Vol: 120,510 | Ask Vol: 109,646 | Imb: +4.72%
2024-12-27 12:56:56,003 - DEBUG - Проверка обновления истории в 2024-12-27 12:56:56.002591
2024-12-27 12:56:56,003 - DEBUG - Price: 0.48 | Bid Vol: 121,131 | Ask Vol: 109,596 | Imb: +5.00%
2024-12-27 12:56:57,059 - DEBUG - Проверка обновления истории в 2024-12-27 12:56:57.059619
2024-12-27 12:56:57,060 - DEBUG - Price: 0.48 | Bid Vol: 120,465 | Ask Vol: 109,596 | Imb: +4.72%
2024-12-27 12:56:58,033 - DEBUG - Проверка обновления истории в 2024-12-27 12:56:58.032592
2024-12-27 12:56:58,033 - DEBUG - Price: 0.48 | Bid Vol: 120,892 | Ask Vol: 121,888 | Imb: -0.41%
2024-12-27 12:56:59,086 - DEBUG - Проверка обновления истории в 2024-12-27 12:56:59.086618
2024-12-27 12:56:59,087 - DEBUG - Price: 0.49 | Bid Vol: 123,109 | Ask Vol: 121,663 | Imb: +0.59%
2024-12-27 12:57:00,044 - DEBUG - Проверка обновления истории в 2024-12-27 12:57:00.044622
2024-12-27 12:57:00,044 - DEBUG - Обновление 1m данных
2024-12-27 12:57:00,044 - DEBUG - Добавлены данные для 1m: imbalance=-1.41, bid_vol=120446, ask_vol=123903
2024-12-27 12:57:00,044 - DEBUG - Price: 0.49 | Bid Vol: 120,446 | Ask Vol: 123,903 | Imb: -1.41%
2024-12-27 12:57:00,044 - INFO - === СТАТИСТИКА 1M ===
1m  | Trend: -    | Imb:   -1.4% | Vol Ratio:  1.0
==================

2024-12-27 12:57:01,038 - DEBUG - Проверка обновления истории в 2024-12-27 12:57:01.038595
2024-12-27 12:57:01,038 - DEBUG - Price: 0.49 | Bid Vol: 115,835 | Ask Vol: 129,821 | Imb: -5.69%
2024-12-27 12:57:03,024 - DEBUG - Проверка обновления истории в 2024-12-27 12:57:03.024621
2024-12-27 12:57:03,024 - DEBUG - Price: 0.48 | Bid Vol: 127,202 | Ask Vol: 108,550 | Imb: +7.91%
2024-12-27 12:57:04,054 - DEBUG - Проверка обновления истории в 2024-12-27 12:57:04.054618
2024-12-27 12:57:04,054 - DEBUG - Price: 0.48 | Bid Vol: 127,280 | Ask Vol: 132,781 | Imb: -2.12%
2024-12-27 12:57:05,082 - DEBUG - Проверка обновления истории в 2024-12-27 12:57:05.082628
2024-12-27 12:57:05,082 - DEBUG - Price: 0.48 | Bid Vol: 128,562 | Ask Vol: 104,485 | Imb: +10.33%
2024-12-27 12:57:06,090 - DEBUG - Проверка обновления истории в 2024-12-27 12:57:06.090613
2024-12-27 12:57:06,090 - DEBUG - Price: 0.48 | Bid Vol: 129,024 | Ask Vol: 107,035 | Imb: +9.31%
2024-12-27 12:57:08,088 - DEBUG - Проверка обновления истории в 2024-12-27 12:57:08.088609
2024-12-27 12:57:08,088 - DEBUG - Price: 0.49 | Bid Vol: 119,489 | Ask Vol: 128,177 | Imb: -3.51%
2024-12-27 12:57:12,050 - DEBUG - Проверка обновления истории в 2024-12-27 12:57:12.050444
2024-12-27 12:57:12,050 - DEBUG - Price: 0.49 | Bid Vol: 128,280 | Ask Vol: 124,346 | Imb: +1.56%
2024-12-27 12:57:13,076 - DEBUG - Проверка обновления истории в 2024-12-27 12:57:13.076425
2024-12-27 12:57:13,076 - DEBUG - Price: 0.49 | Bid Vol: 133,323 | Ask Vol: 103,147 | Imb: +12.76%
2024-12-27 12:57:14,069 - DEBUG - Проверка обновления истории в 2024-12-27 12:57:14.069418
2024-12-27 12:57:14,070 - DEBUG - Price: 0.49 | Bid Vol: 127,162 | Ask Vol: 103,367 | Imb: +10.32%
2024-12-27 12:57:15,033 - DEBUG - Проверка обновления истории в 2024-12-27 12:57:15.033418
2024-12-27 12:57:15,033 - DEBUG - Price: 0.49 | Bid Vol: 126,920 | Ask Vol: 103,726 | Imb: +10.06%
2024-12-27 12:57:16,005 - DEBUG - Проверка обновления истории в 2024-12-27 12:57:16.005417
2024-12-27 12:57:16,005 - DEBUG - Price: 0.49 | Bid Vol: 130,506 | Ask Vol: 103,703 | Imb: +11.44%
2024-12-27 12:57:18,042 - DEBUG - Проверка обновления истории в 2024-12-27 12:57:18.041449
2024-12-27 12:57:18,042 - DEBUG - Price: 0.49 | Bid Vol: 105,446 | Ask Vol: 90,517 | Imb: +7.62%
2024-12-27 12:57:19,098 - DEBUG - Проверка обновления истории в 2024-12-27 12:57:19.098420
2024-12-27 12:57:19,098 - DEBUG - Price: 0.49 | Bid Vol: 108,474 | Ask Vol: 95,387 | Imb: +6.42%
2024-12-27 12:57:20,095 - DEBUG - Проверка обновления истории в 2024-12-27 12:57:20.095417
2024-12-27 12:57:20,096 - DEBUG - Price: 0.49 | Bid Vol: 96,508 | Ask Vol: 102,837 | Imb: -3.17%
2024-12-27 12:57:22,092 - DEBUG - Проверка обновления истории в 2024-12-27 12:57:22.092420
2024-12-27 12:57:22,092 - DEBUG - Price: 0.49 | Bid Vol: 100,452 | Ask Vol: 112,651 | Imb: -5.72%
2024-12-27 12:57:22,096 - DEBUG - Проверка обновления истории в 2024-12-27 12:57:22.096446
2024-12-27 12:57:22,096 - DEBUG - Price: 0.49 | Bid Vol: 100,452 | Ask Vol: 112,651 | Imb: -5.72%
2024-12-27 12:57:23,079 - DEBUG - Проверка обновления истории в 2024-12-27 12:57:23.079418
2024-12-27 12:57:23,079 - DEBUG - Price: 0.49 | Bid Vol: 100,740 | Ask Vol: 98,486 | Imb: +1.13%
2024-12-27 12:57:24,000 - DEBUG - Проверка обновления истории в 2024-12-27 12:57:24.000417
2024-12-27 12:57:24,001 - DEBUG - Price: 0.49 | Bid Vol: 123,721 | Ask Vol: 95,641 | Imb: +12.80%
2024-12-27 12:57:24,085 - DEBUG - Проверка обновления истории в 2024-12-27 12:57:24.085417
2024-12-27 12:57:24,085 - DEBUG - Price: 0.49 | Bid Vol: 125,243 | Ask Vol: 95,641 | Imb: +13.40%
2024-12-27 12:57:25,094 - DEBUG - Проверка обновления истории в 2024-12-27 12:57:25.094417
2024-12-27 12:57:25,094 - DEBUG - Price: 0.49 | Bid Vol: 112,978 | Ask Vol: 77,998 | Imb: +18.32%
2024-12-27 12:57:26,044 - DEBUG - Проверка обновления истории в 2024-12-27 12:57:26.044453
2024-12-27 12:57:26,044 - DEBUG - Price: 0.49 | Bid Vol: 117,553 | Ask Vol: 99,570 | Imb: +8.28%
2024-12-27 12:57:27,071 - DEBUG - Проверка обновления истории в 2024-12-27 12:57:27.071418
2024-12-27 12:57:27,071 - DEBUG - Price: 0.49 | Bid Vol: 115,095 | Ask Vol: 103,086 | Imb: +5.50%
2024-12-27 12:57:28,071 - DEBUG - Проверка обновления истории в 2024-12-27 12:57:28.071444
2024-12-27 12:57:28,071 - DEBUG - Price: 0.49 | Bid Vol: 97,170 | Ask Vol: 110,482 | Imb: -6.41%
2024-12-27 12:57:30,076 - DEBUG - Проверка обновления истории в 2024-12-27 12:57:30.076417
2024-12-27 12:57:30,076 - DEBUG - Price: 0.49 | Bid Vol: 97,248 | Ask Vol: 121,154 | Imb: -10.95%
2024-12-27 12:57:31,085 - DEBUG - Проверка обновления истории в 2024-12-27 12:57:31.085445
2024-12-27 12:57:31,085 - DEBUG - Price: 0.49 | Bid Vol: 97,265 | Ask Vol: 117,127 | Imb: -9.26%
2024-12-27 12:57:32,083 - DEBUG - Проверка обновления истории в 2024-12-27 12:57:32.082444
2024-12-27 12:57:32,083 - DEBUG - Price: 0.49 | Bid Vol: 99,331 | Ask Vol: 112,065 | Imb: -6.02%
2024-12-27 12:57:33,063 - DEBUG - Проверка обновления истории в 2024-12-27 12:57:33.063417
2024-12-27 12:57:33,063 - DEBUG - Price: 0.49 | Bid Vol: 100,608 | Ask Vol: 100,310 | Imb: +0.15%
2024-12-27 12:57:34,046 - DEBUG - Проверка обновления истории в 2024-12-27 12:57:34.046418
2024-12-27 12:57:34,046 - DEBUG - Price: 0.49 | Bid Vol: 90,548 | Ask Vol: 115,947 | Imb: -12.30%
2024-12-27 12:57:35,064 - DEBUG - Проверка обновления истории в 2024-12-27 12:57:35.064444
2024-12-27 12:57:35,064 - DEBUG - Price: 0.49 | Bid Vol: 92,556 | Ask Vol: 91,856 | Imb: +0.38%
2024-12-27 12:57:36,051 - DEBUG - Проверка обновления истории в 2024-12-27 12:57:36.051444
2024-12-27 12:57:36,051 - DEBUG - Price: 0.49 | Bid Vol: 94,294 | Ask Vol: 106,653 | Imb: -6.15%
2024-12-27 12:57:37,038 - DEBUG - Проверка обновления истории в 2024-12-27 12:57:37.038446
2024-12-27 12:57:37,038 - DEBUG - Price: 0.49 | Bid Vol: 110,608 | Ask Vol: 79,231 | Imb: +16.53%
2024-12-27 12:57:39,013 - DEBUG - Проверка обновления истории в 2024-12-27 12:57:39.013421
2024-12-27 12:57:39,013 - DEBUG - Price: 0.49 | Bid Vol: 105,444 | Ask Vol: 101,043 | Imb: +2.13%
2024-12-27 12:57:43,082 - DEBUG - Проверка обновления истории в 2024-12-27 12:57:43.082680
2024-12-27 12:57:43,082 - DEBUG - Price: 0.49 | Bid Vol: 113,933 | Ask Vol: 95,749 | Imb: +8.67%
2024-12-27 12:57:48,047 - DEBUG - Проверка обновления истории в 2024-12-27 12:57:48.047710
2024-12-27 12:57:48,047 - DEBUG - Price: 0.49 | Bid Vol: 103,895 | Ask Vol: 112,590 | Imb: -4.02%
2024-12-27 12:57:49,008 - DEBUG - Проверка обновления истории в 2024-12-27 12:57:49.008707
2024-12-27 12:57:49,008 - DEBUG - Price: 0.49 | Bid Vol: 104,274 | Ask Vol: 114,629 | Imb: -4.73%
2024-12-27 12:57:50,061 - DEBUG - Проверка обновления истории в 2024-12-27 12:57:50.060677
2024-12-27 12:57:50,061 - DEBUG - Price: 0.49 | Bid Vol: 105,526 | Ask Vol: 114,629 | Imb: -4.13%
2024-12-27 12:57:52,089 - DEBUG - Проверка обновления истории в 2024-12-27 12:57:52.089682
2024-12-27 12:57:52,089 - DEBUG - Price: 0.49 | Bid Vol: 97,787 | Ask Vol: 116,612 | Imb: -8.78%
2024-12-27 12:57:54,065 - DEBUG - Проверка обновления истории в 2024-12-27 12:57:54.065677
2024-12-27 12:57:54,065 - DEBUG - Price: 0.49 | Bid Vol: 125,323 | Ask Vol: 97,280 | Imb: +12.60%
2024-12-27 12:57:56,034 - DEBUG - Проверка обновления истории в 2024-12-27 12:57:56.034678
2024-12-27 12:57:56,034 - DEBUG - Price: 0.49 | Bid Vol: 141,486 | Ask Vol: 82,932 | Imb: +26.09%
2024-12-27 12:57:57,074 - DEBUG - Проверка обновления истории в 2024-12-27 12:57:57.074678
2024-12-27 12:57:57,074 - DEBUG - Price: 0.49 | Bid Vol: 138,869 | Ask Vol: 85,859 | Imb: +23.59%
2024-12-27 12:57:58,078 - DEBUG - Проверка обновления истории в 2024-12-27 12:57:58.077705
2024-12-27 12:57:58,078 - DEBUG - Price: 0.49 | Bid Vol: 136,843 | Ask Vol: 88,246 | Imb: +21.59%
2024-12-27 12:58:03,095 - DEBUG - Проверка обновления истории в 2024-12-27 12:58:03.095678
2024-12-27 12:58:03,095 - DEBUG - Обновление 1m данных
2024-12-27 12:58:03,095 - DEBUG - Добавлены данные для 1m: imbalance=21.02, bid_vol=136869, ask_vol=89328
2024-12-27 12:58:03,095 - DEBUG - Price: 0.49 | Bid Vol: 136,869 | Ask Vol: 89,328 | Imb: +21.02%
