2024-12-27 19:39:19,000 - INFO - Starting order monitoring system
2024-12-27 19:39:19,000 - DEBUG - Attempting to connect to: wss://fstream.binance.com/ws/strkusdt@depth@100ms
2024-12-27 19:39:20,191 - INFO - Connected to Binance Futures WebSocket for strkusdt
2024-12-27 19:39:21,082 - DEBUG - Price: 0.48 | Bid Vol: 91,837 | Ask Vol: 54,957 | Imb: +25.12%
2024-12-27 19:39:22,007 - DEBUG - Price: 0.48 | Bid Vol: 79,588 | Ask Vol: 63,227 | Imb: +11.46%
2024-12-27 19:39:23,024 - DEBUG - Price: 0.48 | Bid Vol: 99,138 | Ask Vol: 70,603 | Imb: +16.81%
2024-12-27 19:39:24,030 - DEBUG - Price: 0.48 | Bid Vol: 93,409 | Ask Vol: 65,903 | Imb: +17.27%
2024-12-27 19:39:25,028 - DEBUG - Price: 0.48 | Bid Vol: 64,324 | Ask Vol: 67,266 | Imb: -2.24%
2024-12-27 19:39:26,023 - DEBUG - Price: 0.48 | Bid Vol: 52,565 | Ask Vol: 77,166 | Imb: -18.96%
2024-12-27 19:39:27,093 - DEBUG - Price: 0.48 | Bid Vol: 55,128 | Ask Vol: 66,195 | Imb: -9.12%
2024-12-27 19:39:28,095 - DEBUG - Price: 0.48 | Bid Vol: 51,123 | Ask Vol: 59,140 | Imb: -7.27%
2024-12-27 19:39:29,073 - DEBUG - Price: 0.48 | Bid Vol: 66,608 | Ask Vol: 69,885 | Imb: -2.40%
2024-12-27 19:39:31,004 - DEBUG - Price: 0.48 | Bid Vol: 61,350 | Ask Vol: 84,378 | Imb: -15.80%
2024-12-27 19:39:32,052 - DEBUG - Price: 0.48 | Bid Vol: 67,404 | Ask Vol: 70,575 | Imb: -2.30%
2024-12-27 19:39:33,055 - DEBUG - Price: 0.48 | Bid Vol: 69,280 | Ask Vol: 88,521 | Imb: -12.19%
2024-12-27 19:39:34,038 - DEBUG - Price: 0.48 | Bid Vol: 73,110 | Ask Vol: 71,180 | Imb: +1.34%
2024-12-27 19:39:35,045 - DEBUG - Price: 0.48 | Bid Vol: 69,016 | Ask Vol: 66,148 | Imb: +2.12%
2024-12-27 19:39:36,038 - DEBUG - Price: 0.48 | Bid Vol: 61,805 | Ask Vol: 71,160 | Imb: -7.04%
2024-12-27 19:39:38,029 - DEBUG - Price: 0.48 | Bid Vol: 76,767 | Ask Vol: 65,857 | Imb: +7.65%
2024-12-27 19:39:39,095 - DEBUG - Price: 0.48 | Bid Vol: 63,887 | Ask Vol: 77,823 | Imb: -9.83%
2024-12-27 19:39:43,076 - DEBUG - Price: 0.48 | Bid Vol: 61,053 | Ask Vol: 109,641 | Imb: -28.47%
2024-12-27 19:39:44,068 - DEBUG - Price: 0.48 | Bid Vol: 77,607 | Ask Vol: 96,125 | Imb: -10.66%
2024-12-27 19:39:45,057 - DEBUG - Price: 0.48 | Bid Vol: 76,836 | Ask Vol: 100,944 | Imb: -13.56%
2024-12-27 19:39:47,047 - DEBUG - Price: 0.48 | Bid Vol: 80,797 | Ask Vol: 102,508 | Imb: -11.84%
2024-12-27 19:39:48,074 - DEBUG - Price: 0.48 | Bid Vol: 76,387 | Ask Vol: 89,262 | Imb: -7.77%
2024-12-27 19:39:50,055 - DEBUG - Price: 0.48 | Bid Vol: 68,769 | Ask Vol: 80,466 | Imb: -7.84%
2024-12-27 19:39:51,014 - DEBUG - Price: 0.48 | Bid Vol: 67,368 | Ask Vol: 79,456 | Imb: -8.23%
2024-12-27 19:39:52,036 - DEBUG - Price: 0.48 | Bid Vol: 83,341 | Ask Vol: 77,655 | Imb: +3.53%
2024-12-27 19:39:55,003 - DEBUG - Price: 0.48 | Bid Vol: 62,269 | Ask Vol: 92,092 | Imb: -19.32%
2024-12-27 19:39:56,031 - DEBUG - Price: 0.48 | Bid Vol: 77,982 | Ask Vol: 81,497 | Imb: -2.20%
2024-12-27 19:39:57,014 - DEBUG - Price: 0.48 | Bid Vol: 78,758 | Ask Vol: 93,424 | Imb: -8.52%
2024-12-27 19:39:58,020 - DEBUG - Price: 0.48 | Bid Vol: 78,152 | Ask Vol: 81,235 | Imb: -1.93%
2024-12-27 19:39:59,045 - DEBUG - Price: 0.48 | Bid Vol: 76,033 | Ask Vol: 81,065 | Imb: -3.20%
2024-12-27 19:40:00,083 - DEBUG - Минутная статистика: Avg Imb: -4.57% (min: -32.17%, max: 38.77%), Avg Bid Vol: 71976, Avg Ask Vol: 79139
2024-12-27 19:40:00,083 - DEBUG - Анализ 1m: длина истории = 1
2024-12-27 19:40:00,083 - DEBUG - Недостаточно данных для 1m
2024-12-27 19:40:00,083 - DEBUG - Обновлена 5m статистика: Imb=-0.91%, Bid Vol=14395, Ask Vol=15828
2024-12-27 19:40:00,083 - DEBUG - Анализ 5m: длина истории = 1
2024-12-27 19:40:00,083 - DEBUG - Недостаточно данных для 5m
2024-12-27 19:40:00,083 - DEBUG - Price: 0.48 | Bid Vol: 75,142 | Ask Vol: 81,200 | Imb: -3.87%
2024-12-27 19:40:00,293 - DEBUG - Обновлена 5m статистика: Imb=-0.91%, Bid Vol=14395, Ask Vol=15828
2024-12-27 19:40:00,293 - DEBUG - Анализ 5m: длина истории = 2
2024-12-27 19:40:00,293 - DEBUG - Данные 5m: imbalances=[-0.9139642996153079, -0.9139642996153079]
2024-12-27 19:40:00,293 - DEBUG - Результат анализа 5m: {'trend_ascii': '-', 'current_imbalance': -0.9139642996153079, 'volume_ratio': 0.9094850683978636}
2024-12-27 19:40:00,293 - INFO - === СТАТИСТИКА 5M ===
5m  | Trend: -    | Imb:   -0.9% | Vol Ratio:  0.9
==================

2024-12-27 19:40:00,395 - DEBUG - Обновлена 5m статистика: Imb=-0.91%, Bid Vol=14395, Ask Vol=15828
2024-12-27 19:40:00,395 - DEBUG - Анализ 5m: длина истории = 3
2024-12-27 19:40:00,395 - DEBUG - Данные 5m: imbalances=[-0.9139642996153079, -0.9139642996153079, -0.9139642996153079]
2024-12-27 19:40:00,395 - DEBUG - Результат анализа 5m: {'trend_ascii': '-', 'current_imbalance': -0.9139642996153079, 'volume_ratio': 0.9094850683978636}
2024-12-27 19:40:00,395 - INFO - === СТАТИСТИКА 5M ===
5m  | Trend: -    | Imb:   -0.9% | Vol Ratio:  0.9
==================

2024-12-27 19:40:00,571 - DEBUG - Обновлена 5m статистика: Imb=-0.91%, Bid Vol=14395, Ask Vol=15828
2024-12-27 19:40:00,572 - DEBUG - Анализ 5m: длина истории = 4
2024-12-27 19:40:00,572 - DEBUG - Данные 5m: imbalances=[-0.9139642996153079, -0.9139642996153079, -0.9139642996153079, -0.9139642996153079]
2024-12-27 19:40:00,572 - DEBUG - Результат анализа 5m: {'trend_ascii': '-', 'current_imbalance': -0.9139642996153079, 'volume_ratio': 0.9094850683978636}
2024-12-27 19:40:00,572 - INFO - === СТАТИСТИКА 5M ===
5m  | Trend: -    | Imb:   -0.9% | Vol Ratio:  0.9
==================

2024-12-27 19:40:00,677 - DEBUG - Обновлена 5m статистика: Imb=-0.91%, Bid Vol=14395, Ask Vol=15828
2024-12-27 19:40:00,677 - DEBUG - Анализ 5m: длина истории = 5
2024-12-27 19:40:00,677 - DEBUG - Данные 5m: imbalances=[-0.9139642996153079, -0.9139642996153079, -0.9139642996153079, -0.9139642996153079, -0.9139642996153079]
2024-12-27 19:40:00,677 - DEBUG - Результат анализа 5m: {'trend_ascii': '-', 'current_imbalance': -0.9139642996153079, 'volume_ratio': 0.9094850683978636}
2024-12-27 19:40:00,677 - INFO - === СТАТИСТИКА 5M ===
5m  | Trend: -    | Imb:   -0.9% | Vol Ratio:  0.9
==================

2024-12-27 19:40:00,786 - DEBUG - Обновлена 5m статистика: Imb=-0.91%, Bid Vol=14395, Ask Vol=15828
2024-12-27 19:40:00,786 - DEBUG - Анализ 5m: длина истории = 6
2024-12-27 19:40:00,786 - DEBUG - Данные 5m: imbalances=[-0.9139642996153079, -0.9139642996153079, -0.9139642996153079, -0.9139642996153079, -0.9139642996153079, -0.9139642996153079]
2024-12-27 19:40:00,786 - DEBUG - Результат анализа 5m: {'trend_ascii': '-', 'current_imbalance': -0.9139642996153079, 'volume_ratio': 0.9094850683978636}
2024-12-27 19:40:00,787 - INFO - === СТАТИСТИКА 5M ===
5m  | Trend: -    | Imb:   -0.9% | Vol Ratio:  0.9
==================

2024-12-27 19:40:00,891 - DEBUG - Обновлена 5m статистика: Imb=-0.91%, Bid Vol=14395, Ask Vol=15828
2024-12-27 19:40:00,891 - DEBUG - Анализ 5m: длина истории = 7
2024-12-27 19:40:00,891 - DEBUG - Данные 5m: imbalances=[-0.9139642996153079, -0.9139642996153079, -0.9139642996153079, -0.9139642996153079, -0.9139642996153079, -0.9139642996153079, -0.9139642996153079]
2024-12-27 19:40:00,891 - DEBUG - Результат анализа 5m: {'trend_ascii': '-', 'current_imbalance': -0.9139642996153079, 'volume_ratio': 0.9094850683978636}
2024-12-27 19:40:00,891 - INFO - === СТАТИСТИКА 5M ===
5m  | Trend: -    | Imb:   -0.9% | Vol Ratio:  0.9
==================

2024-12-27 19:40:01,004 - DEBUG - Обновлена 5m статистика: Imb=-0.91%, Bid Vol=14395, Ask Vol=15828
2024-12-27 19:40:01,004 - DEBUG - Анализ 5m: длина истории = 8
2024-12-27 19:40:01,004 - DEBUG - Данные 5m: imbalances=[-0.9139642996153079, -0.9139642996153079, -0.9139642996153079, -0.9139642996153079, -0.9139642996153079, -0.9139642996153079, -0.9139642996153079, -0.9139642996153079]
2024-12-27 19:40:01,004 - DEBUG - Результат анализа 5m: {'trend_ascii': '-', 'current_imbalance': -0.9139642996153079, 'volume_ratio': 0.9094850683978636}
2024-12-27 19:40:01,004 - INFO - === СТАТИСТИКА 5M ===
5m  | Trend: -    | Imb:   -0.9% | Vol Ratio:  0.9
==================

2024-12-27 19:40:01,005 - DEBUG - Price: 0.48 | Bid Vol: 66,071 | Ask Vol: 89,050 | Imb: -14.81%
2024-12-27 19:40:01,114 - DEBUG - Обновлена 5m статистика: Imb=-0.91%, Bid Vol=14395, Ask Vol=15828
2024-12-27 19:40:01,114 - DEBUG - Анализ 5m: длина истории = 9
2024-12-27 19:40:01,114 - DEBUG - Данные 5m: imbalances=[-0.9139642996153079, -0.9139642996153079, -0.9139642996153079, -0.9139642996153079, -0.9139642996153079, -0.9139642996153079, -0.9139642996153079, -0.9139642996153079, -0.9139642996153079]
2024-12-27 19:40:01,114 - DEBUG - Результат анализа 5m: {'trend_ascii': '-', 'current_imbalance': -0.9139642996153079, 'volume_ratio': 0.9094850683978636}
2024-12-27 19:40:01,114 - INFO - === СТАТИСТИКА 5M ===
5m  | Trend: -    | Imb:   -0.9% | Vol Ratio:  0.9
==================

2024-12-27 19:40:01,270 - DEBUG - Обновлена 5m статистика: Imb=-0.91%, Bid Vol=14395, Ask Vol=15828
2024-12-27 19:40:01,270 - DEBUG - Анализ 5m: длина истории = 10
2024-12-27 19:40:01,270 - DEBUG - Данные 5m: imbalances=[-0.9139642996153079, -0.9139642996153079, -0.9139642996153079, -0.9139642996153079, -0.9139642996153079, -0.9139642996153079, -0.9139642996153079, -0.9139642996153079, -0.9139642996153079, -0.9139642996153079]
2024-12-27 19:40:01,270 - DEBUG - Результат анализа 5m: {'trend_ascii': '-', 'current_imbalance': -0.9139642996153079, 'volume_ratio': 0.9094850683978636}
2024-12-27 19:40:01,270 - INFO - === СТАТИСТИКА 5M ===
5m  | Trend: -    | Imb:   -0.9% | Vol Ratio:  0.9
==================

2024-12-27 19:40:01,370 - DEBUG - Обновлена 5m статистика: Imb=-0.91%, Bid Vol=14395, Ask Vol=15828
2024-12-27 19:40:01,370 - DEBUG - Анализ 5m: длина истории = 11
2024-12-27 19:40:01,370 - DEBUG - Данные 5m: imbalances=[-0.9139642996153079, -0.9139642996153079, -0.9139642996153079, -0.9139642996153079, -0.9139642996153079, -0.9139642996153079, -0.9139642996153079, -0.9139642996153079, -0.9139642996153079, -0.9139642996153079]
2024-12-27 19:40:01,370 - DEBUG - Результат анализа 5m: {'trend_ascii': '-', 'current_imbalance': -0.9139642996153079, 'volume_ratio': 0.9094850683978636}
2024-12-27 19:40:01,370 - INFO - === СТАТИСТИКА 5M ===
5m  | Trend: -    | Imb:   -0.9% | Vol Ratio:  0.9
==================

2024-12-27 19:40:01,475 - DEBUG - Обновлена 5m статистика: Imb=-0.91%, Bid Vol=14395, Ask Vol=15828
2024-12-27 19:40:01,475 - DEBUG - Анализ 5m: длина истории = 12
2024-12-27 19:40:01,475 - DEBUG - Данные 5m: imbalances=[-0.9139642996153079, -0.9139642996153079, -0.9139642996153079, -0.9139642996153079, -0.9139642996153079, -0.9139642996153079, -0.9139642996153079, -0.9139642996153079, -0.9139642996153079, -0.9139642996153079]
2024-12-27 19:40:01,475 - DEBUG - Результат анализа 5m: {'trend_ascii': '-', 'current_imbalance': -0.9139642996153079, 'volume_ratio': 0.9094850683978636}
2024-12-27 19:40:01,475 - INFO - === СТАТИСТИКА 5M ===
5m  | Trend: -    | Imb:   -0.9% | Vol Ratio:  0.9
==================

2024-12-27 19:40:01,693 - DEBUG - Обновлена 5m статистика: Imb=-0.91%, Bid Vol=14395, Ask Vol=15828
2024-12-27 19:40:01,693 - DEBUG - Анализ 5m: длина истории = 13
2024-12-27 19:40:01,693 - DEBUG - Данные 5m: imbalances=[-0.9139642996153079, -0.9139642996153079, -0.9139642996153079, -0.9139642996153079, -0.9139642996153079, -0.9139642996153079, -0.9139642996153079, -0.9139642996153079, -0.9139642996153079, -0.9139642996153079]
2024-12-27 19:40:01,693 - DEBUG - Результат анализа 5m: {'trend_ascii': '-', 'current_imbalance': -0.9139642996153079, 'volume_ratio': 0.9094850683978636}
2024-12-27 19:40:01,693 - INFO - === СТАТИСТИКА 5M ===
5m  | Trend: -    | Imb:   -0.9% | Vol Ratio:  0.9
==================

2024-12-27 19:40:01,796 - DEBUG - Обновлена 5m статистика: Imb=-0.91%, Bid Vol=14395, Ask Vol=15828
2024-12-27 19:40:01,797 - DEBUG - Анализ 5m: длина истории = 14
2024-12-27 19:40:01,797 - DEBUG - Данные 5m: imbalances=[-0.9139642996153079, -0.9139642996153079, -0.9139642996153079, -0.9139642996153079, -0.9139642996153079, -0.9139642996153079, -0.9139642996153079, -0.9139642996153079, -0.9139642996153079, -0.9139642996153079]
2024-12-27 19:40:01,797 - DEBUG - Результат анализа 5m: {'trend_ascii': '-', 'current_imbalance': -0.9139642996153079, 'volume_ratio': 0.9094850683978636}
2024-12-27 19:40:01,797 - INFO - === СТАТИСТИКА 5M ===
5m  | Trend: -    | Imb:   -0.9% | Vol Ratio:  0.9
==================

2024-12-27 19:40:01,983 - DEBUG - Обновлена 5m статистика: Imb=-0.91%, Bid Vol=14395, Ask Vol=15828
2024-12-27 19:40:01,983 - DEBUG - Анализ 5m: длина истории = 15
2024-12-27 19:40:01,983 - DEBUG - Данные 5m: imbalances=[-0.9139642996153079, -0.9139642996153079, -0.9139642996153079, -0.9139642996153079, -0.9139642996153079, -0.9139642996153079, -0.9139642996153079, -0.9139642996153079, -0.9139642996153079, -0.9139642996153079]
2024-12-27 19:40:01,983 - DEBUG - Результат анализа 5m: {'trend_ascii': '-', 'current_imbalance': -0.9139642996153079, 'volume_ratio': 0.9094850683978636}
2024-12-27 19:40:01,983 - INFO - === СТАТИСТИКА 5M ===
5m  | Trend: -    | Imb:   -0.9% | Vol Ratio:  0.9
==================

2024-12-27 19:40:02,099 - DEBUG - Обновлена 5m статистика: Imb=-0.91%, Bid Vol=14395, Ask Vol=15828
2024-12-27 19:40:02,099 - DEBUG - Анализ 5m: длина истории = 16
2024-12-27 19:40:02,100 - DEBUG - Данные 5m: imbalances=[-0.9139642996153079, -0.9139642996153079, -0.9139642996153079, -0.9139642996153079, -0.9139642996153079, -0.9139642996153079, -0.9139642996153079, -0.9139642996153079, -0.9139642996153079, -0.9139642996153079]
2024-12-27 19:40:02,100 - DEBUG - Результат анализа 5m: {'trend_ascii': '-', 'current_imbalance': -0.9139642996153079, 'volume_ratio': 0.9094850683978636}
2024-12-27 19:40:02,100 - INFO - === СТАТИСТИКА 5M ===
5m  | Trend: -    | Imb:   -0.9% | Vol Ratio:  0.9
==================

2024-12-27 19:40:02,100 - DEBUG - Price: 0.48 | Bid Vol: 70,764 | Ask Vol: 83,209 | Imb: -8.08%
2024-12-27 19:40:02,302 - DEBUG - Обновлена 5m статистика: Imb=-0.91%, Bid Vol=14395, Ask Vol=15828
2024-12-27 19:40:02,302 - DEBUG - Анализ 5m: длина истории = 17
2024-12-27 19:40:02,302 - DEBUG - Данные 5m: imbalances=[-0.9139642996153079, -0.9139642996153079, -0.9139642996153079, -0.9139642996153079, -0.9139642996153079, -0.9139642996153079, -0.9139642996153079, -0.9139642996153079, -0.9139642996153079, -0.9139642996153079]
2024-12-27 19:40:02,302 - DEBUG - Результат анализа 5m: {'trend_ascii': '-', 'current_imbalance': -0.9139642996153079, 'volume_ratio': 0.9094850683978636}
2024-12-27 19:40:02,302 - INFO - === СТАТИСТИКА 5M ===
5m  | Trend: -    | Imb:   -0.9% | Vol Ratio:  0.9
==================

2024-12-27 19:40:02,436 - DEBUG - Обновлена 5m статистика: Imb=-0.91%, Bid Vol=14395, Ask Vol=15828
2024-12-27 19:40:02,436 - DEBUG - Анализ 5m: длина истории = 18
2024-12-27 19:40:02,436 - DEBUG - Данные 5m: imbalances=[-0.9139642996153079, -0.9139642996153079, -0.9139642996153079, -0.9139642996153079, -0.9139642996153079, -0.9139642996153079, -0.9139642996153079, -0.9139642996153079, -0.9139642996153079, -0.9139642996153079]
2024-12-27 19:40:02,436 - DEBUG - Результат анализа 5m: {'trend_ascii': '-', 'current_imbalance': -0.9139642996153079, 'volume_ratio': 0.9094850683978636}
2024-12-27 19:40:02,436 - INFO - === СТАТИСТИКА 5M ===
5m  | Trend: -    | Imb:   -0.9% | Vol Ratio:  0.9
==================

2024-12-27 19:40:02,538 - DEBUG - Обновлена 5m статистика: Imb=-0.91%, Bid Vol=14395, Ask Vol=15828
2024-12-27 19:40:02,539 - DEBUG - Анализ 5m: длина истории = 19
2024-12-27 19:40:02,539 - DEBUG - Данные 5m: imbalances=[-0.9139642996153079, -0.9139642996153079, -0.9139642996153079, -0.9139642996153079, -0.9139642996153079, -0.9139642996153079, -0.9139642996153079, -0.9139642996153079, -0.9139642996153079, -0.9139642996153079]
2024-12-27 19:40:02,539 - DEBUG - Результат анализа 5m: {'trend_ascii': '-', 'current_imbalance': -0.9139642996153079, 'volume_ratio': 0.9094850683978636}
2024-12-27 19:40:02,539 - INFO - === СТАТИСТИКА 5M ===
5m  | Trend: -    | Imb:   -0.9% | Vol Ratio:  0.9
==================

2024-12-27 19:40:02,645 - DEBUG - Обновлена 5m статистика: Imb=-0.91%, Bid Vol=14395, Ask Vol=15828
2024-12-27 19:40:02,645 - DEBUG - Анализ 5m: длина истории = 20
2024-12-27 19:40:02,645 - DEBUG - Данные 5m: imbalances=[-0.9139642996153079, -0.9139642996153079, -0.9139642996153079, -0.9139642996153079, -0.9139642996153079, -0.9139642996153079, -0.9139642996153079, -0.9139642996153079, -0.9139642996153079, -0.9139642996153079]
2024-12-27 19:40:02,645 - DEBUG - Результат анализа 5m: {'trend_ascii': '-', 'current_imbalance': -0.9139642996153079, 'volume_ratio': 0.9094850683978636}
2024-12-27 19:40:02,646 - INFO - === СТАТИСТИКА 5M ===
5m  | Trend: -    | Imb:   -0.9% | Vol Ratio:  0.9
==================

2024-12-27 19:40:02,804 - DEBUG - Обновлена 5m статистика: Imb=-0.91%, Bid Vol=14395, Ask Vol=15828
2024-12-27 19:40:02,804 - DEBUG - Анализ 5m: длина истории = 21
2024-12-27 19:40:02,804 - DEBUG - Данные 5m: imbalances=[-0.9139642996153079, -0.9139642996153079, -0.9139642996153079, -0.9139642996153079, -0.9139642996153079, -0.9139642996153079, -0.9139642996153079, -0.9139642996153079, -0.9139642996153079, -0.9139642996153079]
2024-12-27 19:40:02,804 - DEBUG - Результат анализа 5m: {'trend_ascii': '-', 'current_imbalance': -0.9139642996153079, 'volume_ratio': 0.9094850683978636}
2024-12-27 19:40:02,804 - INFO - === СТАТИСТИКА 5M ===
5m  | Trend: -    | Imb:   -0.9% | Vol Ratio:  0.9
==================

2024-12-27 19:40:02,906 - DEBUG - Обновлена 5m статистика: Imb=-0.91%, Bid Vol=14395, Ask Vol=15828
2024-12-27 19:40:02,906 - DEBUG - Анализ 5m: длина истории = 22
2024-12-27 19:40:02,906 - DEBUG - Данные 5m: imbalances=[-0.9139642996153079, -0.9139642996153079, -0.9139642996153079, -0.9139642996153079, -0.9139642996153079, -0.9139642996153079, -0.9139642996153079, -0.9139642996153079, -0.9139642996153079, -0.9139642996153079]
2024-12-27 19:40:02,906 - DEBUG - Результат анализа 5m: {'trend_ascii': '-', 'current_imbalance': -0.9139642996153079, 'volume_ratio': 0.9094850683978636}
2024-12-27 19:40:02,906 - INFO - === СТАТИСТИКА 5M ===
5m  | Trend: -    | Imb:   -0.9% | Vol Ratio:  0.9
==================

2024-12-27 19:40:03,009 - DEBUG - Обновлена 5m статистика: Imb=-0.91%, Bid Vol=14395, Ask Vol=15828
2024-12-27 19:40:03,009 - DEBUG - Анализ 5m: длина истории = 23
2024-12-27 19:40:03,009 - DEBUG - Данные 5m: imbalances=[-0.9139642996153079, -0.9139642996153079, -0.9139642996153079, -0.9139642996153079, -0.9139642996153079, -0.9139642996153079, -0.9139642996153079, -0.9139642996153079, -0.9139642996153079, -0.9139642996153079]
2024-12-27 19:40:03,009 - DEBUG - Результат анализа 5m: {'trend_ascii': '-', 'current_imbalance': -0.9139642996153079, 'volume_ratio': 0.9094850683978636}
2024-12-27 19:40:03,009 - INFO - === СТАТИСТИКА 5M ===
5m  | Trend: -    | Imb:   -0.9% | Vol Ratio:  0.9
==================

2024-12-27 19:40:03,010 - DEBUG - Price: 0.48 | Bid Vol: 80,032 | Ask Vol: 84,676 | Imb: -2.82%
2024-12-27 19:40:03,126 - DEBUG - Обновлена 5m статистика: Imb=-0.91%, Bid Vol=14395, Ask Vol=15828
2024-12-27 19:40:03,126 - DEBUG - Анализ 5m: длина истории = 24
2024-12-27 19:40:03,126 - DEBUG - Данные 5m: imbalances=[-0.9139642996153079, -0.9139642996153079, -0.9139642996153079, -0.9139642996153079, -0.9139642996153079, -0.9139642996153079, -0.9139642996153079, -0.9139642996153079, -0.9139642996153079, -0.9139642996153079]
2024-12-27 19:40:03,126 - DEBUG - Результат анализа 5m: {'trend_ascii': '-', 'current_imbalance': -0.9139642996153079, 'volume_ratio': 0.9094850683978636}
2024-12-27 19:40:03,126 - INFO - === СТАТИСТИКА 5M ===
5m  | Trend: -    | Imb:   -0.9% | Vol Ratio:  0.9
==================

2024-12-27 19:40:03,240 - DEBUG - Обновлена 5m статистика: Imb=-0.91%, Bid Vol=14395, Ask Vol=15828
2024-12-27 19:40:03,240 - DEBUG - Анализ 5m: длина истории = 25
2024-12-27 19:40:03,241 - DEBUG - Данные 5m: imbalances=[-0.9139642996153079, -0.9139642996153079, -0.9139642996153079, -0.9139642996153079, -0.9139642996153079, -0.9139642996153079, -0.9139642996153079, -0.9139642996153079, -0.9139642996153079, -0.9139642996153079]
2024-12-27 19:40:03,241 - DEBUG - Результат анализа 5m: {'trend_ascii': '-', 'current_imbalance': -0.9139642996153079, 'volume_ratio': 0.9094850683978636}
2024-12-27 19:40:03,241 - INFO - === СТАТИСТИКА 5M ===
5m  | Trend: -    | Imb:   -0.9% | Vol Ratio:  0.9
==================

2024-12-27 19:40:03,355 - DEBUG - Обновлена 5m статистика: Imb=-0.91%, Bid Vol=14395, Ask Vol=15828
2024-12-27 19:40:03,356 - DEBUG - Анализ 5m: длина истории = 26
2024-12-27 19:40:03,356 - DEBUG - Данные 5m: imbalances=[-0.9139642996153079, -0.9139642996153079, -0.9139642996153079, -0.9139642996153079, -0.9139642996153079, -0.9139642996153079, -0.9139642996153079, -0.9139642996153079, -0.9139642996153079, -0.9139642996153079]
2024-12-27 19:40:03,356 - DEBUG - Результат анализа 5m: {'trend_ascii': '-', 'current_imbalance': -0.9139642996153079, 'volume_ratio': 0.9094850683978636}
2024-12-27 19:40:03,356 - INFO - === СТАТИСТИКА 5M ===
5m  | Trend: -    | Imb:   -0.9% | Vol Ratio:  0.9
==================

2024-12-27 19:40:03,453 - DEBUG - Обновлена 5m статистика: Imb=-0.91%, Bid Vol=14395, Ask Vol=15828
2024-12-27 19:40:03,453 - DEBUG - Анализ 5m: длина истории = 27
2024-12-27 19:40:03,453 - DEBUG - Данные 5m: imbalances=[-0.9139642996153079, -0.9139642996153079, -0.9139642996153079, -0.9139642996153079, -0.9139642996153079, -0.9139642996153079, -0.9139642996153079, -0.9139642996153079, -0.9139642996153079, -0.9139642996153079]
2024-12-27 19:40:03,453 - DEBUG - Результат анализа 5m: {'trend_ascii': '-', 'current_imbalance': -0.9139642996153079, 'volume_ratio': 0.9094850683978636}
2024-12-27 19:40:03,453 - INFO - === СТАТИСТИКА 5M ===
5m  | Trend: -    | Imb:   -0.9% | Vol Ratio:  0.9
==================

2024-12-27 19:40:03,569 - DEBUG - Обновлена 5m статистика: Imb=-0.91%, Bid Vol=14395, Ask Vol=15828
2024-12-27 19:40:03,569 - DEBUG - Анализ 5m: длина истории = 28
2024-12-27 19:40:03,569 - DEBUG - Данные 5m: imbalances=[-0.9139642996153079, -0.9139642996153079, -0.9139642996153079, -0.9139642996153079, -0.9139642996153079, -0.9139642996153079, -0.9139642996153079, -0.9139642996153079, -0.9139642996153079, -0.9139642996153079]
2024-12-27 19:40:03,569 - DEBUG - Результат анализа 5m: {'trend_ascii': '-', 'current_imbalance': -0.9139642996153079, 'volume_ratio': 0.9094850683978636}
2024-12-27 19:40:03,569 - INFO - === СТАТИСТИКА 5M ===
5m  | Trend: -    | Imb:   -0.9% | Vol Ratio:  0.9
==================

2024-12-27 19:40:03,675 - DEBUG - Обновлена 5m статистика: Imb=-0.91%, Bid Vol=14395, Ask Vol=15828
2024-12-27 19:40:03,675 - DEBUG - Анализ 5m: длина истории = 29
2024-12-27 19:40:03,675 - DEBUG - Данные 5m: imbalances=[-0.9139642996153079, -0.9139642996153079, -0.9139642996153079, -0.9139642996153079, -0.9139642996153079, -0.9139642996153079, -0.9139642996153079, -0.9139642996153079, -0.9139642996153079, -0.9139642996153079]
2024-12-27 19:40:03,675 - DEBUG - Результат анализа 5m: {'trend_ascii': '-', 'current_imbalance': -0.9139642996153079, 'volume_ratio': 0.9094850683978636}
2024-12-27 19:40:03,675 - INFO - === СТАТИСТИКА 5M ===
5m  | Trend: -    | Imb:   -0.9% | Vol Ratio:  0.9
==================

2024-12-27 19:40:03,783 - DEBUG - Обновлена 5m статистика: Imb=-0.91%, Bid Vol=14395, Ask Vol=15828
2024-12-27 19:40:03,783 - DEBUG - Анализ 5m: длина истории = 30
2024-12-27 19:40:03,783 - DEBUG - Данные 5m: imbalances=[-0.9139642996153079, -0.9139642996153079, -0.9139642996153079, -0.9139642996153079, -0.9139642996153079, -0.9139642996153079, -0.9139642996153079, -0.9139642996153079, -0.9139642996153079, -0.9139642996153079]
2024-12-27 19:40:03,783 - DEBUG - Результат анализа 5m: {'trend_ascii': '-', 'current_imbalance': -0.9139642996153079, 'volume_ratio': 0.9094850683978636}
2024-12-27 19:40:03,783 - INFO - === СТАТИСТИКА 5M ===
5m  | Trend: -    | Imb:   -0.9% | Vol Ratio:  0.9
==================

2024-12-27 19:40:03,899 - DEBUG - Обновлена 5m статистика: Imb=-0.91%, Bid Vol=14395, Ask Vol=15828
2024-12-27 19:40:03,899 - DEBUG - Анализ 5m: длина истории = 31
2024-12-27 19:40:03,899 - DEBUG - Данные 5m: imbalances=[-0.9139642996153079, -0.9139642996153079, -0.9139642996153079, -0.9139642996153079, -0.9139642996153079, -0.9139642996153079, -0.9139642996153079, -0.9139642996153079, -0.9139642996153079, -0.9139642996153079]
2024-12-27 19:40:03,899 - DEBUG - Результат анализа 5m: {'trend_ascii': '-', 'current_imbalance': -0.9139642996153079, 'volume_ratio': 0.9094850683978636}
2024-12-27 19:40:03,899 - INFO - === СТАТИСТИКА 5M ===
5m  | Trend: -    | Imb:   -0.9% | Vol Ratio:  0.9
==================

2024-12-27 19:40:04,224 - DEBUG - Обновлена 5m статистика: Imb=-0.91%, Bid Vol=14395, Ask Vol=15828
2024-12-27 19:40:04,224 - DEBUG - Анализ 5m: длина истории = 32
2024-12-27 19:40:04,224 - DEBUG - Данные 5m: imbalances=[-0.9139642996153079, -0.9139642996153079, -0.9139642996153079, -0.9139642996153079, -0.9139642996153079, -0.9139642996153079, -0.9139642996153079, -0.9139642996153079, -0.9139642996153079, -0.9139642996153079]
2024-12-27 19:40:04,224 - DEBUG - Результат анализа 5m: {'trend_ascii': '-', 'current_imbalance': -0.9139642996153079, 'volume_ratio': 0.9094850683978636}
2024-12-27 19:40:04,225 - INFO - === СТАТИСТИКА 5M ===
5m  | Trend: -    | Imb:   -0.9% | Vol Ratio:  0.9
==================

2024-12-27 19:40:04,401 - DEBUG - Обновлена 5m статистика: Imb=-0.91%, Bid Vol=14395, Ask Vol=15828
2024-12-27 19:40:04,401 - DEBUG - Анализ 5m: длина истории = 33
2024-12-27 19:40:04,401 - DEBUG - Данные 5m: imbalances=[-0.9139642996153079, -0.9139642996153079, -0.9139642996153079, -0.9139642996153079, -0.9139642996153079, -0.9139642996153079, -0.9139642996153079, -0.9139642996153079, -0.9139642996153079, -0.9139642996153079]
2024-12-27 19:40:04,401 - DEBUG - Результат анализа 5m: {'trend_ascii': '-', 'current_imbalance': -0.9139642996153079, 'volume_ratio': 0.9094850683978636}
2024-12-27 19:40:04,402 - INFO - === СТАТИСТИКА 5M ===
5m  | Trend: -    | Imb:   -0.9% | Vol Ratio:  0.9
==================

2024-12-27 19:40:04,519 - DEBUG - Обновлена 5m статистика: Imb=-0.91%, Bid Vol=14395, Ask Vol=15828
2024-12-27 19:40:04,519 - DEBUG - Анализ 5m: длина истории = 34
2024-12-27 19:40:04,519 - DEBUG - Данные 5m: imbalances=[-0.9139642996153079, -0.9139642996153079, -0.9139642996153079, -0.9139642996153079, -0.9139642996153079, -0.9139642996153079, -0.9139642996153079, -0.9139642996153079, -0.9139642996153079, -0.9139642996153079]
2024-12-27 19:40:04,519 - DEBUG - Результат анализа 5m: {'trend_ascii': '-', 'current_imbalance': -0.9139642996153079, 'volume_ratio': 0.9094850683978636}
2024-12-27 19:40:04,519 - INFO - === СТАТИСТИКА 5M ===
5m  | Trend: -    | Imb:   -0.9% | Vol Ratio:  0.9
==================

2024-12-27 19:40:04,623 - DEBUG - Обновлена 5m статистика: Imb=-0.91%, Bid Vol=14395, Ask Vol=15828
2024-12-27 19:40:04,623 - DEBUG - Анализ 5m: длина истории = 35
2024-12-27 19:40:04,623 - DEBUG - Данные 5m: imbalances=[-0.9139642996153079, -0.9139642996153079, -0.9139642996153079, -0.9139642996153079, -0.9139642996153079, -0.9139642996153079, -0.9139642996153079, -0.9139642996153079, -0.9139642996153079, -0.9139642996153079]
2024-12-27 19:40:04,623 - DEBUG - Результат анализа 5m: {'trend_ascii': '-', 'current_imbalance': -0.9139642996153079, 'volume_ratio': 0.9094850683978636}
2024-12-27 19:40:04,623 - INFO - === СТАТИСТИКА 5M ===
5m  | Trend: -    | Imb:   -0.9% | Vol Ratio:  0.9
==================

2024-12-27 19:40:04,735 - DEBUG - Обновлена 5m статистика: Imb=-0.91%, Bid Vol=14395, Ask Vol=15828
2024-12-27 19:40:04,736 - DEBUG - Анализ 5m: длина истории = 36
2024-12-27 19:40:04,736 - DEBUG - Данные 5m: imbalances=[-0.9139642996153079, -0.9139642996153079, -0.9139642996153079, -0.9139642996153079, -0.9139642996153079, -0.9139642996153079, -0.9139642996153079, -0.9139642996153079, -0.9139642996153079, -0.9139642996153079]
2024-12-27 19:40:04,736 - DEBUG - Результат анализа 5m: {'trend_ascii': '-', 'current_imbalance': -0.9139642996153079, 'volume_ratio': 0.9094850683978636}
2024-12-27 19:40:04,736 - INFO - === СТАТИСТИКА 5M ===
5m  | Trend: -    | Imb:   -0.9% | Vol Ratio:  0.9
==================

2024-12-27 19:40:05,042 - DEBUG - Обновлена 5m статистика: Imb=-0.91%, Bid Vol=14395, Ask Vol=15828
2024-12-27 19:40:05,042 - DEBUG - Анализ 5m: длина истории = 37
2024-12-27 19:40:05,043 - DEBUG - Данные 5m: imbalances=[-0.9139642996153079, -0.9139642996153079, -0.9139642996153079, -0.9139642996153079, -0.9139642996153079, -0.9139642996153079, -0.9139642996153079, -0.9139642996153079, -0.9139642996153079, -0.9139642996153079]
2024-12-27 19:40:05,043 - DEBUG - Результат анализа 5m: {'trend_ascii': '-', 'current_imbalance': -0.9139642996153079, 'volume_ratio': 0.9094850683978636}
2024-12-27 19:40:05,043 - INFO - === СТАТИСТИКА 5M ===
5m  | Trend: -    | Imb:   -0.9% | Vol Ratio:  0.9
==================

2024-12-27 19:40:05,043 - DEBUG - Price: 0.48 | Bid Vol: 73,832 | Ask Vol: 84,444 | Imb: -6.70%
2024-12-27 19:40:05,162 - DEBUG - Обновлена 5m статистика: Imb=-0.91%, Bid Vol=14395, Ask Vol=15828
2024-12-27 19:40:05,162 - DEBUG - Анализ 5m: длина истории = 38
2024-12-27 19:40:05,162 - DEBUG - Данные 5m: imbalances=[-0.9139642996153079, -0.9139642996153079, -0.9139642996153079, -0.9139642996153079, -0.9139642996153079, -0.9139642996153079, -0.9139642996153079, -0.9139642996153079, -0.9139642996153079, -0.9139642996153079]
2024-12-27 19:40:05,162 - DEBUG - Результат анализа 5m: {'trend_ascii': '-', 'current_imbalance': -0.9139642996153079, 'volume_ratio': 0.9094850683978636}
2024-12-27 19:40:05,162 - INFO - === СТАТИСТИКА 5M ===
5m  | Trend: -    | Imb:   -0.9% | Vol Ratio:  0.9
==================

2024-12-27 19:40:05,265 - DEBUG - Обновлена 5m статистика: Imb=-0.91%, Bid Vol=14395, Ask Vol=15828
2024-12-27 19:40:05,265 - DEBUG - Анализ 5m: длина истории = 39
2024-12-27 19:40:05,266 - DEBUG - Данные 5m: imbalances=[-0.9139642996153079, -0.9139642996153079, -0.9139642996153079, -0.9139642996153079, -0.9139642996153079, -0.9139642996153079, -0.9139642996153079, -0.9139642996153079, -0.9139642996153079, -0.9139642996153079]
2024-12-27 19:40:05,266 - DEBUG - Результат анализа 5m: {'trend_ascii': '-', 'current_imbalance': -0.9139642996153079, 'volume_ratio': 0.9094850683978636}
2024-12-27 19:40:05,266 - INFO - === СТАТИСТИКА 5M ===
5m  | Trend: -    | Imb:   -0.9% | Vol Ratio:  0.9
==================

2024-12-27 19:40:05,375 - DEBUG - Обновлена 5m статистика: Imb=-0.91%, Bid Vol=14395, Ask Vol=15828
2024-12-27 19:40:05,375 - DEBUG - Анализ 5m: длина истории = 40
2024-12-27 19:40:05,375 - DEBUG - Данные 5m: imbalances=[-0.9139642996153079, -0.9139642996153079, -0.9139642996153079, -0.9139642996153079, -0.9139642996153079, -0.9139642996153079, -0.9139642996153079, -0.9139642996153079, -0.9139642996153079, -0.9139642996153079]
2024-12-27 19:40:05,375 - DEBUG - Результат анализа 5m: {'trend_ascii': '-', 'current_imbalance': -0.9139642996153079, 'volume_ratio': 0.9094850683978636}
2024-12-27 19:40:05,375 - INFO - === СТАТИСТИКА 5M ===
5m  | Trend: -    | Imb:   -0.9% | Vol Ratio:  0.9
==================

2024-12-27 19:40:05,479 - DEBUG - Обновлена 5m статистика: Imb=-0.91%, Bid Vol=14395, Ask Vol=15828
2024-12-27 19:40:05,479 - DEBUG - Анализ 5m: длина истории = 41
2024-12-27 19:40:05,479 - DEBUG - Данные 5m: imbalances=[-0.9139642996153079, -0.9139642996153079, -0.9139642996153079, -0.9139642996153079, -0.9139642996153079, -0.9139642996153079, -0.9139642996153079, -0.9139642996153079, -0.9139642996153079, -0.9139642996153079]
2024-12-27 19:40:05,479 - DEBUG - Результат анализа 5m: {'trend_ascii': '-', 'current_imbalance': -0.9139642996153079, 'volume_ratio': 0.9094850683978636}
2024-12-27 19:40:05,479 - INFO - === СТАТИСТИКА 5M ===
5m  | Trend: -    | Imb:   -0.9% | Vol Ratio:  0.9
==================

2024-12-27 19:40:05,587 - DEBUG - Обновлена 5m статистика: Imb=-0.91%, Bid Vol=14395, Ask Vol=15828
2024-12-27 19:40:05,587 - DEBUG - Анализ 5m: длина истории = 42
2024-12-27 19:40:05,587 - DEBUG - Данные 5m: imbalances=[-0.9139642996153079, -0.9139642996153079, -0.9139642996153079, -0.9139642996153079, -0.9139642996153079, -0.9139642996153079, -0.9139642996153079, -0.9139642996153079, -0.9139642996153079, -0.9139642996153079]
2024-12-27 19:40:05,587 - DEBUG - Результат анализа 5m: {'trend_ascii': '-', 'current_imbalance': -0.9139642996153079, 'volume_ratio': 0.9094850683978636}
2024-12-27 19:40:05,587 - INFO - === СТАТИСТИКА 5M ===
5m  | Trend: -    | Imb:   -0.9% | Vol Ratio:  0.9
==================

2024-12-27 19:40:05,695 - DEBUG - Обновлена 5m статистика: Imb=-0.91%, Bid Vol=14395, Ask Vol=15828
2024-12-27 19:40:05,695 - DEBUG - Анализ 5m: длина истории = 43
2024-12-27 19:40:05,695 - DEBUG - Данные 5m: imbalances=[-0.9139642996153079, -0.9139642996153079, -0.9139642996153079, -0.9139642996153079, -0.9139642996153079, -0.9139642996153079, -0.9139642996153079, -0.9139642996153079, -0.9139642996153079, -0.9139642996153079]
2024-12-27 19:40:05,695 - DEBUG - Результат анализа 5m: {'trend_ascii': '-', 'current_imbalance': -0.9139642996153079, 'volume_ratio': 0.9094850683978636}
2024-12-27 19:40:05,695 - INFO - === СТАТИСТИКА 5M ===
5m  | Trend: -    | Imb:   -0.9% | Vol Ratio:  0.9
==================

2024-12-27 19:40:05,811 - DEBUG - Обновлена 5m статистика: Imb=-0.91%, Bid Vol=14395, Ask Vol=15828
2024-12-27 19:40:05,811 - DEBUG - Анализ 5m: длина истории = 44
2024-12-27 19:40:05,811 - DEBUG - Данные 5m: imbalances=[-0.9139642996153079, -0.9139642996153079, -0.9139642996153079, -0.9139642996153079, -0.9139642996153079, -0.9139642996153079, -0.9139642996153079, -0.9139642996153079, -0.9139642996153079, -0.9139642996153079]
2024-12-27 19:40:05,811 - DEBUG - Результат анализа 5m: {'trend_ascii': '-', 'current_imbalance': -0.9139642996153079, 'volume_ratio': 0.9094850683978636}
2024-12-27 19:40:05,811 - INFO - === СТАТИСТИКА 5M ===
5m  | Trend: -    | Imb:   -0.9% | Vol Ratio:  0.9
==================

2024-12-27 19:40:05,915 - DEBUG - Обновлена 5m статистика: Imb=-0.91%, Bid Vol=14395, Ask Vol=15828
2024-12-27 19:40:05,915 - DEBUG - Анализ 5m: длина истории = 45
2024-12-27 19:40:05,915 - DEBUG - Данные 5m: imbalances=[-0.9139642996153079, -0.9139642996153079, -0.9139642996153079, -0.9139642996153079, -0.9139642996153079, -0.9139642996153079, -0.9139642996153079, -0.9139642996153079, -0.9139642996153079, -0.9139642996153079]
2024-12-27 19:40:05,915 - DEBUG - Результат анализа 5m: {'trend_ascii': '-', 'current_imbalance': -0.9139642996153079, 'volume_ratio': 0.9094850683978636}
2024-12-27 19:40:05,915 - INFO - === СТАТИСТИКА 5M ===
5m  | Trend: -    | Imb:   -0.9% | Vol Ratio:  0.9
==================

2024-12-27 19:40:06,037 - DEBUG - Обновлена 5m статистика: Imb=-0.91%, Bid Vol=14395, Ask Vol=15828
2024-12-27 19:40:06,037 - DEBUG - Анализ 5m: длина истории = 46
2024-12-27 19:40:06,037 - DEBUG - Данные 5m: imbalances=[-0.9139642996153079, -0.9139642996153079, -0.9139642996153079, -0.9139642996153079, -0.9139642996153079, -0.9139642996153079, -0.9139642996153079, -0.9139642996153079, -0.9139642996153079, -0.9139642996153079]
2024-12-27 19:40:06,037 - DEBUG - Результат анализа 5m: {'trend_ascii': '-', 'current_imbalance': -0.9139642996153079, 'volume_ratio': 0.9094850683978636}
2024-12-27 19:40:06,037 - INFO - === СТАТИСТИКА 5M ===
5m  | Trend: -    | Imb:   -0.9% | Vol Ratio:  0.9
==================

2024-12-27 19:40:06,037 - DEBUG - Price: 0.48 | Bid Vol: 82,315 | Ask Vol: 76,397 | Imb: +3.73%
2024-12-27 19:40:06,258 - DEBUG - Обновлена 5m статистика: Imb=-0.91%, Bid Vol=14395, Ask Vol=15828
2024-12-27 19:40:06,258 - DEBUG - Анализ 5m: длина истории = 47
2024-12-27 19:40:06,258 - DEBUG - Данные 5m: imbalances=[-0.9139642996153079, -0.9139642996153079, -0.9139642996153079, -0.9139642996153079, -0.9139642996153079, -0.9139642996153079, -0.9139642996153079, -0.9139642996153079, -0.9139642996153079, -0.9139642996153079]
2024-12-27 19:40:06,258 - DEBUG - Результат анализа 5m: {'trend_ascii': '-', 'current_imbalance': -0.9139642996153079, 'volume_ratio': 0.9094850683978636}
2024-12-27 19:40:06,258 - INFO - === СТАТИСТИКА 5M ===
5m  | Trend: -    | Imb:   -0.9% | Vol Ratio:  0.9
==================

2024-12-27 19:40:06,511 - DEBUG - Обновлена 5m статистика: Imb=-0.91%, Bid Vol=14395, Ask Vol=15828
2024-12-27 19:40:06,511 - DEBUG - Анализ 5m: длина истории = 48
2024-12-27 19:40:06,511 - DEBUG - Данные 5m: imbalances=[-0.9139642996153079, -0.9139642996153079, -0.9139642996153079, -0.9139642996153079, -0.9139642996153079, -0.9139642996153079, -0.9139642996153079, -0.9139642996153079, -0.9139642996153079, -0.9139642996153079]
2024-12-27 19:40:06,511 - DEBUG - Результат анализа 5m: {'trend_ascii': '-', 'current_imbalance': -0.9139642996153079, 'volume_ratio': 0.9094850683978636}
2024-12-27 19:40:06,511 - INFO - === СТАТИСТИКА 5M ===
5m  | Trend: -    | Imb:   -0.9% | Vol Ratio:  0.9
==================

2024-12-27 19:40:06,621 - DEBUG - Обновлена 5m статистика: Imb=-0.91%, Bid Vol=14395, Ask Vol=15828
2024-12-27 19:40:06,621 - DEBUG - Анализ 5m: длина истории = 49
2024-12-27 19:40:06,621 - DEBUG - Данные 5m: imbalances=[-0.9139642996153079, -0.9139642996153079, -0.9139642996153079, -0.9139642996153079, -0.9139642996153079, -0.9139642996153079, -0.9139642996153079, -0.9139642996153079, -0.9139642996153079, -0.9139642996153079]
2024-12-27 19:40:06,621 - DEBUG - Результат анализа 5m: {'trend_ascii': '-', 'current_imbalance': -0.9139642996153079, 'volume_ratio': 0.9094850683978636}
2024-12-27 19:40:06,621 - INFO - === СТАТИСТИКА 5M ===
5m  | Trend: -    | Imb:   -0.9% | Vol Ratio:  0.9
==================

