2024-12-27 13:00:20,265 - INFO - Starting order monitoring system
2024-12-27 13:00:20,265 - DEBUG - Attempting to connect to: wss://fstream.binance.com/ws/strkusdt@depth@100ms
2024-12-27 13:00:22,598 - INFO - Connected to Binance Futures WebSocket for strkusdt
2024-12-27 13:00:23,022 - DEBUG - Проверка обновления истории в 2024-12-27 13:00:23.022678
2024-12-27 13:00:23,022 - DEBUG - Обновление 1m данных
2024-12-27 13:00:23,022 - DEBUG - Добавлены данные для 1m: imbalance=-6.33, bid_vol=127228, ask_vol=144424
2024-12-27 13:00:23,022 - DEBUG - Обновление 5m данных
2024-12-27 13:00:23,022 - DEBUG - Добавлены данные для 5m: imbalance=-6.33, bid_vol=127228, ask_vol=144424
2024-12-27 13:00:23,022 - DEBUG - Обновление 15m данных
2024-12-27 13:00:23,022 - DEBUG - Добавлены данные для 15m: imbalance=-6.33, bid_vol=127228, ask_vol=144424
2024-12-27 13:00:23,022 - DEBUG - Price: 0.49 | Bid Vol: 127,228 | Ask Vol: 144,424 | Imb: -6.33%
2024-12-27 13:00:24,059 - DEBUG - Проверка обновления истории в 2024-12-27 13:00:24.059682
2024-12-27 13:00:24,059 - DEBUG - Price: 0.49 | Bid Vol: 141,774 | Ask Vol: 97,991 | Imb: +18.26%
2024-12-27 13:00:28,082 - DEBUG - Проверка обновления истории в 2024-12-27 13:00:28.082679
2024-12-27 13:00:28,082 - DEBUG - Price: 0.49 | Bid Vol: 130,614 | Ask Vol: 105,331 | Imb: +10.72%
2024-12-27 13:00:29,074 - DEBUG - Проверка обновления истории в 2024-12-27 13:00:29.074678
2024-12-27 13:00:29,074 - DEBUG - Price: 0.49 | Bid Vol: 107,330 | Ask Vol: 94,008 | Imb: +6.62%
2024-12-27 13:00:30,064 - DEBUG - Проверка обновления истории в 2024-12-27 13:00:30.064680
2024-12-27 13:00:30,064 - DEBUG - Price: 0.49 | Bid Vol: 106,348 | Ask Vol: 98,600 | Imb: +3.78%
2024-12-27 13:00:31,056 - DEBUG - Проверка обновления истории в 2024-12-27 13:00:31.055679
2024-12-27 13:00:31,056 - DEBUG - Price: 0.49 | Bid Vol: 106,499 | Ask Vol: 102,598 | Imb: +1.87%
2024-12-27 13:00:33,086 - DEBUG - Проверка обновления истории в 2024-12-27 13:00:33.086679
2024-12-27 13:00:33,086 - DEBUG - Price: 0.49 | Bid Vol: 106,678 | Ask Vol: 103,813 | Imb: +1.36%
2024-12-27 13:00:34,057 - DEBUG - Проверка обновления истории в 2024-12-27 13:00:34.057683
2024-12-27 13:00:34,057 - DEBUG - Price: 0.49 | Bid Vol: 111,147 | Ask Vol: 98,806 | Imb: +5.88%
2024-12-27 13:00:36,001 - DEBUG - Проверка обновления истории в 2024-12-27 13:00:36.001705
2024-12-27 13:00:36,001 - DEBUG - Price: 0.49 | Bid Vol: 126,605 | Ask Vol: 101,750 | Imb: +10.88%
2024-12-27 13:00:39,059 - DEBUG - Проверка обновления истории в 2024-12-27 13:00:39.059709
2024-12-27 13:00:39,059 - DEBUG - Price: 0.49 | Bid Vol: 126,626 | Ask Vol: 101,495 | Imb: +11.02%
2024-12-27 13:00:40,083 - DEBUG - Проверка обновления истории в 2024-12-27 13:00:40.083678
2024-12-27 13:00:40,083 - DEBUG - Price: 0.49 | Bid Vol: 127,718 | Ask Vol: 100,592 | Imb: +11.88%
2024-12-27 13:00:41,019 - DEBUG - Проверка обновления истории в 2024-12-27 13:00:41.019701
2024-12-27 13:00:41,019 - DEBUG - Price: 0.49 | Bid Vol: 129,479 | Ask Vol: 110,563 | Imb: +7.88%
2024-12-27 13:00:42,046 - DEBUG - Проверка обновления истории в 2024-12-27 13:00:42.046682
2024-12-27 13:00:42,046 - DEBUG - Price: 0.49 | Bid Vol: 131,052 | Ask Vol: 110,564 | Imb: +8.48%
2024-12-27 13:00:43,021 - DEBUG - Проверка обновления истории в 2024-12-27 13:00:43.021678
2024-12-27 13:00:43,021 - DEBUG - Price: 0.49 | Bid Vol: 125,237 | Ask Vol: 112,153 | Imb: +5.51%
2024-12-27 13:00:45,036 - DEBUG - Проверка обновления истории в 2024-12-27 13:00:45.036705
2024-12-27 13:00:45,036 - DEBUG - Price: 0.49 | Bid Vol: 130,610 | Ask Vol: 104,952 | Imb: +10.89%
2024-12-27 13:00:46,011 - DEBUG - Проверка обновления истории в 2024-12-27 13:00:46.011682
2024-12-27 13:00:46,011 - DEBUG - Price: 0.49 | Bid Vol: 140,788 | Ask Vol: 106,680 | Imb: +13.78%
2024-12-27 13:00:47,058 - DEBUG - Проверка обновления истории в 2024-12-27 13:00:47.058710
2024-12-27 13:00:47,058 - DEBUG - Price: 0.49 | Bid Vol: 135,194 | Ask Vol: 93,565 | Imb: +18.20%
2024-12-27 13:00:48,051 - DEBUG - Проверка обновления истории в 2024-12-27 13:00:48.051705
2024-12-27 13:00:48,051 - DEBUG - Price: 0.49 | Bid Vol: 126,215 | Ask Vol: 113,202 | Imb: +5.44%
2024-12-27 13:00:50,056 - DEBUG - Проверка обновления истории в 2024-12-27 13:00:50.056325
2024-12-27 13:00:50,056 - DEBUG - Price: 0.49 | Bid Vol: 120,864 | Ask Vol: 87,924 | Imb: +15.78%
2024-12-27 13:00:53,086 - DEBUG - Проверка обновления истории в 2024-12-27 13:00:53.085780
2024-12-27 13:00:53,086 - DEBUG - Price: 0.49 | Bid Vol: 128,404 | Ask Vol: 99,401 | Imb: +12.73%
2024-12-27 13:00:55,080 - DEBUG - Проверка обновления истории в 2024-12-27 13:00:55.080783
2024-12-27 13:00:55,080 - DEBUG - Price: 0.49 | Bid Vol: 135,899 | Ask Vol: 86,498 | Imb: +22.21%
2024-12-27 13:00:57,074 - DEBUG - Проверка обновления истории в 2024-12-27 13:00:57.074783
2024-12-27 13:00:57,074 - DEBUG - Price: 0.49 | Bid Vol: 124,659 | Ask Vol: 101,817 | Imb: +10.09%
2024-12-27 13:00:58,032 - DEBUG - Проверка обновления истории в 2024-12-27 13:00:58.032781
2024-12-27 13:00:58,032 - DEBUG - Price: 0.49 | Bid Vol: 135,315 | Ask Vol: 86,309 | Imb: +22.11%
2024-12-27 13:00:58,093 - DEBUG - Проверка обновления истории в 2024-12-27 13:00:58.092805
2024-12-27 13:00:58,093 - DEBUG - Price: 0.49 | Bid Vol: 135,299 | Ask Vol: 87,873 | Imb: +21.25%
2024-12-27 13:00:59,085 - DEBUG - Проверка обновления истории в 2024-12-27 13:00:59.085785
2024-12-27 13:00:59,085 - DEBUG - Price: 0.49 | Bid Vol: 133,287 | Ask Vol: 86,869 | Imb: +21.08%
2024-12-27 13:01:00,014 - DEBUG - Проверка обновления истории в 2024-12-27 13:01:00.014781
2024-12-27 13:01:00,015 - DEBUG - Обновление 1m данных
2024-12-27 13:01:00,015 - DEBUG - Добавлены данные для 1m: imbalance=21.80, bid_vol=136311, ask_vol=87518
2024-12-27 13:01:00,015 - DEBUG - Price: 0.49 | Bid Vol: 136,311 | Ask Vol: 87,518 | Imb: +21.80%
2024-12-27 13:01:03,027 - DEBUG - Проверка обновления истории в 2024-12-27 13:01:03.027817
2024-12-27 13:01:03,027 - DEBUG - Price: 0.49 | Bid Vol: 137,293 | Ask Vol: 87,632 | Imb: +22.08%
2024-12-27 13:01:05,025 - DEBUG - Проверка обновления истории в 2024-12-27 13:01:05.025769
2024-12-27 13:01:05,025 - DEBUG - Price: 0.49 | Bid Vol: 132,766 | Ask Vol: 99,044 | Imb: +14.55%
2024-12-27 13:01:06,065 - DEBUG - Проверка обновления истории в 2024-12-27 13:01:06.065973
2024-12-27 13:01:06,065 - DEBUG - Price: 0.49 | Bid Vol: 131,344 | Ask Vol: 90,705 | Imb: +18.30%
2024-12-27 13:01:07,027 - DEBUG - Проверка обновления истории в 2024-12-27 13:01:07.027430
2024-12-27 13:01:07,027 - DEBUG - Price: 0.49 | Bid Vol: 130,102 | Ask Vol: 91,219 | Imb: +17.57%
2024-12-27 13:01:08,051 - DEBUG - Проверка обновления истории в 2024-12-27 13:01:08.051380
2024-12-27 13:01:08,051 - DEBUG - Price: 0.49 | Bid Vol: 130,949 | Ask Vol: 105,577 | Imb: +10.73%
2024-12-27 13:01:10,021 - DEBUG - Проверка обновления истории в 2024-12-27 13:01:10.021269
2024-12-27 13:01:10,021 - DEBUG - Price: 0.49 | Bid Vol: 142,783 | Ask Vol: 83,303 | Imb: +26.31%
2024-12-27 13:01:11,014 - DEBUG - Проверка обновления истории в 2024-12-27 13:01:11.014917
2024-12-27 13:01:11,014 - DEBUG - Price: 0.49 | Bid Vol: 139,039 | Ask Vol: 78,511 | Imb: +27.82%
2024-12-27 13:01:12,091 - DEBUG - Проверка обновления истории в 2024-12-27 13:01:12.091691
2024-12-27 13:01:12,091 - DEBUG - Price: 0.49 | Bid Vol: 146,774 | Ask Vol: 81,218 | Imb: +28.75%
2024-12-27 13:01:13,081 - DEBUG - Проверка обновления истории в 2024-12-27 13:01:13.081976
2024-12-27 13:01:13,081 - DEBUG - Price: 0.49 | Bid Vol: 147,590 | Ask Vol: 90,123 | Imb: +24.17%
2024-12-27 13:01:14,088 - DEBUG - Проверка обновления истории в 2024-12-27 13:01:14.087467
2024-12-27 13:01:14,088 - DEBUG - Price: 0.49 | Bid Vol: 171,345 | Ask Vol: 85,491 | Imb: +33.43%
2024-12-27 13:01:14,088 - DEBUG - Проверка обновления истории в 2024-12-27 13:01:14.088440
2024-12-27 13:01:14,088 - DEBUG - Price: 0.49 | Bid Vol: 173,769 | Ask Vol: 85,498 | Imb: +34.05%
2024-12-27 13:01:14,088 - DEBUG - Проверка обновления истории в 2024-12-27 13:01:14.088440
2024-12-27 13:01:14,088 - DEBUG - Price: 0.49 | Bid Vol: 174,242 | Ask Vol: 85,946 | Imb: +33.94%
2024-12-27 13:01:15,085 - DEBUG - Проверка обновления истории в 2024-12-27 13:01:15.085777
2024-12-27 13:01:15,085 - DEBUG - Price: 0.49 | Bid Vol: 176,278 | Ask Vol: 85,560 | Imb: +34.65%
2024-12-27 13:01:20,036 - DEBUG - Проверка обновления истории в 2024-12-27 13:01:20.036564
2024-12-27 13:01:20,036 - DEBUG - Price: 0.49 | Bid Vol: 169,461 | Ask Vol: 86,557 | Imb: +32.38%
2024-12-27 13:01:22,098 - DEBUG - Проверка обновления истории в 2024-12-27 13:01:22.098157
2024-12-27 13:01:22,098 - DEBUG - Price: 0.49 | Bid Vol: 166,844 | Ask Vol: 83,227 | Imb: +33.44%
2024-12-27 13:01:23,016 - DEBUG - Проверка обновления истории в 2024-12-27 13:01:23.016664
2024-12-27 13:01:23,016 - DEBUG - Price: 0.49 | Bid Vol: 128,299 | Ask Vol: 84,903 | Imb: +20.35%
2024-12-27 13:01:25,058 - DEBUG - Проверка обновления истории в 2024-12-27 13:01:25.058385
2024-12-27 13:01:25,058 - DEBUG - Price: 0.49 | Bid Vol: 124,314 | Ask Vol: 93,490 | Imb: +14.15%
2024-12-27 13:01:26,048 - DEBUG - Проверка обновления истории в 2024-12-27 13:01:26.048933
2024-12-27 13:01:26,048 - DEBUG - Price: 0.49 | Bid Vol: 114,451 | Ask Vol: 95,161 | Imb: +9.20%
2024-12-27 13:01:28,005 - DEBUG - Проверка обновления истории в 2024-12-27 13:01:28.005519
2024-12-27 13:01:28,005 - DEBUG - Price: 0.49 | Bid Vol: 112,996 | Ask Vol: 101,392 | Imb: +5.41%
2024-12-27 13:01:29,027 - DEBUG - Проверка обновления истории в 2024-12-27 13:01:29.027494
2024-12-27 13:01:29,027 - DEBUG - Price: 0.49 | Bid Vol: 139,342 | Ask Vol: 91,420 | Imb: +20.77%
2024-12-27 13:01:30,075 - DEBUG - Проверка обновления истории в 2024-12-27 13:01:30.075959
2024-12-27 13:01:30,075 - DEBUG - Price: 0.49 | Bid Vol: 125,937 | Ask Vol: 96,894 | Imb: +13.03%
2024-12-27 13:01:32,083 - DEBUG - Проверка обновления истории в 2024-12-27 13:01:32.083889
2024-12-27 13:01:32,083 - DEBUG - Price: 0.49 | Bid Vol: 128,226 | Ask Vol: 110,907 | Imb: +7.24%
2024-12-27 13:01:33,016 - DEBUG - Проверка обновления истории в 2024-12-27 13:01:33.016378
2024-12-27 13:01:33,016 - DEBUG - Price: 0.49 | Bid Vol: 131,681 | Ask Vol: 111,552 | Imb: +8.28%
2024-12-27 13:01:35,099 - DEBUG - Проверка обновления истории в 2024-12-27 13:01:35.099997
2024-12-27 13:01:35,099 - DEBUG - Price: 0.49 | Bid Vol: 130,421 | Ask Vol: 110,532 | Imb: +8.25%
2024-12-27 13:01:38,040 - DEBUG - Проверка обновления истории в 2024-12-27 13:01:38.040588
2024-12-27 13:01:38,041 - DEBUG - Price: 0.49 | Bid Vol: 133,965 | Ask Vol: 107,506 | Imb: +10.96%
2024-12-27 13:01:39,059 - DEBUG - Проверка обновления истории в 2024-12-27 13:01:39.059774
2024-12-27 13:01:39,059 - DEBUG - Price: 0.49 | Bid Vol: 125,785 | Ask Vol: 94,979 | Imb: +13.95%
2024-12-27 13:01:40,001 - DEBUG - Проверка обновления истории в 2024-12-27 13:01:40.000723
2024-12-27 13:01:40,001 - DEBUG - Price: 0.49 | Bid Vol: 127,198 | Ask Vol: 90,051 | Imb: +17.10%
2024-12-27 13:01:45,099 - DEBUG - Проверка обновления истории в 2024-12-27 13:01:45.099447
2024-12-27 13:01:45,099 - DEBUG - Price: 0.49 | Bid Vol: 133,969 | Ask Vol: 96,337 | Imb: +16.34%
2024-12-27 13:01:46,066 - DEBUG - Проверка обновления истории в 2024-12-27 13:01:46.065579
2024-12-27 13:01:46,066 - DEBUG - Price: 0.49 | Bid Vol: 127,611 | Ask Vol: 99,470 | Imb: +12.39%
2024-12-27 13:01:47,080 - DEBUG - Проверка обновления истории в 2024-12-27 13:01:47.080952
2024-12-27 13:01:47,080 - DEBUG - Price: 0.49 | Bid Vol: 134,780 | Ask Vol: 91,778 | Imb: +18.98%
2024-12-27 13:01:48,029 - DEBUG - Проверка обновления истории в 2024-12-27 13:01:48.029867
2024-12-27 13:01:48,029 - DEBUG - Price: 0.49 | Bid Vol: 134,820 | Ask Vol: 90,390 | Imb: +19.73%
2024-12-27 13:01:49,023 - DEBUG - Проверка обновления истории в 2024-12-27 13:01:49.022847
2024-12-27 13:01:49,023 - DEBUG - Price: 0.49 | Bid Vol: 135,721 | Ask Vol: 90,812 | Imb: +19.82%
2024-12-27 13:01:55,068 - DEBUG - Проверка обновления истории в 2024-12-27 13:01:55.068625
2024-12-27 13:01:55,068 - DEBUG - Price: 0.49 | Bid Vol: 150,964 | Ask Vol: 81,922 | Imb: +29.65%
2024-12-27 13:01:56,034 - DEBUG - Проверка обновления истории в 2024-12-27 13:01:56.034635
2024-12-27 13:01:56,034 - DEBUG - Price: 0.49 | Bid Vol: 150,422 | Ask Vol: 84,085 | Imb: +28.29%
2024-12-27 13:01:57,096 - DEBUG - Проверка обновления истории в 2024-12-27 13:01:57.095241
2024-12-27 13:01:57,096 - DEBUG - Price: 0.49 | Bid Vol: 120,634 | Ask Vol: 92,435 | Imb: +13.23%
2024-12-27 13:02:01,077 - DEBUG - Проверка обновления истории в 2024-12-27 13:02:01.077902
2024-12-27 13:02:01,077 - DEBUG - Обновление 1m данных
2024-12-27 13:02:01,077 - DEBUG - Добавлены данные для 1m: imbalance=17.17, bid_vol=130830, ask_vol=92481
2024-12-27 13:02:01,077 - DEBUG - Price: 0.49 | Bid Vol: 130,830 | Ask Vol: 92,481 | Imb: +17.17%
2024-12-27 13:02:02,000 - DEBUG - Проверка обновления истории в 2024-12-27 13:02:02.000982
2024-12-27 13:02:02,000 - DEBUG - Price: 0.49 | Bid Vol: 127,479 | Ask Vol: 96,232 | Imb: +13.97%
2024-12-27 13:02:03,071 - DEBUG - Проверка обновления истории в 2024-12-27 13:02:03.071344
2024-12-27 13:02:03,071 - DEBUG - Price: 0.49 | Bid Vol: 129,970 | Ask Vol: 95,514 | Imb: +15.28%
2024-12-27 13:02:04,067 - DEBUG - Проверка обновления истории в 2024-12-27 13:02:04.067602
2024-12-27 13:02:04,067 - DEBUG - Price: 0.49 | Bid Vol: 115,632 | Ask Vol: 99,366 | Imb: +7.57%
2024-12-27 13:02:05,063 - DEBUG - Проверка обновления истории в 2024-12-27 13:02:05.063689
2024-12-27 13:02:05,063 - DEBUG - Price: 0.49 | Bid Vol: 120,180 | Ask Vol: 105,515 | Imb: +6.50%
2024-12-27 13:02:06,037 - DEBUG - Проверка обновления истории в 2024-12-27 13:02:06.037078
2024-12-27 13:02:06,037 - DEBUG - Price: 0.49 | Bid Vol: 127,095 | Ask Vol: 101,108 | Imb: +11.39%
2024-12-27 13:02:07,049 - DEBUG - Проверка обновления истории в 2024-12-27 13:02:07.049808
2024-12-27 13:02:07,049 - DEBUG - Price: 0.49 | Bid Vol: 127,602 | Ask Vol: 99,836 | Imb: +12.21%
2024-12-27 13:02:08,012 - DEBUG - Проверка обновления истории в 2024-12-27 13:02:08.012700
2024-12-27 13:02:08,012 - DEBUG - Price: 0.49 | Bid Vol: 119,862 | Ask Vol: 93,900 | Imb: +12.15%
2024-12-27 13:02:09,017 - DEBUG - Проверка обновления истории в 2024-12-27 13:02:09.017856
2024-12-27 13:02:09,017 - DEBUG - Price: 0.49 | Bid Vol: 122,006 | Ask Vol: 108,920 | Imb: +5.67%
2024-12-27 13:02:11,056 - DEBUG - Проверка обновления истории в 2024-12-27 13:02:11.056180
2024-12-27 13:02:11,057 - DEBUG - Price: 0.49 | Bid Vol: 138,579 | Ask Vol: 123,679 | Imb: +5.68%
2024-12-27 13:02:12,067 - DEBUG - Проверка обновления истории в 2024-12-27 13:02:12.067220
2024-12-27 13:02:12,067 - DEBUG - Price: 0.49 | Bid Vol: 138,355 | Ask Vol: 105,059 | Imb: +13.68%
2024-12-27 13:02:13,059 - DEBUG - Проверка обновления истории в 2024-12-27 13:02:13.059454
2024-12-27 13:02:13,059 - DEBUG - Price: 0.49 | Bid Vol: 138,148 | Ask Vol: 128,126 | Imb: +3.76%
2024-12-27 13:02:14,005 - DEBUG - Проверка обновления истории в 2024-12-27 13:02:14.005398
2024-12-27 13:02:14,005 - DEBUG - Price: 0.49 | Bid Vol: 136,302 | Ask Vol: 129,872 | Imb: +2.42%
2024-12-27 13:02:15,025 - DEBUG - Проверка обновления истории в 2024-12-27 13:02:15.025237
2024-12-27 13:02:15,025 - DEBUG - Price: 0.49 | Bid Vol: 142,306 | Ask Vol: 115,886 | Imb: +10.23%
2024-12-27 13:02:16,068 - DEBUG - Проверка обновления истории в 2024-12-27 13:02:16.068672
2024-12-27 13:02:16,068 - DEBUG - Price: 0.49 | Bid Vol: 145,554 | Ask Vol: 114,818 | Imb: +11.80%
2024-12-27 13:02:17,068 - DEBUG - Проверка обновления истории в 2024-12-27 13:02:17.068042
2024-12-27 13:02:17,068 - DEBUG - Price: 0.49 | Bid Vol: 139,108 | Ask Vol: 107,537 | Imb: +12.80%
2024-12-27 13:02:19,097 - DEBUG - Проверка обновления истории в 2024-12-27 13:02:19.097605
2024-12-27 13:02:19,098 - DEBUG - Price: 0.49 | Bid Vol: 142,851 | Ask Vol: 105,147 | Imb: +15.20%
2024-12-27 13:02:22,086 - DEBUG - Проверка обновления истории в 2024-12-27 13:02:22.086653
2024-12-27 13:02:22,086 - DEBUG - Price: 0.49 | Bid Vol: 143,602 | Ask Vol: 106,404 | Imb: +14.88%
2024-12-27 13:02:26,097 - DEBUG - Проверка обновления истории в 2024-12-27 13:02:26.096267
2024-12-27 13:02:26,097 - DEBUG - Price: 0.49 | Bid Vol: 142,583 | Ask Vol: 102,264 | Imb: +16.47%
2024-12-27 13:02:28,026 - DEBUG - Проверка обновления истории в 2024-12-27 13:02:28.026572
2024-12-27 13:02:28,026 - DEBUG - Price: 0.49 | Bid Vol: 132,743 | Ask Vol: 112,453 | Imb: +8.27%
2024-12-27 13:02:30,059 - DEBUG - Проверка обновления истории в 2024-12-27 13:02:30.059533
2024-12-27 13:02:30,059 - DEBUG - Price: 0.49 | Bid Vol: 131,953 | Ask Vol: 114,025 | Imb: +7.29%
2024-12-27 13:02:32,032 - DEBUG - Проверка обновления истории в 2024-12-27 13:02:32.032529
2024-12-27 13:02:32,032 - DEBUG - Price: 0.49 | Bid Vol: 147,203 | Ask Vol: 88,803 | Imb: +24.75%
2024-12-27 13:02:33,026 - DEBUG - Проверка обновления истории в 2024-12-27 13:02:33.026689
2024-12-27 13:02:33,026 - DEBUG - Price: 0.49 | Bid Vol: 137,712 | Ask Vol: 99,687 | Imb: +16.02%
2024-12-27 13:02:34,054 - DEBUG - Проверка обновления истории в 2024-12-27 13:02:34.054152
2024-12-27 13:02:34,055 - DEBUG - Price: 0.49 | Bid Vol: 134,972 | Ask Vol: 84,152 | Imb: +23.19%
2024-12-27 13:02:35,068 - DEBUG - Проверка обновления истории в 2024-12-27 13:02:35.068214
2024-12-27 13:02:35,068 - DEBUG - Price: 0.49 | Bid Vol: 123,851 | Ask Vol: 76,787 | Imb: +23.46%
2024-12-27 13:02:36,034 - DEBUG - Проверка обновления истории в 2024-12-27 13:02:36.034158
2024-12-27 13:02:36,034 - DEBUG - Price: 0.49 | Bid Vol: 123,857 | Ask Vol: 80,975 | Imb: +20.94%
2024-12-27 13:02:37,018 - DEBUG - Проверка обновления истории в 2024-12-27 13:02:37.018341
2024-12-27 13:02:37,018 - DEBUG - Price: 0.49 | Bid Vol: 132,293 | Ask Vol: 100,835 | Imb: +13.49%
2024-12-27 13:02:38,072 - DEBUG - Проверка обновления истории в 2024-12-27 13:02:38.072132
2024-12-27 13:02:38,073 - DEBUG - Price: 0.49 | Bid Vol: 132,597 | Ask Vol: 99,708 | Imb: +14.16%
2024-12-27 13:02:39,092 - DEBUG - Проверка обновления истории в 2024-12-27 13:02:39.092632
2024-12-27 13:02:39,092 - DEBUG - Price: 0.49 | Bid Vol: 131,012 | Ask Vol: 84,538 | Imb: +21.56%
2024-12-27 13:02:40,025 - DEBUG - Проверка обновления истории в 2024-12-27 13:02:40.025083
2024-12-27 13:02:40,025 - DEBUG - Price: 0.49 | Bid Vol: 130,010 | Ask Vol: 102,411 | Imb: +11.87%
2024-12-27 13:02:42,012 - DEBUG - Проверка обновления истории в 2024-12-27 13:02:42.012312
2024-12-27 13:02:42,012 - DEBUG - Price: 0.49 | Bid Vol: 138,976 | Ask Vol: 85,322 | Imb: +23.92%
2024-12-27 13:02:43,065 - DEBUG - Проверка обновления истории в 2024-12-27 13:02:43.065499
2024-12-27 13:02:43,065 - DEBUG - Price: 0.49 | Bid Vol: 130,807 | Ask Vol: 85,736 | Imb: +20.81%
2024-12-27 13:02:44,055 - DEBUG - Проверка обновления истории в 2024-12-27 13:02:44.055656
2024-12-27 13:02:44,055 - DEBUG - Price: 0.49 | Bid Vol: 134,789 | Ask Vol: 103,017 | Imb: +13.36%
2024-12-27 13:02:45,028 - DEBUG - Проверка обновления истории в 2024-12-27 13:02:45.028154
2024-12-27 13:02:45,028 - DEBUG - Price: 0.49 | Bid Vol: 128,308 | Ask Vol: 102,088 | Imb: +11.38%
2024-12-27 13:02:48,094 - DEBUG - Проверка обновления истории в 2024-12-27 13:02:48.094367
2024-12-27 13:02:48,095 - DEBUG - Price: 0.49 | Bid Vol: 122,519 | Ask Vol: 90,769 | Imb: +14.89%
2024-12-27 13:02:49,079 - DEBUG - Проверка обновления истории в 2024-12-27 13:02:49.079283
2024-12-27 13:02:49,079 - DEBUG - Price: 0.49 | Bid Vol: 121,977 | Ask Vol: 91,393 | Imb: +14.33%
2024-12-27 13:02:50,021 - DEBUG - Проверка обновления истории в 2024-12-27 13:02:50.021579
2024-12-27 13:02:50,021 - DEBUG - Price: 0.49 | Bid Vol: 121,792 | Ask Vol: 94,416 | Imb: +12.66%
2024-12-27 13:02:54,073 - DEBUG - Проверка обновления истории в 2024-12-27 13:02:54.073671
2024-12-27 13:02:54,073 - DEBUG - Price: 0.49 | Bid Vol: 136,158 | Ask Vol: 90,158 | Imb: +20.33%
2024-12-27 13:02:55,047 - DEBUG - Проверка обновления истории в 2024-12-27 13:02:55.046482
2024-12-27 13:02:55,047 - DEBUG - Price: 0.49 | Bid Vol: 124,013 | Ask Vol: 97,752 | Imb: +11.84%
2024-12-27 13:02:55,096 - DEBUG - Проверка обновления истории в 2024-12-27 13:02:55.096417
2024-12-27 13:02:55,096 - DEBUG - Price: 0.49 | Bid Vol: 124,040 | Ask Vol: 97,804 | Imb: +11.83%
2024-12-27 13:02:56,023 - DEBUG - Проверка обновления истории в 2024-12-27 13:02:56.022914
2024-12-27 13:02:56,023 - DEBUG - Price: 0.49 | Bid Vol: 123,859 | Ask Vol: 101,550 | Imb: +9.90%
2024-12-27 13:02:58,062 - DEBUG - Проверка обновления истории в 2024-12-27 13:02:58.062991
2024-12-27 13:02:58,062 - DEBUG - Price: 0.49 | Bid Vol: 123,889 | Ask Vol: 97,450 | Imb: +11.94%
2024-12-27 13:02:59,001 - DEBUG - Проверка обновления истории в 2024-12-27 13:02:59.001438
2024-12-27 13:02:59,002 - DEBUG - Price: 0.49 | Bid Vol: 123,936 | Ask Vol: 100,112 | Imb: +10.63%
2024-12-27 13:03:00,055 - DEBUG - Проверка обновления истории в 2024-12-27 13:03:00.055254
2024-12-27 13:03:00,055 - DEBUG - Обновление 1m данных
2024-12-27 13:03:00,055 - DEBUG - Добавлены данные для 1m: imbalance=16.49, bid_vol=134671, ask_vol=96540
2024-12-27 13:03:00,055 - DEBUG - Price: 0.49 | Bid Vol: 134,671 | Ask Vol: 96,540 | Imb: +16.49%
2024-12-27 13:03:01,069 - DEBUG - Проверка обновления истории в 2024-12-27 13:03:01.069639
2024-12-27 13:03:01,069 - DEBUG - Price: 0.49 | Bid Vol: 160,453 | Ask Vol: 90,547 | Imb: +27.85%
2024-12-27 13:03:02,042 - DEBUG - Проверка обновления истории в 2024-12-27 13:03:02.042680
2024-12-27 13:03:02,042 - DEBUG - Price: 0.49 | Bid Vol: 162,865 | Ask Vol: 92,122 | Imb: +27.74%
2024-12-27 13:03:05,016 - DEBUG - Проверка обновления истории в 2024-12-27 13:03:05.016393
2024-12-27 13:03:05,017 - DEBUG - Price: 0.49 | Bid Vol: 132,736 | Ask Vol: 109,261 | Imb: +9.70%
2024-12-27 13:03:06,030 - DEBUG - Проверка обновления истории в 2024-12-27 13:03:06.030645
2024-12-27 13:03:06,030 - DEBUG - Price: 0.49 | Bid Vol: 121,761 | Ask Vol: 117,429 | Imb: +1.81%
2024-12-27 13:03:09,005 - DEBUG - Проверка обновления истории в 2024-12-27 13:03:09.005289
2024-12-27 13:03:09,005 - DEBUG - Price: 0.49 | Bid Vol: 132,748 | Ask Vol: 114,482 | Imb: +7.39%
2024-12-27 13:03:09,097 - DEBUG - Проверка обновления истории в 2024-12-27 13:03:09.097606
2024-12-27 13:03:09,097 - DEBUG - Price: 0.49 | Bid Vol: 133,020 | Ask Vol: 114,482 | Imb: +7.49%
2024-12-27 13:03:10,089 - DEBUG - Проверка обновления истории в 2024-12-27 13:03:10.089922
2024-12-27 13:03:10,089 - DEBUG - Price: 0.49 | Bid Vol: 143,077 | Ask Vol: 114,572 | Imb: +11.06%
2024-12-27 13:03:11,053 - DEBUG - Проверка обновления истории в 2024-12-27 13:03:11.053908
2024-12-27 13:03:11,053 - DEBUG - Price: 0.49 | Bid Vol: 144,317 | Ask Vol: 113,917 | Imb: +11.77%
2024-12-27 13:03:12,097 - DEBUG - Проверка обновления истории в 2024-12-27 13:03:12.096911
2024-12-27 13:03:12,097 - DEBUG - Price: 0.49 | Bid Vol: 144,246 | Ask Vol: 116,770 | Imb: +10.53%
2024-12-27 13:03:13,087 - DEBUG - Проверка обновления истории в 2024-12-27 13:03:13.087094
2024-12-27 13:03:13,087 - DEBUG - Price: 0.49 | Bid Vol: 139,330 | Ask Vol: 119,363 | Imb: +7.72%
2024-12-27 13:03:14,046 - DEBUG - Проверка обновления истории в 2024-12-27 13:03:14.046034
2024-12-27 13:03:14,046 - DEBUG - Price: 0.49 | Bid Vol: 138,161 | Ask Vol: 108,905 | Imb: +11.84%
2024-12-27 13:03:17,054 - DEBUG - Проверка обновления истории в 2024-12-27 13:03:17.054816
2024-12-27 13:03:17,054 - DEBUG - Price: 0.49 | Bid Vol: 137,359 | Ask Vol: 101,697 | Imb: +14.92%
2024-12-27 13:03:18,057 - DEBUG - Проверка обновления истории в 2024-12-27 13:03:18.057830
2024-12-27 13:03:18,057 - DEBUG - Price: 0.49 | Bid Vol: 127,382 | Ask Vol: 116,559 | Imb: +4.44%
2024-12-27 13:03:19,052 - DEBUG - Проверка обновления истории в 2024-12-27 13:03:19.051416
2024-12-27 13:03:19,052 - DEBUG - Price: 0.49 | Bid Vol: 123,249 | Ask Vol: 117,880 | Imb: +2.23%
2024-12-27 13:03:20,069 - DEBUG - Проверка обновления истории в 2024-12-27 13:03:20.069420
2024-12-27 13:03:20,069 - DEBUG - Price: 0.49 | Bid Vol: 124,076 | Ask Vol: 118,248 | Imb: +2.40%
2024-12-27 13:03:21,004 - DEBUG - Проверка обновления истории в 2024-12-27 13:03:21.004594
2024-12-27 13:03:21,004 - DEBUG - Price: 0.49 | Bid Vol: 125,026 | Ask Vol: 127,341 | Imb: -0.92%
2024-12-27 13:03:23,017 - DEBUG - Проверка обновления истории в 2024-12-27 13:03:23.017244
2024-12-27 13:03:23,017 - DEBUG - Price: 0.49 | Bid Vol: 130,706 | Ask Vol: 107,970 | Imb: +9.53%
2024-12-27 13:03:25,091 - DEBUG - Проверка обновления истории в 2024-12-27 13:03:25.091890
2024-12-27 13:03:25,091 - DEBUG - Price: 0.49 | Bid Vol: 129,610 | Ask Vol: 96,502 | Imb: +14.64%
2024-12-27 13:03:26,025 - DEBUG - Проверка обновления истории в 2024-12-27 13:03:26.025349
2024-12-27 13:03:26,025 - DEBUG - Price: 0.49 | Bid Vol: 132,095 | Ask Vol: 82,849 | Imb: +22.91%
2024-12-27 13:03:27,009 - DEBUG - Проверка обновления истории в 2024-12-27 13:03:27.008476
2024-12-27 13:03:27,009 - DEBUG - Price: 0.49 | Bid Vol: 129,880 | Ask Vol: 97,004 | Imb: +14.49%
2024-12-27 13:03:28,022 - DEBUG - Проверка обновления истории в 2024-12-27 13:03:28.022300
2024-12-27 13:03:28,022 - DEBUG - Price: 0.49 | Bid Vol: 131,498 | Ask Vol: 93,825 | Imb: +16.72%
2024-12-27 13:03:29,048 - DEBUG - Проверка обновления истории в 2024-12-27 13:03:29.048392
2024-12-27 13:03:29,048 - DEBUG - Price: 0.49 | Bid Vol: 126,208 | Ask Vol: 118,452 | Imb: +3.17%
2024-12-27 13:03:30,040 - DEBUG - Проверка обновления истории в 2024-12-27 13:03:30.040410
2024-12-27 13:03:30,040 - DEBUG - Price: 0.49 | Bid Vol: 129,940 | Ask Vol: 117,237 | Imb: +5.14%
2024-12-27 13:03:33,092 - DEBUG - Проверка обновления истории в 2024-12-27 13:03:33.092234
2024-12-27 13:03:33,092 - DEBUG - Price: 0.49 | Bid Vol: 135,387 | Ask Vol: 89,915 | Imb: +20.18%
2024-12-27 13:03:34,073 - DEBUG - Проверка обновления истории в 2024-12-27 13:03:34.072214
2024-12-27 13:03:34,073 - DEBUG - Price: 0.49 | Bid Vol: 133,777 | Ask Vol: 90,988 | Imb: +19.04%
2024-12-27 13:03:35,037 - DEBUG - Проверка обновления истории в 2024-12-27 13:03:35.037923
2024-12-27 13:03:35,037 - DEBUG - Price: 0.49 | Bid Vol: 124,939 | Ask Vol: 95,253 | Imb: +13.48%
2024-12-27 13:03:37,011 - DEBUG - Проверка обновления истории в 2024-12-27 13:03:37.011553
2024-12-27 13:03:37,011 - DEBUG - Price: 0.49 | Bid Vol: 126,642 | Ask Vol: 94,045 | Imb: +14.77%
2024-12-27 13:03:38,097 - DEBUG - Проверка обновления истории в 2024-12-27 13:03:38.097642
2024-12-27 13:03:38,097 - DEBUG - Price: 0.49 | Bid Vol: 139,930 | Ask Vol: 95,291 | Imb: +18.98%
2024-12-27 13:03:39,086 - DEBUG - Проверка обновления истории в 2024-12-27 13:03:39.086876
2024-12-27 13:03:39,086 - DEBUG - Price: 0.49 | Bid Vol: 129,117 | Ask Vol: 95,898 | Imb: +14.76%
2024-12-27 13:03:40,016 - DEBUG - Проверка обновления истории в 2024-12-27 13:03:40.016222
2024-12-27 13:03:40,016 - DEBUG - Price: 0.49 | Bid Vol: 129,149 | Ask Vol: 96,599 | Imb: +14.42%
2024-12-27 13:03:41,079 - DEBUG - Проверка обновления истории в 2024-12-27 13:03:41.079970
2024-12-27 13:03:41,079 - DEBUG - Price: 0.49 | Bid Vol: 129,149 | Ask Vol: 97,296 | Imb: +14.07%
2024-12-27 13:03:42,020 - DEBUG - Проверка обновления истории в 2024-12-27 13:03:42.020745
2024-12-27 13:03:42,020 - DEBUG - Price: 0.49 | Bid Vol: 137,813 | Ask Vol: 85,390 | Imb: +23.49%
2024-12-27 13:03:43,082 - DEBUG - Проверка обновления истории в 2024-12-27 13:03:43.082891
2024-12-27 13:03:43,082 - DEBUG - Price: 0.49 | Bid Vol: 121,065 | Ask Vol: 87,620 | Imb: +16.03%
2024-12-27 13:03:44,035 - DEBUG - Проверка обновления истории в 2024-12-27 13:03:44.035620
2024-12-27 13:03:44,035 - DEBUG - Price: 0.49 | Bid Vol: 135,662 | Ask Vol: 102,652 | Imb: +13.85%
2024-12-27 13:03:45,063 - DEBUG - Проверка обновления истории в 2024-12-27 13:03:45.063010
2024-12-27 13:03:45,064 - DEBUG - Price: 0.49 | Bid Vol: 131,954 | Ask Vol: 90,744 | Imb: +18.51%
2024-12-27 13:03:46,007 - DEBUG - Проверка обновления истории в 2024-12-27 13:03:46.006468
2024-12-27 13:03:46,007 - DEBUG - Price: 0.49 | Bid Vol: 136,774 | Ask Vol: 88,369 | Imb: +21.50%
2024-12-27 13:03:47,066 - DEBUG - Проверка обновления истории в 2024-12-27 13:03:47.066909
2024-12-27 13:03:47,066 - DEBUG - Price: 0.49 | Bid Vol: 135,483 | Ask Vol: 89,779 | Imb: +20.29%
2024-12-27 13:03:50,005 - DEBUG - Проверка обновления истории в 2024-12-27 13:03:50.005329
2024-12-27 13:03:50,005 - DEBUG - Price: 0.49 | Bid Vol: 126,628 | Ask Vol: 104,472 | Imb: +9.59%
2024-12-27 13:03:53,023 - DEBUG - Проверка обновления истории в 2024-12-27 13:03:53.023301
2024-12-27 13:03:53,023 - DEBUG - Price: 0.49 | Bid Vol: 132,554 | Ask Vol: 97,986 | Imb: +14.99%
2024-12-27 13:03:55,068 - DEBUG - Проверка обновления истории в 2024-12-27 13:03:55.068359
2024-12-27 13:03:55,068 - DEBUG - Price: 0.49 | Bid Vol: 123,571 | Ask Vol: 99,768 | Imb: +10.66%
2024-12-27 13:03:55,086 - DEBUG - Проверка обновления истории в 2024-12-27 13:03:55.086513
2024-12-27 13:03:55,086 - DEBUG - Price: 0.49 | Bid Vol: 122,634 | Ask Vol: 100,085 | Imb: +10.12%
2024-12-27 13:03:56,003 - DEBUG - Проверка обновления истории в 2024-12-27 13:03:56.003081
2024-12-27 13:03:56,003 - DEBUG - Price: 0.49 | Bid Vol: 124,537 | Ask Vol: 101,982 | Imb: +9.96%
2024-12-27 13:03:56,096 - DEBUG - Проверка обновления истории в 2024-12-27 13:03:56.096934
2024-12-27 13:03:56,096 - DEBUG - Price: 0.49 | Bid Vol: 129,078 | Ask Vol: 91,162 | Imb: +17.22%
2024-12-27 13:03:57,064 - DEBUG - Проверка обновления истории в 2024-12-27 13:03:57.064014
2024-12-27 13:03:57,065 - DEBUG - Price: 0.49 | Bid Vol: 126,365 | Ask Vol: 92,420 | Imb: +15.52%
2024-12-27 13:03:58,046 - DEBUG - Проверка обновления истории в 2024-12-27 13:03:58.046192
2024-12-27 13:03:58,046 - DEBUG - Price: 0.49 | Bid Vol: 132,202 | Ask Vol: 86,255 | Imb: +21.03%
2024-12-27 13:03:59,060 - DEBUG - Проверка обновления истории в 2024-12-27 13:03:59.060434
2024-12-27 13:03:59,060 - DEBUG - Price: 0.49 | Bid Vol: 130,055 | Ask Vol: 94,108 | Imb: +16.04%
2024-12-27 13:04:00,096 - DEBUG - Проверка обновления истории в 2024-12-27 13:04:00.096020
2024-12-27 13:04:00,096 - DEBUG - Обновление 1m данных
2024-12-27 13:04:00,096 - DEBUG - Добавлены данные для 1m: imbalance=17.23, bid_vol=132112, ask_vol=93287
2024-12-27 13:04:00,096 - DEBUG - Price: 0.49 | Bid Vol: 132,112 | Ask Vol: 93,287 | Imb: +17.23%
2024-12-27 13:04:01,005 - DEBUG - Проверка обновления истории в 2024-12-27 13:04:01.005304
2024-12-27 13:04:01,005 - DEBUG - Price: 0.49 | Bid Vol: 125,839 | Ask Vol: 106,612 | Imb: +8.27%
2024-12-27 13:04:01,039 - DEBUG - Проверка обновления истории в 2024-12-27 13:04:01.037828
2024-12-27 13:04:01,039 - DEBUG - Price: 0.49 | Bid Vol: 125,855 | Ask Vol: 106,313 | Imb: +8.42%
2024-12-27 13:04:02,036 - DEBUG - Проверка обновления истории в 2024-12-27 13:04:02.035874
2024-12-27 13:04:02,036 - DEBUG - Price: 0.49 | Bid Vol: 123,627 | Ask Vol: 112,566 | Imb: +4.68%
2024-12-27 13:04:03,012 - DEBUG - Проверка обновления истории в 2024-12-27 13:04:03.011265
2024-12-27 13:04:03,012 - DEBUG - Price: 0.49 | Bid Vol: 123,637 | Ask Vol: 112,938 | Imb: +4.52%
2024-12-27 13:04:04,086 - DEBUG - Проверка обновления истории в 2024-12-27 13:04:04.086937
2024-12-27 13:04:04,086 - DEBUG - Price: 0.49 | Bid Vol: 129,305 | Ask Vol: 103,878 | Imb: +10.90%
2024-12-27 13:04:05,000 - DEBUG - Проверка обновления истории в 2024-12-27 13:04:05.000204
2024-12-27 13:04:05,000 - DEBUG - Price: 0.49 | Bid Vol: 123,083 | Ask Vol: 111,044 | Imb: +5.14%
2024-12-27 13:04:06,041 - DEBUG - Проверка обновления истории в 2024-12-27 13:04:06.041322
2024-12-27 13:04:06,041 - DEBUG - Price: 0.49 | Bid Vol: 128,156 | Ask Vol: 106,376 | Imb: +9.29%
2024-12-27 13:04:07,080 - DEBUG - Проверка обновления истории в 2024-12-27 13:04:07.080702
2024-12-27 13:04:07,080 - DEBUG - Price: 0.49 | Bid Vol: 123,010 | Ask Vol: 107,651 | Imb: +6.66%
2024-12-27 13:04:08,064 - DEBUG - Проверка обновления истории в 2024-12-27 13:04:08.064179
2024-12-27 13:04:08,065 - DEBUG - Price: 0.49 | Bid Vol: 120,011 | Ask Vol: 117,889 | Imb: +0.89%
2024-12-27 13:04:10,072 - DEBUG - Проверка обновления истории в 2024-12-27 13:04:10.072150
2024-12-27 13:04:10,072 - DEBUG - Price: 0.49 | Bid Vol: 127,262 | Ask Vol: 113,460 | Imb: +5.73%
2024-12-27 13:04:11,069 - DEBUG - Проверка обновления истории в 2024-12-27 13:04:11.069785
2024-12-27 13:04:11,069 - DEBUG - Price: 0.49 | Bid Vol: 129,969 | Ask Vol: 116,375 | Imb: +5.52%
2024-12-27 13:04:12,054 - DEBUG - Проверка обновления истории в 2024-12-27 13:04:12.054358
2024-12-27 13:04:12,055 - DEBUG - Price: 0.49 | Bid Vol: 127,105 | Ask Vol: 115,878 | Imb: +4.62%
2024-12-27 13:04:14,027 - DEBUG - Проверка обновления истории в 2024-12-27 13:04:14.027617
2024-12-27 13:04:14,027 - DEBUG - Price: 0.49 | Bid Vol: 131,271 | Ask Vol: 92,125 | Imb: +17.52%
2024-12-27 13:04:15,035 - DEBUG - Проверка обновления истории в 2024-12-27 13:04:15.034705
2024-12-27 13:04:15,035 - DEBUG - Price: 0.49 | Bid Vol: 131,270 | Ask Vol: 92,112 | Imb: +17.53%
2024-12-27 13:04:18,021 - DEBUG - Проверка обновления истории в 2024-12-27 13:04:18.021159
2024-12-27 13:04:18,021 - DEBUG - Price: 0.49 | Bid Vol: 135,298 | Ask Vol: 96,328 | Imb: +16.82%
2024-12-27 13:04:19,050 - DEBUG - Проверка обновления истории в 2024-12-27 13:04:19.050449
2024-12-27 13:04:19,050 - DEBUG - Price: 0.49 | Bid Vol: 135,144 | Ask Vol: 96,504 | Imb: +16.68%
2024-12-27 13:04:25,009 - DEBUG - Проверка обновления истории в 2024-12-27 13:04:25.009131
2024-12-27 13:04:25,009 - DEBUG - Price: 0.49 | Bid Vol: 130,898 | Ask Vol: 101,046 | Imb: +12.87%
2024-12-27 13:04:26,001 - DEBUG - Проверка обновления истории в 2024-12-27 13:04:26.001634
2024-12-27 13:04:26,001 - DEBUG - Price: 0.49 | Bid Vol: 127,007 | Ask Vol: 101,781 | Imb: +11.03%
2024-12-27 13:04:26,093 - DEBUG - Проверка обновления истории в 2024-12-27 13:04:26.093247
2024-12-27 13:04:26,094 - DEBUG - Price: 0.49 | Bid Vol: 127,150 | Ask Vol: 102,283 | Imb: +10.84%
2024-12-27 13:04:27,080 - DEBUG - Проверка обновления истории в 2024-12-27 13:04:27.080960
2024-12-27 13:04:27,080 - DEBUG - Price: 0.49 | Bid Vol: 127,218 | Ask Vol: 100,590 | Imb: +11.69%
2024-12-27 13:04:31,067 - DEBUG - Проверка обновления истории в 2024-12-27 13:04:31.067687
2024-12-27 13:04:31,067 - DEBUG - Price: 0.49 | Bid Vol: 126,552 | Ask Vol: 111,530 | Imb: +6.31%
2024-12-27 13:04:32,010 - DEBUG - Проверка обновления истории в 2024-12-27 13:04:32.010360
2024-12-27 13:04:32,010 - DEBUG - Price: 0.49 | Bid Vol: 127,671 | Ask Vol: 111,535 | Imb: +6.75%
2024-12-27 13:04:35,007 - DEBUG - Проверка обновления истории в 2024-12-27 13:04:35.007663
2024-12-27 13:04:35,007 - DEBUG - Price: 0.49 | Bid Vol: 135,560 | Ask Vol: 108,125 | Imb: +11.26%
2024-12-27 13:04:36,047 - DEBUG - Проверка обновления истории в 2024-12-27 13:04:36.047177
2024-12-27 13:04:36,047 - DEBUG - Price: 0.49 | Bid Vol: 134,322 | Ask Vol: 109,716 | Imb: +10.08%
2024-12-27 13:04:37,032 - DEBUG - Проверка обновления истории в 2024-12-27 13:04:37.032882
2024-12-27 13:04:37,032 - DEBUG - Price: 0.49 | Bid Vol: 128,085 | Ask Vol: 106,918 | Imb: +9.01%
2024-12-27 13:04:38,087 - DEBUG - Проверка обновления истории в 2024-12-27 13:04:38.087514
2024-12-27 13:04:38,087 - DEBUG - Price: 0.49 | Bid Vol: 129,238 | Ask Vol: 105,741 | Imb: +10.00%
2024-12-27 13:04:39,048 - DEBUG - Проверка обновления истории в 2024-12-27 13:04:39.047938
2024-12-27 13:04:39,048 - DEBUG - Price: 0.49 | Bid Vol: 128,159 | Ask Vol: 105,217 | Imb: +9.83%
2024-12-27 13:04:39,066 - DEBUG - Проверка обновления истории в 2024-12-27 13:04:39.066019
2024-12-27 13:04:39,066 - DEBUG - Price: 0.49 | Bid Vol: 128,153 | Ask Vol: 105,217 | Imb: +9.83%
2024-12-27 13:04:39,096 - DEBUG - Проверка обновления истории в 2024-12-27 13:04:39.095678
2024-12-27 13:04:39,096 - DEBUG - Price: 0.49 | Bid Vol: 128,153 | Ask Vol: 105,143 | Imb: +9.86%
2024-12-27 13:04:41,081 - DEBUG - Проверка обновления истории в 2024-12-27 13:04:41.081530
2024-12-27 13:04:41,081 - DEBUG - Price: 0.49 | Bid Vol: 127,493 | Ask Vol: 109,096 | Imb: +7.78%
2024-12-27 13:04:42,003 - DEBUG - Проверка обновления истории в 2024-12-27 13:04:42.003954
2024-12-27 13:04:42,003 - DEBUG - Price: 0.49 | Bid Vol: 112,989 | Ask Vol: 128,390 | Imb: -6.38%
2024-12-27 13:04:43,015 - DEBUG - Проверка обновления истории в 2024-12-27 13:04:43.015981
2024-12-27 13:04:43,015 - DEBUG - Price: 0.49 | Bid Vol: 121,342 | Ask Vol: 116,226 | Imb: +2.15%
2024-12-27 13:04:45,062 - DEBUG - Проверка обновления истории в 2024-12-27 13:04:45.062179
2024-12-27 13:04:45,062 - DEBUG - Price: 0.49 | Bid Vol: 140,339 | Ask Vol: 98,556 | Imb: +17.49%
2024-12-27 13:04:46,017 - DEBUG - Проверка обновления истории в 2024-12-27 13:04:46.017621
2024-12-27 13:04:46,017 - DEBUG - Price: 0.49 | Bid Vol: 105,287 | Ask Vol: 113,293 | Imb: -3.66%
2024-12-27 13:04:48,069 - DEBUG - Проверка обновления истории в 2024-12-27 13:04:48.069239
2024-12-27 13:04:48,069 - DEBUG - Price: 0.49 | Bid Vol: 106,995 | Ask Vol: 115,253 | Imb: -3.72%
2024-12-27 13:04:50,040 - DEBUG - Проверка обновления истории в 2024-12-27 13:04:50.040117
2024-12-27 13:04:50,040 - DEBUG - Price: 0.49 | Bid Vol: 109,007 | Ask Vol: 100,738 | Imb: +3.94%
2024-12-27 13:04:52,058 - DEBUG - Проверка обновления истории в 2024-12-27 13:04:52.057272
2024-12-27 13:04:52,058 - DEBUG - Price: 0.49 | Bid Vol: 116,381 | Ask Vol: 110,637 | Imb: +2.53%
2024-12-27 13:04:53,074 - DEBUG - Проверка обновления истории в 2024-12-27 13:04:53.074983
2024-12-27 13:04:53,074 - DEBUG - Price: 0.49 | Bid Vol: 115,829 | Ask Vol: 110,884 | Imb: +2.18%
2024-12-27 13:04:54,047 - DEBUG - Проверка обновления истории в 2024-12-27 13:04:54.047612
2024-12-27 13:04:54,047 - DEBUG - Price: 0.49 | Bid Vol: 115,760 | Ask Vol: 111,593 | Imb: +1.83%
2024-12-27 13:04:55,067 - DEBUG - Проверка обновления истории в 2024-12-27 13:04:55.066852
2024-12-27 13:04:55,067 - DEBUG - Price: 0.49 | Bid Vol: 117,446 | Ask Vol: 110,523 | Imb: +3.04%
2024-12-27 13:04:56,059 - DEBUG - Проверка обновления истории в 2024-12-27 13:04:56.059243
2024-12-27 13:04:56,059 - DEBUG - Price: 0.49 | Bid Vol: 117,549 | Ask Vol: 108,458 | Imb: +4.02%
2024-12-27 13:04:58,056 - DEBUG - Проверка обновления истории в 2024-12-27 13:04:58.056565
2024-12-27 13:04:58,056 - DEBUG - Price: 0.49 | Bid Vol: 116,439 | Ask Vol: 110,030 | Imb: +2.83%
2024-12-27 13:04:59,064 - DEBUG - Проверка обновления истории в 2024-12-27 13:04:59.064120
2024-12-27 13:04:59,064 - DEBUG - Price: 0.49 | Bid Vol: 99,021 | Ask Vol: 113,702 | Imb: -6.90%
2024-12-27 13:05:00,001 - DEBUG - Проверка обновления истории в 2024-12-27 13:05:00.001862
2024-12-27 13:05:00,001 - DEBUG - Обновление 1m данных
2024-12-27 13:05:00,001 - DEBUG - Добавлены данные для 1m: imbalance=5.34, bid_vol=112707, ask_vol=101281
2024-12-27 13:05:00,002 - DEBUG - Обновление 5m данных
2024-12-27 13:05:00,002 - DEBUG - Добавлены данные для 5m: imbalance=5.34, bid_vol=112707, ask_vol=101281
2024-12-27 13:05:00,002 - DEBUG - Price: 0.49 | Bid Vol: 112,707 | Ask Vol: 101,281 | Imb: +5.34%
2024-12-27 13:05:01,099 - DEBUG - Проверка обновления истории в 2024-12-27 13:05:01.099480
2024-12-27 13:05:01,100 - DEBUG - Price: 0.49 | Bid Vol: 113,122 | Ask Vol: 100,848 | Imb: +5.74%
2024-12-27 13:05:03,080 - DEBUG - Проверка обновления истории в 2024-12-27 13:05:03.080301
2024-12-27 13:05:03,080 - DEBUG - Price: 0.49 | Bid Vol: 113,529 | Ask Vol: 101,978 | Imb: +5.36%
2024-12-27 13:05:04,095 - DEBUG - Проверка обновления истории в 2024-12-27 13:05:04.094114
2024-12-27 13:05:04,095 - DEBUG - Price: 0.49 | Bid Vol: 124,545 | Ask Vol: 97,629 | Imb: +12.11%
2024-12-27 13:05:05,043 - DEBUG - Проверка обновления истории в 2024-12-27 13:05:05.043209
2024-12-27 13:05:05,043 - DEBUG - Price: 0.49 | Bid Vol: 122,467 | Ask Vol: 99,885 | Imb: +10.16%
2024-12-27 13:05:06,026 - DEBUG - Проверка обновления истории в 2024-12-27 13:05:06.026040
2024-12-27 13:05:06,026 - DEBUG - Price: 0.49 | Bid Vol: 119,698 | Ask Vol: 92,270 | Imb: +12.94%
2024-12-27 13:05:08,085 - DEBUG - Проверка обновления истории в 2024-12-27 13:05:08.085981
2024-12-27 13:05:08,085 - DEBUG - Price: 0.49 | Bid Vol: 122,096 | Ask Vol: 114,642 | Imb: +3.15%
2024-12-27 13:05:09,014 - DEBUG - Проверка обновления истории в 2024-12-27 13:05:09.014265
2024-12-27 13:05:09,014 - DEBUG - Price: 0.49 | Bid Vol: 117,823 | Ask Vol: 116,684 | Imb: +0.49%
2024-12-27 13:05:10,009 - DEBUG - Проверка обновления истории в 2024-12-27 13:05:10.009765
2024-12-27 13:05:10,009 - DEBUG - Price: 0.49 | Bid Vol: 118,005 | Ask Vol: 116,252 | Imb: +0.75%
2024-12-27 13:05:12,025 - DEBUG - Проверка обновления истории в 2024-12-27 13:05:12.025266
2024-12-27 13:05:12,025 - DEBUG - Price: 0.49 | Bid Vol: 118,508 | Ask Vol: 116,528 | Imb: +0.84%
2024-12-27 13:05:14,002 - DEBUG - Проверка обновления истории в 2024-12-27 13:05:14.002911
2024-12-27 13:05:14,002 - DEBUG - Price: 0.49 | Bid Vol: 108,140 | Ask Vol: 82,024 | Imb: +13.73%
2024-12-27 13:05:18,058 - DEBUG - Проверка обновления истории в 2024-12-27 13:05:18.058227
2024-12-27 13:05:18,058 - DEBUG - Price: 0.49 | Bid Vol: 114,439 | Ask Vol: 91,282 | Imb: +11.26%
2024-12-27 13:05:19,038 - DEBUG - Проверка обновления истории в 2024-12-27 13:05:19.038779
2024-12-27 13:05:19,038 - DEBUG - Price: 0.49 | Bid Vol: 114,077 | Ask Vol: 100,487 | Imb: +6.33%
2024-12-27 13:05:20,098 - DEBUG - Проверка обновления истории в 2024-12-27 13:05:20.098168
2024-12-27 13:05:20,098 - DEBUG - Price: 0.49 | Bid Vol: 111,143 | Ask Vol: 104,746 | Imb: +2.96%
2024-12-27 13:05:22,096 - DEBUG - Проверка обновления истории в 2024-12-27 13:05:22.096353
2024-12-27 13:05:22,096 - DEBUG - Price: 0.49 | Bid Vol: 109,900 | Ask Vol: 107,538 | Imb: +1.09%
2024-12-27 13:05:25,087 - DEBUG - Проверка обновления истории в 2024-12-27 13:05:25.087579
2024-12-27 13:05:25,087 - DEBUG - Price: 0.49 | Bid Vol: 113,343 | Ask Vol: 93,272 | Imb: +9.71%
2024-12-27 13:05:31,029 - DEBUG - Проверка обновления истории в 2024-12-27 13:05:31.029361
2024-12-27 13:05:31,030 - DEBUG - Price: 0.49 | Bid Vol: 123,745 | Ask Vol: 120,808 | Imb: +1.20%
2024-12-27 13:05:31,082 - DEBUG - Проверка обновления истории в 2024-12-27 13:05:31.082544
2024-12-27 13:05:31,082 - DEBUG - Price: 0.49 | Bid Vol: 124,033 | Ask Vol: 121,654 | Imb: +0.97%
2024-12-27 13:05:33,068 - DEBUG - Проверка обновления истории в 2024-12-27 13:05:33.068189
2024-12-27 13:05:33,068 - DEBUG - Price: 0.49 | Bid Vol: 124,482 | Ask Vol: 118,732 | Imb: +2.36%
2024-12-27 13:05:38,072 - DEBUG - Проверка обновления истории в 2024-12-27 13:05:38.072456
2024-12-27 13:05:38,072 - DEBUG - Price: 0.49 | Bid Vol: 107,054 | Ask Vol: 126,295 | Imb: -8.25%
2024-12-27 13:05:39,083 - DEBUG - Проверка обновления истории в 2024-12-27 13:05:39.083011
2024-12-27 13:05:39,084 - DEBUG - Price: 0.49 | Bid Vol: 110,300 | Ask Vol: 124,028 | Imb: -5.86%
2024-12-27 13:05:40,019 - DEBUG - Проверка обновления истории в 2024-12-27 13:05:40.019206
2024-12-27 13:05:40,019 - DEBUG - Price: 0.49 | Bid Vol: 110,655 | Ask Vol: 124,028 | Imb: -5.70%
2024-12-27 13:05:42,095 - DEBUG - Проверка обновления истории в 2024-12-27 13:05:42.095846
2024-12-27 13:05:42,095 - DEBUG - Price: 0.49 | Bid Vol: 109,051 | Ask Vol: 128,512 | Imb: -8.19%
2024-12-27 13:05:43,072 - DEBUG - Проверка обновления истории в 2024-12-27 13:05:43.072344
2024-12-27 13:05:43,072 - DEBUG - Price: 0.49 | Bid Vol: 109,897 | Ask Vol: 125,028 | Imb: -6.44%
2024-12-27 13:05:46,061 - DEBUG - Проверка обновления истории в 2024-12-27 13:05:46.061006
2024-12-27 13:05:46,061 - DEBUG - Price: 0.49 | Bid Vol: 110,854 | Ask Vol: 128,435 | Imb: -7.35%
2024-12-27 13:05:47,000 - DEBUG - Проверка обновления истории в 2024-12-27 13:05:47.000604
2024-12-27 13:05:47,000 - DEBUG - Price: 0.49 | Bid Vol: 111,353 | Ask Vol: 125,412 | Imb: -5.94%
2024-12-27 13:05:48,067 - DEBUG - Проверка обновления истории в 2024-12-27 13:05:48.067314
2024-12-27 13:05:48,067 - DEBUG - Price: 0.49 | Bid Vol: 110,007 | Ask Vol: 142,267 | Imb: -12.79%
2024-12-27 13:05:49,014 - DEBUG - Проверка обновления истории в 2024-12-27 13:05:49.014884
2024-12-27 13:05:49,014 - DEBUG - Price: 0.49 | Bid Vol: 122,250 | Ask Vol: 142,429 | Imb: -7.62%
2024-12-27 13:05:50,023 - DEBUG - Проверка обновления истории в 2024-12-27 13:05:50.023631
2024-12-27 13:05:50,023 - DEBUG - Price: 0.49 | Bid Vol: 120,166 | Ask Vol: 141,958 | Imb: -8.31%
2024-12-27 13:05:51,060 - DEBUG - Проверка обновления истории в 2024-12-27 13:05:51.060352
2024-12-27 13:05:51,060 - DEBUG - Price: 0.49 | Bid Vol: 113,616 | Ask Vol: 102,372 | Imb: +5.21%
2024-12-27 13:05:52,051 - DEBUG - Проверка обновления истории в 2024-12-27 13:05:52.051752
2024-12-27 13:05:52,051 - DEBUG - Price: 0.49 | Bid Vol: 111,630 | Ask Vol: 114,243 | Imb: -1.16%
2024-12-27 13:05:53,030 - DEBUG - Проверка обновления истории в 2024-12-27 13:05:53.030842
2024-12-27 13:05:53,030 - DEBUG - Price: 0.49 | Bid Vol: 111,704 | Ask Vol: 114,659 | Imb: -1.31%
2024-12-27 13:05:54,028 - DEBUG - Проверка обновления истории в 2024-12-27 13:05:54.028123
2024-12-27 13:05:54,028 - DEBUG - Price: 0.49 | Bid Vol: 115,060 | Ask Vol: 112,368 | Imb: +1.18%
2024-12-27 13:05:58,074 - DEBUG - Проверка обновления истории в 2024-12-27 13:05:58.074635
2024-12-27 13:05:58,074 - DEBUG - Price: 0.49 | Bid Vol: 113,161 | Ask Vol: 121,474 | Imb: -3.54%
2024-12-27 13:05:59,075 - DEBUG - Проверка обновления истории в 2024-12-27 13:05:59.075995
2024-12-27 13:05:59,075 - DEBUG - Price: 0.49 | Bid Vol: 121,820 | Ask Vol: 112,408 | Imb: +4.02%
2024-12-27 13:06:00,020 - DEBUG - Проверка обновления истории в 2024-12-27 13:06:00.020715
2024-12-27 13:06:00,020 - DEBUG - Обновление 1m данных
2024-12-27 13:06:00,020 - DEBUG - Добавлены данные для 1m: imbalance=-3.97, bid_vol=115153, ask_vol=124678
2024-12-27 13:06:00,020 - DEBUG - Price: 0.49 | Bid Vol: 115,153 | Ask Vol: 124,678 | Imb: -3.97%
2024-12-27 13:06:01,079 - DEBUG - Проверка обновления истории в 2024-12-27 13:06:01.078185
2024-12-27 13:06:01,079 - DEBUG - Price: 0.49 | Bid Vol: 116,753 | Ask Vol: 116,964 | Imb: -0.09%
2024-12-27 13:06:02,069 - DEBUG - Проверка обновления истории в 2024-12-27 13:06:02.069746
2024-12-27 13:06:02,069 - DEBUG - Price: 0.49 | Bid Vol: 120,751 | Ask Vol: 96,104 | Imb: +11.37%
2024-12-27 13:06:03,095 - DEBUG - Проверка обновления истории в 2024-12-27 13:06:03.095538
2024-12-27 13:06:03,095 - DEBUG - Price: 0.49 | Bid Vol: 119,689 | Ask Vol: 103,407 | Imb: +7.30%
2024-12-27 13:06:04,020 - DEBUG - Проверка обновления истории в 2024-12-27 13:06:04.020048
2024-12-27 13:06:04,020 - DEBUG - Price: 0.49 | Bid Vol: 126,237 | Ask Vol: 96,934 | Imb: +13.13%
2024-12-27 13:06:05,015 - DEBUG - Проверка обновления истории в 2024-12-27 13:06:05.014731
2024-12-27 13:06:05,015 - DEBUG - Price: 0.49 | Bid Vol: 118,036 | Ask Vol: 108,130 | Imb: +4.38%
2024-12-27 13:06:06,088 - DEBUG - Проверка обновления истории в 2024-12-27 13:06:06.088937
2024-12-27 13:06:06,088 - DEBUG - Price: 0.49 | Bid Vol: 103,718 | Ask Vol: 112,779 | Imb: -4.19%
2024-12-27 13:06:08,069 - DEBUG - Проверка обновления истории в 2024-12-27 13:06:08.069322
2024-12-27 13:06:08,069 - DEBUG - Price: 0.49 | Bid Vol: 102,064 | Ask Vol: 115,071 | Imb: -5.99%
2024-12-27 13:06:09,019 - DEBUG - Проверка обновления истории в 2024-12-27 13:06:09.019865
2024-12-27 13:06:09,019 - DEBUG - Price: 0.49 | Bid Vol: 109,637 | Ask Vol: 103,967 | Imb: +2.65%
2024-12-27 13:06:10,006 - DEBUG - Проверка обновления истории в 2024-12-27 13:06:10.005979
2024-12-27 13:06:10,006 - DEBUG - Price: 0.49 | Bid Vol: 97,140 | Ask Vol: 115,103 | Imb: -8.46%
2024-12-27 13:06:12,004 - DEBUG - Проверка обновления истории в 2024-12-27 13:06:12.004021
2024-12-27 13:06:12,004 - DEBUG - Price: 0.49 | Bid Vol: 105,857 | Ask Vol: 104,205 | Imb: +0.79%
2024-12-27 13:06:13,015 - DEBUG - Проверка обновления истории в 2024-12-27 13:06:13.015492
2024-12-27 13:06:13,015 - DEBUG - Price: 0.49 | Bid Vol: 106,889 | Ask Vol: 103,177 | Imb: +1.77%
2024-12-27 13:06:14,002 - DEBUG - Проверка обновления истории в 2024-12-27 13:06:14.002465
2024-12-27 13:06:14,002 - DEBUG - Price: 0.49 | Bid Vol: 108,060 | Ask Vol: 103,423 | Imb: +2.19%
2024-12-27 13:06:15,060 - DEBUG - Проверка обновления истории в 2024-12-27 13:06:15.060704
2024-12-27 13:06:15,060 - DEBUG - Price: 0.49 | Bid Vol: 108,344 | Ask Vol: 103,423 | Imb: +2.32%
2024-12-27 13:06:17,006 - DEBUG - Проверка обновления истории в 2024-12-27 13:06:17.005330
2024-12-27 13:06:17,006 - DEBUG - Price: 0.49 | Bid Vol: 120,954 | Ask Vol: 110,502 | Imb: +4.52%
2024-12-27 13:06:18,080 - DEBUG - Проверка обновления истории в 2024-12-27 13:06:18.080611
2024-12-27 13:06:18,081 - DEBUG - Price: 0.49 | Bid Vol: 121,367 | Ask Vol: 110,917 | Imb: +4.50%
2024-12-27 13:06:19,017 - DEBUG - Проверка обновления истории в 2024-12-27 13:06:19.017323
2024-12-27 13:06:19,017 - DEBUG - Price: 0.49 | Bid Vol: 115,455 | Ask Vol: 116,869 | Imb: -0.61%
2024-12-27 13:06:20,006 - DEBUG - Проверка обновления истории в 2024-12-27 13:06:20.006977
2024-12-27 13:06:20,007 - DEBUG - Price: 0.49 | Bid Vol: 101,056 | Ask Vol: 112,546 | Imb: -5.38%
2024-12-27 13:06:21,072 - DEBUG - Проверка обновления истории в 2024-12-27 13:06:21.071554
2024-12-27 13:06:21,072 - DEBUG - Price: 0.49 | Bid Vol: 98,225 | Ask Vol: 108,077 | Imb: -4.78%
2024-12-27 13:06:22,009 - DEBUG - Проверка обновления истории в 2024-12-27 13:06:22.009512
2024-12-27 13:06:22,009 - DEBUG - Price: 0.49 | Bid Vol: 109,684 | Ask Vol: 109,155 | Imb: +0.24%
2024-12-27 13:06:23,066 - DEBUG - Проверка обновления истории в 2024-12-27 13:06:23.066585
2024-12-27 13:06:23,066 - DEBUG - Price: 0.49 | Bid Vol: 110,864 | Ask Vol: 108,492 | Imb: +1.08%
2024-12-27 13:06:24,057 - DEBUG - Проверка обновления истории в 2024-12-27 13:06:24.057404
2024-12-27 13:06:24,057 - DEBUG - Price: 0.49 | Bid Vol: 111,532 | Ask Vol: 109,138 | Imb: +1.08%
2024-12-27 13:06:27,044 - DEBUG - Проверка обновления истории в 2024-12-27 13:06:27.044859
2024-12-27 13:06:27,044 - DEBUG - Price: 0.49 | Bid Vol: 118,580 | Ask Vol: 120,796 | Imb: -0.93%
2024-12-27 13:06:28,007 - DEBUG - Проверка обновления истории в 2024-12-27 13:06:28.007995
2024-12-27 13:06:28,007 - DEBUG - Price: 0.49 | Bid Vol: 107,549 | Ask Vol: 116,098 | Imb: -3.82%
2024-12-27 13:06:29,050 - DEBUG - Проверка обновления истории в 2024-12-27 13:06:29.050810
2024-12-27 13:06:29,050 - DEBUG - Price: 0.49 | Bid Vol: 110,979 | Ask Vol: 111,851 | Imb: -0.39%
2024-12-27 13:06:30,031 - DEBUG - Проверка обновления истории в 2024-12-27 13:06:30.031220
2024-12-27 13:06:30,031 - DEBUG - Price: 0.49 | Bid Vol: 101,638 | Ask Vol: 117,534 | Imb: -7.25%
2024-12-27 13:06:31,004 - DEBUG - Проверка обновления истории в 2024-12-27 13:06:31.004710
2024-12-27 13:06:31,004 - DEBUG - Price: 0.49 | Bid Vol: 102,014 | Ask Vol: 118,674 | Imb: -7.55%
2024-12-27 13:06:31,081 - DEBUG - Проверка обновления истории в 2024-12-27 13:06:31.080783
2024-12-27 13:06:31,081 - DEBUG - Price: 0.49 | Bid Vol: 102,014 | Ask Vol: 119,357 | Imb: -7.83%
2024-12-27 13:06:32,024 - DEBUG - Проверка обновления истории в 2024-12-27 13:06:32.023072
2024-12-27 13:06:32,024 - DEBUG - Price: 0.49 | Bid Vol: 101,525 | Ask Vol: 119,405 | Imb: -8.09%
2024-12-27 13:06:34,044 - DEBUG - Проверка обновления истории в 2024-12-27 13:06:34.044285
2024-12-27 13:06:34,044 - DEBUG - Price: 0.49 | Bid Vol: 102,710 | Ask Vol: 91,562 | Imb: +5.74%
2024-12-27 13:06:35,075 - DEBUG - Проверка обновления истории в 2024-12-27 13:06:35.075263
2024-12-27 13:06:35,075 - DEBUG - Price: 0.49 | Bid Vol: 108,056 | Ask Vol: 92,095 | Imb: +7.97%
2024-12-27 13:06:36,053 - DEBUG - Проверка обновления истории в 2024-12-27 13:06:36.053620
2024-12-27 13:06:36,053 - DEBUG - Price: 0.49 | Bid Vol: 110,719 | Ask Vol: 95,286 | Imb: +7.49%
2024-12-27 13:06:38,099 - DEBUG - Проверка обновления истории в 2024-12-27 13:06:38.099775
2024-12-27 13:06:38,099 - DEBUG - Price: 0.49 | Bid Vol: 115,645 | Ask Vol: 111,879 | Imb: +1.66%
2024-12-27 13:06:40,068 - DEBUG - Проверка обновления истории в 2024-12-27 13:06:40.068990
2024-12-27 13:06:40,068 - DEBUG - Price: 0.49 | Bid Vol: 106,811 | Ask Vol: 113,537 | Imb: -3.05%
2024-12-27 13:06:41,090 - DEBUG - Проверка обновления истории в 2024-12-27 13:06:41.090257
2024-12-27 13:06:41,091 - DEBUG - Price: 0.49 | Bid Vol: 107,021 | Ask Vol: 112,430 | Imb: -2.47%
2024-12-27 13:06:42,088 - DEBUG - Проверка обновления истории в 2024-12-27 13:06:42.088771
2024-12-27 13:06:42,088 - DEBUG - Price: 0.49 | Bid Vol: 114,190 | Ask Vol: 110,651 | Imb: +1.57%
2024-12-27 13:06:43,050 - DEBUG - Проверка обновления истории в 2024-12-27 13:06:43.050125
2024-12-27 13:06:43,050 - DEBUG - Price: 0.49 | Bid Vol: 112,511 | Ask Vol: 104,554 | Imb: +3.67%
2024-12-27 13:06:45,003 - DEBUG - Проверка обновления истории в 2024-12-27 13:06:45.003287
2024-12-27 13:06:45,003 - DEBUG - Price: 0.49 | Bid Vol: 112,567 | Ask Vol: 105,187 | Imb: +3.39%
2024-12-27 13:06:47,065 - DEBUG - Проверка обновления истории в 2024-12-27 13:06:47.065847
2024-12-27 13:06:47,065 - DEBUG - Price: 0.49 | Bid Vol: 113,971 | Ask Vol: 108,412 | Imb: +2.50%
2024-12-27 13:06:48,064 - DEBUG - Проверка обновления истории в 2024-12-27 13:06:48.064709
2024-12-27 13:06:48,064 - DEBUG - Price: 0.49 | Bid Vol: 112,946 | Ask Vol: 109,695 | Imb: +1.46%
2024-12-27 13:06:50,045 - DEBUG - Проверка обновления истории в 2024-12-27 13:06:50.045309
2024-12-27 13:06:50,045 - DEBUG - Price: 0.49 | Bid Vol: 112,524 | Ask Vol: 108,038 | Imb: +2.03%
2024-12-27 13:06:50,045 - DEBUG - Проверка обновления истории в 2024-12-27 13:06:50.045309
2024-12-27 13:06:50,045 - DEBUG - Price: 0.49 | Bid Vol: 112,524 | Ask Vol: 107,954 | Imb: +2.07%
2024-12-27 13:06:50,060 - DEBUG - Проверка обновления истории в 2024-12-27 13:06:50.060340
2024-12-27 13:06:50,060 - DEBUG - Price: 0.49 | Bid Vol: 112,524 | Ask Vol: 107,954 | Imb: +2.07%
2024-12-27 13:06:54,008 - DEBUG - Проверка обновления истории в 2024-12-27 13:06:54.008557
2024-12-27 13:06:54,008 - DEBUG - Price: 0.49 | Bid Vol: 113,384 | Ask Vol: 107,467 | Imb: +2.68%
2024-12-27 13:06:55,100 - DEBUG - Проверка обновления истории в 2024-12-27 13:06:55.099325
2024-12-27 13:06:55,100 - DEBUG - Price: 0.49 | Bid Vol: 113,298 | Ask Vol: 107,625 | Imb: +2.57%
2024-12-27 13:06:56,007 - DEBUG - Проверка обновления истории в 2024-12-27 13:06:56.007238
2024-12-27 13:06:56,007 - DEBUG - Price: 0.49 | Bid Vol: 111,552 | Ask Vol: 105,996 | Imb: +2.55%
2024-12-27 13:06:59,078 - DEBUG - Проверка обновления истории в 2024-12-27 13:06:59.078614
2024-12-27 13:06:59,078 - DEBUG - Price: 0.49 | Bid Vol: 115,576 | Ask Vol: 109,090 | Imb: +2.89%
2024-12-27 13:07:01,009 - DEBUG - Проверка обновления истории в 2024-12-27 13:07:01.008952
2024-12-27 13:07:01,009 - DEBUG - Обновление 1m данных
2024-12-27 13:07:01,009 - DEBUG - Добавлены данные для 1m: imbalance=3.63, bid_vol=119637, ask_vol=111262
2024-12-27 13:07:01,009 - DEBUG - Price: 0.49 | Bid Vol: 119,637 | Ask Vol: 111,262 | Imb: +3.63%
2024-12-27 13:07:02,005 - DEBUG - Проверка обновления истории в 2024-12-27 13:07:02.005248
2024-12-27 13:07:02,005 - DEBUG - Price: 0.49 | Bid Vol: 120,757 | Ask Vol: 111,185 | Imb: +4.13%
2024-12-27 13:07:03,016 - DEBUG - Проверка обновления истории в 2024-12-27 13:07:03.016881
2024-12-27 13:07:03,016 - DEBUG - Price: 0.49 | Bid Vol: 118,605 | Ask Vol: 111,263 | Imb: +3.19%
2024-12-27 13:07:04,085 - DEBUG - Проверка обновления истории в 2024-12-27 13:07:04.084730
2024-12-27 13:07:04,085 - DEBUG - Price: 0.49 | Bid Vol: 122,014 | Ask Vol: 112,999 | Imb: +3.84%
2024-12-27 13:07:06,001 - DEBUG - Проверка обновления истории в 2024-12-27 13:07:06.001230
2024-12-27 13:07:06,001 - DEBUG - Price: 0.49 | Bid Vol: 122,570 | Ask Vol: 112,497 | Imb: +4.29%
2024-12-27 13:07:07,045 - DEBUG - Проверка обновления истории в 2024-12-27 13:07:07.044380
2024-12-27 13:07:07,045 - DEBUG - Price: 0.49 | Bid Vol: 119,595 | Ask Vol: 97,970 | Imb: +9.94%
2024-12-27 13:07:08,066 - DEBUG - Проверка обновления истории в 2024-12-27 13:07:08.066205
2024-12-27 13:07:08,066 - DEBUG - Price: 0.49 | Bid Vol: 120,539 | Ask Vol: 106,205 | Imb: +6.32%
2024-12-27 13:07:10,068 - DEBUG - Проверка обновления истории в 2024-12-27 13:07:10.068944
2024-12-27 13:07:10,068 - DEBUG - Price: 0.49 | Bid Vol: 121,407 | Ask Vol: 105,242 | Imb: +7.13%
2024-12-27 13:07:13,019 - DEBUG - Проверка обновления истории в 2024-12-27 13:07:13.019493
2024-12-27 13:07:13,019 - DEBUG - Price: 0.49 | Bid Vol: 125,291 | Ask Vol: 105,280 | Imb: +8.68%
2024-12-27 13:07:16,035 - DEBUG - Проверка обновления истории в 2024-12-27 13:07:16.035362
2024-12-27 13:07:16,035 - DEBUG - Price: 0.49 | Bid Vol: 132,384 | Ask Vol: 99,864 | Imb: +14.00%
2024-12-27 13:07:18,087 - DEBUG - Проверка обновления истории в 2024-12-27 13:07:18.087682
2024-12-27 13:07:18,087 - DEBUG - Price: 0.49 | Bid Vol: 132,040 | Ask Vol: 101,275 | Imb: +13.19%
2024-12-27 13:07:21,003 - DEBUG - Проверка обновления истории в 2024-12-27 13:07:21.003103
2024-12-27 13:07:21,003 - DEBUG - Price: 0.49 | Bid Vol: 129,718 | Ask Vol: 105,860 | Imb: +10.13%
2024-12-27 13:07:22,061 - DEBUG - Проверка обновления истории в 2024-12-27 13:07:22.061936
2024-12-27 13:07:22,062 - DEBUG - Price: 0.49 | Bid Vol: 131,218 | Ask Vol: 105,599 | Imb: +10.82%
2024-12-27 13:07:23,040 - DEBUG - Проверка обновления истории в 2024-12-27 13:07:23.040354
2024-12-27 13:07:23,040 - DEBUG - Price: 0.49 | Bid Vol: 126,435 | Ask Vol: 107,913 | Imb: +7.90%
2024-12-27 13:07:24,005 - DEBUG - Проверка обновления истории в 2024-12-27 13:07:24.005035
2024-12-27 13:07:24,005 - DEBUG - Price: 0.49 | Bid Vol: 135,005 | Ask Vol: 106,492 | Imb: +11.81%
2024-12-27 13:07:25,043 - DEBUG - Проверка обновления истории в 2024-12-27 13:07:25.043110
2024-12-27 13:07:25,043 - DEBUG - Price: 0.49 | Bid Vol: 124,182 | Ask Vol: 103,620 | Imb: +9.03%
2024-12-27 13:07:26,038 - DEBUG - Проверка обновления истории в 2024-12-27 13:07:26.038643
2024-12-27 13:07:26,038 - DEBUG - Price: 0.49 | Bid Vol: 126,697 | Ask Vol: 105,582 | Imb: +9.09%
2024-12-27 13:07:27,021 - DEBUG - Проверка обновления истории в 2024-12-27 13:07:27.020407
2024-12-27 13:07:27,021 - DEBUG - Price: 0.49 | Bid Vol: 129,015 | Ask Vol: 119,189 | Imb: +3.96%
2024-12-27 13:07:28,057 - DEBUG - Проверка обновления истории в 2024-12-27 13:07:28.057406
2024-12-27 13:07:28,057 - DEBUG - Price: 0.49 | Bid Vol: 129,444 | Ask Vol: 119,201 | Imb: +4.12%
2024-12-27 13:07:32,079 - DEBUG - Проверка обновления истории в 2024-12-27 13:07:32.079997
2024-12-27 13:07:32,081 - DEBUG - Price: 0.49 | Bid Vol: 127,674 | Ask Vol: 94,724 | Imb: +14.82%
2024-12-27 13:07:35,033 - DEBUG - Проверка обновления истории в 2024-12-27 13:07:35.033246
2024-12-27 13:07:35,033 - DEBUG - Price: 0.49 | Bid Vol: 104,388 | Ask Vol: 120,280 | Imb: -7.07%
2024-12-27 13:07:37,002 - DEBUG - Проверка обновления истории в 2024-12-27 13:07:37.001271
2024-12-27 13:07:37,002 - DEBUG - Price: 0.49 | Bid Vol: 132,710 | Ask Vol: 96,371 | Imb: +15.86%
2024-12-27 13:07:39,061 - DEBUG - Проверка обновления истории в 2024-12-27 13:07:39.061416
2024-12-27 13:07:39,061 - DEBUG - Price: 0.49 | Bid Vol: 105,627 | Ask Vol: 96,502 | Imb: +4.51%
2024-12-27 13:07:39,066 - DEBUG - Проверка обновления истории в 2024-12-27 13:07:39.066436
2024-12-27 13:07:39,066 - DEBUG - Price: 0.49 | Bid Vol: 105,875 | Ask Vol: 96,502 | Imb: +4.63%
2024-12-27 13:07:43,098 - DEBUG - Проверка обновления истории в 2024-12-27 13:07:43.098734
2024-12-27 13:07:43,098 - DEBUG - Price: 0.49 | Bid Vol: 145,629 | Ask Vol: 80,714 | Imb: +28.68%
2024-12-27 13:07:44,073 - DEBUG - Проверка обновления истории в 2024-12-27 13:07:44.072715
2024-12-27 13:07:44,073 - DEBUG - Price: 0.49 | Bid Vol: 126,307 | Ask Vol: 71,478 | Imb: +27.72%
2024-12-27 13:07:45,021 - DEBUG - Проверка обновления истории в 2024-12-27 13:07:45.021103
2024-12-27 13:07:45,022 - DEBUG - Price: 0.49 | Bid Vol: 126,700 | Ask Vol: 72,948 | Imb: +26.92%
2024-12-27 13:07:46,090 - DEBUG - Проверка обновления истории в 2024-12-27 13:07:46.090312
2024-12-27 13:07:46,090 - DEBUG - Price: 0.49 | Bid Vol: 126,593 | Ask Vol: 73,110 | Imb: +26.78%
2024-12-27 13:07:47,035 - DEBUG - Проверка обновления истории в 2024-12-27 13:07:47.035254
2024-12-27 13:07:47,035 - DEBUG - Price: 0.49 | Bid Vol: 109,089 | Ask Vol: 71,681 | Imb: +20.69%
2024-12-27 13:07:48,010 - DEBUG - Проверка обновления истории в 2024-12-27 13:07:48.010390
2024-12-27 13:07:48,010 - DEBUG - Price: 0.49 | Bid Vol: 93,874 | Ask Vol: 94,651 | Imb: -0.41%
2024-12-27 13:07:49,078 - DEBUG - Проверка обновления истории в 2024-12-27 13:07:49.078467
2024-12-27 13:07:49,078 - DEBUG - Price: 0.49 | Bid Vol: 98,217 | Ask Vol: 91,433 | Imb: +3.58%
2024-12-27 13:07:49,079 - DEBUG - Проверка обновления истории в 2024-12-27 13:07:49.079661
2024-12-27 13:07:49,079 - DEBUG - Price: 0.49 | Bid Vol: 98,217 | Ask Vol: 91,778 | Imb: +3.39%
2024-12-27 13:07:52,008 - DEBUG - Проверка обновления истории в 2024-12-27 13:07:52.008668
2024-12-27 13:07:52,009 - DEBUG - Price: 0.49 | Bid Vol: 98,535 | Ask Vol: 94,672 | Imb: +2.00%
2024-12-27 13:07:53,037 - DEBUG - Проверка обновления истории в 2024-12-27 13:07:53.037073
2024-12-27 13:07:53,037 - DEBUG - Price: 0.49 | Bid Vol: 97,112 | Ask Vol: 97,352 | Imb: -0.12%
2024-12-27 13:07:54,045 - DEBUG - Проверка обновления истории в 2024-12-27 13:07:54.045604
2024-12-27 13:07:54,045 - DEBUG - Price: 0.49 | Bid Vol: 110,156 | Ask Vol: 93,124 | Imb: +8.38%
2024-12-27 13:07:56,026 - DEBUG - Проверка обновления истории в 2024-12-27 13:07:56.026183
2024-12-27 13:07:56,026 - DEBUG - Price: 0.49 | Bid Vol: 112,526 | Ask Vol: 93,118 | Imb: +9.44%
2024-12-27 13:07:57,010 - DEBUG - Проверка обновления истории в 2024-12-27 13:07:57.010830
2024-12-27 13:07:57,010 - DEBUG - Price: 0.49 | Bid Vol: 112,346 | Ask Vol: 93,220 | Imb: +9.30%
2024-12-27 13:07:58,026 - DEBUG - Проверка обновления истории в 2024-12-27 13:07:58.026751
2024-12-27 13:07:58,026 - DEBUG - Price: 0.49 | Bid Vol: 110,202 | Ask Vol: 94,390 | Imb: +7.73%
2024-12-27 13:07:59,037 - DEBUG - Проверка обновления истории в 2024-12-27 13:07:59.037795
2024-12-27 13:07:59,037 - DEBUG - Price: 0.49 | Bid Vol: 115,019 | Ask Vol: 93,124 | Imb: +10.52%
2024-12-27 13:08:00,058 - DEBUG - Проверка обновления истории в 2024-12-27 13:08:00.058801
2024-12-27 13:08:00,058 - DEBUG - Обновление 1m данных
2024-12-27 13:08:00,058 - DEBUG - Добавлены данные для 1m: imbalance=10.58, bid_vol=115160, ask_vol=93118
2024-12-27 13:08:00,059 - DEBUG - Price: 0.49 | Bid Vol: 115,160 | Ask Vol: 93,118 | Imb: +10.58%
2024-12-27 13:08:01,095 - DEBUG - Проверка обновления истории в 2024-12-27 13:08:01.095403
2024-12-27 13:08:01,095 - DEBUG - Price: 0.49 | Bid Vol: 115,060 | Ask Vol: 94,477 | Imb: +9.82%
2024-12-27 13:08:03,061 - DEBUG - Проверка обновления истории в 2024-12-27 13:08:03.061977
2024-12-27 13:08:03,061 - DEBUG - Price: 0.49 | Bid Vol: 115,255 | Ask Vol: 95,227 | Imb: +9.52%
2024-12-27 13:08:05,092 - DEBUG - Проверка обновления истории в 2024-12-27 13:08:05.092243
2024-12-27 13:08:05,092 - DEBUG - Price: 0.49 | Bid Vol: 117,709 | Ask Vol: 111,174 | Imb: +2.85%
2024-12-27 13:08:08,025 - DEBUG - Проверка обновления истории в 2024-12-27 13:08:08.024461
2024-12-27 13:08:08,025 - DEBUG - Price: 0.49 | Bid Vol: 119,057 | Ask Vol: 112,447 | Imb: +2.86%
2024-12-27 13:08:10,063 - DEBUG - Проверка обновления истории в 2024-12-27 13:08:10.063701
2024-12-27 13:08:10,063 - DEBUG - Price: 0.49 | Bid Vol: 108,929 | Ask Vol: 103,825 | Imb: +2.40%
2024-12-27 13:08:14,085 - DEBUG - Проверка обновления истории в 2024-12-27 13:08:14.085709
2024-12-27 13:08:14,085 - DEBUG - Price: 0.49 | Bid Vol: 104,985 | Ask Vol: 109,061 | Imb: -1.90%
2024-12-27 13:08:16,070 - DEBUG - Проверка обновления истории в 2024-12-27 13:08:16.069657
2024-12-27 13:08:16,070 - DEBUG - Price: 0.49 | Bid Vol: 129,462 | Ask Vol: 95,534 | Imb: +15.08%
2024-12-27 13:08:18,063 - DEBUG - Проверка обновления истории в 2024-12-27 13:08:18.063748
2024-12-27 13:08:18,063 - DEBUG - Price: 0.49 | Bid Vol: 112,614 | Ask Vol: 116,451 | Imb: -1.68%
2024-12-27 13:08:19,011 - DEBUG - Проверка обновления истории в 2024-12-27 13:08:19.010299
2024-12-27 13:08:19,011 - DEBUG - Price: 0.49 | Bid Vol: 128,153 | Ask Vol: 112,421 | Imb: +6.54%
2024-12-27 13:08:21,089 - DEBUG - Проверка обновления истории в 2024-12-27 13:08:21.089692
2024-12-27 13:08:21,089 - DEBUG - Price: 0.49 | Bid Vol: 131,112 | Ask Vol: 105,104 | Imb: +11.01%
2024-12-27 13:08:22,015 - DEBUG - Проверка обновления истории в 2024-12-27 13:08:22.014952
2024-12-27 13:08:22,015 - DEBUG - Price: 0.49 | Bid Vol: 132,865 | Ask Vol: 104,086 | Imb: +12.15%
2024-12-27 13:08:23,056 - DEBUG - Проверка обновления истории в 2024-12-27 13:08:23.056381
2024-12-27 13:08:23,056 - DEBUG - Price: 0.49 | Bid Vol: 136,294 | Ask Vol: 105,680 | Imb: +12.65%
2024-12-27 13:08:26,015 - DEBUG - Проверка обновления истории в 2024-12-27 13:08:26.015728
2024-12-27 13:08:26,015 - DEBUG - Price: 0.49 | Bid Vol: 114,788 | Ask Vol: 124,334 | Imb: -3.99%
2024-12-27 13:08:27,074 - DEBUG - Проверка обновления истории в 2024-12-27 13:08:27.073104
2024-12-27 13:08:27,074 - DEBUG - Price: 0.49 | Bid Vol: 115,256 | Ask Vol: 121,076 | Imb: -2.46%
2024-12-27 13:08:28,068 - DEBUG - Проверка обновления истории в 2024-12-27 13:08:28.066758
2024-12-27 13:08:28,068 - DEBUG - Price: 0.49 | Bid Vol: 116,954 | Ask Vol: 121,405 | Imb: -1.87%
2024-12-27 13:08:31,010 - DEBUG - Проверка обновления истории в 2024-12-27 13:08:31.010588
2024-12-27 13:08:31,010 - DEBUG - Price: 0.49 | Bid Vol: 106,787 | Ask Vol: 118,153 | Imb: -5.05%
2024-12-27 13:08:32,064 - DEBUG - Проверка обновления истории в 2024-12-27 13:08:32.064822
2024-12-27 13:08:32,064 - DEBUG - Price: 0.49 | Bid Vol: 107,540 | Ask Vol: 118,966 | Imb: -5.04%
2024-12-27 13:08:33,066 - DEBUG - Проверка обновления истории в 2024-12-27 13:08:33.066751
2024-12-27 13:08:33,066 - DEBUG - Price: 0.49 | Bid Vol: 107,499 | Ask Vol: 119,360 | Imb: -5.23%
2024-12-27 13:08:34,045 - DEBUG - Проверка обновления истории в 2024-12-27 13:08:34.045274
2024-12-27 13:08:34,045 - DEBUG - Price: 0.49 | Bid Vol: 109,886 | Ask Vol: 108,121 | Imb: +0.81%
2024-12-27 13:08:35,025 - DEBUG - Проверка обновления истории в 2024-12-27 13:08:35.025116
2024-12-27 13:08:35,026 - DEBUG - Price: 0.49 | Bid Vol: 108,432 | Ask Vol: 117,472 | Imb: -4.00%
2024-12-27 13:08:35,026 - DEBUG - Проверка обновления истории в 2024-12-27 13:08:35.026092
2024-12-27 13:08:35,026 - DEBUG - Price: 0.49 | Bid Vol: 109,879 | Ask Vol: 116,527 | Imb: -2.94%
2024-12-27 13:08:36,049 - DEBUG - Проверка обновления истории в 2024-12-27 13:08:36.049567
2024-12-27 13:08:36,049 - DEBUG - Price: 0.49 | Bid Vol: 108,500 | Ask Vol: 117,783 | Imb: -4.10%
2024-12-27 13:08:37,068 - DEBUG - Проверка обновления истории в 2024-12-27 13:08:37.068502
2024-12-27 13:08:37,068 - DEBUG - Price: 0.49 | Bid Vol: 117,322 | Ask Vol: 116,941 | Imb: +0.16%
2024-12-27 13:08:38,066 - DEBUG - Проверка обновления истории в 2024-12-27 13:08:38.066711
2024-12-27 13:08:38,066 - DEBUG - Price: 0.49 | Bid Vol: 116,792 | Ask Vol: 117,836 | Imb: -0.44%
2024-12-27 13:08:39,047 - DEBUG - Проверка обновления истории в 2024-12-27 13:08:39.047594
2024-12-27 13:08:39,048 - DEBUG - Price: 0.49 | Bid Vol: 117,328 | Ask Vol: 117,861 | Imb: -0.23%
2024-12-27 13:08:41,070 - DEBUG - Проверка обновления истории в 2024-12-27 13:08:41.069839
2024-12-27 13:08:41,070 - DEBUG - Price: 0.49 | Bid Vol: 118,627 | Ask Vol: 119,617 | Imb: -0.42%
2024-12-27 13:08:42,008 - DEBUG - Проверка обновления истории в 2024-12-27 13:08:42.008635
2024-12-27 13:08:42,009 - DEBUG - Price: 0.49 | Bid Vol: 118,376 | Ask Vol: 117,344 | Imb: +0.44%
2024-12-27 13:08:43,030 - DEBUG - Проверка обновления истории в 2024-12-27 13:08:43.030234
2024-12-27 13:08:43,030 - DEBUG - Price: 0.49 | Bid Vol: 119,473 | Ask Vol: 134,095 | Imb: -5.77%
2024-12-27 13:08:44,086 - DEBUG - Проверка обновления истории в 2024-12-27 13:08:44.086878
2024-12-27 13:08:44,086 - DEBUG - Price: 0.49 | Bid Vol: 117,518 | Ask Vol: 141,714 | Imb: -9.33%
2024-12-27 13:08:45,052 - DEBUG - Проверка обновления истории в 2024-12-27 13:08:45.052588
2024-12-27 13:08:45,053 - DEBUG - Price: 0.49 | Bid Vol: 119,481 | Ask Vol: 143,860 | Imb: -9.26%
2024-12-27 13:08:46,035 - DEBUG - Проверка обновления истории в 2024-12-27 13:08:46.034235
2024-12-27 13:08:46,035 - DEBUG - Price: 0.49 | Bid Vol: 119,754 | Ask Vol: 129,814 | Imb: -4.03%
2024-12-27 13:08:47,043 - DEBUG - Проверка обновления истории в 2024-12-27 13:08:47.043511
2024-12-27 13:08:47,043 - DEBUG - Price: 0.49 | Bid Vol: 121,202 | Ask Vol: 129,865 | Imb: -3.45%
2024-12-27 13:08:48,090 - DEBUG - Проверка обновления истории в 2024-12-27 13:08:48.089262
2024-12-27 13:08:48,090 - DEBUG - Price: 0.49 | Bid Vol: 120,916 | Ask Vol: 129,954 | Imb: -3.60%
2024-12-27 13:08:49,085 - DEBUG - Проверка обновления истории в 2024-12-27 13:08:49.085015
2024-12-27 13:08:49,085 - DEBUG - Price: 0.49 | Bid Vol: 120,888 | Ask Vol: 131,112 | Imb: -4.06%
2024-12-27 13:08:52,065 - DEBUG - Проверка обновления истории в 2024-12-27 13:08:52.065523
2024-12-27 13:08:52,065 - DEBUG - Price: 0.49 | Bid Vol: 131,088 | Ask Vol: 121,486 | Imb: +3.80%
2024-12-27 13:08:54,035 - DEBUG - Проверка обновления истории в 2024-12-27 13:08:54.035571
2024-12-27 13:08:54,035 - DEBUG - Price: 0.49 | Bid Vol: 136,444 | Ask Vol: 121,370 | Imb: +5.85%
2024-12-27 13:08:55,079 - DEBUG - Проверка обновления истории в 2024-12-27 13:08:55.079165
2024-12-27 13:08:55,079 - DEBUG - Price: 0.49 | Bid Vol: 136,451 | Ask Vol: 121,426 | Imb: +5.83%
2024-12-27 13:08:56,079 - DEBUG - Проверка обновления истории в 2024-12-27 13:08:56.079368
2024-12-27 13:08:56,079 - DEBUG - Price: 0.49 | Bid Vol: 137,406 | Ask Vol: 120,354 | Imb: +6.62%
2024-12-27 13:08:57,091 - DEBUG - Проверка обновления истории в 2024-12-27 13:08:57.091705
2024-12-27 13:08:57,091 - DEBUG - Price: 0.49 | Bid Vol: 127,719 | Ask Vol: 119,514 | Imb: +3.32%
2024-12-27 13:08:58,096 - DEBUG - Проверка обновления истории в 2024-12-27 13:08:58.096082
2024-12-27 13:08:58,096 - DEBUG - Price: 0.49 | Bid Vol: 126,225 | Ask Vol: 120,869 | Imb: +2.17%
2024-12-27 13:08:59,091 - DEBUG - Проверка обновления истории в 2024-12-27 13:08:59.091506
2024-12-27 13:08:59,091 - DEBUG - Price: 0.49 | Bid Vol: 125,821 | Ask Vol: 119,445 | Imb: +2.60%
2024-12-27 13:09:00,019 - DEBUG - Проверка обновления истории в 2024-12-27 13:09:00.019163
2024-12-27 13:09:00,019 - DEBUG - Обновление 1m данных
2024-12-27 13:09:00,019 - DEBUG - Добавлены данные для 1m: imbalance=7.58, bid_vol=132865, ask_vol=114132
2024-12-27 13:09:00,019 - DEBUG - Price: 0.49 | Bid Vol: 132,865 | Ask Vol: 114,132 | Imb: +7.58%
2024-12-27 13:09:01,042 - DEBUG - Проверка обновления истории в 2024-12-27 13:09:01.041115
2024-12-27 13:09:01,042 - DEBUG - Price: 0.49 | Bid Vol: 130,259 | Ask Vol: 116,501 | Imb: +5.58%
2024-12-27 13:09:02,040 - DEBUG - Проверка обновления истории в 2024-12-27 13:09:02.040850
2024-12-27 13:09:02,040 - DEBUG - Price: 0.49 | Bid Vol: 130,507 | Ask Vol: 116,440 | Imb: +5.70%
2024-12-27 13:09:04,048 - DEBUG - Проверка обновления истории в 2024-12-27 13:09:04.048843
2024-12-27 13:09:04,049 - DEBUG - Price: 0.49 | Bid Vol: 144,696 | Ask Vol: 105,094 | Imb: +15.85%
2024-12-27 13:09:06,019 - DEBUG - Проверка обновления истории в 2024-12-27 13:09:06.019560
2024-12-27 13:09:06,020 - DEBUG - Price: 0.49 | Bid Vol: 128,933 | Ask Vol: 107,372 | Imb: +9.12%
2024-12-27 13:09:08,067 - DEBUG - Проверка обновления истории в 2024-12-27 13:09:08.067469
2024-12-27 13:09:08,068 - DEBUG - Price: 0.49 | Bid Vol: 129,662 | Ask Vol: 106,659 | Imb: +9.73%
2024-12-27 13:09:09,098 - DEBUG - Проверка обновления истории в 2024-12-27 13:09:09.098741
2024-12-27 13:09:09,099 - DEBUG - Price: 0.49 | Bid Vol: 129,662 | Ask Vol: 106,698 | Imb: +9.72%
2024-12-27 13:09:10,062 - DEBUG - Проверка обновления истории в 2024-12-27 13:09:10.061785
2024-12-27 13:09:10,062 - DEBUG - Price: 0.49 | Bid Vol: 129,622 | Ask Vol: 107,937 | Imb: +9.13%
2024-12-27 13:09:11,038 - DEBUG - Проверка обновления истории в 2024-12-27 13:09:11.038193
2024-12-27 13:09:11,038 - DEBUG - Price: 0.49 | Bid Vol: 129,841 | Ask Vol: 107,407 | Imb: +9.46%
2024-12-27 13:09:12,086 - DEBUG - Проверка обновления истории в 2024-12-27 13:09:12.085605
2024-12-27 13:09:12,086 - DEBUG - Price: 0.49 | Bid Vol: 128,691 | Ask Vol: 112,116 | Imb: +6.88%
2024-12-27 13:09:14,071 - DEBUG - Проверка обновления истории в 2024-12-27 13:09:14.071991
2024-12-27 13:09:14,071 - DEBUG - Price: 0.49 | Bid Vol: 130,644 | Ask Vol: 108,445 | Imb: +9.29%
2024-12-27 13:09:15,097 - DEBUG - Проверка обновления истории в 2024-12-27 13:09:15.097290
2024-12-27 13:09:15,097 - DEBUG - Price: 0.49 | Bid Vol: 123,764 | Ask Vol: 106,526 | Imb: +7.49%
2024-12-27 13:09:18,001 - DEBUG - Проверка обновления истории в 2024-12-27 13:09:18.000400
2024-12-27 13:09:18,001 - DEBUG - Price: 0.49 | Bid Vol: 117,890 | Ask Vol: 112,927 | Imb: +2.15%
2024-12-27 13:09:19,054 - DEBUG - Проверка обновления истории в 2024-12-27 13:09:19.054209
2024-12-27 13:09:19,054 - DEBUG - Price: 0.49 | Bid Vol: 119,169 | Ask Vol: 109,591 | Imb: +4.19%
2024-12-27 13:09:20,017 - DEBUG - Проверка обновления истории в 2024-12-27 13:09:20.017193
2024-12-27 13:09:20,018 - DEBUG - Price: 0.49 | Bid Vol: 106,441 | Ask Vol: 115,943 | Imb: -4.27%
2024-12-27 13:09:23,042 - DEBUG - Проверка обновления истории в 2024-12-27 13:09:23.041525
2024-12-27 13:09:23,042 - DEBUG - Price: 0.49 | Bid Vol: 108,684 | Ask Vol: 114,439 | Imb: -2.58%
2024-12-27 13:09:24,088 - DEBUG - Проверка обновления истории в 2024-12-27 13:09:24.088654
2024-12-27 13:09:24,089 - DEBUG - Price: 0.49 | Bid Vol: 125,518 | Ask Vol: 108,076 | Imb: +7.47%
2024-12-27 13:09:25,026 - DEBUG - Проверка обновления истории в 2024-12-27 13:09:25.026027
2024-12-27 13:09:25,027 - DEBUG - Price: 0.49 | Bid Vol: 125,743 | Ask Vol: 108,383 | Imb: +7.41%
2024-12-27 13:09:26,010 - DEBUG - Проверка обновления истории в 2024-12-27 13:09:26.010494
2024-12-27 13:09:26,010 - DEBUG - Price: 0.49 | Bid Vol: 126,330 | Ask Vol: 107,795 | Imb: +7.92%
2024-12-27 13:09:27,063 - DEBUG - Проверка обновления истории в 2024-12-27 13:09:27.062661
2024-12-27 13:09:27,063 - DEBUG - Price: 0.49 | Bid Vol: 110,424 | Ask Vol: 113,687 | Imb: -1.46%
2024-12-27 13:09:28,048 - DEBUG - Проверка обновления истории в 2024-12-27 13:09:28.048199
2024-12-27 13:09:28,048 - DEBUG - Price: 0.49 | Bid Vol: 110,557 | Ask Vol: 115,275 | Imb: -2.09%
2024-12-27 13:09:29,060 - DEBUG - Проверка обновления истории в 2024-12-27 13:09:29.059539
2024-12-27 13:09:29,060 - DEBUG - Price: 0.49 | Bid Vol: 109,261 | Ask Vol: 117,109 | Imb: -3.47%
2024-12-27 13:09:31,056 - DEBUG - Проверка обновления истории в 2024-12-27 13:09:31.056117
2024-12-27 13:09:31,056 - DEBUG - Price: 0.49 | Bid Vol: 113,508 | Ask Vol: 113,519 | Imb: -0.01%
2024-12-27 13:09:32,066 - DEBUG - Проверка обновления истории в 2024-12-27 13:09:32.066657
2024-12-27 13:09:32,066 - DEBUG - Price: 0.49 | Bid Vol: 112,538 | Ask Vol: 113,827 | Imb: -0.57%
2024-12-27 13:09:34,009 - DEBUG - Проверка обновления истории в 2024-12-27 13:09:34.009904
2024-12-27 13:09:34,010 - DEBUG - Price: 0.49 | Bid Vol: 112,538 | Ask Vol: 114,257 | Imb: -0.76%
2024-12-27 13:09:36,056 - DEBUG - Проверка обновления истории в 2024-12-27 13:09:36.055835
2024-12-27 13:09:36,056 - DEBUG - Price: 0.49 | Bid Vol: 101,473 | Ask Vol: 71,828 | Imb: +17.11%
2024-12-27 13:09:37,027 - DEBUG - Проверка обновления истории в 2024-12-27 13:09:37.027532
2024-12-27 13:09:37,027 - DEBUG - Price: 0.49 | Bid Vol: 110,689 | Ask Vol: 78,419 | Imb: +17.06%
2024-12-27 13:09:38,061 - DEBUG - Проверка обновления истории в 2024-12-27 13:09:38.061683
2024-12-27 13:09:38,061 - DEBUG - Price: 0.49 | Bid Vol: 119,884 | Ask Vol: 72,784 | Imb: +24.45%
2024-12-27 13:09:39,045 - DEBUG - Проверка обновления истории в 2024-12-27 13:09:39.045583
2024-12-27 13:09:39,045 - DEBUG - Price: 0.49 | Bid Vol: 119,669 | Ask Vol: 73,886 | Imb: +23.65%
2024-12-27 13:09:40,005 - DEBUG - Проверка обновления истории в 2024-12-27 13:09:40.005654
2024-12-27 13:09:40,006 - DEBUG - Price: 0.49 | Bid Vol: 118,398 | Ask Vol: 73,786 | Imb: +23.21%
2024-12-27 13:09:41,094 - DEBUG - Проверка обновления истории в 2024-12-27 13:09:41.094270
2024-12-27 13:09:41,095 - DEBUG - Price: 0.49 | Bid Vol: 111,829 | Ask Vol: 78,789 | Imb: +17.33%
2024-12-27 13:09:43,005 - DEBUG - Проверка обновления истории в 2024-12-27 13:09:43.005627
2024-12-27 13:09:43,005 - DEBUG - Price: 0.49 | Bid Vol: 109,074 | Ask Vol: 80,669 | Imb: +14.97%
2024-12-27 13:09:44,074 - DEBUG - Проверка обновления истории в 2024-12-27 13:09:44.073434
2024-12-27 13:09:44,074 - DEBUG - Price: 0.49 | Bid Vol: 112,139 | Ask Vol: 80,087 | Imb: +16.67%
2024-12-27 13:09:45,060 - DEBUG - Проверка обновления истории в 2024-12-27 13:09:45.060763
2024-12-27 13:09:45,060 - DEBUG - Price: 0.49 | Bid Vol: 112,547 | Ask Vol: 80,533 | Imb: +16.58%
2024-12-27 13:09:45,096 - DEBUG - Проверка обновления истории в 2024-12-27 13:09:45.096453
2024-12-27 13:09:45,096 - DEBUG - Price: 0.49 | Bid Vol: 112,547 | Ask Vol: 80,533 | Imb: +16.58%
2024-12-27 13:09:47,015 - DEBUG - Проверка обновления истории в 2024-12-27 13:09:47.015037
2024-12-27 13:09:47,015 - DEBUG - Price: 0.49 | Bid Vol: 114,554 | Ask Vol: 107,527 | Imb: +3.16%
2024-12-27 13:09:48,073 - DEBUG - Проверка обновления истории в 2024-12-27 13:09:48.072117
2024-12-27 13:09:48,073 - DEBUG - Price: 0.49 | Bid Vol: 114,714 | Ask Vol: 107,526 | Imb: +3.23%
2024-12-27 13:09:55,023 - DEBUG - Проверка обновления истории в 2024-12-27 13:09:55.022343
2024-12-27 13:09:55,023 - DEBUG - Price: 0.49 | Bid Vol: 108,891 | Ask Vol: 108,158 | Imb: +0.34%
2024-12-27 13:09:56,097 - DEBUG - Проверка обновления истории в 2024-12-27 13:09:56.097298
2024-12-27 13:09:56,097 - DEBUG - Price: 0.49 | Bid Vol: 110,090 | Ask Vol: 106,381 | Imb: +1.71%
2024-12-27 13:09:58,026 - DEBUG - Проверка обновления истории в 2024-12-27 13:09:58.026710
2024-12-27 13:09:58,026 - DEBUG - Price: 0.49 | Bid Vol: 109,936 | Ask Vol: 107,027 | Imb: +1.34%
2024-12-27 13:10:00,080 - DEBUG - Проверка обновления истории в 2024-12-27 13:10:00.080207
2024-12-27 13:10:00,080 - DEBUG - Обновление 1m данных
2024-12-27 13:10:00,080 - DEBUG - Добавлены данные для 1m: imbalance=16.29, bid_vol=121470, ask_vol=87437
2024-12-27 13:10:00,080 - DEBUG - Обновление 5m данных
2024-12-27 13:10:00,080 - DEBUG - Добавлены данные для 5m: imbalance=16.29, bid_vol=121470, ask_vol=87437
2024-12-27 13:10:00,080 - DEBUG - Price: 0.49 | Bid Vol: 121,470 | Ask Vol: 87,437 | Imb: +16.29%
2024-12-27 13:10:01,046 - DEBUG - Проверка обновления истории в 2024-12-27 13:10:01.046244
2024-12-27 13:10:01,047 - DEBUG - Price: 0.49 | Bid Vol: 111,235 | Ask Vol: 102,906 | Imb: +3.89%
2024-12-27 13:10:02,040 - DEBUG - Проверка обновления истории в 2024-12-27 13:10:02.039975
2024-12-27 13:10:02,040 - DEBUG - Price: 0.49 | Bid Vol: 118,777 | Ask Vol: 105,184 | Imb: +6.07%
2024-12-27 13:10:04,024 - DEBUG - Проверка обновления истории в 2024-12-27 13:10:04.024468
2024-12-27 13:10:04,024 - DEBUG - Price: 0.49 | Bid Vol: 119,836 | Ask Vol: 105,866 | Imb: +6.19%
2024-12-27 13:10:05,070 - DEBUG - Проверка обновления истории в 2024-12-27 13:10:05.069204
2024-12-27 13:10:05,070 - DEBUG - Price: 0.49 | Bid Vol: 119,621 | Ask Vol: 105,622 | Imb: +6.22%
2024-12-27 13:10:09,064 - DEBUG - Проверка обновления истории в 2024-12-27 13:10:09.064312
2024-12-27 13:10:09,064 - DEBUG - Price: 0.49 | Bid Vol: 110,452 | Ask Vol: 117,607 | Imb: -3.14%
2024-12-27 13:10:09,089 - DEBUG - Проверка обновления истории в 2024-12-27 13:10:09.089888
2024-12-27 13:10:09,089 - DEBUG - Price: 0.49 | Bid Vol: 110,288 | Ask Vol: 118,425 | Imb: -3.56%
2024-12-27 13:10:10,047 - DEBUG - Проверка обновления истории в 2024-12-27 13:10:10.047243
2024-12-27 13:10:10,048 - DEBUG - Price: 0.49 | Bid Vol: 109,113 | Ask Vol: 120,471 | Imb: -4.95%
2024-12-27 13:10:11,002 - DEBUG - Проверка обновления истории в 2024-12-27 13:10:11.002319
2024-12-27 13:10:11,002 - DEBUG - Price: 0.49 | Bid Vol: 107,171 | Ask Vol: 121,967 | Imb: -6.46%
2024-12-27 13:10:12,071 - DEBUG - Проверка обновления истории в 2024-12-27 13:10:12.070822
2024-12-27 13:10:12,071 - DEBUG - Price: 0.49 | Bid Vol: 123,682 | Ask Vol: 107,935 | Imb: +6.80%
2024-12-27 13:10:13,026 - DEBUG - Проверка обновления истории в 2024-12-27 13:10:13.025823
2024-12-27 13:10:13,026 - DEBUG - Price: 0.49 | Bid Vol: 118,981 | Ask Vol: 109,503 | Imb: +4.15%
2024-12-27 13:10:15,001 - DEBUG - Проверка обновления истории в 2024-12-27 13:10:15.001189
2024-12-27 13:10:15,001 - DEBUG - Price: 0.49 | Bid Vol: 119,446 | Ask Vol: 108,755 | Imb: +4.68%
2024-12-27 13:10:16,052 - DEBUG - Проверка обновления истории в 2024-12-27 13:10:16.052027
2024-12-27 13:10:16,052 - DEBUG - Price: 0.49 | Bid Vol: 119,446 | Ask Vol: 108,922 | Imb: +4.61%
2024-12-27 13:10:18,063 - DEBUG - Проверка обновления истории в 2024-12-27 13:10:18.063130
2024-12-27 13:10:18,063 - DEBUG - Price: 0.49 | Bid Vol: 122,124 | Ask Vol: 107,946 | Imb: +6.16%
2024-12-27 13:10:22,071 - DEBUG - Проверка обновления истории в 2024-12-27 13:10:22.071496
2024-12-27 13:10:22,071 - DEBUG - Price: 0.49 | Bid Vol: 125,202 | Ask Vol: 109,600 | Imb: +6.64%
2024-12-27 13:10:25,014 - DEBUG - Проверка обновления истории в 2024-12-27 13:10:25.014512
2024-12-27 13:10:25,014 - DEBUG - Price: 0.49 | Bid Vol: 138,310 | Ask Vol: 113,195 | Imb: +9.99%
2024-12-27 13:10:26,041 - DEBUG - Проверка обновления истории в 2024-12-27 13:10:26.041897
2024-12-27 13:10:26,041 - DEBUG - Price: 0.49 | Bid Vol: 139,468 | Ask Vol: 111,384 | Imb: +11.20%
2024-12-27 13:10:28,024 - DEBUG - Проверка обновления истории в 2024-12-27 13:10:28.023673
2024-12-27 13:10:28,024 - DEBUG - Price: 0.49 | Bid Vol: 145,654 | Ask Vol: 79,776 | Imb: +29.22%
2024-12-27 13:10:29,092 - DEBUG - Проверка обновления истории в 2024-12-27 13:10:29.092345
2024-12-27 13:10:29,092 - DEBUG - Price: 0.49 | Bid Vol: 148,758 | Ask Vol: 79,988 | Imb: +30.06%
2024-12-27 13:10:31,046 - DEBUG - Проверка обновления истории в 2024-12-27 13:10:31.046414
2024-12-27 13:10:31,046 - DEBUG - Price: 0.49 | Bid Vol: 149,478 | Ask Vol: 84,149 | Imb: +27.96%
2024-12-27 13:10:32,002 - DEBUG - Проверка обновления истории в 2024-12-27 13:10:32.002563
2024-12-27 13:10:32,003 - DEBUG - Price: 0.49 | Bid Vol: 154,257 | Ask Vol: 83,880 | Imb: +29.55%
2024-12-27 13:10:33,083 - DEBUG - Проверка обновления истории в 2024-12-27 13:10:33.083353
2024-12-27 13:10:33,083 - DEBUG - Price: 0.49 | Bid Vol: 137,042 | Ask Vol: 79,188 | Imb: +26.76%
2024-12-27 13:10:34,033 - DEBUG - Проверка обновления истории в 2024-12-27 13:10:34.032313
2024-12-27 13:10:34,033 - DEBUG - Price: 0.49 | Bid Vol: 126,651 | Ask Vol: 87,227 | Imb: +18.43%
2024-12-27 13:10:36,094 - DEBUG - Проверка обновления истории в 2024-12-27 13:10:36.094777
2024-12-27 13:10:36,094 - DEBUG - Price: 0.49 | Bid Vol: 127,348 | Ask Vol: 87,012 | Imb: +18.82%
2024-12-27 13:10:37,096 - DEBUG - Проверка обновления истории в 2024-12-27 13:10:37.096701
2024-12-27 13:10:37,098 - DEBUG - Price: 0.49 | Bid Vol: 131,626 | Ask Vol: 84,160 | Imb: +22.00%
2024-12-27 13:10:38,068 - DEBUG - Проверка обновления истории в 2024-12-27 13:10:38.068116
2024-12-27 13:10:38,068 - DEBUG - Price: 0.49 | Bid Vol: 136,684 | Ask Vol: 78,235 | Imb: +27.20%
2024-12-27 13:10:40,025 - DEBUG - Проверка обновления истории в 2024-12-27 13:10:40.025072
2024-12-27 13:10:40,025 - DEBUG - Price: 0.49 | Bid Vol: 137,883 | Ask Vol: 77,808 | Imb: +27.85%
2024-12-27 13:10:41,050 - DEBUG - Проверка обновления истории в 2024-12-27 13:10:41.050321
2024-12-27 13:10:41,051 - DEBUG - Price: 0.49 | Bid Vol: 137,837 | Ask Vol: 79,737 | Imb: +26.70%
2024-12-27 13:10:42,004 - DEBUG - Проверка обновления истории в 2024-12-27 13:10:42.003728
2024-12-27 13:10:42,004 - DEBUG - Price: 0.49 | Bid Vol: 137,907 | Ask Vol: 79,688 | Imb: +26.76%
2024-12-27 13:10:43,066 - DEBUG - Проверка обновления истории в 2024-12-27 13:10:43.066380
2024-12-27 13:10:43,067 - DEBUG - Price: 0.49 | Bid Vol: 138,343 | Ask Vol: 81,067 | Imb: +26.10%
