2024-12-27 13:10:45,664 - INFO - Starting order monitoring system
2024-12-27 13:10:45,665 - DEBUG - Attempting to connect to: wss://fstream.binance.com/ws/strkusdt@depth@100ms
2024-12-27 13:10:46,918 - INFO - Connected to Binance Futures WebSocket for strkusdt
2024-12-27 13:10:47,040 - DEBUG - Проверка обновления истории в 2024-12-27 13:10:47.040544
2024-12-27 13:10:47,040 - DEBUG - Обновление 1m данных
2024-12-27 13:10:47,040 - DEBUG - Добавлены данные для 1m: imbalance=0.00, bid_vol=0, ask_vol=0
2024-12-27 13:10:47,040 - DEBUG - Обновление 5m данных
2024-12-27 13:10:47,040 - DEBUG - Добавлены данные для 5m: imbalance=0.00, bid_vol=0, ask_vol=0
2024-12-27 13:10:47,040 - DEBUG - Обновление 15m данных
2024-12-27 13:10:47,040 - DEBUG - Добавлены данные для 15m: imbalance=0.00, bid_vol=0, ask_vol=0
2024-12-27 13:10:47,041 - DEBUG - Price: 0.00 | Bid Vol: 0 | Ask Vol: 0 | Imb: +0.00%
2024-12-27 13:10:48,035 - DEBUG - Проверка обновления истории в 2024-12-27 13:10:48.035862
2024-12-27 13:10:48,035 - DEBUG - Price: 0.49 | Bid Vol: 28,571 | Ask Vol: 92,030 | Imb: -52.62%
2024-12-27 13:10:50,000 - DEBUG - Проверка обновления истории в 2024-12-27 13:10:50.000255
2024-12-27 13:10:50,000 - DEBUG - Price: 0.49 | Bid Vol: 102,643 | Ask Vol: 100,081 | Imb: +1.26%
2024-12-27 13:10:54,074 - DEBUG - Проверка обновления истории в 2024-12-27 13:10:54.073402
2024-12-27 13:10:54,074 - DEBUG - Price: 0.49 | Bid Vol: 151,096 | Ask Vol: 88,136 | Imb: +26.32%
2024-12-27 13:10:55,002 - DEBUG - Проверка обновления истории в 2024-12-27 13:10:55.002643
2024-12-27 13:10:55,002 - DEBUG - Price: 0.49 | Bid Vol: 151,087 | Ask Vol: 88,643 | Imb: +26.05%
2024-12-27 13:10:56,050 - DEBUG - Проверка обновления истории в 2024-12-27 13:10:56.050599
2024-12-27 13:10:56,050 - DEBUG - Price: 0.49 | Bid Vol: 133,759 | Ask Vol: 90,473 | Imb: +19.30%
2024-12-27 13:10:57,069 - DEBUG - Проверка обновления истории в 2024-12-27 13:10:57.069280
2024-12-27 13:10:57,069 - DEBUG - Price: 0.49 | Bid Vol: 110,778 | Ask Vol: 82,997 | Imb: +14.34%
2024-12-27 13:10:57,077 - DEBUG - Проверка обновления истории в 2024-12-27 13:10:57.077306
2024-12-27 13:10:57,077 - DEBUG - Price: 0.49 | Bid Vol: 110,878 | Ask Vol: 82,997 | Imb: +14.38%
2024-12-27 13:10:58,094 - DEBUG - Проверка обновления истории в 2024-12-27 13:10:58.094699
2024-12-27 13:10:58,094 - DEBUG - Price: 0.49 | Bid Vol: 119,763 | Ask Vol: 84,824 | Imb: +17.08%
2024-12-27 13:11:00,016 - DEBUG - Проверка обновления истории в 2024-12-27 13:11:00.016867
2024-12-27 13:11:00,016 - DEBUG - Обновление 1m данных
2024-12-27 13:11:00,016 - DEBUG - Добавлены данные для 1m: imbalance=18.43, bid_vol=122473, ask_vol=84361
2024-12-27 13:11:00,016 - DEBUG - Price: 0.49 | Bid Vol: 122,473 | Ask Vol: 84,361 | Imb: +18.43%
2024-12-27 13:11:01,024 - DEBUG - Проверка обновления истории в 2024-12-27 13:11:01.024769
2024-12-27 13:11:01,024 - DEBUG - Price: 0.49 | Bid Vol: 124,855 | Ask Vol: 83,348 | Imb: +19.94%
2024-12-27 13:11:03,006 - DEBUG - Проверка обновления истории в 2024-12-27 13:11:03.006697
2024-12-27 13:11:03,006 - DEBUG - Price: 0.49 | Bid Vol: 123,420 | Ask Vol: 81,671 | Imb: +20.36%
2024-12-27 13:11:04,005 - DEBUG - Проверка обновления истории в 2024-12-27 13:11:04.005650
2024-12-27 13:11:04,005 - DEBUG - Price: 0.49 | Bid Vol: 118,698 | Ask Vol: 83,081 | Imb: +17.65%
2024-12-27 13:11:05,036 - DEBUG - Проверка обновления истории в 2024-12-27 13:11:05.036735
2024-12-27 13:11:05,036 - DEBUG - Price: 0.49 | Bid Vol: 123,758 | Ask Vol: 82,482 | Imb: +20.01%
2024-12-27 13:11:06,078 - DEBUG - Проверка обновления истории в 2024-12-27 13:11:06.078406
2024-12-27 13:11:06,078 - DEBUG - Price: 0.49 | Bid Vol: 123,241 | Ask Vol: 86,072 | Imb: +17.76%
2024-12-27 13:11:07,089 - DEBUG - Проверка обновления истории в 2024-12-27 13:11:07.089205
2024-12-27 13:11:07,089 - DEBUG - Price: 0.49 | Bid Vol: 123,241 | Ask Vol: 87,103 | Imb: +17.18%
2024-12-27 13:11:08,000 - DEBUG - Проверка обновления истории в 2024-12-27 13:11:08.000363
2024-12-27 13:11:08,000 - DEBUG - Price: 0.49 | Bid Vol: 123,064 | Ask Vol: 86,873 | Imb: +17.24%
2024-12-27 13:11:09,021 - DEBUG - Проверка обновления истории в 2024-12-27 13:11:09.021886
2024-12-27 13:11:09,021 - DEBUG - Price: 0.49 | Bid Vol: 121,427 | Ask Vol: 88,431 | Imb: +15.72%
2024-12-27 13:11:10,010 - DEBUG - Проверка обновления истории в 2024-12-27 13:11:10.010196
2024-12-27 13:11:10,010 - DEBUG - Price: 0.49 | Bid Vol: 138,893 | Ask Vol: 89,104 | Imb: +21.84%
2024-12-27 13:11:12,086 - DEBUG - Проверка обновления истории в 2024-12-27 13:11:12.086874
2024-12-27 13:11:12,086 - DEBUG - Price: 0.49 | Bid Vol: 146,599 | Ask Vol: 86,923 | Imb: +25.55%
2024-12-27 13:11:13,089 - DEBUG - Проверка обновления истории в 2024-12-27 13:11:13.089319
2024-12-27 13:11:13,089 - DEBUG - Price: 0.49 | Bid Vol: 146,892 | Ask Vol: 86,858 | Imb: +25.68%
2024-12-27 13:11:16,092 - DEBUG - Проверка обновления истории в 2024-12-27 13:11:16.092780
2024-12-27 13:11:16,092 - DEBUG - Price: 0.49 | Bid Vol: 146,994 | Ask Vol: 87,024 | Imb: +25.63%
2024-12-27 13:11:19,080 - DEBUG - Проверка обновления истории в 2024-12-27 13:11:19.080100
2024-12-27 13:11:19,080 - DEBUG - Price: 0.49 | Bid Vol: 133,594 | Ask Vol: 84,529 | Imb: +22.49%
2024-12-27 13:11:21,000 - DEBUG - Проверка обновления истории в 2024-12-27 13:11:21.000972
2024-12-27 13:11:21,000 - DEBUG - Price: 0.49 | Bid Vol: 133,731 | Ask Vol: 84,204 | Imb: +22.73%
2024-12-27 13:11:27,034 - DEBUG - Проверка обновления истории в 2024-12-27 13:11:27.034421
2024-12-27 13:11:27,034 - DEBUG - Price: 0.49 | Bid Vol: 128,784 | Ask Vol: 88,362 | Imb: +18.61%
2024-12-27 13:11:28,031 - DEBUG - Проверка обновления истории в 2024-12-27 13:11:28.031019
2024-12-27 13:11:28,031 - DEBUG - Price: 0.49 | Bid Vol: 128,784 | Ask Vol: 89,578 | Imb: +17.95%
2024-12-27 13:11:29,018 - DEBUG - Проверка обновления истории в 2024-12-27 13:11:29.018096
2024-12-27 13:11:29,018 - DEBUG - Price: 0.49 | Bid Vol: 129,659 | Ask Vol: 89,225 | Imb: +18.47%
2024-12-27 13:11:31,066 - DEBUG - Проверка обновления истории в 2024-12-27 13:11:31.066149
2024-12-27 13:11:31,066 - DEBUG - Price: 0.49 | Bid Vol: 129,132 | Ask Vol: 92,549 | Imb: +16.50%
2024-12-27 13:11:33,068 - DEBUG - Проверка обновления истории в 2024-12-27 13:11:33.068011
2024-12-27 13:11:33,068 - DEBUG - Price: 0.49 | Bid Vol: 128,373 | Ask Vol: 96,890 | Imb: +13.98%
2024-12-27 13:11:34,098 - DEBUG - Проверка обновления истории в 2024-12-27 13:11:34.098277
2024-12-27 13:11:34,098 - DEBUG - Price: 0.49 | Bid Vol: 128,460 | Ask Vol: 95,929 | Imb: +14.50%
2024-12-27 13:11:38,046 - DEBUG - Проверка обновления истории в 2024-12-27 13:11:38.046066
2024-12-27 13:11:38,046 - DEBUG - Price: 0.49 | Bid Vol: 125,175 | Ask Vol: 94,845 | Imb: +13.79%
2024-12-27 13:11:39,070 - DEBUG - Проверка обновления истории в 2024-12-27 13:11:39.070999
2024-12-27 13:11:39,070 - DEBUG - Price: 0.49 | Bid Vol: 125,251 | Ask Vol: 94,769 | Imb: +13.85%
2024-12-27 13:11:41,081 - DEBUG - Проверка обновления истории в 2024-12-27 13:11:41.081035
2024-12-27 13:11:41,081 - DEBUG - Price: 0.49 | Bid Vol: 125,565 | Ask Vol: 100,871 | Imb: +10.91%
2024-12-27 13:11:43,071 - DEBUG - Проверка обновления истории в 2024-12-27 13:11:43.071488
2024-12-27 13:11:43,071 - DEBUG - Price: 0.49 | Bid Vol: 129,269 | Ask Vol: 93,489 | Imb: +16.06%
2024-12-27 13:11:48,052 - DEBUG - Проверка обновления истории в 2024-12-27 13:11:48.052284
2024-12-27 13:11:48,052 - DEBUG - Price: 0.49 | Bid Vol: 122,901 | Ask Vol: 99,875 | Imb: +10.34%
2024-12-27 13:11:52,076 - DEBUG - Проверка обновления истории в 2024-12-27 13:11:52.076315
2024-12-27 13:11:52,077 - DEBUG - Price: 0.49 | Bid Vol: 122,909 | Ask Vol: 100,027 | Imb: +10.26%
2024-12-27 13:11:53,052 - DEBUG - Проверка обновления истории в 2024-12-27 13:11:53.052647
2024-12-27 13:11:53,052 - DEBUG - Price: 0.49 | Bid Vol: 144,060 | Ask Vol: 81,105 | Imb: +27.96%
2024-12-27 13:11:55,086 - DEBUG - Проверка обновления истории в 2024-12-27 13:11:55.086041
2024-12-27 13:11:55,086 - DEBUG - Price: 0.49 | Bid Vol: 129,646 | Ask Vol: 94,467 | Imb: +15.70%
2024-12-27 13:11:56,064 - DEBUG - Проверка обновления истории в 2024-12-27 13:11:56.064641
2024-12-27 13:11:56,064 - DEBUG - Price: 0.49 | Bid Vol: 125,216 | Ask Vol: 96,573 | Imb: +12.91%
2024-12-27 13:11:57,061 - DEBUG - Проверка обновления истории в 2024-12-27 13:11:57.061003
2024-12-27 13:11:57,062 - DEBUG - Price: 0.49 | Bid Vol: 125,017 | Ask Vol: 98,706 | Imb: +11.76%
2024-12-27 13:11:58,006 - DEBUG - Проверка обновления истории в 2024-12-27 13:11:58.006418
2024-12-27 13:11:58,008 - DEBUG - Price: 0.49 | Bid Vol: 145,958 | Ask Vol: 79,809 | Imb: +29.30%
2024-12-27 13:11:58,096 - DEBUG - Проверка обновления истории в 2024-12-27 13:11:58.096001
2024-12-27 13:11:58,096 - DEBUG - Price: 0.49 | Bid Vol: 145,958 | Ask Vol: 79,809 | Imb: +29.30%
2024-12-27 13:12:01,000 - DEBUG - Проверка обновления истории в 2024-12-27 13:12:01.000064
2024-12-27 13:12:01,000 - DEBUG - Обновление 1m данных
2024-12-27 13:12:01,000 - DEBUG - Добавлены данные для 1m: imbalance=29.02, bid_vol=146498, ask_vol=80596
2024-12-27 13:12:01,000 - DEBUG - Price: 0.49 | Bid Vol: 146,498 | Ask Vol: 80,596 | Imb: +29.02%
2024-12-27 13:12:02,060 - DEBUG - Проверка обновления истории в 2024-12-27 13:12:02.059285
2024-12-27 13:12:02,060 - DEBUG - Price: 0.49 | Bid Vol: 146,461 | Ask Vol: 81,682 | Imb: +28.39%
2024-12-27 13:12:03,047 - DEBUG - Проверка обновления истории в 2024-12-27 13:12:03.046939
2024-12-27 13:12:03,047 - DEBUG - Price: 0.49 | Bid Vol: 131,307 | Ask Vol: 90,151 | Imb: +18.58%
2024-12-27 13:12:04,015 - DEBUG - Проверка обновления истории в 2024-12-27 13:12:04.015060
2024-12-27 13:12:04,016 - DEBUG - Price: 0.49 | Bid Vol: 134,128 | Ask Vol: 90,916 | Imb: +19.20%
2024-12-27 13:12:05,026 - DEBUG - Проверка обновления истории в 2024-12-27 13:12:05.026575
2024-12-27 13:12:05,026 - DEBUG - Price: 0.49 | Bid Vol: 134,133 | Ask Vol: 91,533 | Imb: +18.88%
2024-12-27 13:12:06,090 - DEBUG - Проверка обновления истории в 2024-12-27 13:12:06.090679
2024-12-27 13:12:06,090 - DEBUG - Price: 0.49 | Bid Vol: 134,111 | Ask Vol: 92,386 | Imb: +18.42%
2024-12-27 13:12:07,036 - DEBUG - Проверка обновления истории в 2024-12-27 13:12:07.036597
2024-12-27 13:12:07,036 - DEBUG - Price: 0.49 | Bid Vol: 147,656 | Ask Vol: 84,483 | Imb: +27.21%
2024-12-27 13:12:09,094 - DEBUG - Проверка обновления истории в 2024-12-27 13:12:09.094992
2024-12-27 13:12:09,094 - DEBUG - Price: 0.49 | Bid Vol: 149,676 | Ask Vol: 77,956 | Imb: +31.51%
2024-12-27 13:12:10,049 - DEBUG - Проверка обновления истории в 2024-12-27 13:12:10.049551
2024-12-27 13:12:10,049 - DEBUG - Price: 0.49 | Bid Vol: 127,489 | Ask Vol: 83,499 | Imb: +20.85%
2024-12-27 13:12:11,097 - DEBUG - Проверка обновления истории в 2024-12-27 13:12:11.097692
2024-12-27 13:12:11,097 - DEBUG - Price: 0.49 | Bid Vol: 127,084 | Ask Vol: 87,378 | Imb: +18.51%
2024-12-27 13:12:12,003 - DEBUG - Проверка обновления истории в 2024-12-27 13:12:12.003343
2024-12-27 13:12:12,003 - DEBUG - Price: 0.49 | Bid Vol: 127,738 | Ask Vol: 87,471 | Imb: +18.71%
2024-12-27 13:12:12,003 - DEBUG - Проверка обновления истории в 2024-12-27 13:12:12.003343
2024-12-27 13:12:12,003 - DEBUG - Price: 0.49 | Bid Vol: 127,752 | Ask Vol: 87,485 | Imb: +18.71%
2024-12-27 13:12:12,033 - DEBUG - Проверка обновления истории в 2024-12-27 13:12:12.033378
2024-12-27 13:12:12,033 - DEBUG - Price: 0.49 | Bid Vol: 128,052 | Ask Vol: 87,485 | Imb: +18.82%
2024-12-27 13:12:13,071 - DEBUG - Проверка обновления истории в 2024-12-27 13:12:13.071174
2024-12-27 13:12:13,071 - DEBUG - Price: 0.49 | Bid Vol: 133,690 | Ask Vol: 98,762 | Imb: +15.03%
2024-12-27 13:12:16,004 - DEBUG - Проверка обновления истории в 2024-12-27 13:12:16.004668
2024-12-27 13:12:16,004 - DEBUG - Price: 0.49 | Bid Vol: 126,776 | Ask Vol: 75,343 | Imb: +25.45%
2024-12-27 13:12:18,056 - DEBUG - Проверка обновления истории в 2024-12-27 13:12:18.056000
2024-12-27 13:12:18,056 - DEBUG - Price: 0.49 | Bid Vol: 117,472 | Ask Vol: 97,833 | Imb: +9.12%
2024-12-27 13:12:19,009 - DEBUG - Проверка обновления истории в 2024-12-27 13:12:19.009925
2024-12-27 13:12:19,009 - DEBUG - Price: 0.49 | Bid Vol: 109,893 | Ask Vol: 96,967 | Imb: +6.25%
2024-12-27 13:12:20,084 - DEBUG - Проверка обновления истории в 2024-12-27 13:12:20.084071
2024-12-27 13:12:20,084 - DEBUG - Price: 0.49 | Bid Vol: 110,434 | Ask Vol: 97,411 | Imb: +6.27%
2024-12-27 13:12:21,032 - DEBUG - Проверка обновления истории в 2024-12-27 13:12:21.032530
2024-12-27 13:12:21,032 - DEBUG - Price: 0.49 | Bid Vol: 110,434 | Ask Vol: 97,764 | Imb: +6.09%
2024-12-27 13:12:22,023 - DEBUG - Проверка обновления истории в 2024-12-27 13:12:22.023335
2024-12-27 13:12:22,023 - DEBUG - Price: 0.49 | Bid Vol: 96,617 | Ask Vol: 88,424 | Imb: +4.43%
2024-12-27 13:12:25,096 - DEBUG - Проверка обновления истории в 2024-12-27 13:12:25.096191
2024-12-27 13:12:25,096 - DEBUG - Price: 0.49 | Bid Vol: 105,177 | Ask Vol: 87,670 | Imb: +9.08%
2024-12-27 13:12:27,040 - DEBUG - Проверка обновления истории в 2024-12-27 13:12:27.040103
2024-12-27 13:12:27,040 - DEBUG - Price: 0.49 | Bid Vol: 110,766 | Ask Vol: 100,191 | Imb: +5.01%
2024-12-27 13:12:28,050 - DEBUG - Проверка обновления истории в 2024-12-27 13:12:28.050092
2024-12-27 13:12:28,050 - DEBUG - Price: 0.49 | Bid Vol: 111,118 | Ask Vol: 98,647 | Imb: +5.95%
2024-12-27 13:12:30,001 - DEBUG - Проверка обновления истории в 2024-12-27 13:12:30.001694
2024-12-27 13:12:30,001 - DEBUG - Price: 0.49 | Bid Vol: 116,882 | Ask Vol: 99,301 | Imb: +8.13%
2024-12-27 13:12:31,099 - DEBUG - Проверка обновления истории в 2024-12-27 13:12:31.098275
2024-12-27 13:12:31,099 - DEBUG - Price: 0.49 | Bid Vol: 137,695 | Ask Vol: 94,889 | Imb: +18.40%
2024-12-27 13:12:33,087 - DEBUG - Проверка обновления истории в 2024-12-27 13:12:33.087952
2024-12-27 13:12:33,087 - DEBUG - Price: 0.49 | Bid Vol: 145,646 | Ask Vol: 100,875 | Imb: +18.16%
2024-12-27 13:12:36,059 - DEBUG - Проверка обновления истории в 2024-12-27 13:12:36.059838
2024-12-27 13:12:36,059 - DEBUG - Price: 0.49 | Bid Vol: 140,827 | Ask Vol: 108,338 | Imb: +13.04%
2024-12-27 13:12:37,042 - DEBUG - Проверка обновления истории в 2024-12-27 13:12:37.042058
2024-12-27 13:12:37,042 - DEBUG - Price: 0.49 | Bid Vol: 143,212 | Ask Vol: 103,626 | Imb: +16.04%
2024-12-27 13:12:38,039 - DEBUG - Проверка обновления истории в 2024-12-27 13:12:38.039341
2024-12-27 13:12:38,039 - DEBUG - Price: 0.49 | Bid Vol: 152,614 | Ask Vol: 96,481 | Imb: +22.53%
2024-12-27 13:12:40,082 - DEBUG - Проверка обновления истории в 2024-12-27 13:12:40.082121
2024-12-27 13:12:40,082 - DEBUG - Price: 0.49 | Bid Vol: 124,247 | Ask Vol: 84,864 | Imb: +18.83%
2024-12-27 13:12:42,057 - DEBUG - Проверка обновления истории в 2024-12-27 13:12:42.057627
2024-12-27 13:12:42,057 - DEBUG - Price: 0.49 | Bid Vol: 116,601 | Ask Vol: 107,692 | Imb: +3.97%
2024-12-27 13:12:44,051 - DEBUG - Проверка обновления истории в 2024-12-27 13:12:44.051973
2024-12-27 13:12:44,051 - DEBUG - Price: 0.49 | Bid Vol: 130,534 | Ask Vol: 96,814 | Imb: +14.83%
2024-12-27 13:12:45,088 - DEBUG - Проверка обновления истории в 2024-12-27 13:12:45.088761
2024-12-27 13:12:45,088 - DEBUG - Price: 0.49 | Bid Vol: 129,529 | Ask Vol: 97,080 | Imb: +14.32%
2024-12-27 13:12:48,037 - DEBUG - Проверка обновления истории в 2024-12-27 13:12:48.037960
2024-12-27 13:12:48,037 - DEBUG - Price: 0.49 | Bid Vol: 126,184 | Ask Vol: 103,228 | Imb: +10.01%
2024-12-27 13:12:50,081 - DEBUG - Проверка обновления истории в 2024-12-27 13:12:50.080424
2024-12-27 13:12:50,081 - DEBUG - Price: 0.49 | Bid Vol: 125,593 | Ask Vol: 96,758 | Imb: +12.97%
2024-12-27 13:12:51,015 - DEBUG - Проверка обновления истории в 2024-12-27 13:12:51.015873
2024-12-27 13:12:51,015 - DEBUG - Price: 0.49 | Bid Vol: 124,970 | Ask Vol: 102,026 | Imb: +10.11%
2024-12-27 13:12:52,011 - DEBUG - Проверка обновления истории в 2024-12-27 13:12:52.011685
2024-12-27 13:12:52,012 - DEBUG - Price: 0.49 | Bid Vol: 140,455 | Ask Vol: 88,501 | Imb: +22.69%
2024-12-27 13:12:53,043 - DEBUG - Проверка обновления истории в 2024-12-27 13:12:53.042536
2024-12-27 13:12:53,043 - DEBUG - Price: 0.49 | Bid Vol: 142,420 | Ask Vol: 86,150 | Imb: +24.62%
2024-12-27 13:12:55,076 - DEBUG - Проверка обновления истории в 2024-12-27 13:12:55.076802
2024-12-27 13:12:55,076 - DEBUG - Price: 0.49 | Bid Vol: 140,741 | Ask Vol: 85,437 | Imb: +24.45%
2024-12-27 13:12:58,005 - DEBUG - Проверка обновления истории в 2024-12-27 13:12:58.005427
2024-12-27 13:12:58,005 - DEBUG - Price: 0.49 | Bid Vol: 128,497 | Ask Vol: 104,370 | Imb: +10.36%
2024-12-27 13:12:59,073 - DEBUG - Проверка обновления истории в 2024-12-27 13:12:59.073488
2024-12-27 13:12:59,073 - DEBUG - Price: 0.49 | Bid Vol: 130,283 | Ask Vol: 97,962 | Imb: +14.16%
2024-12-27 13:13:01,023 - DEBUG - Проверка обновления истории в 2024-12-27 13:13:01.023590
2024-12-27 13:13:01,023 - DEBUG - Обновление 1m данных
2024-12-27 13:13:01,023 - DEBUG - Добавлены данные для 1m: imbalance=21.74, bid_vol=143413, ask_vol=92186
2024-12-27 13:13:01,023 - DEBUG - Price: 0.49 | Bid Vol: 143,413 | Ask Vol: 92,186 | Imb: +21.74%
2024-12-27 13:13:03,061 - DEBUG - Проверка обновления истории в 2024-12-27 13:13:03.061404
2024-12-27 13:13:03,061 - DEBUG - Price: 0.49 | Bid Vol: 144,390 | Ask Vol: 93,155 | Imb: +21.57%
2024-12-27 13:13:06,066 - DEBUG - Проверка обновления истории в 2024-12-27 13:13:06.066700
2024-12-27 13:13:06,066 - DEBUG - Price: 0.49 | Bid Vol: 144,390 | Ask Vol: 96,387 | Imb: +19.94%
2024-12-27 13:13:08,007 - DEBUG - Проверка обновления истории в 2024-12-27 13:13:08.007513
2024-12-27 13:13:08,007 - DEBUG - Price: 0.49 | Bid Vol: 134,135 | Ask Vol: 98,325 | Imb: +15.40%
2024-12-27 13:13:09,054 - DEBUG - Проверка обновления истории в 2024-12-27 13:13:09.054144
2024-12-27 13:13:09,054 - DEBUG - Price: 0.49 | Bid Vol: 139,350 | Ask Vol: 105,116 | Imb: +14.00%
2024-12-27 13:13:11,028 - DEBUG - Проверка обновления истории в 2024-12-27 13:13:11.028848
2024-12-27 13:13:11,028 - DEBUG - Price: 0.49 | Bid Vol: 142,298 | Ask Vol: 105,262 | Imb: +14.96%
2024-12-27 13:13:12,014 - DEBUG - Проверка обновления истории в 2024-12-27 13:13:12.013781
2024-12-27 13:13:12,014 - DEBUG - Price: 0.49 | Bid Vol: 148,748 | Ask Vol: 104,837 | Imb: +17.32%
2024-12-27 13:13:13,064 - DEBUG - Проверка обновления истории в 2024-12-27 13:13:13.064325
2024-12-27 13:13:13,064 - DEBUG - Price: 0.49 | Bid Vol: 152,193 | Ask Vol: 103,928 | Imb: +18.84%
2024-12-27 13:13:16,068 - DEBUG - Проверка обновления истории в 2024-12-27 13:13:16.068535
2024-12-27 13:13:16,068 - DEBUG - Price: 0.49 | Bid Vol: 132,771 | Ask Vol: 115,994 | Imb: +6.74%
2024-12-27 13:13:17,027 - DEBUG - Проверка обновления истории в 2024-12-27 13:13:17.027616
2024-12-27 13:13:17,027 - DEBUG - Price: 0.49 | Bid Vol: 134,280 | Ask Vol: 116,469 | Imb: +7.10%
2024-12-27 13:13:18,018 - DEBUG - Проверка обновления истории в 2024-12-27 13:13:18.018527
2024-12-27 13:13:18,018 - DEBUG - Price: 0.49 | Bid Vol: 128,848 | Ask Vol: 89,274 | Imb: +18.14%
2024-12-27 13:13:20,076 - DEBUG - Проверка обновления истории в 2024-12-27 13:13:20.076715
2024-12-27 13:13:20,077 - DEBUG - Price: 0.49 | Bid Vol: 129,397 | Ask Vol: 91,275 | Imb: +17.28%
2024-12-27 13:13:21,083 - DEBUG - Проверка обновления истории в 2024-12-27 13:13:21.083428
2024-12-27 13:13:21,083 - DEBUG - Price: 0.49 | Bid Vol: 128,945 | Ask Vol: 97,490 | Imb: +13.89%
2024-12-27 13:13:22,053 - DEBUG - Проверка обновления истории в 2024-12-27 13:13:22.053875
2024-12-27 13:13:22,054 - DEBUG - Price: 0.49 | Bid Vol: 127,280 | Ask Vol: 98,983 | Imb: +12.51%
2024-12-27 13:13:23,053 - DEBUG - Проверка обновления истории в 2024-12-27 13:13:23.053653
2024-12-27 13:13:23,053 - DEBUG - Price: 0.49 | Bid Vol: 150,576 | Ask Vol: 97,489 | Imb: +21.40%
2024-12-27 13:13:24,064 - DEBUG - Проверка обновления истории в 2024-12-27 13:13:24.063582
2024-12-27 13:13:24,064 - DEBUG - Price: 0.49 | Bid Vol: 167,142 | Ask Vol: 99,512 | Imb: +25.36%
2024-12-27 13:13:26,016 - DEBUG - Проверка обновления истории в 2024-12-27 13:13:26.016806
2024-12-27 13:13:26,016 - DEBUG - Price: 0.49 | Bid Vol: 170,765 | Ask Vol: 92,674 | Imb: +29.64%
2024-12-27 13:13:27,041 - DEBUG - Проверка обновления истории в 2024-12-27 13:13:27.040078
2024-12-27 13:13:27,041 - DEBUG - Price: 0.49 | Bid Vol: 178,210 | Ask Vol: 87,221 | Imb: +34.28%
2024-12-27 13:13:29,089 - DEBUG - Проверка обновления истории в 2024-12-27 13:13:29.089248
2024-12-27 13:13:29,089 - DEBUG - Price: 0.49 | Bid Vol: 134,434 | Ask Vol: 101,884 | Imb: +13.77%
2024-12-27 13:13:33,050 - DEBUG - Проверка обновления истории в 2024-12-27 13:13:33.050666
2024-12-27 13:13:33,050 - DEBUG - Price: 0.49 | Bid Vol: 133,754 | Ask Vol: 105,374 | Imb: +11.87%
2024-12-27 13:13:34,011 - DEBUG - Проверка обновления истории в 2024-12-27 13:13:34.011202
2024-12-27 13:13:34,011 - DEBUG - Price: 0.49 | Bid Vol: 130,333 | Ask Vol: 107,255 | Imb: +9.71%
2024-12-27 13:13:35,070 - DEBUG - Проверка обновления истории в 2024-12-27 13:13:35.070213
2024-12-27 13:13:35,070 - DEBUG - Price: 0.49 | Bid Vol: 136,067 | Ask Vol: 110,610 | Imb: +10.32%
2024-12-27 13:13:36,096 - DEBUG - Проверка обновления истории в 2024-12-27 13:13:36.096254
2024-12-27 13:13:36,096 - DEBUG - Price: 0.49 | Bid Vol: 133,681 | Ask Vol: 111,514 | Imb: +9.04%
2024-12-27 13:13:38,063 - DEBUG - Проверка обновления истории в 2024-12-27 13:13:38.063764
2024-12-27 13:13:38,063 - DEBUG - Price: 0.49 | Bid Vol: 165,526 | Ask Vol: 96,592 | Imb: +26.30%
2024-12-27 13:13:42,092 - DEBUG - Проверка обновления истории в 2024-12-27 13:13:42.091662
2024-12-27 13:13:42,092 - DEBUG - Price: 0.49 | Bid Vol: 153,771 | Ask Vol: 96,078 | Imb: +23.09%
2024-12-27 13:13:43,020 - DEBUG - Проверка обновления истории в 2024-12-27 13:13:43.020291
2024-12-27 13:13:43,020 - DEBUG - Price: 0.49 | Bid Vol: 152,119 | Ask Vol: 102,471 | Imb: +19.50%
2024-12-27 13:13:44,055 - DEBUG - Проверка обновления истории в 2024-12-27 13:13:44.055272
2024-12-27 13:13:44,055 - DEBUG - Price: 0.49 | Bid Vol: 154,876 | Ask Vol: 101,172 | Imb: +20.97%
2024-12-27 13:13:45,006 - DEBUG - Проверка обновления истории в 2024-12-27 13:13:45.006307
2024-12-27 13:13:45,006 - DEBUG - Price: 0.49 | Bid Vol: 144,226 | Ask Vol: 97,756 | Imb: +19.20%
2024-12-27 13:13:46,005 - DEBUG - Проверка обновления истории в 2024-12-27 13:13:46.004615
2024-12-27 13:13:46,005 - DEBUG - Price: 0.49 | Bid Vol: 162,214 | Ask Vol: 97,856 | Imb: +24.75%
2024-12-27 13:13:48,065 - DEBUG - Проверка обновления истории в 2024-12-27 13:13:48.065996
2024-12-27 13:13:48,067 - DEBUG - Price: 0.49 | Bid Vol: 163,778 | Ask Vol: 99,941 | Imb: +24.21%
2024-12-27 13:13:49,012 - DEBUG - Проверка обновления истории в 2024-12-27 13:13:49.012905
2024-12-27 13:13:49,012 - DEBUG - Price: 0.49 | Bid Vol: 163,748 | Ask Vol: 98,843 | Imb: +24.72%
2024-12-27 13:13:50,017 - DEBUG - Проверка обновления истории в 2024-12-27 13:13:50.017424
2024-12-27 13:13:50,017 - DEBUG - Price: 0.49 | Bid Vol: 154,490 | Ask Vol: 91,506 | Imb: +25.60%
2024-12-27 13:13:51,077 - DEBUG - Проверка обновления истории в 2024-12-27 13:13:51.077901
2024-12-27 13:13:51,077 - DEBUG - Price: 0.49 | Bid Vol: 151,754 | Ask Vol: 93,550 | Imb: +23.73%
2024-12-27 13:13:52,056 - DEBUG - Проверка обновления истории в 2024-12-27 13:13:52.056085
2024-12-27 13:13:52,056 - DEBUG - Price: 0.49 | Bid Vol: 155,754 | Ask Vol: 92,251 | Imb: +25.61%
2024-12-27 13:13:53,065 - DEBUG - Проверка обновления истории в 2024-12-27 13:13:53.065118
2024-12-27 13:13:53,065 - DEBUG - Price: 0.49 | Bid Vol: 132,273 | Ask Vol: 97,489 | Imb: +15.14%
2024-12-27 13:13:54,060 - DEBUG - Проверка обновления истории в 2024-12-27 13:13:54.059785
2024-12-27 13:13:54,060 - DEBUG - Price: 0.49 | Bid Vol: 126,480 | Ask Vol: 102,547 | Imb: +10.45%
2024-12-27 13:13:55,025 - DEBUG - Проверка обновления истории в 2024-12-27 13:13:55.025435
2024-12-27 13:13:55,025 - DEBUG - Price: 0.49 | Bid Vol: 128,905 | Ask Vol: 101,935 | Imb: +11.68%
2024-12-27 13:13:56,068 - DEBUG - Проверка обновления истории в 2024-12-27 13:13:56.068030
2024-12-27 13:13:56,068 - DEBUG - Price: 0.49 | Bid Vol: 145,884 | Ask Vol: 100,702 | Imb: +18.32%
2024-12-27 13:13:57,041 - DEBUG - Проверка обновления истории в 2024-12-27 13:13:57.041905
2024-12-27 13:13:57,041 - DEBUG - Price: 0.49 | Bid Vol: 141,368 | Ask Vol: 103,806 | Imb: +15.32%
2024-12-27 13:13:59,060 - DEBUG - Проверка обновления истории в 2024-12-27 13:13:59.060858
2024-12-27 13:13:59,060 - DEBUG - Price: 0.49 | Bid Vol: 132,418 | Ask Vol: 104,945 | Imb: +11.57%
2024-12-27 13:14:00,076 - DEBUG - Проверка обновления истории в 2024-12-27 13:14:00.075509
2024-12-27 13:14:00,076 - DEBUG - Обновление 1m данных
2024-12-27 13:14:00,076 - DEBUG - Добавлены данные для 1m: imbalance=19.55, bid_vol=147371, ask_vol=99171
2024-12-27 13:14:00,076 - DEBUG - Price: 0.49 | Bid Vol: 147,371 | Ask Vol: 99,171 | Imb: +19.55%
2024-12-27 13:14:01,042 - DEBUG - Проверка обновления истории в 2024-12-27 13:14:01.042196
2024-12-27 13:14:01,042 - DEBUG - Price: 0.49 | Bid Vol: 148,428 | Ask Vol: 97,467 | Imb: +20.72%
2024-12-27 13:14:02,071 - DEBUG - Проверка обновления истории в 2024-12-27 13:14:02.071638
2024-12-27 13:14:02,071 - DEBUG - Price: 0.49 | Bid Vol: 150,166 | Ask Vol: 98,933 | Imb: +20.57%
2024-12-27 13:14:03,045 - DEBUG - Проверка обновления истории в 2024-12-27 13:14:03.045250
2024-12-27 13:14:03,045 - DEBUG - Price: 0.49 | Bid Vol: 150,366 | Ask Vol: 97,217 | Imb: +21.47%
2024-12-27 13:14:06,029 - DEBUG - Проверка обновления истории в 2024-12-27 13:14:06.029540
2024-12-27 13:14:06,029 - DEBUG - Price: 0.49 | Bid Vol: 151,113 | Ask Vol: 100,269 | Imb: +20.23%
2024-12-27 13:14:08,065 - DEBUG - Проверка обновления истории в 2024-12-27 13:14:08.065251
2024-12-27 13:14:08,066 - DEBUG - Price: 0.49 | Bid Vol: 151,004 | Ask Vol: 101,914 | Imb: +19.41%
2024-12-27 13:14:10,011 - DEBUG - Проверка обновления истории в 2024-12-27 13:14:10.011460
2024-12-27 13:14:10,011 - DEBUG - Price: 0.49 | Bid Vol: 174,605 | Ask Vol: 98,792 | Imb: +27.73%
2024-12-27 13:14:11,072 - DEBUG - Проверка обновления истории в 2024-12-27 13:14:11.072333
2024-12-27 13:14:11,072 - DEBUG - Price: 0.49 | Bid Vol: 174,292 | Ask Vol: 99,233 | Imb: +27.44%
2024-12-27 13:14:13,094 - DEBUG - Проверка обновления истории в 2024-12-27 13:14:13.094125
2024-12-27 13:14:13,094 - DEBUG - Price: 0.49 | Bid Vol: 169,394 | Ask Vol: 105,979 | Imb: +23.03%
2024-12-27 13:14:14,041 - DEBUG - Проверка обновления истории в 2024-12-27 13:14:14.041814
2024-12-27 13:14:14,041 - DEBUG - Price: 0.49 | Bid Vol: 163,503 | Ask Vol: 101,497 | Imb: +23.40%
2024-12-27 13:14:16,051 - DEBUG - Проверка обновления истории в 2024-12-27 13:14:16.050714
2024-12-27 13:14:16,051 - DEBUG - Price: 0.49 | Bid Vol: 165,565 | Ask Vol: 101,685 | Imb: +23.90%
2024-12-27 13:14:17,094 - DEBUG - Проверка обновления истории в 2024-12-27 13:14:17.093779
2024-12-27 13:14:17,094 - DEBUG - Price: 0.49 | Bid Vol: 167,470 | Ask Vol: 98,508 | Imb: +25.93%
2024-12-27 13:14:19,072 - DEBUG - Проверка обновления истории в 2024-12-27 13:14:19.072430
2024-12-27 13:14:19,072 - DEBUG - Price: 0.49 | Bid Vol: 166,940 | Ask Vol: 98,370 | Imb: +25.85%
2024-12-27 13:14:20,030 - DEBUG - Проверка обновления истории в 2024-12-27 13:14:20.030584
2024-12-27 13:14:20,030 - DEBUG - Price: 0.49 | Bid Vol: 153,526 | Ask Vol: 98,488 | Imb: +21.84%
2024-12-27 13:14:21,084 - DEBUG - Проверка обновления истории в 2024-12-27 13:14:21.083641
2024-12-27 13:14:21,084 - DEBUG - Price: 0.49 | Bid Vol: 151,987 | Ask Vol: 100,396 | Imb: +20.44%
2024-12-27 13:14:22,059 - DEBUG - Проверка обновления истории в 2024-12-27 13:14:22.059108
2024-12-27 13:14:22,059 - DEBUG - Price: 0.49 | Bid Vol: 154,157 | Ask Vol: 101,043 | Imb: +20.81%
2024-12-27 13:14:23,052 - DEBUG - Проверка обновления истории в 2024-12-27 13:14:23.051106
2024-12-27 13:14:23,052 - DEBUG - Price: 0.49 | Bid Vol: 154,404 | Ask Vol: 101,580 | Imb: +20.64%
2024-12-27 13:14:24,051 - DEBUG - Проверка обновления истории в 2024-12-27 13:14:24.051654
2024-12-27 13:14:24,051 - DEBUG - Price: 0.49 | Bid Vol: 148,774 | Ask Vol: 107,093 | Imb: +16.29%
2024-12-27 13:14:25,010 - DEBUG - Проверка обновления истории в 2024-12-27 13:14:25.010435
2024-12-27 13:14:25,010 - DEBUG - Price: 0.49 | Bid Vol: 134,022 | Ask Vol: 115,590 | Imb: +7.38%
2024-12-27 13:14:26,076 - DEBUG - Проверка обновления истории в 2024-12-27 13:14:26.075518
2024-12-27 13:14:26,076 - DEBUG - Price: 0.49 | Bid Vol: 137,109 | Ask Vol: 112,074 | Imb: +10.05%
2024-12-27 13:14:27,081 - DEBUG - Проверка обновления истории в 2024-12-27 13:14:27.080868
2024-12-27 13:14:27,081 - DEBUG - Price: 0.49 | Bid Vol: 137,033 | Ask Vol: 112,170 | Imb: +9.98%
2024-12-27 13:14:28,008 - DEBUG - Проверка обновления истории в 2024-12-27 13:14:28.008361
2024-12-27 13:14:28,008 - DEBUG - Price: 0.49 | Bid Vol: 142,570 | Ask Vol: 105,387 | Imb: +15.00%
2024-12-27 13:14:29,055 - DEBUG - Проверка обновления истории в 2024-12-27 13:14:29.054218
2024-12-27 13:14:29,055 - DEBUG - Price: 0.49 | Bid Vol: 137,809 | Ask Vol: 91,717 | Imb: +20.08%
2024-12-27 13:14:31,021 - DEBUG - Проверка обновления истории в 2024-12-27 13:14:31.020078
2024-12-27 13:14:31,021 - DEBUG - Price: 0.49 | Bid Vol: 142,989 | Ask Vol: 98,629 | Imb: +18.36%
2024-12-27 13:14:32,084 - DEBUG - Проверка обновления истории в 2024-12-27 13:14:32.084200
2024-12-27 13:14:32,084 - DEBUG - Price: 0.49 | Bid Vol: 141,351 | Ask Vol: 100,596 | Imb: +16.84%
2024-12-27 13:14:33,070 - DEBUG - Проверка обновления истории в 2024-12-27 13:14:33.070413
2024-12-27 13:14:33,070 - DEBUG - Price: 0.49 | Bid Vol: 141,762 | Ask Vol: 100,553 | Imb: +17.01%
2024-12-27 13:14:34,003 - DEBUG - Проверка обновления истории в 2024-12-27 13:14:34.003121
2024-12-27 13:14:34,003 - DEBUG - Price: 0.49 | Bid Vol: 146,035 | Ask Vol: 99,722 | Imb: +18.85%
2024-12-27 13:14:38,068 - DEBUG - Проверка обновления истории в 2024-12-27 13:14:38.068469
2024-12-27 13:14:38,068 - DEBUG - Price: 0.49 | Bid Vol: 158,035 | Ask Vol: 98,914 | Imb: +23.01%
2024-12-27 13:14:39,045 - DEBUG - Проверка обновления истории в 2024-12-27 13:14:39.045738
2024-12-27 13:14:39,045 - DEBUG - Price: 0.49 | Bid Vol: 159,923 | Ask Vol: 101,132 | Imb: +22.52%
2024-12-27 13:14:40,092 - DEBUG - Проверка обновления истории в 2024-12-27 13:14:40.092587
2024-12-27 13:14:40,092 - DEBUG - Price: 0.49 | Bid Vol: 162,617 | Ask Vol: 101,132 | Imb: +23.31%
2024-12-27 13:14:42,052 - DEBUG - Проверка обновления истории в 2024-12-27 13:14:42.052212
2024-12-27 13:14:42,052 - DEBUG - Price: 0.49 | Bid Vol: 162,720 | Ask Vol: 103,202 | Imb: +22.38%
2024-12-27 13:14:43,068 - DEBUG - Проверка обновления истории в 2024-12-27 13:14:43.068714
2024-12-27 13:14:43,068 - DEBUG - Price: 0.49 | Bid Vol: 140,706 | Ask Vol: 105,369 | Imb: +14.36%
2024-12-27 13:14:48,002 - DEBUG - Проверка обновления истории в 2024-12-27 13:14:48.002689
2024-12-27 13:14:48,002 - DEBUG - Price: 0.49 | Bid Vol: 139,980 | Ask Vol: 108,332 | Imb: +12.75%
2024-12-27 13:14:49,081 - DEBUG - Проверка обновления истории в 2024-12-27 13:14:49.080461
2024-12-27 13:14:49,081 - DEBUG - Price: 0.49 | Bid Vol: 133,486 | Ask Vol: 110,496 | Imb: +9.42%
2024-12-27 13:14:50,055 - DEBUG - Проверка обновления истории в 2024-12-27 13:14:50.055767
2024-12-27 13:14:50,055 - DEBUG - Price: 0.49 | Bid Vol: 132,997 | Ask Vol: 109,100 | Imb: +9.87%
2024-12-27 13:14:51,042 - DEBUG - Проверка обновления истории в 2024-12-27 13:14:51.042105
2024-12-27 13:14:51,043 - DEBUG - Price: 0.49 | Bid Vol: 131,362 | Ask Vol: 117,324 | Imb: +5.65%
2024-12-27 13:14:55,069 - DEBUG - Проверка обновления истории в 2024-12-27 13:14:55.069499
2024-12-27 13:14:55,069 - DEBUG - Price: 0.49 | Bid Vol: 134,852 | Ask Vol: 120,551 | Imb: +5.60%
2024-12-27 13:14:57,056 - DEBUG - Проверка обновления истории в 2024-12-27 13:14:57.055507
2024-12-27 13:14:57,056 - DEBUG - Price: 0.49 | Bid Vol: 135,359 | Ask Vol: 121,312 | Imb: +5.47%
2024-12-27 13:14:58,093 - DEBUG - Проверка обновления истории в 2024-12-27 13:14:58.093515
2024-12-27 13:14:58,093 - DEBUG - Price: 0.49 | Bid Vol: 150,013 | Ask Vol: 103,512 | Imb: +18.34%
2024-12-27 13:14:59,015 - DEBUG - Проверка обновления истории в 2024-12-27 13:14:59.015653
2024-12-27 13:14:59,015 - DEBUG - Price: 0.49 | Bid Vol: 138,704 | Ask Vol: 104,017 | Imb: +14.29%
2024-12-27 13:15:00,061 - DEBUG - Проверка обновления истории в 2024-12-27 13:15:00.061814
2024-12-27 13:15:00,061 - DEBUG - Обновление 1m данных
2024-12-27 13:15:00,061 - DEBUG - Добавлены данные для 1m: imbalance=13.19, bid_vol=138698, ask_vol=106381
2024-12-27 13:15:00,061 - DEBUG - Обновление 5m данных
2024-12-27 13:15:00,061 - DEBUG - Добавлены данные для 5m: imbalance=13.19, bid_vol=138698, ask_vol=106381
2024-12-27 13:15:00,061 - DEBUG - Обновление 15m данных
2024-12-27 13:15:00,061 - DEBUG - Добавлены данные для 15m: imbalance=13.19, bid_vol=138698, ask_vol=106381
2024-12-27 13:15:00,061 - DEBUG - Price: 0.49 | Bid Vol: 138,698 | Ask Vol: 106,381 | Imb: +13.19%
2024-12-27 13:15:02,053 - DEBUG - Проверка обновления истории в 2024-12-27 13:15:02.052539
2024-12-27 13:15:02,053 - DEBUG - Price: 0.49 | Bid Vol: 143,726 | Ask Vol: 104,638 | Imb: +15.74%
2024-12-27 13:15:03,006 - DEBUG - Проверка обновления истории в 2024-12-27 13:15:03.005547
2024-12-27 13:15:03,006 - DEBUG - Price: 0.49 | Bid Vol: 146,635 | Ask Vol: 100,821 | Imb: +18.51%
2024-12-27 13:15:05,007 - DEBUG - Проверка обновления истории в 2024-12-27 13:15:05.007618
2024-12-27 13:15:05,008 - DEBUG - Price: 0.49 | Bid Vol: 147,613 | Ask Vol: 101,784 | Imb: +18.38%
2024-12-27 13:15:06,039 - DEBUG - Проверка обновления истории в 2024-12-27 13:15:06.039092
2024-12-27 13:15:06,039 - DEBUG - Price: 0.49 | Bid Vol: 142,184 | Ask Vol: 96,963 | Imb: +18.91%
2024-12-27 13:15:08,013 - DEBUG - Проверка обновления истории в 2024-12-27 13:15:08.013558
2024-12-27 13:15:08,013 - DEBUG - Price: 0.49 | Bid Vol: 141,640 | Ask Vol: 101,629 | Imb: +16.45%
2024-12-27 13:15:08,089 - DEBUG - Проверка обновления истории в 2024-12-27 13:15:08.088320
2024-12-27 13:15:08,089 - DEBUG - Price: 0.49 | Bid Vol: 141,876 | Ask Vol: 88,349 | Imb: +23.25%
2024-12-27 13:15:09,067 - DEBUG - Проверка обновления истории в 2024-12-27 13:15:09.067276
2024-12-27 13:15:09,067 - DEBUG - Price: 0.49 | Bid Vol: 141,791 | Ask Vol: 103,694 | Imb: +15.52%
2024-12-27 13:15:11,098 - DEBUG - Проверка обновления истории в 2024-12-27 13:15:11.098190
2024-12-27 13:15:11,098 - DEBUG - Price: 0.49 | Bid Vol: 137,960 | Ask Vol: 107,911 | Imb: +12.22%
2024-12-27 13:15:13,065 - DEBUG - Проверка обновления истории в 2024-12-27 13:15:13.065585
2024-12-27 13:15:13,065 - DEBUG - Price: 0.49 | Bid Vol: 138,613 | Ask Vol: 111,735 | Imb: +10.74%
2024-12-27 13:15:15,032 - DEBUG - Проверка обновления истории в 2024-12-27 13:15:15.032289
2024-12-27 13:15:15,032 - DEBUG - Price: 0.49 | Bid Vol: 150,249 | Ask Vol: 88,818 | Imb: +25.70%
2024-12-27 13:15:16,058 - DEBUG - Проверка обновления истории в 2024-12-27 13:15:16.058982
2024-12-27 13:15:16,058 - DEBUG - Price: 0.49 | Bid Vol: 150,654 | Ask Vol: 89,934 | Imb: +25.24%
2024-12-27 13:15:17,025 - DEBUG - Проверка обновления истории в 2024-12-27 13:15:17.025806
2024-12-27 13:15:17,025 - DEBUG - Price: 0.49 | Bid Vol: 148,821 | Ask Vol: 89,596 | Imb: +24.84%
2024-12-27 13:15:18,001 - DEBUG - Проверка обновления истории в 2024-12-27 13:15:18.001141
2024-12-27 13:15:18,001 - DEBUG - Price: 0.49 | Bid Vol: 152,939 | Ask Vol: 86,016 | Imb: +28.01%
2024-12-27 13:15:19,087 - DEBUG - Проверка обновления истории в 2024-12-27 13:15:19.087216
2024-12-27 13:15:19,087 - DEBUG - Price: 0.49 | Bid Vol: 144,164 | Ask Vol: 90,481 | Imb: +22.88%
2024-12-27 13:15:20,058 - DEBUG - Проверка обновления истории в 2024-12-27 13:15:20.058012
2024-12-27 13:15:20,059 - DEBUG - Price: 0.49 | Bid Vol: 144,497 | Ask Vol: 97,786 | Imb: +19.28%
2024-12-27 13:15:21,038 - DEBUG - Проверка обновления истории в 2024-12-27 13:15:21.037116
2024-12-27 13:15:21,038 - DEBUG - Price: 0.49 | Bid Vol: 134,125 | Ask Vol: 101,150 | Imb: +14.02%
2024-12-27 13:15:22,055 - DEBUG - Проверка обновления истории в 2024-12-27 13:15:22.055489
2024-12-27 13:15:22,055 - DEBUG - Price: 0.49 | Bid Vol: 134,663 | Ask Vol: 103,044 | Imb: +13.30%
2024-12-27 13:15:23,018 - DEBUG - Проверка обновления истории в 2024-12-27 13:15:23.018619
2024-12-27 13:15:23,018 - DEBUG - Price: 0.49 | Bid Vol: 123,284 | Ask Vol: 109,984 | Imb: +5.70%
2024-12-27 13:15:25,083 - DEBUG - Проверка обновления истории в 2024-12-27 13:15:25.083396
2024-12-27 13:15:25,083 - DEBUG - Price: 0.49 | Bid Vol: 120,393 | Ask Vol: 110,675 | Imb: +4.21%
2024-12-27 13:15:28,053 - DEBUG - Проверка обновления истории в 2024-12-27 13:15:28.053210
2024-12-27 13:15:28,053 - DEBUG - Price: 0.49 | Bid Vol: 122,954 | Ask Vol: 100,363 | Imb: +10.12%
2024-12-27 13:15:30,023 - DEBUG - Проверка обновления истории в 2024-12-27 13:15:30.023475
2024-12-27 13:15:30,023 - DEBUG - Price: 0.49 | Bid Vol: 160,786 | Ask Vol: 94,543 | Imb: +25.94%
2024-12-27 13:15:31,003 - DEBUG - Проверка обновления истории в 2024-12-27 13:15:31.003463
2024-12-27 13:15:31,003 - DEBUG - Price: 0.49 | Bid Vol: 173,700 | Ask Vol: 91,348 | Imb: +31.07%
2024-12-27 13:15:31,003 - DEBUG - Проверка обновления истории в 2024-12-27 13:15:31.003463
2024-12-27 13:15:31,003 - DEBUG - Price: 0.49 | Bid Vol: 173,707 | Ask Vol: 89,352 | Imb: +32.07%
2024-12-27 13:15:31,004 - DEBUG - Проверка обновления истории в 2024-12-27 13:15:31.003463
2024-12-27 13:15:31,004 - DEBUG - Price: 0.49 | Bid Vol: 172,431 | Ask Vol: 89,157 | Imb: +31.83%
2024-12-27 13:15:31,004 - DEBUG - Проверка обновления истории в 2024-12-27 13:15:31.004464
2024-12-27 13:15:31,004 - DEBUG - Price: 0.49 | Bid Vol: 173,581 | Ask Vol: 89,157 | Imb: +32.13%
2024-12-27 13:15:31,004 - DEBUG - Проверка обновления истории в 2024-12-27 13:15:31.004464
2024-12-27 13:15:31,004 - DEBUG - Price: 0.49 | Bid Vol: 161,056 | Ask Vol: 94,313 | Imb: +26.14%
2024-12-27 13:15:31,098 - DEBUG - Проверка обновления истории в 2024-12-27 13:15:31.097236
2024-12-27 13:15:31,098 - DEBUG - Price: 0.49 | Bid Vol: 161,089 | Ask Vol: 94,107 | Imb: +26.25%
2024-12-27 13:15:32,089 - DEBUG - Проверка обновления истории в 2024-12-27 13:15:32.089282
2024-12-27 13:15:32,089 - DEBUG - Price: 0.49 | Bid Vol: 162,640 | Ask Vol: 93,850 | Imb: +26.82%
2024-12-27 13:15:33,070 - DEBUG - Проверка обновления истории в 2024-12-27 13:15:33.069413
2024-12-27 13:15:33,070 - DEBUG - Price: 0.49 | Bid Vol: 162,822 | Ask Vol: 91,504 | Imb: +28.04%
2024-12-27 13:15:34,003 - DEBUG - Проверка обновления истории в 2024-12-27 13:15:34.003541
2024-12-27 13:15:34,003 - DEBUG - Price: 0.49 | Bid Vol: 158,318 | Ask Vol: 92,449 | Imb: +26.27%
2024-12-27 13:15:34,073 - DEBUG - Проверка обновления истории в 2024-12-27 13:15:34.072462
2024-12-27 13:15:34,073 - DEBUG - Price: 0.49 | Bid Vol: 170,088 | Ask Vol: 87,736 | Imb: +31.94%
2024-12-27 13:15:36,016 - DEBUG - Проверка обновления истории в 2024-12-27 13:15:36.016061
2024-12-27 13:15:36,016 - DEBUG - Price: 0.49 | Bid Vol: 137,401 | Ask Vol: 96,731 | Imb: +17.37%
2024-12-27 13:15:38,079 - DEBUG - Проверка обновления истории в 2024-12-27 13:15:38.079076
2024-12-27 13:15:38,079 - DEBUG - Price: 0.49 | Bid Vol: 162,389 | Ask Vol: 89,286 | Imb: +29.05%
2024-12-27 13:15:39,095 - DEBUG - Проверка обновления истории в 2024-12-27 13:15:39.095614
2024-12-27 13:15:39,095 - DEBUG - Price: 0.49 | Bid Vol: 162,060 | Ask Vol: 91,438 | Imb: +27.86%
2024-12-27 13:15:41,021 - DEBUG - Проверка обновления истории в 2024-12-27 13:15:41.021728
2024-12-27 13:15:41,021 - DEBUG - Price: 0.49 | Bid Vol: 146,796 | Ask Vol: 92,773 | Imb: +22.55%
2024-12-27 13:15:44,056 - DEBUG - Проверка обновления истории в 2024-12-27 13:15:44.056364
2024-12-27 13:15:44,056 - DEBUG - Price: 0.49 | Bid Vol: 159,240 | Ask Vol: 85,755 | Imb: +29.99%
2024-12-27 13:15:45,027 - DEBUG - Проверка обновления истории в 2024-12-27 13:15:45.027369
2024-12-27 13:15:45,027 - DEBUG - Price: 0.49 | Bid Vol: 160,393 | Ask Vol: 93,539 | Imb: +26.33%
2024-12-27 13:15:46,002 - DEBUG - Проверка обновления истории в 2024-12-27 13:15:46.001668
2024-12-27 13:15:46,002 - DEBUG - Price: 0.49 | Bid Vol: 141,220 | Ask Vol: 95,676 | Imb: +19.23%
2024-12-27 13:15:47,056 - DEBUG - Проверка обновления истории в 2024-12-27 13:15:47.056261
2024-12-27 13:15:47,056 - DEBUG - Price: 0.49 | Bid Vol: 153,548 | Ask Vol: 93,597 | Imb: +24.26%
2024-12-27 13:15:50,079 - DEBUG - Проверка обновления истории в 2024-12-27 13:15:50.079066
2024-12-27 13:15:50,079 - DEBUG - Price: 0.49 | Bid Vol: 139,772 | Ask Vol: 92,536 | Imb: +20.33%
2024-12-27 13:15:51,005 - DEBUG - Проверка обновления истории в 2024-12-27 13:15:51.005600
2024-12-27 13:15:51,005 - DEBUG - Price: 0.49 | Bid Vol: 154,654 | Ask Vol: 84,799 | Imb: +29.17%
2024-12-27 13:15:52,010 - DEBUG - Проверка обновления истории в 2024-12-27 13:15:52.009384
2024-12-27 13:15:52,010 - DEBUG - Price: 0.49 | Bid Vol: 118,494 | Ask Vol: 97,649 | Imb: +9.64%
2024-12-27 13:15:53,060 - DEBUG - Проверка обновления истории в 2024-12-27 13:15:53.060626
2024-12-27 13:15:53,060 - DEBUG - Price: 0.49 | Bid Vol: 117,379 | Ask Vol: 99,890 | Imb: +8.05%
2024-12-27 13:15:54,070 - DEBUG - Проверка обновления истории в 2024-12-27 13:15:54.070725
2024-12-27 13:15:54,070 - DEBUG - Price: 0.49 | Bid Vol: 122,845 | Ask Vol: 99,417 | Imb: +10.54%
2024-12-27 13:15:58,066 - DEBUG - Проверка обновления истории в 2024-12-27 13:15:58.066090
2024-12-27 13:15:58,066 - DEBUG - Price: 0.49 | Bid Vol: 119,113 | Ask Vol: 100,868 | Imb: +8.29%
2024-12-27 13:16:00,070 - DEBUG - Проверка обновления истории в 2024-12-27 13:16:00.070726
2024-12-27 13:16:00,070 - DEBUG - Обновление 1m данных
2024-12-27 13:16:00,070 - DEBUG - Добавлены данные для 1m: imbalance=1.26, bid_vol=106944, ask_vol=104287
2024-12-27 13:16:00,070 - DEBUG - Price: 0.49 | Bid Vol: 106,944 | Ask Vol: 104,287 | Imb: +1.26%
2024-12-27 13:16:03,003 - DEBUG - Проверка обновления истории в 2024-12-27 13:16:03.003182
2024-12-27 13:16:03,003 - DEBUG - Price: 0.49 | Bid Vol: 128,656 | Ask Vol: 94,066 | Imb: +15.53%
2024-12-27 13:16:04,085 - DEBUG - Проверка обновления истории в 2024-12-27 13:16:04.085011
2024-12-27 13:16:04,085 - DEBUG - Price: 0.49 | Bid Vol: 130,248 | Ask Vol: 94,715 | Imb: +15.79%
2024-12-27 13:16:05,026 - DEBUG - Проверка обновления истории в 2024-12-27 13:16:05.026358
2024-12-27 13:16:05,026 - DEBUG - Price: 0.49 | Bid Vol: 142,366 | Ask Vol: 96,423 | Imb: +19.24%
2024-12-27 13:16:09,024 - DEBUG - Проверка обновления истории в 2024-12-27 13:16:09.024005
2024-12-27 13:16:09,024 - DEBUG - Price: 0.49 | Bid Vol: 150,187 | Ask Vol: 85,985 | Imb: +27.18%
2024-12-27 13:16:10,068 - DEBUG - Проверка обновления истории в 2024-12-27 13:16:10.068487
2024-12-27 13:16:10,068 - DEBUG - Price: 0.49 | Bid Vol: 150,059 | Ask Vol: 86,075 | Imb: +27.10%
2024-12-27 13:16:11,041 - DEBUG - Проверка обновления истории в 2024-12-27 13:16:11.040128
2024-12-27 13:16:11,041 - DEBUG - Price: 0.49 | Bid Vol: 132,384 | Ask Vol: 97,989 | Imb: +14.93%
2024-12-27 13:16:12,025 - DEBUG - Проверка обновления истории в 2024-12-27 13:16:12.025757
2024-12-27 13:16:12,025 - DEBUG - Price: 0.49 | Bid Vol: 150,029 | Ask Vol: 85,970 | Imb: +27.14%
2024-12-27 13:16:13,087 - DEBUG - Проверка обновления истории в 2024-12-27 13:16:13.087485
2024-12-27 13:16:13,088 - DEBUG - Price: 0.49 | Bid Vol: 152,425 | Ask Vol: 89,038 | Imb: +26.25%
2024-12-27 13:16:14,001 - DEBUG - Проверка обновления истории в 2024-12-27 13:16:14.001214
2024-12-27 13:16:14,001 - DEBUG - Price: 0.49 | Bid Vol: 144,592 | Ask Vol: 88,869 | Imb: +23.87%
2024-12-27 13:16:17,035 - DEBUG - Проверка обновления истории в 2024-12-27 13:16:17.034289
2024-12-27 13:16:17,035 - DEBUG - Price: 0.49 | Bid Vol: 138,174 | Ask Vol: 89,184 | Imb: +21.55%
2024-12-27 13:16:18,062 - DEBUG - Проверка обновления истории в 2024-12-27 13:16:18.062951
2024-12-27 13:16:18,062 - DEBUG - Price: 0.49 | Bid Vol: 143,207 | Ask Vol: 90,756 | Imb: +22.42%
2024-12-27 13:16:19,078 - DEBUG - Проверка обновления истории в 2024-12-27 13:16:19.078519
2024-12-27 13:16:19,078 - DEBUG - Price: 0.49 | Bid Vol: 136,947 | Ask Vol: 96,282 | Imb: +17.44%
2024-12-27 13:16:21,099 - DEBUG - Проверка обновления истории в 2024-12-27 13:16:21.099509
2024-12-27 13:16:21,099 - DEBUG - Price: 0.49 | Bid Vol: 130,877 | Ask Vol: 98,082 | Imb: +14.32%
2024-12-27 13:16:23,000 - DEBUG - Проверка обновления истории в 2024-12-27 13:16:23.000516
2024-12-27 13:16:23,000 - DEBUG - Price: 0.49 | Bid Vol: 141,783 | Ask Vol: 112,534 | Imb: +11.50%
2024-12-27 13:16:24,045 - DEBUG - Проверка обновления истории в 2024-12-27 13:16:24.045408
2024-12-27 13:16:24,045 - DEBUG - Price: 0.49 | Bid Vol: 136,707 | Ask Vol: 111,297 | Imb: +10.25%
2024-12-27 13:16:25,092 - DEBUG - Проверка обновления истории в 2024-12-27 13:16:25.092485
2024-12-27 13:16:25,092 - DEBUG - Price: 0.49 | Bid Vol: 138,649 | Ask Vol: 96,333 | Imb: +18.01%
2024-12-27 13:16:27,042 - DEBUG - Проверка обновления истории в 2024-12-27 13:16:27.042203
2024-12-27 13:16:27,042 - DEBUG - Price: 0.49 | Bid Vol: 131,659 | Ask Vol: 84,125 | Imb: +22.03%
2024-12-27 13:16:28,067 - DEBUG - Проверка обновления истории в 2024-12-27 13:16:28.067884
2024-12-27 13:16:28,067 - DEBUG - Price: 0.49 | Bid Vol: 131,696 | Ask Vol: 84,636 | Imb: +21.75%
2024-12-27 13:16:29,074 - DEBUG - Проверка обновления истории в 2024-12-27 13:16:29.074401
2024-12-27 13:16:29,075 - DEBUG - Price: 0.49 | Bid Vol: 131,212 | Ask Vol: 84,363 | Imb: +21.73%
2024-12-27 13:16:31,063 - DEBUG - Проверка обновления истории в 2024-12-27 13:16:31.063660
2024-12-27 13:16:31,063 - DEBUG - Price: 0.49 | Bid Vol: 131,184 | Ask Vol: 84,584 | Imb: +21.60%
2024-12-27 13:16:32,032 - DEBUG - Проверка обновления истории в 2024-12-27 13:16:32.032773
2024-12-27 13:16:32,032 - DEBUG - Price: 0.49 | Bid Vol: 128,419 | Ask Vol: 85,537 | Imb: +20.04%
2024-12-27 13:16:33,054 - DEBUG - Проверка обновления истории в 2024-12-27 13:16:33.054354
2024-12-27 13:16:33,054 - DEBUG - Price: 0.49 | Bid Vol: 133,357 | Ask Vol: 87,136 | Imb: +20.96%
2024-12-27 13:16:34,020 - DEBUG - Проверка обновления истории в 2024-12-27 13:16:34.020499
2024-12-27 13:16:34,020 - DEBUG - Price: 0.49 | Bid Vol: 162,344 | Ask Vol: 86,765 | Imb: +30.34%
2024-12-27 13:16:35,015 - DEBUG - Проверка обновления истории в 2024-12-27 13:16:35.015366
2024-12-27 13:16:35,015 - DEBUG - Price: 0.49 | Bid Vol: 160,438 | Ask Vol: 88,653 | Imb: +28.82%
2024-12-27 13:16:36,029 - DEBUG - Проверка обновления истории в 2024-12-27 13:16:36.029240
2024-12-27 13:16:36,029 - DEBUG - Price: 0.49 | Bid Vol: 158,809 | Ask Vol: 88,700 | Imb: +28.33%
2024-12-27 13:16:38,059 - DEBUG - Проверка обновления истории в 2024-12-27 13:16:38.058854
2024-12-27 13:16:38,059 - DEBUG - Price: 0.49 | Bid Vol: 157,283 | Ask Vol: 91,284 | Imb: +26.55%
2024-12-27 13:16:39,061 - DEBUG - Проверка обновления истории в 2024-12-27 13:16:39.061124
2024-12-27 13:16:39,061 - DEBUG - Price: 0.49 | Bid Vol: 156,118 | Ask Vol: 89,071 | Imb: +27.34%
2024-12-27 13:16:40,045 - DEBUG - Проверка обновления истории в 2024-12-27 13:16:40.045137
2024-12-27 13:16:40,045 - DEBUG - Price: 0.49 | Bid Vol: 147,525 | Ask Vol: 94,945 | Imb: +21.69%
2024-12-27 13:16:42,069 - DEBUG - Проверка обновления истории в 2024-12-27 13:16:42.069070
2024-12-27 13:16:42,070 - DEBUG - Price: 0.49 | Bid Vol: 147,844 | Ask Vol: 97,972 | Imb: +20.29%
2024-12-27 13:16:43,065 - DEBUG - Проверка обновления истории в 2024-12-27 13:16:43.065422
2024-12-27 13:16:43,065 - DEBUG - Price: 0.49 | Bid Vol: 148,734 | Ask Vol: 96,686 | Imb: +21.21%
2024-12-27 13:16:45,045 - DEBUG - Проверка обновления истории в 2024-12-27 13:16:45.045196
2024-12-27 13:16:45,045 - DEBUG - Price: 0.49 | Bid Vol: 130,829 | Ask Vol: 107,065 | Imb: +9.99%
2024-12-27 13:16:46,016 - DEBUG - Проверка обновления истории в 2024-12-27 13:16:46.016869
2024-12-27 13:16:46,016 - DEBUG - Price: 0.49 | Bid Vol: 149,181 | Ask Vol: 96,008 | Imb: +21.69%
2024-12-27 13:16:47,018 - DEBUG - Проверка обновления истории в 2024-12-27 13:16:47.018775
2024-12-27 13:16:47,018 - DEBUG - Price: 0.49 | Bid Vol: 146,553 | Ask Vol: 99,759 | Imb: +19.00%
2024-12-27 13:16:48,070 - DEBUG - Проверка обновления истории в 2024-12-27 13:16:48.070141
2024-12-27 13:16:48,070 - DEBUG - Price: 0.49 | Bid Vol: 147,640 | Ask Vol: 103,842 | Imb: +17.42%
2024-12-27 13:16:51,098 - DEBUG - Проверка обновления истории в 2024-12-27 13:16:51.098336
2024-12-27 13:16:51,098 - DEBUG - Price: 0.49 | Bid Vol: 128,131 | Ask Vol: 111,526 | Imb: +6.93%
2024-12-27 13:16:52,009 - DEBUG - Проверка обновления истории в 2024-12-27 13:16:52.009141
2024-12-27 13:16:52,009 - DEBUG - Price: 0.49 | Bid Vol: 130,942 | Ask Vol: 110,731 | Imb: +8.36%
2024-12-27 13:16:53,042 - DEBUG - Проверка обновления истории в 2024-12-27 13:16:53.042867
2024-12-27 13:16:53,042 - DEBUG - Price: 0.49 | Bid Vol: 132,514 | Ask Vol: 101,456 | Imb: +13.27%
2024-12-27 13:16:57,092 - DEBUG - Проверка обновления истории в 2024-12-27 13:16:57.092487
2024-12-27 13:16:57,093 - DEBUG - Price: 0.49 | Bid Vol: 127,169 | Ask Vol: 90,035 | Imb: +17.10%
2024-12-27 13:17:00,012 - DEBUG - Проверка обновления истории в 2024-12-27 13:17:00.012374
2024-12-27 13:17:00,013 - DEBUG - Обновление 1m данных
2024-12-27 13:17:00,013 - DEBUG - Добавлены данные для 1m: imbalance=18.19, bid_vol=132069, ask_vol=91421
2024-12-27 13:17:00,013 - DEBUG - Price: 0.49 | Bid Vol: 132,069 | Ask Vol: 91,421 | Imb: +18.19%
2024-12-27 13:17:01,010 - DEBUG - Проверка обновления истории в 2024-12-27 13:17:01.009808
2024-12-27 13:17:01,010 - DEBUG - Price: 0.49 | Bid Vol: 139,446 | Ask Vol: 88,571 | Imb: +22.31%
2024-12-27 13:17:01,092 - DEBUG - Проверка обновления истории в 2024-12-27 13:17:01.092439
2024-12-27 13:17:01,092 - DEBUG - Price: 0.49 | Bid Vol: 131,862 | Ask Vol: 93,978 | Imb: +16.77%
2024-12-27 13:17:02,075 - DEBUG - Проверка обновления истории в 2024-12-27 13:17:02.075680
2024-12-27 13:17:02,075 - DEBUG - Price: 0.49 | Bid Vol: 141,175 | Ask Vol: 95,034 | Imb: +19.53%
2024-12-27 13:17:02,078 - DEBUG - Проверка обновления истории в 2024-12-27 13:17:02.078201
2024-12-27 13:17:02,078 - DEBUG - Price: 0.49 | Bid Vol: 141,199 | Ask Vol: 95,034 | Imb: +19.54%
2024-12-27 13:17:03,064 - DEBUG - Проверка обновления истории в 2024-12-27 13:17:03.064121
2024-12-27 13:17:03,064 - DEBUG - Price: 0.49 | Bid Vol: 137,290 | Ask Vol: 91,115 | Imb: +20.22%
2024-12-27 13:17:04,077 - DEBUG - Проверка обновления истории в 2024-12-27 13:17:04.077341
2024-12-27 13:17:04,077 - DEBUG - Price: 0.49 | Bid Vol: 139,186 | Ask Vol: 97,803 | Imb: +17.46%
2024-12-27 13:17:06,070 - DEBUG - Проверка обновления истории в 2024-12-27 13:17:06.070108
2024-12-27 13:17:06,071 - DEBUG - Price: 0.49 | Bid Vol: 130,987 | Ask Vol: 96,686 | Imb: +15.07%
2024-12-27 13:17:08,062 - DEBUG - Проверка обновления истории в 2024-12-27 13:17:08.062846
2024-12-27 13:17:08,062 - DEBUG - Price: 0.49 | Bid Vol: 136,334 | Ask Vol: 93,672 | Imb: +18.55%
2024-12-27 13:17:09,075 - DEBUG - Проверка обновления истории в 2024-12-27 13:17:09.075359
2024-12-27 13:17:09,075 - DEBUG - Price: 0.49 | Bid Vol: 152,679 | Ask Vol: 88,207 | Imb: +26.76%
2024-12-27 13:17:11,091 - DEBUG - Проверка обновления истории в 2024-12-27 13:17:11.091717
2024-12-27 13:17:11,091 - DEBUG - Price: 0.49 | Bid Vol: 154,653 | Ask Vol: 90,188 | Imb: +26.33%
2024-12-27 13:17:12,087 - DEBUG - Проверка обновления истории в 2024-12-27 13:17:12.087893
2024-12-27 13:17:12,087 - DEBUG - Price: 0.49 | Bid Vol: 155,603 | Ask Vol: 90,188 | Imb: +26.61%
2024-12-27 13:17:13,055 - DEBUG - Проверка обновления истории в 2024-12-27 13:17:13.055478
2024-12-27 13:17:13,055 - DEBUG - Price: 0.49 | Bid Vol: 153,641 | Ask Vol: 94,392 | Imb: +23.89%
2024-12-27 13:17:15,089 - DEBUG - Проверка обновления истории в 2024-12-27 13:17:15.088549
2024-12-27 13:17:15,089 - DEBUG - Price: 0.49 | Bid Vol: 155,436 | Ask Vol: 95,714 | Imb: +23.78%
2024-12-27 13:17:16,035 - DEBUG - Проверка обновления истории в 2024-12-27 13:17:16.035916
2024-12-27 13:17:16,036 - DEBUG - Price: 0.49 | Bid Vol: 155,458 | Ask Vol: 92,254 | Imb: +25.52%
2024-12-27 13:17:17,038 - DEBUG - Проверка обновления истории в 2024-12-27 13:17:17.038306
2024-12-27 13:17:17,038 - DEBUG - Price: 0.49 | Bid Vol: 155,853 | Ask Vol: 92,254 | Imb: +25.63%
2024-12-27 13:17:18,086 - DEBUG - Проверка обновления истории в 2024-12-27 13:17:18.086952
2024-12-27 13:17:18,086 - DEBUG - Price: 0.49 | Bid Vol: 156,138 | Ask Vol: 89,031 | Imb: +27.37%
2024-12-27 13:17:20,031 - DEBUG - Проверка обновления истории в 2024-12-27 13:17:20.031619
2024-12-27 13:17:20,031 - DEBUG - Price: 0.49 | Bid Vol: 153,289 | Ask Vol: 91,120 | Imb: +25.44%
2024-12-27 13:17:20,040 - DEBUG - Проверка обновления истории в 2024-12-27 13:17:20.040181
2024-12-27 13:17:20,040 - DEBUG - Price: 0.49 | Bid Vol: 154,478 | Ask Vol: 90,022 | Imb: +26.36%
2024-12-27 13:17:20,084 - DEBUG - Проверка обновления истории в 2024-12-27 13:17:20.084901
2024-12-27 13:17:20,084 - DEBUG - Price: 0.49 | Bid Vol: 154,478 | Ask Vol: 90,022 | Imb: +26.36%
2024-12-27 13:17:21,023 - DEBUG - Проверка обновления истории в 2024-12-27 13:17:21.023761
2024-12-27 13:17:21,023 - DEBUG - Price: 0.49 | Bid Vol: 154,546 | Ask Vol: 89,823 | Imb: +26.49%
2024-12-27 13:17:23,003 - DEBUG - Проверка обновления истории в 2024-12-27 13:17:23.003868
2024-12-27 13:17:23,004 - DEBUG - Price: 0.49 | Bid Vol: 158,154 | Ask Vol: 98,120 | Imb: +23.43%
2024-12-27 13:17:23,090 - DEBUG - Проверка обновления истории в 2024-12-27 13:17:23.090581
2024-12-27 13:17:23,090 - DEBUG - Price: 0.49 | Bid Vol: 158,824 | Ask Vol: 97,844 | Imb: +23.76%
2024-12-27 13:17:24,036 - DEBUG - Проверка обновления истории в 2024-12-27 13:17:24.036981
2024-12-27 13:17:24,037 - DEBUG - Price: 0.49 | Bid Vol: 150,126 | Ask Vol: 93,440 | Imb: +23.27%
