2024-12-27 13:17:28,645 - INFO - Starting order monitoring system
2024-12-27 13:17:29,810 - INFO - Connected to Binance Futures WebSocket for strkusdt
2024-12-27 13:18:00,062 - INFO - === СТАТИСТИКА 1M ===
1m  | Trend: UP   | Imb:  +16.0% | Vol Ratio:  1.4
==================

2024-12-27 13:19:00,058 - INFO - === СТАТИСТИКА 1M ===
1m  | Trend: UP   | Imb:  +14.3% | Vol Ratio:  1.3
==================

2024-12-27 13:20:00,065 - INFO - === СТАТИСТИКА 1M ===
1m  | Trend: DOWN | Imb:   +1.1% | Vol Ratio:  1.0
==================

2024-12-27 13:20:00,066 - INFO - === СТАТИСТИКА 5M ===
5m  | Trend: DOWN | Imb:   +1.1% | Vol Ratio:  1.0
==================

2024-12-27 13:22:00,091 - INFO - === СТАТИСТИКА 1M ===
1m  | Trend: -    | Imb:  +13.5% | Vol Ratio:  1.3
==================

2024-12-27 13:27:00,001 - INFO - === СТАТИСТИКА 1M ===
1m  | Trend: -    | Imb:  +18.6% | Vol Ratio:  1.5
==================

2024-12-27 13:27:00,002 - INFO - === СТАТИСТИКА 1M ===
1m  | Trend: -    | Imb:  +18.6% | Vol Ratio:  1.5
==================

2024-12-27 13:32:00,081 - INFO - === СТАТИСТИКА 1M ===
1m  | Trend: DOWN | Imb:   -6.7% | Vol Ratio:  0.9
==================

2024-12-27 13:40:00,036 - INFO - === СТАТИСТИКА 1M ===
1m  | Trend: DOWN | Imb:   -0.9% | Vol Ratio:  1.0
==================

2024-12-27 13:40:00,037 - INFO - === СТАТИСТИКА 5M ===
5m  | Trend: DOWN | Imb:   -0.9% | Vol Ratio:  1.0
==================

2024-12-27 13:41:00,066 - INFO - === СТАТИСТИКА 1M ===
1m  | Trend: UP   | Imb:   +1.7% | Vol Ratio:  1.0
==================

2024-12-27 13:47:00,014 - INFO - === СТАТИСТИКА 1M ===
1m  | Trend: -    | Imb:   -3.3% | Vol Ratio:  0.9
==================

2024-12-27 13:48:00,033 - INFO - === СТАТИСТИКА 1M ===
1m  | Trend: -    | Imb:   -7.2% | Vol Ratio:  0.9
==================

2024-12-27 13:49:00,099 - INFO - === СТАТИСТИКА 1M ===
1m  | Trend: UP   | Imb:   +4.2% | Vol Ratio:  1.1
==================

2024-12-27 13:51:00,084 - INFO - === СТАТИСТИКА 1M ===
1m  | Trend: DOWN | Imb:  -10.9% | Vol Ratio:  0.8
==================

2024-12-27 13:52:00,063 - INFO - === СТАТИСТИКА 1M ===
1m  | Trend: -    | Imb:   +7.8% | Vol Ratio:  1.2
==================

2024-12-27 13:54:00,065 - INFO - === СТАТИСТИКА 1M ===
1m  | Trend: -    | Imb:   +7.1% | Vol Ratio:  1.2
==================

