2024-12-27 19:39:19,000 - INFO - Starting order monitoring system
2024-12-27 19:39:20,191 - INFO - Connected to Binance Futures WebSocket for strkusdt
2024-12-27 19:40:00,293 - INFO - === СТАТИСТИКА 5M ===
5m  | Trend: -    | Imb:   -0.9% | Vol Ratio:  0.9
==================

2024-12-27 19:40:00,395 - INFO - === СТАТИСТИКА 5M ===
5m  | Trend: -    | Imb:   -0.9% | Vol Ratio:  0.9
==================

2024-12-27 19:40:00,572 - INFO - === СТАТИСТИКА 5M ===
5m  | Trend: -    | Imb:   -0.9% | Vol Ratio:  0.9
==================

2024-12-27 19:40:00,677 - INFO - === СТАТИСТИКА 5M ===
5m  | Trend: -    | Imb:   -0.9% | Vol Ratio:  0.9
==================

2024-12-27 19:40:00,787 - INFO - === СТАТИСТИКА 5M ===
5m  | Trend: -    | Imb:   -0.9% | Vol Ratio:  0.9
==================

2024-12-27 19:40:00,891 - INFO - === СТАТИСТИКА 5M ===
5m  | Trend: -    | Imb:   -0.9% | Vol Ratio:  0.9
==================

2024-12-27 19:40:01,004 - INFO - === СТАТИСТИКА 5M ===
5m  | Trend: -    | Imb:   -0.9% | Vol Ratio:  0.9
==================

2024-12-27 19:40:01,114 - INFO - === СТАТИСТИКА 5M ===
5m  | Trend: -    | Imb:   -0.9% | Vol Ratio:  0.9
==================

2024-12-27 19:40:01,270 - INFO - === СТАТИСТИКА 5M ===
5m  | Trend: -    | Imb:   -0.9% | Vol Ratio:  0.9
==================

2024-12-27 19:40:01,370 - INFO - === СТАТИСТИКА 5M ===
5m  | Trend: -    | Imb:   -0.9% | Vol Ratio:  0.9
==================

2024-12-27 19:40:01,475 - INFO - === СТАТИСТИКА 5M ===
5m  | Trend: -    | Imb:   -0.9% | Vol Ratio:  0.9
==================

2024-12-27 19:40:01,693 - INFO - === СТАТИСТИКА 5M ===
5m  | Trend: -    | Imb:   -0.9% | Vol Ratio:  0.9
==================

2024-12-27 19:40:01,797 - INFO - === СТАТИСТИКА 5M ===
5m  | Trend: -    | Imb:   -0.9% | Vol Ratio:  0.9
==================

2024-12-27 19:40:01,983 - INFO - === СТАТИСТИКА 5M ===
5m  | Trend: -    | Imb:   -0.9% | Vol Ratio:  0.9
==================

2024-12-27 19:40:02,100 - INFO - === СТАТИСТИКА 5M ===
5m  | Trend: -    | Imb:   -0.9% | Vol Ratio:  0.9
==================

2024-12-27 19:40:02,302 - INFO - === СТАТИСТИКА 5M ===
5m  | Trend: -    | Imb:   -0.9% | Vol Ratio:  0.9
==================

2024-12-27 19:40:02,436 - INFO - === СТАТИСТИКА 5M ===
5m  | Trend: -    | Imb:   -0.9% | Vol Ratio:  0.9
==================

2024-12-27 19:40:02,539 - INFO - === СТАТИСТИКА 5M ===
5m  | Trend: -    | Imb:   -0.9% | Vol Ratio:  0.9
==================

2024-12-27 19:40:02,646 - INFO - === СТАТИСТИКА 5M ===
5m  | Trend: -    | Imb:   -0.9% | Vol Ratio:  0.9
==================

2024-12-27 19:40:02,804 - INFO - === СТАТИСТИКА 5M ===
5m  | Trend: -    | Imb:   -0.9% | Vol Ratio:  0.9
==================

2024-12-27 19:40:02,906 - INFO - === СТАТИСТИКА 5M ===
5m  | Trend: -    | Imb:   -0.9% | Vol Ratio:  0.9
==================

2024-12-27 19:40:03,009 - INFO - === СТАТИСТИКА 5M ===
5m  | Trend: -    | Imb:   -0.9% | Vol Ratio:  0.9
==================

2024-12-27 19:40:03,126 - INFO - === СТАТИСТИКА 5M ===
5m  | Trend: -    | Imb:   -0.9% | Vol Ratio:  0.9
==================

2024-12-27 19:40:03,241 - INFO - === СТАТИСТИКА 5M ===
5m  | Trend: -    | Imb:   -0.9% | Vol Ratio:  0.9
==================

2024-12-27 19:40:03,356 - INFO - === СТАТИСТИКА 5M ===
5m  | Trend: -    | Imb:   -0.9% | Vol Ratio:  0.9
==================

2024-12-27 19:40:03,453 - INFO - === СТАТИСТИКА 5M ===
5m  | Trend: -    | Imb:   -0.9% | Vol Ratio:  0.9
==================

2024-12-27 19:40:03,569 - INFO - === СТАТИСТИКА 5M ===
5m  | Trend: -    | Imb:   -0.9% | Vol Ratio:  0.9
==================

2024-12-27 19:40:03,675 - INFO - === СТАТИСТИКА 5M ===
5m  | Trend: -    | Imb:   -0.9% | Vol Ratio:  0.9
==================

2024-12-27 19:40:03,783 - INFO - === СТАТИСТИКА 5M ===
5m  | Trend: -    | Imb:   -0.9% | Vol Ratio:  0.9
==================

2024-12-27 19:40:03,899 - INFO - === СТАТИСТИКА 5M ===
5m  | Trend: -    | Imb:   -0.9% | Vol Ratio:  0.9
==================

2024-12-27 19:40:04,225 - INFO - === СТАТИСТИКА 5M ===
5m  | Trend: -    | Imb:   -0.9% | Vol Ratio:  0.9
==================

2024-12-27 19:40:04,402 - INFO - === СТАТИСТИКА 5M ===
5m  | Trend: -    | Imb:   -0.9% | Vol Ratio:  0.9
==================

2024-12-27 19:40:04,519 - INFO - === СТАТИСТИКА 5M ===
5m  | Trend: -    | Imb:   -0.9% | Vol Ratio:  0.9
==================

2024-12-27 19:40:04,623 - INFO - === СТАТИСТИКА 5M ===
5m  | Trend: -    | Imb:   -0.9% | Vol Ratio:  0.9
==================

2024-12-27 19:40:04,736 - INFO - === СТАТИСТИКА 5M ===
5m  | Trend: -    | Imb:   -0.9% | Vol Ratio:  0.9
==================

2024-12-27 19:40:05,043 - INFO - === СТАТИСТИКА 5M ===
5m  | Trend: -    | Imb:   -0.9% | Vol Ratio:  0.9
==================

2024-12-27 19:40:05,162 - INFO - === СТАТИСТИКА 5M ===
5m  | Trend: -    | Imb:   -0.9% | Vol Ratio:  0.9
==================

2024-12-27 19:40:05,266 - INFO - === СТАТИСТИКА 5M ===
5m  | Trend: -    | Imb:   -0.9% | Vol Ratio:  0.9
==================

2024-12-27 19:40:05,375 - INFO - === СТАТИСТИКА 5M ===
5m  | Trend: -    | Imb:   -0.9% | Vol Ratio:  0.9
==================

2024-12-27 19:40:05,479 - INFO - === СТАТИСТИКА 5M ===
5m  | Trend: -    | Imb:   -0.9% | Vol Ratio:  0.9
==================

2024-12-27 19:40:05,587 - INFO - === СТАТИСТИКА 5M ===
5m  | Trend: -    | Imb:   -0.9% | Vol Ratio:  0.9
==================

2024-12-27 19:40:05,695 - INFO - === СТАТИСТИКА 5M ===
5m  | Trend: -    | Imb:   -0.9% | Vol Ratio:  0.9
==================

2024-12-27 19:40:05,811 - INFO - === СТАТИСТИКА 5M ===
5m  | Trend: -    | Imb:   -0.9% | Vol Ratio:  0.9
==================

2024-12-27 19:40:05,915 - INFO - === СТАТИСТИКА 5M ===
5m  | Trend: -    | Imb:   -0.9% | Vol Ratio:  0.9
==================

2024-12-27 19:40:06,037 - INFO - === СТАТИСТИКА 5M ===
5m  | Trend: -    | Imb:   -0.9% | Vol Ratio:  0.9
==================

2024-12-27 19:40:06,258 - INFO - === СТАТИСТИКА 5M ===
5m  | Trend: -    | Imb:   -0.9% | Vol Ratio:  0.9
==================

2024-12-27 19:40:06,511 - INFO - === СТАТИСТИКА 5M ===
5m  | Trend: -    | Imb:   -0.9% | Vol Ratio:  0.9
==================

2024-12-27 19:40:06,621 - INFO - === СТАТИСТИКА 5M ===
5m  | Trend: -    | Imb:   -0.9% | Vol Ratio:  0.9
==================

