2024-12-27 12:58:07,752 - INFO - Starting order monitoring system
2024-12-27 12:58:09,233 - INFO - Connected to Binance Futures WebSocket for strkusdt
2024-12-27 12:59:00,000 - INFO - === СТАТИСТИКА 1M ===
1m  | Trend: -    | Imb:  +20.8% | Vol Ratio:  1.5
==================

2024-12-27 12:59:00,182 - INFO - === СТАТИСТИКА 1M ===
1m  | Trend: -    | Imb:  +20.8% | Vol Ratio:  1.5
==================

2024-12-27 12:59:00,242 - INFO - === СТАТИСТИКА 1M ===
1m  | Trend: -    | Imb:  +20.8% | Vol Ratio:  1.5
==================

2024-12-27 12:59:00,359 - INFO - === СТАТИСТИКА 1M ===
1m  | Trend: -    | Imb:  +20.8% | Vol Ratio:  1.5
==================

2024-12-27 12:59:00,550 - INFO - === СТАТИСТИКА 1M ===
1m  | Trend: -    | Imb:  +20.8% | Vol Ratio:  1.5
==================

2024-12-27 12:59:00,665 - INFO - === СТАТИСТИКА 1M ===
1m  | Trend: -    | Imb:  +20.8% | Vol Ratio:  1.5
==================

2024-12-27 12:59:00,871 - INFO - === СТАТИСТИКА 1M ===
1m  | Trend: -    | Imb:  +20.8% | Vol Ratio:  1.5
==================

2024-12-27 12:59:00,979 - INFO - === СТАТИСТИКА 1M ===
1m  | Trend: -    | Imb:  +20.8% | Vol Ratio:  1.5
==================

2024-12-27 13:00:00,205 - INFO - === СТАТИСТИКА 1M ===
1m  | Trend: -    | Imb:  +20.8% | Vol Ratio:  1.5
==================

2024-12-27 13:00:00,206 - INFO - === СТАТИСТИКА 1M ===
1m  | Trend: -    | Imb:  +20.8% | Vol Ratio:  1.5
==================

2024-12-27 13:00:00,206 - INFO - === СТАТИСТИКА 1M ===
1m  | Trend: -    | Imb:  +20.8% | Vol Ratio:  1.5
==================

2024-12-27 13:00:00,207 - INFO - === СТАТИСТИКА 1M ===
1m  | Trend: -    | Imb:  +20.8% | Vol Ratio:  1.5
==================

2024-12-27 13:00:00,278 - INFO - === СТАТИСТИКА 1M ===
1m  | Trend: -    | Imb:  +20.8% | Vol Ratio:  1.5
==================

2024-12-27 13:00:00,467 - INFO - === СТАТИСТИКА 1M ===
1m  | Trend: -    | Imb:  +20.8% | Vol Ratio:  1.5
==================

2024-12-27 13:00:00,527 - INFO - === СТАТИСТИКА 1M ===
1m  | Trend: -    | Imb:  +20.8% | Vol Ratio:  1.5
==================

2024-12-27 13:00:00,652 - INFO - === СТАТИСТИКА 1M ===
1m  | Trend: -    | Imb:  +20.8% | Vol Ratio:  1.5
==================

2024-12-27 13:00:00,757 - INFO - === СТАТИСТИКА 1M ===
1m  | Trend: -    | Imb:  +20.8% | Vol Ratio:  1.5
==================

2024-12-27 13:00:00,888 - INFO - === СТАТИСТИКА 1M ===
1m  | Trend: -    | Imb:  +20.8% | Vol Ratio:  1.5
==================

2024-12-27 13:00:00,996 - INFO - === СТАТИСТИКА 1M ===
1m  | Trend: -    | Imb:  +20.8% | Vol Ratio:  1.5
==================

