2024-12-27 14:29:51,214 - INFO - Starting order monitoring system
2024-12-27 14:29:52,685 - INFO - Connected to Binance Futures WebSocket for strkusdt
2024-12-27 14:30:00,005 - INFO - === СТАТИСТИКА 1M ===
1m  | Trend: -    | Imb:   +5.8% | Vol Ratio:  1.1
==================

2024-12-27 14:33:00,068 - INFO - === СТАТИСТИКА 1M ===
1m  | Trend: -    | Imb:   -5.2% | Vol Ratio:  0.9
==================

2024-12-27 14:37:00,058 - INFO - === СТАТИСТИКА 1M ===
1m  | Trend: -    | Imb:   +6.1% | Vol Ratio:  1.1
==================

2024-12-27 14:38:00,100 - INFO - === СТАТИСТИКА 1M ===
1m  | Trend: UP   | Imb:  +11.6% | Vol Ratio:  1.3
==================

2024-12-27 14:39:00,093 - INFO - === СТАТИСТИКА 1M ===
1m  | Trend: DOWN | Imb:   -7.5% | Vol Ratio:  0.9
==================

2024-12-27 14:40:00,013 - INFO - === СТАТИСТИКА 1M ===
1m  | Trend: DOWN | Imb:   -8.4% | Vol Ratio:  0.8
==================

2024-12-27 14:40:00,014 - INFO - === СТАТИСТИКА 5M ===
5m  | Trend: DOWN | Imb:   -8.4% | Vol Ratio:  0.8
==================

2024-12-27 14:41:00,030 - INFO - === СТАТИСТИКА 1M ===
1m  | Trend: DOWN | Imb:   -8.7% | Vol Ratio:  0.8
==================

2024-12-27 14:42:00,020 - INFO - === СТАТИСТИКА 1M ===
1m  | Trend: DOWN | Imb:  -16.2% | Vol Ratio:  0.7
==================

2024-12-27 14:43:00,096 - INFO - === СТАТИСТИКА 1M ===
1m  | Trend: DOWN | Imb:   -6.2% | Vol Ratio:  0.9
==================

2024-12-27 14:44:00,078 - INFO - === СТАТИСТИКА 1M ===
1m  | Trend: -    | Imb:   +4.2% | Vol Ratio:  1.1
==================

2024-12-27 14:45:00,074 - INFO - === СТАТИСТИКА 1M ===
1m  | Trend: UP   | Imb:   +4.9% | Vol Ratio:  1.1
==================

2024-12-27 14:45:00,075 - INFO - === СТАТИСТИКА 5M ===
5m  | Trend: -    | Imb:   +4.9% | Vol Ratio:  1.1
==================

2024-12-27 14:45:00,075 - INFO - === СТАТИСТИКА 15M ===
15m | Trend: -    | Imb:   +4.9% | Vol Ratio:  1.1
==================

2024-12-27 14:49:00,013 - INFO - === СТАТИСТИКА 1M ===
1m  | Trend: UP   | Imb:  +13.3% | Vol Ratio:  1.3
==================

2024-12-27 14:50:00,043 - INFO - === СТАТИСТИКА 1M ===
1m  | Trend: UP   | Imb:  +16.9% | Vol Ratio:  1.4
==================

2024-12-27 14:50:00,045 - INFO - === СТАТИСТИКА 5M ===
5m  | Trend: UP   | Imb:  +16.9% | Vol Ratio:  1.4
==================

2024-12-27 14:50:00,099 - INFO - === СТАТИСТИКА 1M ===
1m  | Trend: UP   | Imb:  +20.9% | Vol Ratio:  1.5
==================

2024-12-27 14:50:00,099 - INFO - === СТАТИСТИКА 5M ===
5m  | Trend: UP   | Imb:  +20.9% | Vol Ratio:  1.5
==================

2024-12-27 14:53:00,021 - INFO - === СТАТИСТИКА 1M ===
1m  | Trend: UP   | Imb:  +11.6% | Vol Ratio:  1.3
==================

2024-12-27 14:54:00,014 - INFO - === СТАТИСТИКА 1M ===
1m  | Trend: UP   | Imb:   +5.8% | Vol Ratio:  1.1
==================

2024-12-27 14:56:00,066 - INFO - === СТАТИСТИКА 1M ===
1m  | Trend: UP   | Imb:  +22.9% | Vol Ratio:  1.6
==================

2024-12-27 14:57:00,084 - INFO - === СТАТИСТИКА 1M ===
1m  | Trend: UP   | Imb:   +9.4% | Vol Ratio:  1.2
==================

2024-12-27 15:02:00,003 - INFO - === СТАТИСТИКА 1M ===
1m  | Trend: -    | Imb:   +4.5% | Vol Ratio:  1.1
==================

2024-12-27 15:03:00,087 - INFO - === СТАТИСТИКА 1M ===
1m  | Trend: UP   | Imb:  +17.5% | Vol Ratio:  1.4
==================

2024-12-27 15:05:00,036 - INFO - === СТАТИСТИКА 1M ===
1m  | Trend: DOWN | Imb:   +0.1% | Vol Ratio:  1.0
==================

2024-12-27 15:05:00,037 - INFO - === СТАТИСТИКА 5M ===
5m  | Trend: DOWN | Imb:   +0.1% | Vol Ratio:  1.0
==================

