2024-12-27 15:41:05,878 - INFO - Starting order monitoring system
2024-12-27 15:41:07,155 - INFO - Connected to Binance Futures WebSocket for strkusdt
2024-12-27 15:43:00,149 - INFO - === СТАТИСТИКА 1M ===
1m  | Trend: -    | Imb:   -1.1% | Vol Ratio:  1.0
==================

2024-12-27 15:44:00,236 - INFO - === СТАТИСТИКА 1M ===
1m  | Trend: -    | Imb:   -1.4% | Vol Ratio:  1.0
==================

2024-12-27 15:45:00,057 - INFO - === СТАТИСТИКА 1M ===
1m  | Trend: DOWN | Imb:  -11.0% | Vol Ratio:  0.8
==================

2024-12-27 15:46:00,101 - INFO - === СТАТИСТИКА 1M ===
1m  | Trend: -    | Imb:   -2.8% | Vol Ratio:  0.9
==================

2024-12-27 15:47:00,020 - INFO - === СТАТИСТИКА 1M ===
1m  | Trend: -    | Imb:   -3.7% | Vol Ratio:  0.9
==================

2024-12-27 15:48:00,001 - INFO - === СТАТИСТИКА 1M ===
1m  | Trend: DOWN | Imb:  -11.1% | Vol Ratio:  0.8
==================

2024-12-27 15:49:00,042 - INFO - === СТАТИСТИКА 1M ===
1m  | Trend: DOWN | Imb:   -8.8% | Vol Ratio:  0.8
==================

2024-12-27 15:50:00,122 - INFO - === СТАТИСТИКА 1M ===
1m  | Trend: DOWN | Imb:  -15.9% | Vol Ratio:  0.7
==================

2024-12-27 15:51:00,158 - INFO - === СТАТИСТИКА 1M ===
1m  | Trend: DOWN | Imb:  -10.9% | Vol Ratio:  0.8
==================

2024-12-27 15:52:00,286 - INFO - === СТАТИСТИКА 1M ===
1m  | Trend: DOWN | Imb:   -6.9% | Vol Ratio:  0.9
==================

2024-12-27 15:53:00,088 - INFO - === СТАТИСТИКА 1M ===
1m  | Trend: DOWN | Imb:   -7.4% | Vol Ratio:  0.9
==================

2024-12-27 15:54:00,146 - INFO - === СТАТИСТИКА 1M ===
1m  | Trend: UP   | Imb:   -5.5% | Vol Ratio:  0.9
==================

2024-12-27 15:55:00,348 - INFO - === СТАТИСТИКА 1M ===
1m  | Trend: -    | Imb:   -4.9% | Vol Ratio:  0.9
==================

2024-12-27 15:56:00,011 - INFO - === СТАТИСТИКА 1M ===
1m  | Trend: -    | Imb:   +0.7% | Vol Ratio:  1.0
==================

2024-12-27 15:57:00,225 - INFO - === СТАТИСТИКА 1M ===
1m  | Trend: UP   | Imb:   +3.0% | Vol Ratio:  1.1
==================

2024-12-27 15:58:00,156 - INFO - === СТАТИСТИКА 1M ===
1m  | Trend: UP   | Imb:   -1.1% | Vol Ratio:  1.0
==================

2024-12-27 15:59:00,054 - INFO - === СТАТИСТИКА 1M ===
1m  | Trend: UP   | Imb:   +3.5% | Vol Ratio:  1.1
==================

2024-12-27 16:00:00,105 - INFO - === СТАТИСТИКА 1M ===
1m  | Trend: UP   | Imb:   +6.7% | Vol Ratio:  1.1
==================

2024-12-27 16:01:00,459 - INFO - === СТАТИСТИКА 1M ===
1m  | Trend: UP   | Imb:   +9.6% | Vol Ratio:  1.2
==================

2024-12-27 16:02:00,196 - INFO - === СТАТИСТИКА 1M ===
1m  | Trend: UP   | Imb:  +12.0% | Vol Ratio:  1.3
==================

2024-12-27 16:03:00,083 - INFO - === СТАТИСТИКА 1M ===
1m  | Trend: UP   | Imb:   +9.7% | Vol Ratio:  1.2
==================

2024-12-27 16:04:00,100 - INFO - === СТАТИСТИКА 1M ===
1m  | Trend: UP   | Imb:  +11.4% | Vol Ratio:  1.3
==================

2024-12-27 16:05:00,126 - INFO - === СТАТИСТИКА 1M ===
1m  | Trend: -    | Imb:   +5.4% | Vol Ratio:  1.1
==================

2024-12-27 16:06:00,099 - INFO - === СТАТИСТИКА 1M ===
1m  | Trend: -    | Imb:   +2.9% | Vol Ratio:  1.1
==================

2024-12-27 16:07:00,018 - INFO - === СТАТИСТИКА 1M ===
1m  | Trend: -    | Imb:   -3.5% | Vol Ratio:  0.9
==================

2024-12-27 16:08:00,051 - INFO - === СТАТИСТИКА 1M ===
1m  | Trend: DOWN | Imb:  -11.1% | Vol Ratio:  0.8
==================

2024-12-27 16:09:00,111 - INFO - === СТАТИСТИКА 1M ===
1m  | Trend: DOWN | Imb:   -9.7% | Vol Ratio:  0.8
==================

2024-12-27 16:10:00,069 - INFO - === СТАТИСТИКА 1M ===
1m  | Trend: DOWN | Imb:   -4.9% | Vol Ratio:  0.9
==================

2024-12-27 16:10:00,070 - INFO - === СТАТИСТИКА 5M ===
5m  | Trend: -    | Imb:   -5.3% | Vol Ratio:  0.9
==================

2024-12-27 16:11:00,094 - INFO - === СТАТИСТИКА 1M ===
1m  | Trend: DOWN | Imb:   +4.2% | Vol Ratio:  1.1
==================

2024-12-27 16:12:00,098 - INFO - === СТАТИСТИКА 1M ===
1m  | Trend: -    | Imb:   +8.1% | Vol Ratio:  1.2
==================

2024-12-27 16:13:00,032 - INFO - === СТАТИСТИКА 1M ===
1m  | Trend: DOWN | Imb:   +3.2% | Vol Ratio:  1.1
==================

2024-12-27 16:14:00,071 - INFO - === СТАТИСТИКА 1M ===
1m  | Trend: UP   | Imb:  +12.0% | Vol Ratio:  1.3
==================

2024-12-27 16:15:00,146 - INFO - === СТАТИСТИКА 1M ===
1m  | Trend: -    | Imb:   +4.6% | Vol Ratio:  1.1
==================

2024-12-27 16:16:00,111 - INFO - === СТАТИСТИКА 1M ===
1m  | Trend: UP   | Imb:   +2.8% | Vol Ratio:  1.1
==================

2024-12-27 16:17:00,073 - INFO - === СТАТИСТИКА 1M ===
1m  | Trend: UP   | Imb:   -4.6% | Vol Ratio:  0.9
==================

2024-12-27 16:18:00,033 - INFO - === СТАТИСТИКА 1M ===
1m  | Trend: UP   | Imb:   +0.9% | Vol Ratio:  1.0
==================

2024-12-27 16:19:00,118 - INFO - === СТАТИСТИКА 1M ===
1m  | Trend: UP   | Imb:   +5.4% | Vol Ratio:  1.1
==================

2024-12-27 16:20:00,165 - INFO - === СТАТИСТИКА 1M ===
1m  | Trend: DOWN | Imb:   -1.6% | Vol Ratio:  1.0
==================

2024-12-27 16:21:00,082 - INFO - === СТАТИСТИКА 1M ===
1m  | Trend: DOWN | Imb:   -7.1% | Vol Ratio:  0.9
==================

2024-12-27 16:22:00,159 - INFO - === СТАТИСТИКА 1M ===
1m  | Trend: -    | Imb:   +7.4% | Vol Ratio:  1.2
==================

2024-12-27 16:23:00,271 - INFO - === СТАТИСТИКА 1M ===
1m  | Trend: -    | Imb:  +12.3% | Vol Ratio:  1.3
==================

2024-12-27 16:24:00,088 - INFO - === СТАТИСТИКА 1M ===
1m  | Trend: -    | Imb:   +8.2% | Vol Ratio:  1.2
==================

2024-12-27 16:25:00,133 - INFO - === СТАТИСТИКА 1M ===
1m  | Trend: UP   | Imb:  +11.3% | Vol Ratio:  1.3
==================

2024-12-27 16:26:00,046 - INFO - === СТАТИСТИКА 1M ===
1m  | Trend: UP   | Imb:  +14.5% | Vol Ratio:  1.3
==================

2024-12-27 16:27:00,071 - INFO - === СТАТИСТИКА 1M ===
1m  | Trend: UP   | Imb:   +8.6% | Vol Ratio:  1.2
==================

2024-12-27 16:28:00,077 - INFO - === СТАТИСТИКА 1M ===
1m  | Trend: DOWN | Imb:   -0.8% | Vol Ratio:  1.0
==================

2024-12-27 16:29:00,085 - INFO - === СТАТИСТИКА 1M ===
1m  | Trend: UP   | Imb:   +4.3% | Vol Ratio:  1.1
==================

2024-12-27 16:30:00,005 - INFO - === СТАТИСТИКА 1M ===
1m  | Trend: UP   | Imb:   +9.1% | Vol Ratio:  1.2
==================

2024-12-27 16:30:00,006 - INFO - === СТАТИСТИКА 5M ===
5m  | Trend: UP   | Imb:   +7.1% | Vol Ratio:  1.2
==================

2024-12-27 16:30:00,007 - INFO - === СТАТИСТИКА 15M ===
15m | Trend: UP   | Imb:   +4.7% | Vol Ratio:  1.1
==================

2024-12-27 16:31:00,047 - INFO - === СТАТИСТИКА 1M ===
1m  | Trend: -    | Imb:   +5.6% | Vol Ratio:  1.1
==================

2024-12-27 16:32:00,102 - INFO - === СТАТИСТИКА 1M ===
1m  | Trend: -    | Imb:  +10.4% | Vol Ratio:  1.2
==================

2024-12-27 16:33:00,031 - INFO - === СТАТИСТИКА 1M ===
1m  | Trend: UP   | Imb:  +30.8% | Vol Ratio:  1.9
==================

2024-12-27 16:34:00,047 - INFO - === СТАТИСТИКА 1M ===
1m  | Trend: -    | Imb:  +10.0% | Vol Ratio:  1.3
==================

2024-12-27 16:35:00,225 - INFO - === СТАТИСТИКА 1M ===
1m  | Trend: DOWN | Imb:   -2.4% | Vol Ratio:  1.0
==================

2024-12-27 16:36:00,063 - INFO - === СТАТИСТИКА 1M ===
1m  | Trend: DOWN | Imb:   +1.0% | Vol Ratio:  1.0
==================

2024-12-27 16:37:00,098 - INFO - === СТАТИСТИКА 1M ===
1m  | Trend: UP   | Imb:   +6.2% | Vol Ratio:  1.1
==================

2024-12-27 16:38:00,089 - INFO - === СТАТИСТИКА 1M ===
1m  | Trend: -    | Imb:   +2.0% | Vol Ratio:  1.0
==================

2024-12-27 16:39:00,112 - INFO - === СТАТИСТИКА 1M ===
1m  | Trend: -    | Imb:   +6.9% | Vol Ratio:  1.2
==================

2024-12-27 16:40:00,020 - INFO - === СТАТИСТИКА 1M ===
1m  | Trend: UP   | Imb:  +12.0% | Vol Ratio:  1.3
==================

2024-12-27 16:40:00,021 - INFO - === СТАТИСТИКА 5M ===
5m  | Trend: UP   | Imb:   +5.6% | Vol Ratio:  1.1
==================

2024-12-27 16:41:00,057 - INFO - === СТАТИСТИКА 1M ===
1m  | Trend: UP   | Imb:  +29.6% | Vol Ratio:  2.7
==================

2024-12-27 16:42:00,048 - INFO - === СТАТИСТИКА 1M ===
1m  | Trend: DOWN | Imb:   -3.1% | Vol Ratio:  0.9
==================

2024-12-27 16:43:00,074 - INFO - === СТАТИСТИКА 1M ===
1m  | Trend: DOWN | Imb:   -5.3% | Vol Ratio:  0.9
==================

2024-12-27 16:44:00,069 - INFO - === СТАТИСТИКА 1M ===
1m  | Trend: UP   | Imb:  +15.3% | Vol Ratio:  1.7
==================

2024-12-27 16:45:00,035 - INFO - === СТАТИСТИКА 1M ===
1m  | Trend: UP   | Imb:  +12.8% | Vol Ratio:  1.4
==================

2024-12-27 16:45:00,036 - INFO - === СТАТИСТИКА 5M ===
5m  | Trend: UP   | Imb:   +9.8% | Vol Ratio:  1.5
==================

2024-12-27 16:45:00,036 - INFO - === СТАТИСТИКА 15M ===
15m | Trend: UP   | Imb:   +8.8% | Vol Ratio:  1.3
==================

2024-12-27 16:46:00,081 - INFO - === СТАТИСТИКА 1M ===
1m  | Trend: UP   | Imb:  +34.5% | Vol Ratio:  3.3
==================

2024-12-27 16:47:00,102 - INFO - === СТАТИСТИКА 1M ===
1m  | Trend: UP   | Imb:  +57.2% | Vol Ratio:  4.9
==================

2024-12-27 16:48:00,065 - INFO - === СТАТИСТИКА 1M ===
1m  | Trend: UP   | Imb:  +64.3% | Vol Ratio:  5.6
==================

2024-12-27 16:49:00,418 - INFO - === СТАТИСТИКА 1M ===
1m  | Trend: UP   | Imb:  +35.6% | Vol Ratio:  3.3
==================

2024-12-27 16:50:00,027 - INFO - === СТАТИСТИКА 1M ===
1m  | Trend: DOWN | Imb:   +1.8% | Vol Ratio:  1.0
==================

2024-12-27 16:50:00,028 - INFO - === СТАТИСТИКА 5M ===
5m  | Trend: UP   | Imb:  +38.7% | Vol Ratio:  3.6
==================

2024-12-27 16:51:00,033 - INFO - === СТАТИСТИКА 1M ===
1m  | Trend: -    | Imb:   -1.4% | Vol Ratio:  1.0
==================

2024-12-27 16:52:00,134 - INFO - === СТАТИСТИКА 1M ===
1m  | Trend: -    | Imb:   -0.5% | Vol Ratio:  1.0
==================

2024-12-27 16:53:00,054 - INFO - === СТАТИСТИКА 1M ===
1m  | Trend: DOWN | Imb:   +5.5% | Vol Ratio:  1.1
==================

2024-12-27 16:54:00,026 - INFO - === СТАТИСТИКА 1M ===
1m  | Trend: DOWN | Imb:   +6.6% | Vol Ratio:  1.1
==================

2024-12-27 16:55:00,416 - INFO - === СТАТИСТИКА 1M ===
1m  | Trend: DOWN | Imb:  +11.7% | Vol Ratio:  1.5
==================

2024-12-27 16:56:00,069 - INFO - === СТАТИСТИКА 1M ===
1m  | Trend: DOWN | Imb:   +3.8% | Vol Ratio:  1.1
==================

2024-12-27 16:57:00,065 - INFO - === СТАТИСТИКА 1M ===
1m  | Trend: DOWN | Imb:   +2.1% | Vol Ratio:  1.0
==================

2024-12-27 16:58:00,061 - INFO - === СТАТИСТИКА 1M ===
1m  | Trend: DOWN | Imb:   +8.4% | Vol Ratio:  1.2
==================

2024-12-27 16:59:00,005 - INFO - === СТАТИСТИКА 1M ===
1m  | Trend: -    | Imb:   +5.3% | Vol Ratio:  1.1
==================

2024-12-27 17:00:00,135 - INFO - === СТАТИСТИКА 1M ===
1m  | Trend: -    | Imb:   -2.3% | Vol Ratio:  1.0
==================

2024-12-27 17:01:00,083 - INFO - === СТАТИСТИКА 1M ===
1m  | Trend: -    | Imb:   +2.8% | Vol Ratio:  1.1
==================

2024-12-27 17:02:00,097 - INFO - === СТАТИСТИКА 1M ===
1m  | Trend: UP   | Imb:  +17.3% | Vol Ratio:  1.4
==================

2024-12-27 17:03:00,087 - INFO - === СТАТИСТИКА 1M ===
1m  | Trend: UP   | Imb:  +11.9% | Vol Ratio:  1.3
==================

2024-12-27 17:04:00,066 - INFO - === СТАТИСТИКА 1M ===
1m  | Trend: -    | Imb:  +14.9% | Vol Ratio:  1.4
==================

2024-12-27 17:05:00,056 - INFO - === СТАТИСТИКА 1M ===
1m  | Trend: UP   | Imb:  +12.4% | Vol Ratio:  1.3
==================

2024-12-27 17:05:00,057 - INFO - === СТАТИСТИКА 5M ===
5m  | Trend: UP   | Imb:  +11.9% | Vol Ratio:  1.3
==================

2024-12-27 17:06:00,170 - INFO - === СТАТИСТИКА 1M ===
1m  | Trend: UP   | Imb:   +8.0% | Vol Ratio:  1.2
==================

2024-12-27 17:07:00,023 - INFO - === СТАТИСТИКА 1M ===
1m  | Trend: DOWN | Imb:   +1.6% | Vol Ratio:  1.0
==================

2024-12-27 17:08:00,131 - INFO - === СТАТИСТИКА 1M ===
1m  | Trend: -    | Imb:   +4.8% | Vol Ratio:  1.1
==================

2024-12-27 17:09:00,089 - INFO - === СТАТИСТИКА 1M ===
1m  | Trend: UP   | Imb:   +9.0% | Vol Ratio:  1.2
==================

2024-12-27 17:10:00,363 - INFO - === СТАТИСТИКА 1M ===
1m  | Trend: -    | Imb:   +3.7% | Vol Ratio:  1.1
==================

2024-12-27 17:11:00,101 - INFO - === СТАТИСТИКА 1M ===
1m  | Trend: DOWN | Imb:   +7.8% | Vol Ratio:  1.2
==================

2024-12-27 17:12:00,015 - INFO - === СТАТИСТИКА 1M ===
1m  | Trend: -    | Imb:  +10.5% | Vol Ratio:  1.2
==================

2024-12-27 17:13:00,072 - INFO - === СТАТИСТИКА 1M ===
1m  | Trend: -    | Imb:  +11.3% | Vol Ratio:  1.3
==================

2024-12-27 17:14:00,196 - INFO - === СТАТИСТИКА 1M ===
1m  | Trend: DOWN | Imb:   +4.8% | Vol Ratio:  1.1
==================

2024-12-27 17:15:00,284 - INFO - === СТАТИСТИКА 1M ===
1m  | Trend: -    | Imb:   +5.9% | Vol Ratio:  1.1
==================

2024-12-27 17:16:00,002 - INFO - === СТАТИСТИКА 1M ===
1m  | Trend: UP   | Imb:  +13.2% | Vol Ratio:  1.5
==================

2024-12-27 17:17:00,097 - INFO - === СТАТИСТИКА 1M ===
1m  | Trend: UP   | Imb:  +65.2% | Vol Ratio:  5.6
==================

2024-12-27 17:18:00,002 - INFO - === СТАТИСТИКА 1M ===
1m  | Trend: UP   | Imb:  +40.1% | Vol Ratio:  2.8
==================

2024-12-27 17:19:00,051 - INFO - === СТАТИСТИКА 1M ===
1m  | Trend: UP   | Imb:  +32.6% | Vol Ratio:  2.4
==================

2024-12-27 17:20:00,031 - INFO - === СТАТИСТИКА 1M ===
1m  | Trend: DOWN | Imb:   -7.9% | Vol Ratio:  0.9
==================

2024-12-27 17:20:00,032 - INFO - === СТАТИСТИКА 5M ===
5m  | Trend: UP   | Imb:  +28.6% | Vol Ratio:  2.5
==================

2024-12-27 17:21:00,101 - INFO - === СТАТИСТИКА 1M ===
1m  | Trend: DOWN | Imb:   -9.5% | Vol Ratio:  0.8
==================

2024-12-27 17:22:00,090 - INFO - === СТАТИСТИКА 1M ===
1m  | Trend: DOWN | Imb:   -7.9% | Vol Ratio:  0.9
==================

2024-12-27 17:23:00,106 - INFO - === СТАТИСТИКА 1M ===
1m  | Trend: DOWN | Imb:   -8.0% | Vol Ratio:  0.9
==================

2024-12-27 17:24:00,073 - INFO - === СТАТИСТИКА 1M ===
1m  | Trend: DOWN | Imb:  -10.2% | Vol Ratio:  0.8
==================

2024-12-27 17:25:00,021 - INFO - === СТАТИСТИКА 1M ===
1m  | Trend: DOWN | Imb:   -4.9% | Vol Ratio:  0.9
==================

2024-12-27 17:25:00,022 - INFO - === СТАТИСТИКА 5M ===
5m  | Trend: DOWN | Imb:   -8.1% | Vol Ratio:  0.8
==================

2024-12-27 17:26:00,152 - INFO - === СТАТИСТИКА 1M ===
1m  | Trend: DOWN | Imb:   -4.6% | Vol Ratio:  0.9
==================

2024-12-27 17:27:00,014 - INFO - === СТАТИСТИКА 1M ===
1m  | Trend: DOWN | Imb:   -6.6% | Vol Ratio:  0.9
==================

2024-12-27 17:28:00,087 - INFO - === СТАТИСТИКА 1M ===
1m  | Trend: DOWN | Imb:   -0.7% | Vol Ratio:  1.0
==================

2024-12-27 17:29:00,098 - INFO - === СТАТИСТИКА 1M ===
1m  | Trend: UP   | Imb:   +0.9% | Vol Ratio:  1.0
==================

2024-12-27 17:30:00,045 - INFO - === СТАТИСТИКА 1M ===
1m  | Trend: UP   | Imb:   +5.6% | Vol Ratio:  1.1
==================

2024-12-27 17:30:00,046 - INFO - === СТАТИСТИКА 5M ===
5m  | Trend: -    | Imb:   -1.1% | Vol Ratio:  1.0
==================

2024-12-27 17:30:00,047 - INFO - === СТАТИСТИКА 15M ===
15m | Trend: UP   | Imb:   +6.5% | Vol Ratio:  1.5
==================

2024-12-27 17:31:00,016 - INFO - === СТАТИСТИКА 1M ===
1m  | Trend: -    | Imb:   -5.8% | Vol Ratio:  0.9
==================

2024-12-27 17:32:00,097 - INFO - === СТАТИСТИКА 1M ===
1m  | Trend: -    | Imb:   -8.8% | Vol Ratio:  0.8
==================

2024-12-27 17:33:00,103 - INFO - === СТАТИСТИКА 1M ===
1m  | Trend: UP   | Imb:   -3.4% | Vol Ratio:  0.9
==================

2024-12-27 17:34:00,099 - INFO - === СТАТИСТИКА 1M ===
1m  | Trend: UP   | Imb:   +6.7% | Vol Ratio:  1.1
==================

2024-12-27 17:35:00,120 - INFO - === СТАТИСТИКА 1M ===
1m  | Trend: -    | Imb:   -1.7% | Vol Ratio:  1.0
==================

2024-12-27 17:36:00,216 - INFO - === СТАТИСТИКА 1M ===
1m  | Trend: UP   | Imb:   -0.4% | Vol Ratio:  1.0
==================

2024-12-27 17:37:00,021 - INFO - === СТАТИСТИКА 1M ===
1m  | Trend: UP   | Imb:   +5.2% | Vol Ratio:  1.1
==================

2024-12-27 17:38:00,008 - INFO - === СТАТИСТИКА 1M ===
1m  | Trend: -    | Imb:   -0.3% | Vol Ratio:  1.0
==================

2024-12-27 17:39:00,045 - INFO - === СТАТИСТИКА 1M ===
1m  | Trend: -    | Imb:   +3.5% | Vol Ratio:  1.1
==================

2024-12-27 17:40:00,069 - INFO - === СТАТИСТИКА 1M ===
1m  | Trend: UP   | Imb:  +12.9% | Vol Ratio:  1.3
==================

2024-12-27 17:40:00,071 - INFO - === СТАТИСТИКА 5M ===
5m  | Trend: UP   | Imb:   +4.2% | Vol Ratio:  1.1
==================

2024-12-27 17:41:00,057 - INFO - === СТАТИСТИКА 1M ===
1m  | Trend: UP   | Imb:   +9.0% | Vol Ratio:  1.2
==================

2024-12-27 17:42:00,042 - INFO - === СТАТИСТИКА 1M ===
1m  | Trend: UP   | Imb:   +3.5% | Vol Ratio:  1.1
==================

2024-12-27 17:43:00,099 - INFO - === СТАТИСТИКА 1M ===
1m  | Trend: -    | Imb:   +4.8% | Vol Ratio:  1.1
==================

2024-12-27 17:44:00,076 - INFO - === СТАТИСТИКА 1M ===
1m  | Trend: -    | Imb:   -3.5% | Vol Ratio:  0.9
==================

2024-12-27 17:45:00,031 - INFO - === СТАТИСТИКА 1M ===
1m  | Trend: -    | Imb:   -4.1% | Vol Ratio:  0.9
==================

2024-12-27 17:45:00,031 - INFO - === СТАТИСТИКА 5M ===
5m  | Trend: DOWN | Imb:   +1.9% | Vol Ratio:  1.0
==================

2024-12-27 17:45:00,033 - INFO - === СТАТИСТИКА 15M ===
15m | Trend: -    | Imb:   +1.2% | Vol Ratio:  1.0
==================

2024-12-27 17:46:00,098 - INFO - === СТАТИСТИКА 1M ===
1m  | Trend: DOWN | Imb:   -5.9% | Vol Ratio:  0.9
==================

2024-12-27 17:47:00,101 - INFO - === СТАТИСТИКА 1M ===
1m  | Trend: -    | Imb:   -0.7% | Vol Ratio:  1.0
==================

2024-12-27 17:48:00,053 - INFO - === СТАТИСТИКА 1M ===
1m  | Trend: -    | Imb:   -0.7% | Vol Ratio:  1.0
==================

2024-12-27 17:49:00,072 - INFO - === СТАТИСТИКА 1M ===
1m  | Trend: DOWN | Imb:   -2.7% | Vol Ratio:  1.0
==================

2024-12-27 17:50:00,067 - INFO - === СТАТИСТИКА 1M ===
1m  | Trend: DOWN | Imb:   +0.1% | Vol Ratio:  1.0
==================

2024-12-27 17:50:00,070 - INFO - === СТАТИСТИКА 5M ===
5m  | Trend: DOWN | Imb:   -2.0% | Vol Ratio:  1.0
==================

2024-12-27 17:51:00,029 - INFO - === СТАТИСТИКА 1M ===
1m  | Trend: -    | Imb:   +0.9% | Vol Ratio:  1.0
==================

2024-12-27 17:52:00,052 - INFO - === СТАТИСТИКА 1M ===
1m  | Trend: DOWN | Imb:   -9.6% | Vol Ratio:  0.8
==================

2024-12-27 17:53:00,019 - INFO - === СТАТИСТИКА 1M ===
1m  | Trend: UP   | Imb:   +5.2% | Vol Ratio:  1.1
==================

2024-12-27 17:54:00,072 - INFO - === СТАТИСТИКА 1M ===
1m  | Trend: -    | Imb:   -5.5% | Vol Ratio:  0.9
==================

2024-12-27 17:55:00,096 - INFO - === СТАТИСТИКА 1M ===
1m  | Trend: DOWN | Imb:  -11.6% | Vol Ratio:  0.8
==================

2024-12-27 17:55:00,098 - INFO - === СТАТИСТИКА 5M ===
5m  | Trend: DOWN | Imb:   -4.1% | Vol Ratio:  0.9
==================

2024-12-27 17:56:00,090 - INFO - === СТАТИСТИКА 1M ===
1m  | Trend: -    | Imb:   +0.3% | Vol Ratio:  1.0
==================

2024-12-27 17:57:00,087 - INFO - === СТАТИСТИКА 1M ===
1m  | Trend: UP   | Imb:   +9.5% | Vol Ratio:  1.2
==================

2024-12-27 17:58:00,073 - INFO - === СТАТИСТИКА 1M ===
1m  | Trend: -    | Imb:   +1.6% | Vol Ratio:  1.0
==================

2024-12-27 17:59:00,176 - INFO - === СТАТИСТИКА 1M ===
1m  | Trend: UP   | Imb:   +6.1% | Vol Ratio:  1.1
==================

2024-12-27 18:00:00,028 - INFO - === СТАТИСТИКА 1M ===
1m  | Trend: -    | Imb:   -1.8% | Vol Ratio:  1.0
==================

2024-12-27 18:00:00,029 - INFO - === СТАТИСТИКА 5M ===
5m  | Trend: DOWN | Imb:   +3.1% | Vol Ratio:  1.1
==================

2024-12-27 18:00:00,031 - INFO - === СТАТИСТИКА 15M ===
15m | Trend: -    | Imb:   -1.0% | Vol Ratio:  1.0
==================

2024-12-27 18:01:00,029 - INFO - === СТАТИСТИКА 1M ===
1m  | Trend: UP   | Imb:   -3.6% | Vol Ratio:  0.9
==================

2024-12-27 18:02:00,015 - INFO - === СТАТИСТИКА 1M ===
1m  | Trend: DOWN | Imb:   -6.5% | Vol Ratio:  0.9
==================

2024-12-27 18:03:00,128 - INFO - === СТАТИСТИКА 1M ===
1m  | Trend: UP   | Imb:  +13.3% | Vol Ratio:  1.3
==================

2024-12-27 18:04:00,085 - INFO - === СТАТИСТИКА 1M ===
1m  | Trend: UP   | Imb:   +7.1% | Vol Ratio:  1.1
==================

2024-12-27 18:05:00,049 - INFO - === СТАТИСТИКА 1M ===
1m  | Trend: -    | Imb:   +1.0% | Vol Ratio:  1.0
==================

2024-12-27 18:05:00,052 - INFO - === СТАТИСТИКА 5M ===
5m  | Trend: DOWN | Imb:   +2.2% | Vol Ratio:  1.0
==================

2024-12-27 18:06:00,058 - INFO - === СТАТИСТИКА 1M ===
1m  | Trend: UP   | Imb:  +47.9% | Vol Ratio:  3.7
==================

2024-12-27 18:07:00,048 - INFO - === СТАТИСТИКА 1M ===
1m  | Trend: UP   | Imb:   +9.8% | Vol Ratio:  1.5
==================

2024-12-27 18:08:00,126 - INFO - === СТАТИСТИКА 1M ===
1m  | Trend: DOWN | Imb:   +0.6% | Vol Ratio:  1.0
==================

2024-12-27 18:09:00,131 - INFO - === СТАТИСТИКА 1M ===
1m  | Trend: -    | Imb:   +2.9% | Vol Ratio:  1.1
==================

2024-12-27 18:10:00,044 - INFO - === СТАТИСТИКА 1M ===
1m  | Trend: UP   | Imb:  +22.3% | Vol Ratio:  2.3
==================

2024-12-27 18:10:00,045 - INFO - === СТАТИСТИКА 5M ===
5m  | Trend: DOWN | Imb:  +16.7% | Vol Ratio:  1.9
==================

2024-12-27 18:11:00,104 - INFO - === СТАТИСТИКА 1M ===
1m  | Trend: UP   | Imb:   +9.0% | Vol Ratio:  1.5
==================

2024-12-27 18:12:00,381 - INFO - === СТАТИСТИКА 1M ===
1m  | Trend: DOWN | Imb:   +0.4% | Vol Ratio:  1.0
==================

2024-12-27 18:13:00,152 - INFO - === СТАТИСТИКА 1M ===
1m  | Trend: DOWN | Imb:   +1.8% | Vol Ratio:  1.0
==================

2024-12-27 18:14:00,024 - INFO - === СТАТИСТИКА 1M ===
1m  | Trend: -    | Imb:   -0.1% | Vol Ratio:  1.0
==================

2024-12-27 18:15:00,257 - INFO - === СТАТИСТИКА 1M ===
1m  | Trend: DOWN | Imb:   -1.2% | Vol Ratio:  1.0
==================

2024-12-27 18:16:00,046 - INFO - === СТАТИСТИКА 1M ===
1m  | Trend: DOWN | Imb:   -2.1% | Vol Ratio:  1.0
==================

2024-12-27 18:17:00,147 - INFO - === СТАТИСТИКА 1M ===
1m  | Trend: DOWN | Imb:   -8.6% | Vol Ratio:  0.8
==================

2024-12-27 18:18:00,051 - INFO - === СТАТИСТИКА 1M ===
1m  | Trend: DOWN | Imb:   -5.2% | Vol Ratio:  0.9
==================

2024-12-27 18:19:00,124 - INFO - === СТАТИСТИКА 1M ===
1m  | Trend: DOWN | Imb:   +7.3% | Vol Ratio:  1.2
==================

2024-12-27 18:20:00,024 - INFO - === СТАТИСТИКА 1M ===
1m  | Trend: DOWN | Imb:   +2.7% | Vol Ratio:  1.1
==================

2024-12-27 18:20:00,026 - INFO - === СТАТИСТИКА 5M ===
5m  | Trend: UP   | Imb:   -1.2% | Vol Ratio:  1.0
==================

2024-12-27 18:21:00,062 - INFO - === СТАТИСТИКА 1M ===
1m  | Trend: UP   | Imb:  +16.1% | Vol Ratio:  1.6
==================

2024-12-27 18:22:00,061 - INFO - === СТАТИСТИКА 1M ===
1m  | Trend: UP   | Imb:  +40.2% | Vol Ratio:  3.1
==================

2024-12-27 18:23:00,334 - INFO - === СТАТИСТИКА 1M ===
1m  | Trend: UP   | Imb:  +52.9% | Vol Ratio:  3.2
==================

2024-12-27 18:24:00,023 - INFO - === СТАТИСТИКА 1M ===
1m  | Trend: UP   | Imb:  +25.9% | Vol Ratio:  1.9
==================

2024-12-27 18:25:00,003 - INFO - === СТАТИСТИКА 1M ===
1m  | Trend: DOWN | Imb:   -8.3% | Vol Ratio:  0.8
==================

2024-12-27 18:25:00,004 - INFO - === СТАТИСТИКА 5M ===
5m  | Trend: UP   | Imb:  +25.4% | Vol Ratio:  2.0
==================

2024-12-27 18:26:00,080 - INFO - === СТАТИСТИКА 1M ===
1m  | Trend: UP   | Imb:   +2.0% | Vol Ratio:  1.0
==================

2024-12-27 18:27:00,069 - INFO - === СТАТИСТИКА 1M ===
1m  | Trend: -    | Imb:   -3.6% | Vol Ratio:  0.9
==================

2024-12-27 18:28:00,051 - INFO - === СТАТИСТИКА 1M ===
1m  | Trend: DOWN | Imb:   -6.1% | Vol Ratio:  0.9
==================

2024-12-27 18:29:00,096 - INFO - === СТАТИСТИКА 1M ===
1m  | Trend: DOWN | Imb:   -7.4% | Vol Ratio:  0.9
==================

2024-12-27 18:30:00,163 - INFO - === СТАТИСТИКА 1M ===
1m  | Trend: DOWN | Imb:   -4.6% | Vol Ratio:  0.9
==================

2024-12-27 18:31:00,069 - INFO - === СТАТИСТИКА 1M ===
1m  | Trend: DOWN | Imb:   -4.5% | Vol Ratio:  0.9
==================

2024-12-27 18:32:00,038 - INFO - === СТАТИСТИКА 1M ===
1m  | Trend: DOWN | Imb:  -11.9% | Vol Ratio:  0.8
==================

2024-12-27 18:33:00,072 - INFO - === СТАТИСТИКА 1M ===
1m  | Trend: DOWN | Imb:  -10.9% | Vol Ratio:  0.8
==================

2024-12-27 18:34:00,015 - INFO - === СТАТИСТИКА 1M ===
1m  | Trend: UP   | Imb:   +2.8% | Vol Ratio:  1.1
==================

2024-12-27 18:35:00,108 - INFO - === СТАТИСТИКА 1M ===
1m  | Trend: UP   | Imb:  +10.2% | Vol Ratio:  1.2
==================

2024-12-27 18:36:00,039 - INFO - === СТАТИСТИКА 1M ===
1m  | Trend: UP   | Imb:  +12.5% | Vol Ratio:  1.3
==================

2024-12-27 18:37:00,010 - INFO - === СТАТИСТИКА 1M ===
1m  | Trend: UP   | Imb:   +4.6% | Vol Ratio:  1.1
==================

2024-12-27 18:38:00,040 - INFO - === СТАТИСТИКА 1M ===
1m  | Trend: UP   | Imb:   -1.3% | Vol Ratio:  1.0
==================

2024-12-27 18:39:00,103 - INFO - === СТАТИСТИКА 1M ===
1m  | Trend: UP   | Imb:  +11.0% | Vol Ratio:  1.2
==================

2024-12-27 18:40:00,233 - INFO - === СТАТИСТИКА 1M ===
1m  | Trend: UP   | Imb:  +18.3% | Vol Ratio:  1.5
==================

2024-12-27 18:41:00,146 - INFO - === СТАТИСТИКА 1M ===
1m  | Trend: UP   | Imb:  +12.1% | Vol Ratio:  1.3
==================

2024-12-27 18:42:00,001 - INFO - === СТАТИСТИКА 1M ===
1m  | Trend: UP   | Imb:  +11.2% | Vol Ratio:  1.2
==================

2024-12-27 18:43:00,186 - INFO - === СТАТИСТИКА 1M ===
1m  | Trend: UP   | Imb:  +11.7% | Vol Ratio:  1.3
==================

2024-12-27 18:44:00,100 - INFO - === СТАТИСТИКА 1M ===
1m  | Trend: -    | Imb:  +10.9% | Vol Ratio:  1.3
==================

2024-12-27 18:45:00,129 - INFO - === СТАТИСТИКА 1M ===
1m  | Trend: DOWN | Imb:   +4.9% | Vol Ratio:  1.1
==================

2024-12-27 18:46:00,095 - INFO - === СТАТИСТИКА 1M ===
1m  | Trend: -    | Imb:   +2.5% | Vol Ratio:  1.1
==================

2024-12-27 18:47:00,133 - INFO - === СТАТИСТИКА 1M ===
1m  | Trend: UP   | Imb:  +10.1% | Vol Ratio:  1.2
==================

2024-12-27 18:48:00,041 - INFO - === СТАТИСТИКА 1M ===
1m  | Trend: DOWN | Imb:   +4.3% | Vol Ratio:  1.1
==================

2024-12-27 18:49:00,021 - INFO - === СТАТИСТИКА 1M ===
1m  | Trend: DOWN | Imb:   +9.2% | Vol Ratio:  1.2
==================

2024-12-27 18:50:00,277 - INFO - === СТАТИСТИКА 1M ===
1m  | Trend: DOWN | Imb:   +6.8% | Vol Ratio:  1.1
==================

2024-12-27 18:51:00,056 - INFO - === СТАТИСТИКА 1M ===
1m  | Trend: -    | Imb:  +10.6% | Vol Ratio:  1.2
==================

2024-12-27 18:52:00,113 - INFO - === СТАТИСТИКА 1M ===
1m  | Trend: -    | Imb:  +10.7% | Vol Ratio:  1.2
==================

2024-12-27 18:53:00,034 - INFO - === СТАТИСТИКА 1M ===
1m  | Trend: -    | Imb:  +13.5% | Vol Ratio:  1.3
==================

2024-12-27 18:54:00,099 - INFO - === СТАТИСТИКА 1M ===
1m  | Trend: UP   | Imb:  +12.9% | Vol Ratio:  1.3
==================

2024-12-27 18:55:00,228 - INFO - === СТАТИСТИКА 1M ===
1m  | Trend: UP   | Imb:  +12.9% | Vol Ratio:  1.3
==================

2024-12-27 18:56:00,088 - INFO - === СТАТИСТИКА 1M ===
1m  | Trend: -    | Imb:  +11.2% | Vol Ratio:  1.3
==================

2024-12-27 18:57:00,057 - INFO - === СТАТИСТИКА 1M ===
1m  | Trend: -    | Imb:   +3.1% | Vol Ratio:  1.1
==================

2024-12-27 18:58:00,054 - INFO - === СТАТИСТИКА 1M ===
1m  | Trend: -    | Imb:   +4.6% | Vol Ratio:  1.1
==================

2024-12-27 18:59:00,240 - INFO - === СТАТИСТИКА 1M ===
1m  | Trend: DOWN | Imb:   -1.8% | Vol Ratio:  1.0
==================

2024-12-27 19:00:00,019 - INFO - === СТАТИСТИКА 1M ===
1m  | Trend: DOWN | Imb:   +3.6% | Vol Ratio:  1.1
==================

2024-12-27 19:00:00,020 - INFO - === СТАТИСТИКА 5M ===
5m  | Trend: -    | Imb:   +4.1% | Vol Ratio:  1.1
==================

2024-12-27 19:00:00,020 - INFO - === СТАТИСТИКА 15M ===
15m | Trend: UP   | Imb:   +7.6% | Vol Ratio:  1.2
==================

2024-12-27 19:01:00,079 - INFO - === СТАТИСТИКА 1M ===
1m  | Trend: DOWN | Imb:   -2.7% | Vol Ratio:  1.0
==================

2024-12-27 19:02:00,261 - INFO - === СТАТИСТИКА 1M ===
1m  | Trend: DOWN | Imb:   +0.7% | Vol Ratio:  1.0
==================

2024-12-27 19:03:00,090 - INFO - === СТАТИСТИКА 1M ===
1m  | Trend: DOWN | Imb:   +1.9% | Vol Ratio:  1.0
==================

2024-12-27 19:04:00,175 - INFO - === СТАТИСТИКА 1M ===
1m  | Trend: DOWN | Imb:   +3.0% | Vol Ratio:  1.1
==================

2024-12-27 19:05:00,179 - INFO - === СТАТИСТИКА 1M ===
1m  | Trend: DOWN | Imb:   +1.1% | Vol Ratio:  1.0
==================

2024-12-27 19:06:00,003 - INFO - === СТАТИСТИКА 1M ===
1m  | Trend: DOWN | Imb:   -2.2% | Vol Ratio:  1.0
==================

2024-12-27 19:07:00,276 - INFO - === СТАТИСТИКА 1M ===
1m  | Trend: UP   | Imb:  +13.0% | Vol Ratio:  1.3
==================

2024-12-27 19:08:00,162 - INFO - === СТАТИСТИКА 1M ===
1m  | Trend: UP   | Imb:   +8.3% | Vol Ratio:  1.2
==================

2024-12-27 19:09:00,085 - INFO - === СТАТИСТИКА 1M ===
1m  | Trend: UP   | Imb:  +16.0% | Vol Ratio:  1.4
==================

2024-12-27 19:10:00,144 - INFO - === СТАТИСТИКА 1M ===
1m  | Trend: UP   | Imb:  +21.7% | Vol Ratio:  1.6
==================

2024-12-27 19:11:00,088 - INFO - === СТАТИСТИКА 1M ===
1m  | Trend: UP   | Imb:  +15.2% | Vol Ratio:  1.4
==================

2024-12-27 19:12:00,044 - INFO - === СТАТИСТИКА 1M ===
1m  | Trend: UP   | Imb:  +14.3% | Vol Ratio:  1.3
==================

2024-12-27 19:13:00,003 - INFO - === СТАТИСТИКА 1M ===
1m  | Trend: UP   | Imb:  +10.1% | Vol Ratio:  1.2
==================

2024-12-27 19:14:00,089 - INFO - === СТАТИСТИКА 1M ===
1m  | Trend: UP   | Imb:   +6.5% | Vol Ratio:  1.1
==================

2024-12-27 19:15:00,309 - INFO - === СТАТИСТИКА 1M ===
1m  | Trend: UP   | Imb:   +8.7% | Vol Ratio:  1.2
==================

2024-12-27 19:16:00,094 - INFO - === СТАТИСТИКА 1M ===
1m  | Trend: DOWN | Imb:   +5.1% | Vol Ratio:  1.1
==================

2024-12-27 19:17:00,082 - INFO - === СТАТИСТИКА 1M ===
1m  | Trend: UP   | Imb:  +14.1% | Vol Ratio:  1.3
==================

2024-12-27 19:18:00,026 - INFO - === СТАТИСТИКА 1M ===
1m  | Trend: DOWN | Imb:   +6.3% | Vol Ratio:  1.1
==================

2024-12-27 19:19:00,062 - INFO - === СТАТИСТИКА 1M ===
1m  | Trend: DOWN | Imb:  +12.2% | Vol Ratio:  1.3
==================

2024-12-27 19:20:00,101 - INFO - === СТАТИСТИКА 1M ===
1m  | Trend: DOWN | Imb:   +2.8% | Vol Ratio:  1.0
==================

2024-12-27 19:21:00,167 - INFO - === СТАТИСТИКА 1M ===
1m  | Trend: DOWN | Imb:   +4.4% | Vol Ratio:  1.1
==================

2024-12-27 19:22:00,049 - INFO - === СТАТИСТИКА 1M ===
1m  | Trend: DOWN | Imb:   -6.5% | Vol Ratio:  0.9
==================

2024-12-27 19:23:00,043 - INFO - === СТАТИСТИКА 1M ===
1m  | Trend: -    | Imb:   +2.9% | Vol Ratio:  1.1
==================

2024-12-27 19:24:00,078 - INFO - === СТАТИСТИКА 1M ===
1m  | Trend: DOWN | Imb:   -2.0% | Vol Ratio:  1.0
==================

2024-12-27 19:25:00,146 - INFO - === СТАТИСТИКА 1M ===
1m  | Trend: -    | Imb:   +7.1% | Vol Ratio:  1.2
==================

2024-12-27 19:26:00,152 - INFO - === СТАТИСТИКА 1M ===
1m  | Trend: DOWN | Imb:   -8.9% | Vol Ratio:  0.8
==================

2024-12-27 19:27:00,003 - INFO - === СТАТИСТИКА 1M ===
1m  | Trend: DOWN | Imb:  -13.3% | Vol Ratio:  0.8
==================

2024-12-27 19:28:00,039 - INFO - === СТАТИСТИКА 1M ===
1m  | Trend: DOWN | Imb:   -9.2% | Vol Ratio:  0.8
==================

2024-12-27 19:29:00,000 - INFO - === СТАТИСТИКА 1M ===
1m  | Trend: DOWN | Imb:  -15.3% | Vol Ratio:  0.7
==================

2024-12-27 19:29:00,001 - INFO - === СТАТИСТИКА 1M ===
1m  | Trend: DOWN | Imb:  -15.3% | Vol Ratio:  0.7
==================

2024-12-27 19:30:00,023 - INFO - === СТАТИСТИКА 1M ===
1m  | Trend: DOWN | Imb:   -1.9% | Vol Ratio:  1.0
==================

2024-12-27 19:30:00,024 - INFO - === СТАТИСТИКА 5M ===
5m  | Trend: DOWN | Imb:   -9.7% | Vol Ratio:  0.8
==================

2024-12-27 19:30:00,024 - INFO - === СТАТИСТИКА 15M ===
15m | Trend: -    | Imb:   -0.2% | Vol Ratio:  1.0
==================

2024-12-27 19:31:00,100 - INFO - === СТАТИСТИКА 1M ===
1m  | Trend: -    | Imb:   -2.8% | Vol Ratio:  0.9
==================

2024-12-27 19:32:00,093 - INFO - === СТАТИСТИКА 1M ===
1m  | Trend: DOWN | Imb:   -6.8% | Vol Ratio:  0.9
==================

2024-12-27 19:33:00,028 - INFO - === СТАТИСТИКА 1M ===
1m  | Trend: -    | Imb:   +0.1% | Vol Ratio:  1.0
==================

2024-12-27 19:34:00,071 - INFO - === СТАТИСТИКА 1M ===
1m  | Trend: DOWN | Imb:   -0.1% | Vol Ratio:  1.0
==================

2024-12-27 19:35:00,020 - INFO - === СТАТИСТИКА 1M ===
1m  | Trend: -    | Imb:   -4.3% | Vol Ratio:  0.9
==================

2024-12-27 19:35:00,021 - INFO - === СТАТИСТИКА 5M ===
5m  | Trend: -    | Imb:   -2.8% | Vol Ratio:  0.9
==================

2024-12-27 19:36:00,099 - INFO - === СТАТИСТИКА 1M ===
1m  | Trend: UP   | Imb:   +0.2% | Vol Ratio:  1.0
==================

2024-12-27 19:37:00,088 - INFO - === СТАТИСТИКА 1M ===
1m  | Trend: -    | Imb:   -8.7% | Vol Ratio:  0.8
==================

2024-12-27 19:38:00,114 - INFO - === СТАТИСТИКА 1M ===
1m  | Trend: UP   | Imb:   +5.4% | Vol Ratio:  1.1
==================

2024-12-27 19:39:00,087 - INFO - === СТАТИСТИКА 1M ===
1m  | Trend: UP   | Imb:   +8.1% | Vol Ratio:  1.2
==================

