2024-12-27 13:55:50,806 - INFO - Starting order monitoring system
2024-12-27 13:55:52,039 - INFO - Connected to Binance Futures WebSocket for strkusdt
2024-12-27 13:57:00,085 - INFO - === СТАТИСТИКА 1M ===
1m  | Trend: -    | Imb:  -10.2% | Vol Ratio:  0.8
==================

2024-12-27 13:59:00,053 - INFO - === СТАТИСТИКА 1M ===
1m  | Trend: UP   | Imb:   +7.5% | Vol Ratio:  1.2
==================

2024-12-27 14:01:00,051 - INFO - === СТАТИСТИКА 1M ===
1m  | Trend: UP   | Imb:   +6.6% | Vol Ratio:  1.1
==================

2024-12-27 14:05:00,066 - INFO - === СТАТИСТИКА 1M ===
1m  | Trend: UP   | Imb:   +4.6% | Vol Ratio:  1.1
==================

2024-12-27 14:08:00,067 - INFO - === СТАТИСТИКА 1M ===
1m  | Trend: UP   | Imb:   -6.2% | Vol Ratio:  0.9
==================

2024-12-27 14:09:00,041 - INFO - === СТАТИСТИКА 1M ===
1m  | Trend: UP   | Imb:   -3.8% | Vol Ratio:  0.9
==================

2024-12-27 14:11:00,070 - INFO - === СТАТИСТИКА 1M ===
1m  | Trend: DOWN | Imb:  -24.0% | Vol Ratio:  0.6
==================

2024-12-27 14:12:00,022 - INFO - === СТАТИСТИКА 1M ===
1m  | Trend: -    | Imb:  -15.2% | Vol Ratio:  0.7
==================

2024-12-27 14:13:00,042 - INFO - === СТАТИСТИКА 1M ===
1m  | Trend: -    | Imb:  -12.8% | Vol Ratio:  0.8
==================

2024-12-27 14:15:00,024 - INFO - === СТАТИСТИКА 1M ===
1m  | Trend: UP   | Imb:   +1.8% | Vol Ratio:  1.0
==================

2024-12-27 14:15:00,025 - INFO - === СТАТИСТИКА 5M ===
5m  | Trend: -    | Imb:   +1.8% | Vol Ratio:  1.0
==================

2024-12-27 14:16:00,016 - INFO - === СТАТИСТИКА 1M ===
1m  | Trend: -    | Imb:   +6.7% | Vol Ratio:  1.1
==================

2024-12-27 14:18:00,059 - INFO - === СТАТИСТИКА 1M ===
1m  | Trend: DOWN | Imb:   -4.6% | Vol Ratio:  0.9
==================

2024-12-27 14:23:00,038 - INFO - === СТАТИСТИКА 1M ===
1m  | Trend: DOWN | Imb:  -19.4% | Vol Ratio:  0.7
==================

