2024-12-27 12:45:52,580 - INFO - Starting order monitoring system
2024-12-27 12:45:53,841 - INFO - Connected to Binance Futures WebSocket for strkusdt
2024-12-27 12:45:55,018 - INFO - === СТАТИСТИКА ===
================

2024-12-27 12:46:00,016 - INFO - === СТАТИСТИКА ===
1m  | Trend: UP   | Imb:  +21.2% | Vol Ratio:  1.5
================

2024-12-27 12:46:05,061 - INFO - === СТАТИСТИКА ===
1m  | Trend: UP   | Imb:  +21.2% | Vol Ratio:  1.5
================

2024-12-27 12:46:20,028 - INFO - === СТАТИСТИКА ===
1m  | Trend: UP   | Imb:  +21.2% | Vol Ratio:  1.5
================

2024-12-27 12:46:25,044 - INFO - === СТАТИСТИКА ===
1m  | Trend: UP   | Imb:  +21.2% | Vol Ratio:  1.5
================

2024-12-27 12:46:30,015 - INFO - === СТАТИСТИКА ===
1m  | Trend: UP   | Imb:  +21.2% | Vol Ratio:  1.5
================

2024-12-27 12:46:35,036 - INFO - === СТАТИСТИКА ===
1m  | Trend: UP   | Imb:  +21.2% | Vol Ratio:  1.5
================

2024-12-27 12:46:45,003 - INFO - === СТАТИСТИКА ===
1m  | Trend: UP   | Imb:  +21.2% | Vol Ratio:  1.5
================

2024-12-27 12:46:50,045 - INFO - === СТАТИСТИКА ===
1m  | Trend: UP   | Imb:  +21.2% | Vol Ratio:  1.5
================

2024-12-27 12:46:55,059 - INFO - === СТАТИСТИКА ===
1m  | Trend: UP   | Imb:  +21.2% | Vol Ratio:  1.5
================

