2024-12-27 19:57:22,597 - INFO - Starting order monitoring system
2024-12-27 19:57:23,802 - INFO - Connected to Binance Futures WebSocket for strkusdt
2024-12-27 19:59:00,020 - INFO - === СТАТИСТИКА 1M ===
1m  | Trend: -    | Imb:   -3.9% | Vol Ratio:  0.9
==================

2024-12-27 20:00:00,265 - INFO - === СТАТИСТИКА 1M ===
1m  | Trend: DOWN | Imb:  -13.0% | Vol Ratio:  0.8
==================

2024-12-27 20:01:00,009 - INFO - === СТАТИСТИКА 1M ===
1m  | Trend: DOWN | Imb:  -11.2% | Vol Ratio:  0.8
==================

2024-12-27 20:02:00,082 - INFO - === СТАТИСТИКА 1M ===
1m  | Trend: DOWN | Imb:  -13.0% | Vol Ratio:  0.8
==================

2024-12-27 20:03:00,064 - INFO - === СТАТИСТИКА 1M ===
1m  | Trend: -    | Imb:   -2.7% | Vol Ratio:  0.9
==================

2024-12-27 20:04:00,140 - INFO - === СТАТИСТИКА 1M ===
1m  | Trend: -    | Imb:   +4.5% | Vol Ratio:  1.1
==================

2024-12-27 20:05:00,048 - INFO - === СТАТИСТИКА 1M ===
1m  | Trend: -    | Imb:   +1.5% | Vol Ratio:  1.0
==================

2024-12-27 20:06:00,053 - INFO - === СТАТИСТИКА 1M ===
1m  | Trend: UP   | Imb:   +9.0% | Vol Ratio:  1.2
==================

2024-12-27 20:07:00,202 - INFO - === СТАТИСТИКА 1M ===
1m  | Trend: UP   | Imb:   +8.6% | Vol Ratio:  1.2
==================

2024-12-27 20:08:00,160 - INFO - === СТАТИСТИКА 1M ===
1m  | Trend: UP   | Imb:   +8.5% | Vol Ratio:  1.2
==================

2024-12-27 20:09:00,075 - INFO - === СТАТИСТИКА 1M ===
1m  | Trend: UP   | Imb:   +2.1% | Vol Ratio:  1.0
==================

2024-12-27 20:10:00,136 - INFO - === СТАТИСТИКА 1M ===
1m  | Trend: UP   | Imb:   +2.9% | Vol Ratio:  1.1
==================

2024-12-27 20:11:00,269 - INFO - === СТАТИСТИКА 1M ===
1m  | Trend: UP   | Imb:   -0.5% | Vol Ratio:  1.0
==================

2024-12-27 20:12:00,123 - INFO - === СТАТИСТИКА 1M ===
1m  | Trend: UP   | Imb:   +4.2% | Vol Ratio:  1.1
==================

2024-12-27 20:13:00,189 - INFO - === СТАТИСТИКА 1M ===
1m  | Trend: -    | Imb:   +8.0% | Vol Ratio:  1.2
==================

2024-12-27 20:14:00,060 - INFO - === СТАТИСТИКА 1M ===
1m  | Trend: UP   | Imb:   +9.0% | Vol Ratio:  1.2
==================

2024-12-27 20:15:00,147 - INFO - === СТАТИСТИКА 1M ===
1m  | Trend: -    | Imb:   +7.1% | Vol Ratio:  1.2
==================

2024-12-27 20:16:00,119 - INFO - === СТАТИСТИКА 1M ===
1m  | Trend: -    | Imb:   +5.5% | Vol Ratio:  1.1
==================

2024-12-27 20:17:00,179 - INFO - === СТАТИСТИКА 1M ===
1m  | Trend: DOWN | Imb:   +1.7% | Vol Ratio:  1.0
==================

2024-12-27 20:18:00,079 - INFO - === СТАТИСТИКА 1M ===
1m  | Trend: DOWN | Imb:   -3.7% | Vol Ratio:  0.9
==================

2024-12-27 20:19:00,068 - INFO - === СТАТИСТИКА 1M ===
1m  | Trend: DOWN | Imb:  -12.1% | Vol Ratio:  0.8
==================

2024-12-27 20:20:00,118 - INFO - === СТАТИСТИКА 1M ===
1m  | Trend: DOWN | Imb:  -11.8% | Vol Ratio:  0.8
==================

2024-12-27 20:21:00,215 - INFO - === СТАТИСТИКА 1M ===
1m  | Trend: DOWN | Imb:   -4.0% | Vol Ratio:  0.9
==================

2024-12-27 20:22:00,240 - INFO - === СТАТИСТИКА 1M ===
1m  | Trend: DOWN | Imb:   +0.9% | Vol Ratio:  1.0
==================

2024-12-27 20:23:00,152 - INFO - === СТАТИСТИКА 1M ===
1m  | Trend: DOWN | Imb:   +2.7% | Vol Ratio:  1.1
==================

2024-12-27 20:24:00,081 - INFO - === СТАТИСТИКА 1M ===
1m  | Trend: DOWN | Imb:   -8.1% | Vol Ratio:  0.8
==================

2024-12-27 20:25:00,128 - INFO - === СТАТИСТИКА 1M ===
1m  | Trend: DOWN | Imb:   -6.7% | Vol Ratio:  0.9
==================

2024-12-27 20:26:00,065 - INFO - === СТАТИСТИКА 1M ===
1m  | Trend: DOWN | Imb:  -10.6% | Vol Ratio:  0.8
==================

2024-12-27 20:27:00,104 - INFO - === СТАТИСТИКА 1M ===
1m  | Trend: -    | Imb:   -6.0% | Vol Ratio:  0.9
==================

2024-12-27 20:28:00,120 - INFO - === СТАТИСТИКА 1M ===
1m  | Trend: UP   | Imb:   -6.0% | Vol Ratio:  0.9
==================

2024-12-27 20:29:00,068 - INFO - === СТАТИСТИКА 1M ===
1m  | Trend: UP   | Imb:   -5.2% | Vol Ratio:  0.9
==================

2024-12-27 20:30:00,068 - INFO - === СТАТИСТИКА 1M ===
1m  | Trend: UP   | Imb:   +1.7% | Vol Ratio:  1.0
==================

2024-12-27 20:30:00,069 - INFO - === СТАТИСТИКА 5M ===
5m  | Trend: -    | Imb:   -5.2% | Vol Ratio:  0.9
==================

2024-12-27 20:31:00,112 - INFO - === СТАТИСТИКА 1M ===
1m  | Trend: -    | Imb:   -0.5% | Vol Ratio:  1.0
==================

2024-12-27 20:32:00,278 - INFO - === СТАТИСТИКА 1M ===
1m  | Trend: -    | Imb:   +0.3% | Vol Ratio:  1.0
==================

2024-12-27 20:33:00,047 - INFO - === СТАТИСТИКА 1M ===
1m  | Trend: UP   | Imb:   +4.0% | Vol Ratio:  1.1
==================

2024-12-27 20:34:00,090 - INFO - === СТАТИСТИКА 1M ===
1m  | Trend: UP   | Imb:   +4.7% | Vol Ratio:  1.1
==================

2024-12-27 20:35:00,031 - INFO - === СТАТИСТИКА 1M ===
1m  | Trend: UP   | Imb:   +1.2% | Vol Ratio:  1.0
==================

2024-12-27 20:35:00,031 - INFO - === СТАТИСТИКА 5M ===
5m  | Trend: UP   | Imb:   +2.0% | Vol Ratio:  1.0
==================

2024-12-27 20:36:00,037 - INFO - === СТАТИСТИКА 1M ===
1m  | Trend: UP   | Imb:   +3.5% | Vol Ratio:  1.1
==================

2024-12-27 20:37:00,230 - INFO - === СТАТИСТИКА 1M ===
1m  | Trend: -    | Imb:   -3.9% | Vol Ratio:  0.9
==================

2024-12-27 20:38:00,162 - INFO - === СТАТИСТИКА 1M ===
1m  | Trend: -    | Imb:   -3.6% | Vol Ratio:  0.9
==================

2024-12-27 20:39:00,095 - INFO - === СТАТИСТИКА 1M ===
1m  | Trend: DOWN | Imb:   -6.1% | Vol Ratio:  0.9
==================

2024-12-27 20:40:00,009 - INFO - === СТАТИСТИКА 1M ===
1m  | Trend: -    | Imb:   -2.3% | Vol Ratio:  1.0
==================

2024-12-27 20:40:00,010 - INFO - === СТАТИСТИКА 5M ===
5m  | Trend: -    | Imb:   -2.5% | Vol Ratio:  0.9
==================

2024-12-27 20:41:00,044 - INFO - === СТАТИСТИКА 1M ===
1m  | Trend: DOWN | Imb:  -10.6% | Vol Ratio:  0.8
==================

