2024-12-27 15:10:40,870 - INFO - Starting order monitoring system
2024-12-27 15:10:42,462 - INFO - Connected to Binance Futures WebSocket for strkusdt
2024-12-27 15:12:00,044 - INFO - === СТАТИСТИКА 1M ===
1m  | Trend: DOWN | Imb:   +7.8% | Vol Ratio:  1.2
==================

2024-12-27 15:13:00,066 - INFO - === СТАТИСТИКА 1M ===
1m  | Trend: UP   | Imb:  +38.8% | Vol Ratio:  2.7
==================

2024-12-27 15:14:00,511 - INFO - === СТАТИСТИКА 1M ===
1m  | Trend: UP   | Imb:  +43.6% | Vol Ratio:  3.1
==================

2024-12-27 15:15:00,086 - INFO - === СТАТИСТИКА 1M ===
1m  | Trend: UP   | Imb:  +37.8% | Vol Ratio:  2.5
==================

2024-12-27 15:16:00,595 - INFO - === СТАТИСТИКА 1M ===
1m  | Trend: UP   | Imb:  +27.6% | Vol Ratio:  1.8
==================

2024-12-27 15:17:00,013 - INFO - === СТАТИСТИКА 1M ===
1m  | Trend: UP   | Imb:  +26.7% | Vol Ratio:  1.7
==================

2024-12-27 15:18:00,177 - INFO - === СТАТИСТИКА 1M ===
1m  | Trend: UP   | Imb:  +24.5% | Vol Ratio:  1.7
==================

2024-12-27 15:19:00,096 - INFO - === СТАТИСТИКА 1M ===
1m  | Trend: DOWN | Imb:   +3.2% | Vol Ratio:  1.1
==================

2024-12-27 15:20:00,109 - INFO - === СТАТИСТИКА 1M ===
1m  | Trend: DOWN | Imb:   -0.4% | Vol Ratio:  1.0
==================

2024-12-27 15:21:00,058 - INFO - === СТАТИСТИКА 1M ===
1m  | Trend: DOWN | Imb:   -1.3% | Vol Ratio:  1.0
==================

2024-12-27 15:22:00,223 - INFO - === СТАТИСТИКА 1M ===
1m  | Trend: DOWN | Imb:   -0.1% | Vol Ratio:  1.0
==================

2024-12-27 15:23:00,159 - INFO - === СТАТИСТИКА 1M ===
1m  | Trend: DOWN | Imb:   -0.3% | Vol Ratio:  1.0
==================

2024-12-27 15:24:00,020 - INFO - === СТАТИСТИКА 1M ===
1m  | Trend: DOWN | Imb:   +6.3% | Vol Ratio:  1.1
==================

2024-12-27 15:25:00,145 - INFO - === СТАТИСТИКА 1M ===
1m  | Trend: DOWN | Imb:   -9.6% | Vol Ratio:  0.8
==================

2024-12-27 15:26:00,348 - INFO - === СТАТИСТИКА 1M ===
1m  | Trend: DOWN | Imb:   -7.0% | Vol Ratio:  0.9
==================

2024-12-27 15:27:00,255 - INFO - === СТАТИСТИКА 1M ===
1m  | Trend: DOWN | Imb:  -17.1% | Vol Ratio:  0.7
==================

2024-12-27 15:28:00,373 - INFO - === СТАТИСТИКА 1M ===
1m  | Trend: DOWN | Imb:  -17.1% | Vol Ratio:  0.7
==================

2024-12-27 15:29:00,252 - INFO - === СТАТИСТИКА 1M ===
1m  | Trend: DOWN | Imb:   -7.2% | Vol Ratio:  0.9
==================

2024-12-27 15:30:00,105 - INFO - === СТАТИСТИКА 1M ===
1m  | Trend: DOWN | Imb:  -11.7% | Vol Ratio:  0.8
==================

2024-12-27 15:31:00,170 - INFO - === СТАТИСТИКА 1M ===
1m  | Trend: DOWN | Imb:  -11.3% | Vol Ratio:  0.8
==================

2024-12-27 15:32:00,013 - INFO - === СТАТИСТИКА 1M ===
1m  | Trend: DOWN | Imb:   -7.5% | Vol Ratio:  0.9
==================

2024-12-27 15:33:00,023 - INFO - === СТАТИСТИКА 1M ===
1m  | Trend: -    | Imb:   +2.4% | Vol Ratio:  1.1
==================

2024-12-27 15:34:00,075 - INFO - === СТАТИСТИКА 1M ===
1m  | Trend: UP   | Imb:   +5.4% | Vol Ratio:  1.1
==================

2024-12-27 15:35:00,179 - INFO - === СТАТИСТИКА 1M ===
1m  | Trend: UP   | Imb:   +3.0% | Vol Ratio:  1.1
==================

2024-12-27 15:36:00,135 - INFO - === СТАТИСТИКА 1M ===
1m  | Trend: UP   | Imb:   +4.6% | Vol Ratio:  1.1
==================

2024-12-27 15:37:00,055 - INFO - === СТАТИСТИКА 1M ===
1m  | Trend: UP   | Imb:  +10.4% | Vol Ratio:  1.2
==================

2024-12-27 15:38:00,027 - INFO - === СТАТИСТИКА 1M ===
1m  | Trend: UP   | Imb:   +9.5% | Vol Ratio:  1.2
==================

