2024-12-27 15:38:16,001 - INFO - Starting order monitoring system
2024-12-27 15:38:17,959 - INFO - Connected to Binance Futures WebSocket for strkusdt
2024-12-27 15:40:00,008 - INFO - === СТАТИСТИКА 1M ===
1m  | Trend: DOWN | Imb:   -6.4% | Vol Ratio:  0.9
==================

2024-12-27 15:40:00,121 - INFO - === СТАТИСТИКА 5M ===
5m  | Trend: -    | Imb:   +0.0% | Vol Ratio:  1.0
==================

2024-12-27 15:40:00,223 - INFO - === СТАТИСТИКА 5M ===
5m  | Trend: -    | Imb:   +0.0% | Vol Ratio:  1.0
==================

2024-12-27 15:40:00,391 - INFO - === СТАТИСТИКА 5M ===
5m  | Trend: -    | Imb:   +0.0% | Vol Ratio:  1.0
==================

2024-12-27 15:40:00,497 - INFO - === СТАТИСТИКА 5M ===
5m  | Trend: -    | Imb:   +0.0% | Vol Ratio:  1.0
==================

2024-12-27 15:40:00,617 - INFO - === СТАТИСТИКА 5M ===
5m  | Trend: -    | Imb:   +0.0% | Vol Ratio:  1.0
==================

2024-12-27 15:40:00,722 - INFO - === СТАТИСТИКА 5M ===
5m  | Trend: -    | Imb:   +0.0% | Vol Ratio:  1.0
==================

2024-12-27 15:40:00,837 - INFO - === СТАТИСТИКА 5M ===
5m  | Trend: -    | Imb:   +0.0% | Vol Ratio:  1.0
==================

2024-12-27 15:40:00,945 - INFO - === СТАТИСТИКА 5M ===
5m  | Trend: -    | Imb:   +0.0% | Vol Ratio:  1.0
==================

2024-12-27 15:41:00,506 - INFO - === СТАТИСТИКА 1M ===
1m  | Trend: DOWN | Imb:   -7.5% | Vol Ratio:  0.9
==================

